2017-08-10 07:42:36.6323 #      ALL # ************************************************************************************************************************
2017-08-10 07:42:36.6603 #      ALL # SPORTident.ConfigPlus (v2.0.3.17107) started
2017-08-10 07:42:36.6603 #      ALL # Settings file located at: C:\Users\Adam\AppData\Roaming\SPORTident\Config\SPORTident.ConfigPlus.settings
2017-08-10 07:42:36.6603 #      ALL # Starting up application, runlevel is set to: Startup...
2017-08-10 07:42:36.6613 #      ALL # External reference created to mscorlib, Version=4.0.0.0, Culture=neutral, PublicKeyToken=b77a5c561934e089
2017-08-10 07:42:36.6613 #      ALL # External reference created to System.Drawing, Version=4.0.0.0, Culture=neutral, PublicKeyToken=b03f5f7f11d50a3a
2017-08-10 07:42:36.6613 #      ALL # External reference created to System.Windows.Forms, Version=4.0.0.0, Culture=neutral, PublicKeyToken=b77a5c561934e089
2017-08-10 07:42:36.6623 #      ALL # External reference created to System, Version=4.0.0.0, Culture=neutral, PublicKeyToken=b77a5c561934e089
2017-08-10 07:42:36.6623 #      ALL # External reference created to YAXLib, Version=2.0.1.0, Culture=neutral, PublicKeyToken=e21655a665f6ae1b
2017-08-10 07:42:36.6633 #      ALL # External reference created to SPORTident.Communication, Version=2.17.6296.17105, Culture=neutral, PublicKeyToken=e21655a665f6ae1b
2017-08-10 07:42:36.6633 #      ALL # External reference created to ObjectListView, Version=2.9.1.27756, Culture=neutral, PublicKeyToken=b1c5bf581481bcd4
2017-08-10 07:42:36.6633 #      ALL # External reference created to Microsoft.WindowsAPICodePack.Shell, Version=1.1.0.0, Culture=neutral, PublicKeyToken=31bf3856ad364e35
2017-08-10 07:42:36.6633 #      ALL # External reference created to System.Xml, Version=4.0.0.0, Culture=neutral, PublicKeyToken=b77a5c561934e089
2017-08-10 07:42:36.6643 #      ALL # External reference created to Ionic.Zip, Version=1.9.1.8, Culture=neutral, PublicKeyToken=edbe51ad942a3f5c
2017-08-10 07:42:36.6643 #      ALL # External reference created to ListViewPrinter, Version=2.5.0.27757, Culture=neutral, PublicKeyToken=21b031892bc54fb5
2017-08-10 07:42:36.6643 #      ALL # External reference created to System.Core, Version=4.0.0.0, Culture=neutral, PublicKeyToken=b77a5c561934e089
2017-08-10 07:42:36.6643 #     FINE # Initializing localization library...
2017-08-10 07:42:37.1724 #      ALL # ++++++++++++++++++++++++++++++++++++++++++++++++++++++++++++++++++++++++++++++++++++++++++++++++++++
2017-08-10 07:42:37.1724 #     FINE # Application environment information:
2017-08-10 07:42:37.1724 #     FINE # Application execution path: C:\SportSoftware\ConfigPlus
2017-08-10 07:42:37.1724 #     FINE # Application settings path: C:\Users\Adam\AppData\Roaming\SPORTident\Config
2017-08-10 07:42:37.1724 #     FINE # Application log path: C:\Users\Adam\AppData\Roaming\SPORTident\Config\log
2017-08-10 07:42:37.1724 #     FINE # Firmware update path: C:\Users\Adam\AppData\Roaming\SPORTident\Config\updates\firmware
2017-08-10 07:42:37.1734 #      ALL # ++++++++++++++++++++++++++++++++++++++++++++++++++++++++++++++++++++++++++++++++++++++++++++++++++++
2017-08-10 07:42:37.1784 #     INFO # Settings loading...
2017-08-10 07:42:37.2624 #     FINE # Loading and applying settings from file C:\Users\Adam\AppData\Roaming\SPORTident\Config\SPORTident.ConfigPlus.settings
2017-08-10 07:42:37.4884 #     INFO # Log level set to Info
2017-08-10 07:42:39.9925 #     INFO # Settings and UI loading...
2017-08-10 07:42:43.6597 #     INFO # Application settings saved to file.
2017-08-10 07:42:44.1888 #  WARNING # Test mode disabled
2017-08-10 07:43:20.9449 #     INFO # Application settings saved to file.
2017-08-10 07:43:21.0569 #     INFO # Device COM45 (SPORTident BS series 7/8 #78891 @ USB) @ Baudrate 38400 opened.
2017-08-10 07:43:21.1529 #     INFO # Target device set to direct
2017-08-10 07:43:21.2739 #     INFO # Device configuration read
2017-08-10 07:43:21.5009 #     INFO # Station time received, round trip time was 68 ms.
2017-08-10 07:43:21.8909 #     INFO # Application settings saved to file.
2017-08-10 07:43:21.9849 #     INFO # Device COM45 (SPORTident BS series 7/8 #78891 @ USB) @ Baudrate 38400 opened.
2017-08-10 08:58:23.2264 #  WARNING # Device is not initialized or already closed.
2017-08-10 08:58:23.2264 #  WARNING # Closing device COM45 (SPORTident BS series 7/8 #78891 @ USB) failed.
2017-08-10 14:34:49.2750 #     INFO # Application settings saved to file.
2017-08-10 14:34:51.9241 #     INFO # Application settings saved to file.
2017-08-10 14:34:52.0131 #     INFO # Device COM42 (SPORTident BS series 7/8 #133364 @ USB) @ Baudrate 38400 opened.
2017-08-10 14:34:52.0391 #     INFO # Target device set to remote
2017-08-10 14:34:52.3001 #  WARNING # ERR ::: Device replied with NAK (0x15).
2017-08-10 14:34:52.3101 #  WARNING # Error received or instruction timed out after 2000 ms, this was the 1. try
2017-08-10 14:34:52.7572 #  WARNING # ERR ::: Device replied with NAK (0x15).
2017-08-10 14:34:52.7602 #  WARNING # Error received or instruction timed out after 2000 ms, this was the 2. try
2017-08-10 14:34:53.2072 #  WARNING # ERR ::: Device replied with NAK (0x15).
2017-08-10 14:34:53.2102 #  WARNING # Error received or instruction timed out after 2000 ms, this was the 3. try
2017-08-10 14:34:53.6572 #  WARNING # ERR ::: Device replied with NAK (0x15).
2017-08-10 14:34:53.6602 #  WARNING # Error received or instruction timed out after 2000 ms, this was the 4. try
2017-08-10 14:34:54.1072 #  WARNING # ERR ::: Device replied with NAK (0x15).
2017-08-10 14:34:54.1082 #  WARNING # Error received or instruction timed out after 2000 ms, this was the 5. try
2017-08-10 14:34:54.5553 #  WARNING # ERR ::: Device replied with NAK (0x15).
2017-08-10 14:34:54.5583 #  WARNING # Error received or instruction timed out after 2000 ms, this was the 6. try
2017-08-10 14:34:55.0053 #  WARNING # ERR ::: Device replied with NAK (0x15).
2017-08-10 14:34:55.0083 #  WARNING # Error received or instruction timed out after 2000 ms, this was the 7. try
2017-08-10 14:34:55.3503 #  WARNING # ERR ::: Device replied with NAK (0x15).
2017-08-10 14:34:55.3513 #  WARNING # Error received or instruction timed out after 2000 ms, this was the 8. try
2017-08-10 14:34:55.7983 #  WARNING # ERR ::: Device replied with NAK (0x15).
2017-08-10 14:34:55.8003 #  WARNING # Error received or instruction timed out after 2000 ms, this was the 9. try
2017-08-10 14:34:56.2484 #  WARNING # ERR ::: Device replied with NAK (0x15).
2017-08-10 14:34:56.2604 #   SEVERE # Communication failed after 10 tries. Sorry, I'm giving up for instruction 'GetSystemData'
2017-08-10 14:36:17.6020 #     INFO # Application settings saved to file.
2017-08-10 14:36:17.6940 #     INFO # Device COM42 (SPORTident BS series 7/8 #133364 @ USB) @ Baudrate 38400 opened.
2017-08-10 14:36:17.7140 #     INFO # Target device set to remote
2017-08-10 14:36:17.7850 #  WARNING # ERR ::: Device replied with NAK (0x15).
2017-08-10 14:36:17.7860 #  WARNING # Error received or instruction timed out after 2000 ms, this was the 1. try
2017-08-10 14:36:18.3271 #     INFO # Device configuration read
2017-08-10 14:36:18.5351 #  WARNING # ERR ::: Device replied with NAK (0x15).
2017-08-10 14:36:18.5361 #  WARNING # Error received or instruction timed out after 2000 ms, this was the 1. try
2017-08-10 14:36:19.0691 #  WARNING # ERR ::: Device replied with NAK (0x15).
2017-08-10 14:36:19.0701 #  WARNING # Error received or instruction timed out after 2000 ms, this was the 2. try
2017-08-10 14:36:19.6281 #  WARNING # ERR ::: Device replied with NAK (0x15).
2017-08-10 14:36:19.6311 #  WARNING # Error received or instruction timed out after 2000 ms, this was the 3. try
2017-08-10 14:36:20.1822 #  WARNING # ERR ::: Device replied with NAK (0x15).
2017-08-10 14:36:20.1832 #  WARNING # Error received or instruction timed out after 2000 ms, this was the 4. try
2017-08-10 14:36:20.8222 #  WARNING # ERR ::: Device replied with NAK (0x15).
2017-08-10 14:36:20.8262 #  WARNING # Error received or instruction timed out after 2000 ms, this was the 5. try
2017-08-10 14:36:21.3542 #  WARNING # ERR ::: Device replied with NAK (0x15).
2017-08-10 14:36:21.3552 #  WARNING # Error received or instruction timed out after 2000 ms, this was the 6. try
2017-08-10 14:36:21.8833 #  WARNING # ERR ::: Device replied with NAK (0x15).
2017-08-10 14:36:21.8843 #  WARNING # Error received or instruction timed out after 2000 ms, this was the 7. try
2017-08-10 14:36:22.4123 #  WARNING # ERR ::: Device replied with NAK (0x15).
2017-08-10 14:36:22.4143 #  WARNING # Error received or instruction timed out after 2000 ms, this was the 8. try
2017-08-10 14:36:22.9423 #  WARNING # ERR ::: Device replied with NAK (0x15).
2017-08-10 14:36:22.9453 #  WARNING # Error received or instruction timed out after 2000 ms, this was the 9. try
2017-08-10 14:36:23.6044 #  WARNING # ERR ::: Device replied with NAK (0x15).
2017-08-10 14:36:23.6314 #   SEVERE # Communication failed after 10 tries. Sorry, I'm giving up for instruction 'GetSystemTime'
2017-08-10 14:36:31.3318 #     INFO # Application settings saved to file.
2017-08-10 14:36:31.4248 #     INFO # Device COM42 (SPORTident BS series 7/8 #133364 @ USB) @ Baudrate 38400 opened.
2017-08-10 14:36:31.4478 #     INFO # Target device set to remote
2017-08-10 14:36:31.8138 #     INFO # Device configuration read
2017-08-10 14:36:32.0498 #     INFO # Station time received, round trip time was 117 ms.
2017-08-10 14:36:32.0668 #     INFO # Target device set to direct
2017-08-10 14:37:31.3312 #     INFO # Application settings saved to file.
2017-08-10 14:37:31.4242 #     INFO # Device COM42 (SPORTident BS series 7/8 #133364 @ USB) @ Baudrate 38400 opened.
2017-08-10 14:37:32.2383 #  WARNING # Error received or instruction timed out after 800 ms, this was the 1. try
2017-08-10 14:37:32.2653 #     INFO # Changing baudrate to 4800
2017-08-10 14:37:32.3623 #     INFO # Device COM42 (SPORTident BS series 7/8 #133364 @ USB) @ Baudrate 4800 opened.
2017-08-10 14:37:33.6764 #  WARNING # Error received or instruction timed out after 800 ms, this was the 2. try
2017-08-10 14:37:33.7054 #     INFO # Changing baudrate to 38400
2017-08-10 14:37:33.7964 #     INFO # Device COM42 (SPORTident BS series 7/8 #133364 @ USB) @ Baudrate 38400 opened.
2017-08-10 14:37:35.1114 #  WARNING # Error received or instruction timed out after 800 ms, this was the 3. try
2017-08-10 14:37:35.1384 #     INFO # Changing baudrate to 4800
2017-08-10 14:37:35.2305 #     INFO # Device COM42 (SPORTident BS series 7/8 #133364 @ USB) @ Baudrate 4800 opened.
2017-08-10 14:37:36.5435 #  WARNING # Error received or instruction timed out after 800 ms, this was the 4. try
2017-08-10 14:37:36.5705 #     INFO # Changing baudrate to 38400
2017-08-10 14:37:36.6665 #     INFO # Device COM42 (SPORTident BS series 7/8 #133364 @ USB) @ Baudrate 38400 opened.
2017-08-10 14:37:37.9786 #  WARNING # Error received or instruction timed out after 800 ms, this was the 5. try
2017-08-10 14:37:38.0056 #     INFO # Changing baudrate to 4800
2017-08-10 14:37:38.0976 #     INFO # Device COM42 (SPORTident BS series 7/8 #133364 @ USB) @ Baudrate 4800 opened.
2017-08-10 14:37:39.4007 #  WARNING # Error received or instruction timed out after 800 ms, this was the 6. try
2017-08-10 14:37:39.4267 #     INFO # Changing baudrate to 38400
2017-08-10 14:37:39.5237 #     INFO # Device COM42 (SPORTident BS series 7/8 #133364 @ USB) @ Baudrate 38400 opened.
2017-08-10 14:37:40.8328 #  WARNING # Error received or instruction timed out after 800 ms, this was the 7. try
2017-08-10 14:37:40.8588 #     INFO # Changing baudrate to 4800
2017-08-10 14:37:40.9518 #     INFO # Device COM42 (SPORTident BS series 7/8 #133364 @ USB) @ Baudrate 4800 opened.
2017-08-10 14:37:42.2559 #  WARNING # Error received or instruction timed out after 800 ms, this was the 8. try
2017-08-10 14:37:42.2829 #     INFO # Changing baudrate to 38400
2017-08-10 14:37:42.3789 #     INFO # Device COM42 (SPORTident BS series 7/8 #133364 @ USB) @ Baudrate 38400 opened.
2017-08-10 14:37:43.6909 #  WARNING # Error received or instruction timed out after 800 ms, this was the 9. try
2017-08-10 14:37:43.7179 #     INFO # Changing baudrate to 4800
2017-08-10 14:37:43.8109 #     INFO # Device COM42 (SPORTident BS series 7/8 #133364 @ USB) @ Baudrate 4800 opened.
2017-08-10 14:37:45.1300 #   SEVERE # Communication failed after 10 tries. Sorry, I'm giving up for instruction 'SetMsMode'
2017-08-10 14:37:49.9773 #     INFO # Application settings saved to file.
2017-08-10 14:37:50.0803 #     INFO # Device COM42 (SPORTident BS series 7/8 #133364 @ USB) @ Baudrate 38400 opened.
2017-08-10 14:37:50.8803 #  WARNING # Error received or instruction timed out after 800 ms, this was the 1. try
2017-08-10 14:37:50.9073 #     INFO # Changing baudrate to 4800
2017-08-10 14:37:50.9994 #     INFO # Device COM42 (SPORTident BS series 7/8 #133364 @ USB) @ Baudrate 4800 opened.
2017-08-10 14:37:52.2984 #  WARNING # Error received or instruction timed out after 800 ms, this was the 2. try
2017-08-10 14:37:52.3254 #     INFO # Changing baudrate to 38400
2017-08-10 14:37:52.4174 #     INFO # Device COM42 (SPORTident BS series 7/8 #133364 @ USB) @ Baudrate 38400 opened.
2017-08-10 14:37:53.7335 #  WARNING # Error received or instruction timed out after 800 ms, this was the 3. try
2017-08-10 14:37:53.7625 #     INFO # Changing baudrate to 4800
2017-08-10 14:37:53.8665 #     INFO # Device COM42 (SPORTident BS series 7/8 #133364 @ USB) @ Baudrate 4800 opened.
2017-08-10 14:37:55.1686 #  WARNING # Error received or instruction timed out after 800 ms, this was the 4. try
2017-08-10 14:37:55.1956 #     INFO # Changing baudrate to 38400
2017-08-10 14:37:55.2916 #     INFO # Device COM42 (SPORTident BS series 7/8 #133364 @ USB) @ Baudrate 38400 opened.
2017-08-10 14:37:56.6077 #  WARNING # Error received or instruction timed out after 800 ms, this was the 5. try
2017-08-10 14:37:56.6337 #     INFO # Changing baudrate to 4800
2017-08-10 14:37:56.7267 #     INFO # Device COM42 (SPORTident BS series 7/8 #133364 @ USB) @ Baudrate 4800 opened.
2017-08-10 14:37:58.0398 #  WARNING # Error received or instruction timed out after 800 ms, this was the 6. try
2017-08-10 14:37:58.0658 #     INFO # Changing baudrate to 38400
2017-08-10 14:37:58.1638 #     INFO # Device COM42 (SPORTident BS series 7/8 #133364 @ USB) @ Baudrate 38400 opened.
2017-08-10 14:37:59.4748 #  WARNING # Error received or instruction timed out after 800 ms, this was the 7. try
2017-08-10 14:37:59.5008 #     INFO # Changing baudrate to 4800
2017-08-10 14:37:59.5938 #     INFO # Device COM42 (SPORTident BS series 7/8 #133364 @ USB) @ Baudrate 4800 opened.
2017-08-10 14:38:00.8939 #  WARNING # Error received or instruction timed out after 800 ms, this was the 8. try
2017-08-10 14:38:00.9199 #     INFO # Changing baudrate to 38400
2017-08-10 14:38:01.0129 #     INFO # Device COM42 (SPORTident BS series 7/8 #133364 @ USB) @ Baudrate 38400 opened.
2017-08-10 14:38:02.3140 #  WARNING # Error received or instruction timed out after 800 ms, this was the 9. try
2017-08-10 14:38:02.3400 #     INFO # Changing baudrate to 4800
2017-08-10 14:38:02.4440 #     INFO # Device COM42 (SPORTident BS series 7/8 #133364 @ USB) @ Baudrate 4800 opened.
2017-08-10 14:38:03.7601 #   SEVERE # Communication failed after 10 tries. Sorry, I'm giving up for instruction 'SetMsMode'
2017-08-10 14:39:03.9215 #     INFO # Application settings saved to file.
2017-08-10 14:39:06.2657 #     INFO # Application settings saved to file.
2017-08-10 14:39:06.4157 #     INFO # Device COM32 (#) @ Baudrate 38400 opened.
2017-08-10 14:39:06.4437 #   SEVERE # Got instruction GetMsMode| SetMsMode, expected 3 bytes payload, but received 1. Ignored the instruction!
2017-08-10 14:39:06.4437 #  WARNING # Processing of the reply failed. Retrying the last instruction.
2017-08-10 14:39:06.4737 #  WARNING # Error received or instruction timed out after 800 ms, this was the 1. try
2017-08-10 14:39:07.4937 #     INFO # Changing baudrate to 4800
2017-08-10 14:39:07.6567 #     INFO # Device COM32 (#) @ Baudrate 4800 opened.
2017-08-10 14:39:08.1748 #   SEVERE # Got instruction GetMsMode| SetMsMode, expected 3 bytes payload, but received 1. Ignored the instruction!
2017-08-10 14:39:08.1758 #  WARNING # Processing of the reply failed. Retrying the last instruction.
2017-08-10 14:39:08.1798 #  WARNING # Error received or instruction timed out after 800 ms, this was the 2. try
2017-08-10 14:39:09.1938 #     INFO # Changing baudrate to 38400
2017-08-10 14:39:09.3558 #     INFO # Device COM32 (#) @ Baudrate 38400 opened.
2017-08-10 14:39:09.8629 #   SEVERE # Got instruction GetMsMode| SetMsMode, expected 3 bytes payload, but received 1. Ignored the instruction!
2017-08-10 14:39:09.8629 #  WARNING # Processing of the reply failed. Retrying the last instruction.
2017-08-10 14:39:09.8639 #  WARNING # Error received or instruction timed out after 800 ms, this was the 3. try
2017-08-10 14:39:10.8789 #     INFO # Changing baudrate to 4800
2017-08-10 14:39:11.0329 #     INFO # Device COM32 (#) @ Baudrate 4800 opened.
2017-08-10 14:39:11.5440 #   SEVERE # Got instruction GetMsMode| SetMsMode, expected 3 bytes payload, but received 1. Ignored the instruction!
2017-08-10 14:39:11.5440 #  WARNING # Processing of the reply failed. Retrying the last instruction.
2017-08-10 14:39:11.5470 #  WARNING # Error received or instruction timed out after 800 ms, this was the 4. try
2017-08-10 14:39:12.5640 #     INFO # Changing baudrate to 38400
2017-08-10 14:39:12.7180 #     INFO # Device COM32 (#) @ Baudrate 38400 opened.
2017-08-10 14:39:13.2291 #   SEVERE # Got instruction GetMsMode| SetMsMode, expected 3 bytes payload, but received 1. Ignored the instruction!
2017-08-10 14:39:13.2301 #  WARNING # Processing of the reply failed. Retrying the last instruction.
2017-08-10 14:39:13.2321 #  WARNING # Error received or instruction timed out after 800 ms, this was the 5. try
2017-08-10 14:39:14.2481 #     INFO # Changing baudrate to 4800
2017-08-10 14:39:14.4031 #     INFO # Device COM32 (#) @ Baudrate 4800 opened.
2017-08-10 14:39:14.9142 #   SEVERE # Got instruction GetMsMode| SetMsMode, expected 3 bytes payload, but received 1. Ignored the instruction!
2017-08-10 14:39:14.9152 #  WARNING # Processing of the reply failed. Retrying the last instruction.
2017-08-10 14:39:14.9172 #  WARNING # Error received or instruction timed out after 800 ms, this was the 6. try
2017-08-10 14:39:15.9332 #     INFO # Changing baudrate to 38400
2017-08-10 14:39:16.0872 #     INFO # Device COM32 (#) @ Baudrate 38400 opened.
2017-08-10 14:39:16.5983 #   SEVERE # Got instruction GetMsMode| SetMsMode, expected 3 bytes payload, but received 1. Ignored the instruction!
2017-08-10 14:39:16.5993 #  WARNING # Processing of the reply failed. Retrying the last instruction.
2017-08-10 14:39:16.5993 #  WARNING # Error received or instruction timed out after 800 ms, this was the 7. try
2017-08-10 14:39:17.6183 #     INFO # Changing baudrate to 4800
2017-08-10 14:39:17.7763 #     INFO # Device COM32 (#) @ Baudrate 4800 opened.
2017-08-10 14:39:18.2833 #   SEVERE # Got instruction GetMsMode| SetMsMode, expected 3 bytes payload, but received 1. Ignored the instruction!
2017-08-10 14:39:18.2843 #  WARNING # Processing of the reply failed. Retrying the last instruction.
2017-08-10 14:39:18.2843 #  WARNING # Error received or instruction timed out after 800 ms, this was the 8. try
2017-08-10 14:39:19.3024 #     INFO # Changing baudrate to 38400
2017-08-10 14:39:19.4574 #     INFO # Device COM32 (#) @ Baudrate 38400 opened.
2017-08-10 14:39:19.9694 #   SEVERE # Got instruction GetMsMode| SetMsMode, expected 3 bytes payload, but received 1. Ignored the instruction!
2017-08-10 14:39:19.9694 #  WARNING # Processing of the reply failed. Retrying the last instruction.
2017-08-10 14:39:19.9694 #  WARNING # Error received or instruction timed out after 800 ms, this was the 9. try
2017-08-10 14:39:20.4905 #     INFO # Application settings saved to file.
2017-08-10 14:39:20.9875 #     INFO # Changing baudrate to 4800
2017-08-10 14:39:21.1505 #     INFO # Device COM32 (#) @ Baudrate 4800 opened.
2017-08-10 14:39:21.6565 #   SEVERE # Got instruction GetMsMode| SetMsMode, expected 3 bytes payload, but received 1. Ignored the instruction!
2017-08-10 14:39:21.6565 #  WARNING # Processing of the reply failed. Retrying the last instruction.
2017-08-10 14:39:21.6595 #   SEVERE # Communication failed after 10 tries. Sorry, I'm giving up for instruction 'SetMsMode'
2017-08-10 14:39:21.9656 #     INFO # Application settings saved to file.
2017-08-10 14:39:22.0576 #     INFO # Device COM45 (SPORTident BS series 7/8 #78891 @ USB) @ Baudrate 38400 opened.
2017-08-10 14:39:22.8576 #  WARNING # Error received or instruction timed out after 800 ms, this was the 1. try
2017-08-10 14:39:22.8856 #     INFO # Changing baudrate to 4800
2017-08-10 14:39:22.9776 #     INFO # Device COM45 (SPORTident BS series 7/8 #78891 @ USB) @ Baudrate 4800 opened.
2017-08-10 14:39:24.2777 #  WARNING # Error received or instruction timed out after 800 ms, this was the 2. try
2017-08-10 14:39:24.3057 #     INFO # Changing baudrate to 38400
2017-08-10 14:39:24.3977 #     INFO # Device COM45 (SPORTident BS series 7/8 #78891 @ USB) @ Baudrate 38400 opened.
2017-08-10 14:39:24.9677 #     INFO # Target device set to remote
2017-08-10 14:39:25.2667 #     INFO # Device configuration read
2017-08-10 14:39:25.5398 #     INFO # Station time received, round trip time was 159 ms.
2017-08-10 14:39:25.5588 #     INFO # Target device set to direct
2017-08-10 14:39:38.4475 #     INFO # Application settings saved to file.
2017-08-10 14:39:38.5405 #     INFO # Device COM45 (SPORTident BS series 7/8 #78891 @ USB) @ Baudrate 38400 opened.
2017-08-10 14:39:38.5995 #     INFO # Target device set to remote
2017-08-10 14:39:39.1785 #     INFO # Device configuration written, checking...
2017-08-10 14:39:39.4676 #     INFO # Station time received, round trip time was 155 ms.
2017-08-10 14:39:40.0136 #     INFO # Station time set.
2017-08-10 14:39:40.1006 #     INFO # Station backup memory erased.
2017-08-10 14:39:40.2386 #     INFO # Station switched to standby mode.
2017-08-10 14:39:40.2556 #     INFO # Target device set to direct
2017-08-10 14:39:53.9954 #     INFO # Application settings saved to file.
2017-08-10 14:39:54.0904 #     INFO # Device COM45 (SPORTident BS series 7/8 #78891 @ USB) @ Baudrate 38400 opened.
2017-08-10 14:39:54.1274 #     INFO # Target device set to remote
2017-08-10 14:39:54.4594 #  WARNING # ERR ::: Device replied with NAK (0x15).
2017-08-10 14:39:54.4604 #  WARNING # Error received or instruction timed out after 2000 ms, this was the 1. try
2017-08-10 14:39:54.9814 #  WARNING # ERR ::: Device replied with NAK (0x15).
2017-08-10 14:39:54.9844 #  WARNING # Error received or instruction timed out after 2000 ms, this was the 2. try
2017-08-10 14:39:55.5055 #  WARNING # ERR ::: Device replied with NAK (0x15).
2017-08-10 14:39:55.5065 #  WARNING # Error received or instruction timed out after 2000 ms, this was the 3. try
2017-08-10 14:39:56.0275 #  WARNING # ERR ::: Device replied with NAK (0x15).
2017-08-10 14:39:56.0305 #  WARNING # Error received or instruction timed out after 2000 ms, this was the 4. try
2017-08-10 14:39:56.5515 #  WARNING # ERR ::: Device replied with NAK (0x15).
2017-08-10 14:39:56.5545 #  WARNING # Error received or instruction timed out after 2000 ms, this was the 5. try
2017-08-10 14:39:57.0756 #  WARNING # ERR ::: Device replied with NAK (0x15).
2017-08-10 14:39:57.0786 #  WARNING # Error received or instruction timed out after 2000 ms, this was the 6. try
2017-08-10 14:39:57.5996 #  WARNING # ERR ::: Device replied with NAK (0x15).
2017-08-10 14:39:57.6026 #  WARNING # Error received or instruction timed out after 2000 ms, this was the 7. try
2017-08-10 14:39:58.1246 #  WARNING # ERR ::: Device replied with NAK (0x15).
2017-08-10 14:39:58.1266 #  WARNING # Error received or instruction timed out after 2000 ms, this was the 8. try
2017-08-10 14:39:58.6497 #  WARNING # ERR ::: Device replied with NAK (0x15).
2017-08-10 14:39:58.6537 #  WARNING # Error received or instruction timed out after 2000 ms, this was the 9. try
2017-08-10 14:39:59.4977 #  WARNING # ERR ::: Device replied with NAK (0x15).
2017-08-10 14:39:59.5007 #  WARNING # Error received or instruction timed out after 2000 ms, this was the 1. try
2017-08-10 14:40:00.2707 #     INFO # Device configuration written, checking...
2017-08-10 14:40:00.5448 #     INFO # Station time received, round trip time was 152 ms.
2017-08-10 14:40:01.0278 #     INFO # Station time set.
2017-08-10 14:40:01.1158 #     INFO # Station backup memory erased.
2017-08-10 14:40:01.2028 #     INFO # Station switched to standby mode.
2017-08-10 14:40:01.2218 #     INFO # Target device set to direct
2017-08-10 14:40:15.0156 #     INFO # Application settings saved to file.
2017-08-10 14:40:15.1086 #     INFO # Device COM45 (SPORTident BS series 7/8 #78891 @ USB) @ Baudrate 38400 opened.
2017-08-10 14:40:15.1506 #     INFO # Target device set to remote
2017-08-10 14:40:15.7286 #     INFO # Device configuration written, checking...
2017-08-10 14:40:16.0156 #     INFO # Station time received, round trip time was 162 ms.
2017-08-10 14:40:17.0457 #     INFO # Station time set.
2017-08-10 14:40:17.1297 #     INFO # Station backup memory erased.
2017-08-10 14:40:17.2237 #     INFO # Station switched to standby mode.
2017-08-10 14:40:17.2407 #     INFO # Target device set to direct
2017-08-10 14:40:31.8316 #     INFO # Application settings saved to file.
2017-08-10 14:40:31.9256 #     INFO # Device COM45 (SPORTident BS series 7/8 #78891 @ USB) @ Baudrate 38400 opened.
2017-08-10 14:40:31.9536 #     INFO # Target device set to remote
2017-08-10 14:40:32.2886 #  WARNING # ERR ::: Device replied with NAK (0x15).
2017-08-10 14:40:32.2916 #  WARNING # Error received or instruction timed out after 2000 ms, this was the 1. try
2017-08-10 14:40:32.8126 #  WARNING # ERR ::: Device replied with NAK (0x15).
2017-08-10 14:40:32.8156 #  WARNING # Error received or instruction timed out after 2000 ms, this was the 2. try
2017-08-10 14:40:33.3366 #  WARNING # ERR ::: Device replied with NAK (0x15).
2017-08-10 14:40:33.3406 #  WARNING # Error received or instruction timed out after 2000 ms, this was the 3. try
2017-08-10 14:40:33.8617 #  WARNING # ERR ::: Device replied with NAK (0x15).
2017-08-10 14:40:33.8647 #  WARNING # Error received or instruction timed out after 2000 ms, this was the 4. try
2017-08-10 14:40:34.3867 #  WARNING # ERR ::: Device replied with NAK (0x15).
2017-08-10 14:40:34.3887 #  WARNING # Error received or instruction timed out after 2000 ms, this was the 5. try
2017-08-10 14:40:34.9117 #  WARNING # ERR ::: Device replied with NAK (0x15).
2017-08-10 14:40:34.9117 #  WARNING # Error received or instruction timed out after 2000 ms, this was the 6. try
2017-08-10 14:40:35.4348 #  WARNING # ERR ::: Device replied with NAK (0x15).
2017-08-10 14:40:35.4378 #  WARNING # Error received or instruction timed out after 2000 ms, this was the 7. try
2017-08-10 14:40:35.9598 #  WARNING # ERR ::: Device replied with NAK (0x15).
2017-08-10 14:40:35.9598 #  WARNING # Error received or instruction timed out after 2000 ms, this was the 8. try
2017-08-10 14:40:36.4818 #  WARNING # ERR ::: Device replied with NAK (0x15).
2017-08-10 14:40:36.4838 #  WARNING # Error received or instruction timed out after 2000 ms, this was the 9. try
2017-08-10 14:40:37.0068 #  WARNING # ERR ::: Device replied with NAK (0x15).
2017-08-10 14:40:37.0259 #   SEVERE # Communication failed after 10 tries. Sorry, I'm giving up for instruction 'SetSystemData'
2017-08-10 14:40:45.8184 #     INFO # Application settings saved to file.
2017-08-10 14:40:45.9104 #     INFO # Device COM45 (SPORTident BS series 7/8 #78891 @ USB) @ Baudrate 38400 opened.
2017-08-10 14:40:45.9184 #     INFO # Target device set to remote
2017-08-10 14:40:46.2644 #  WARNING # ERR ::: Device replied with NAK (0x15).
2017-08-10 14:40:46.2674 #  WARNING # Error received or instruction timed out after 2000 ms, this was the 1. try
2017-08-10 14:40:47.1484 #  WARNING # ERR ::: Device replied with NAK (0x15).
2017-08-10 14:40:47.1494 #  WARNING # Error received or instruction timed out after 2000 ms, this was the 1. try
2017-08-10 14:40:48.0935 #     INFO # Device configuration written, checking...
2017-08-10 14:40:48.3475 #     INFO # Station time received, round trip time was 129 ms.
2017-08-10 14:40:49.0695 #     INFO # Station time set.
2017-08-10 14:40:49.1555 #     INFO # Station backup memory erased.
2017-08-10 14:40:49.2485 #     INFO # Station switched to standby mode.
2017-08-10 14:40:49.2686 #     INFO # Target device set to direct
2017-08-10 14:41:03.1103 #     INFO # Application settings saved to file.
2017-08-10 14:41:03.2013 #     INFO # Device COM45 (SPORTident BS series 7/8 #78891 @ USB) @ Baudrate 38400 opened.
2017-08-10 14:41:03.2283 #     INFO # Target device set to remote
2017-08-10 14:41:03.5604 #  WARNING # ERR ::: Device replied with NAK (0x15).
2017-08-10 14:41:03.5624 #  WARNING # Error received or instruction timed out after 2000 ms, this was the 1. try
2017-08-10 14:41:04.4534 #  WARNING # ERR ::: Device replied with NAK (0x15).
2017-08-10 14:41:04.4574 #  WARNING # Error received or instruction timed out after 2000 ms, this was the 1. try
2017-08-10 14:41:05.3095 #  WARNING # ERR ::: Device replied with NAK (0x15).
2017-08-10 14:41:05.3105 #  WARNING # Error received or instruction timed out after 2000 ms, this was the 2. try
2017-08-10 14:41:06.0575 #     INFO # Device configuration written, checking...
2017-08-10 14:41:06.3315 #     INFO # Station time received, round trip time was 149 ms.
2017-08-10 14:41:07.0526 #     INFO # Station time set.
2017-08-10 14:41:07.1386 #     INFO # Station backup memory erased.
2017-08-10 14:41:07.2276 #     INFO # Station switched to standby mode.
2017-08-10 14:41:07.2446 #     INFO # Target device set to direct
2017-08-10 14:41:26.0917 #     INFO # Application settings saved to file.
2017-08-10 14:41:26.1857 #     INFO # Device COM45 (SPORTident BS series 7/8 #78891 @ USB) @ Baudrate 38400 opened.
2017-08-10 14:41:26.2267 #     INFO # Target device set to remote
2017-08-10 14:41:26.5617 #  WARNING # ERR ::: Device replied with NAK (0x15).
2017-08-10 14:41:26.5647 #  WARNING # Error received or instruction timed out after 2000 ms, this was the 1. try
2017-08-10 14:41:27.3287 #     INFO # Device configuration written, checking...
2017-08-10 14:41:27.6147 #     INFO # Station time received, round trip time was 164 ms.
2017-08-10 14:41:28.0368 #     INFO # Station time set.
2017-08-10 14:41:28.1228 #     INFO # Station backup memory erased.
2017-08-10 14:41:28.3118 #     INFO # Station switched to standby mode.
2017-08-10 14:41:28.3288 #     INFO # Target device set to direct
2017-08-10 14:41:38.5124 #     INFO # Application settings saved to file.
2017-08-10 14:41:38.6054 #     INFO # Device COM45 (SPORTident BS series 7/8 #78891 @ USB) @ Baudrate 38400 opened.
2017-08-10 14:41:38.6574 #     INFO # Target device set to remote
2017-08-10 14:41:38.9894 #  WARNING # ERR ::: Device replied with NAK (0x15).
2017-08-10 14:41:38.9924 #  WARNING # Error received or instruction timed out after 2000 ms, this was the 1. try
2017-08-10 14:41:39.5144 #  WARNING # ERR ::: Device replied with NAK (0x15).
2017-08-10 14:41:39.5174 #  WARNING # Error received or instruction timed out after 2000 ms, this was the 2. try
2017-08-10 14:41:40.0385 #  WARNING # ERR ::: Device replied with NAK (0x15).
2017-08-10 14:41:40.0415 #  WARNING # Error received or instruction timed out after 2000 ms, this was the 3. try
2017-08-10 14:41:40.5625 #  WARNING # ERR ::: Device replied with NAK (0x15).
2017-08-10 14:41:40.5635 #  WARNING # Error received or instruction timed out after 2000 ms, this was the 4. try
2017-08-10 14:41:41.0845 #  WARNING # ERR ::: Device replied with NAK (0x15).
2017-08-10 14:41:41.0855 #  WARNING # Error received or instruction timed out after 2000 ms, this was the 5. try
2017-08-10 14:41:41.6065 #  WARNING # ERR ::: Device replied with NAK (0x15).
2017-08-10 14:41:41.6095 #  WARNING # Error received or instruction timed out after 2000 ms, this was the 6. try
2017-08-10 14:41:42.1306 #  WARNING # ERR ::: Device replied with NAK (0x15).
2017-08-10 14:41:42.1316 #  WARNING # Error received or instruction timed out after 2000 ms, this was the 7. try
2017-08-10 14:41:42.6526 #  WARNING # ERR ::: Device replied with NAK (0x15).
2017-08-10 14:41:42.6556 #  WARNING # Error received or instruction timed out after 2000 ms, this was the 8. try
2017-08-10 14:41:43.1776 #  WARNING # ERR ::: Device replied with NAK (0x15).
2017-08-10 14:41:43.1796 #  WARNING # Error received or instruction timed out after 2000 ms, this was the 9. try
2017-08-10 14:41:43.7027 #  WARNING # ERR ::: Device replied with NAK (0x15).
2017-08-10 14:41:43.7187 #   SEVERE # Communication failed after 10 tries. Sorry, I'm giving up for instruction 'SetSystemData'
2017-08-10 14:41:46.0358 #     INFO # Application settings saved to file.
2017-08-10 14:41:46.1328 #     INFO # Device COM45 (SPORTident BS series 7/8 #78891 @ USB) @ Baudrate 38400 opened.
2017-08-10 14:41:46.1418 #     INFO # Target device set to remote
2017-08-10 14:41:46.5148 #  WARNING # ERR ::: Device replied with NAK (0x15).
2017-08-10 14:41:46.5188 #  WARNING # Error received or instruction timed out after 2000 ms, this was the 1. try
2017-08-10 14:41:47.0409 #  WARNING # ERR ::: Device replied with NAK (0x15).
2017-08-10 14:41:47.0429 #  WARNING # Error received or instruction timed out after 2000 ms, this was the 2. try
2017-08-10 14:41:47.5649 #  WARNING # ERR ::: Device replied with NAK (0x15).
2017-08-10 14:41:47.5649 #  WARNING # Error received or instruction timed out after 2000 ms, this was the 3. try
2017-08-10 14:41:48.0869 #  WARNING # ERR ::: Device replied with NAK (0x15).
2017-08-10 14:41:48.0889 #  WARNING # Error received or instruction timed out after 2000 ms, this was the 4. try
2017-08-10 14:41:48.6139 #  WARNING # ERR ::: Device replied with NAK (0x15).
2017-08-10 14:41:48.6139 #  WARNING # Error received or instruction timed out after 2000 ms, this was the 5. try
2017-08-10 14:41:49.1360 #  WARNING # ERR ::: Device replied with NAK (0x15).
2017-08-10 14:41:49.1380 #  WARNING # Error received or instruction timed out after 2000 ms, this was the 6. try
2017-08-10 14:41:49.6600 #  WARNING # ERR ::: Device replied with NAK (0x15).
2017-08-10 14:41:49.6620 #  WARNING # Error received or instruction timed out after 2000 ms, this was the 7. try
2017-08-10 14:41:50.1840 #  WARNING # ERR ::: Device replied with NAK (0x15).
2017-08-10 14:41:50.1860 #  WARNING # Error received or instruction timed out after 2000 ms, this was the 8. try
2017-08-10 14:41:50.7081 #  WARNING # ERR ::: Device replied with NAK (0x15).
2017-08-10 14:41:50.7111 #  WARNING # Error received or instruction timed out after 2000 ms, this was the 9. try
2017-08-10 14:41:51.2331 #  WARNING # ERR ::: Device replied with NAK (0x15).
2017-08-10 14:41:51.2411 #   SEVERE # Communication failed after 10 tries. Sorry, I'm giving up for instruction 'SetSystemData'
2017-08-10 14:42:05.0279 #     INFO # Application settings saved to file.
2017-08-10 14:42:05.1239 #     INFO # Device COM45 (SPORTident BS series 7/8 #78891 @ USB) @ Baudrate 38400 opened.
2017-08-10 14:42:05.1449 #     INFO # Target device set to remote
2017-08-10 14:42:05.7089 #     INFO # Device configuration written, checking...
2017-08-10 14:42:06.0369 #     INFO # Station time received, round trip time was 197 ms.
2017-08-10 14:42:07.0230 #     INFO # Station time set.
2017-08-10 14:42:07.1110 #     INFO # Station backup memory erased.
2017-08-10 14:42:07.2500 #     INFO # Station switched to standby mode.
2017-08-10 14:42:07.2670 #     INFO # Target device set to direct
2017-08-10 14:42:28.3832 #     INFO # Application settings saved to file.
2017-08-10 14:42:28.4772 #     INFO # Device COM45 (SPORTident BS series 7/8 #78891 @ USB) @ Baudrate 38400 opened.
2017-08-10 14:42:28.5362 #     INFO # Target device set to remote
2017-08-10 14:42:29.0843 #     INFO # Device configuration written, checking...
2017-08-10 14:42:29.3743 #     INFO # Station time received, round trip time was 168 ms.
2017-08-10 14:42:30.0923 #     INFO # Station time set.
2017-08-10 14:42:30.2233 #     INFO # Station backup memory erased.
2017-08-10 14:42:30.3133 #     INFO # Station switched to standby mode.
2017-08-10 14:42:30.3323 #     INFO # Target device set to direct
2017-08-10 14:42:46.4073 #     INFO # Application settings saved to file.
2017-08-10 14:42:46.5093 #     INFO # Device COM45 (SPORTident BS series 7/8 #78891 @ USB) @ Baudrate 38400 opened.
2017-08-10 14:42:46.5393 #     INFO # Target device set to remote
2017-08-10 14:42:47.1243 #     INFO # Device configuration written, checking...
2017-08-10 14:42:47.4133 #     INFO # Station time received, round trip time was 157 ms.
2017-08-10 14:42:48.0023 #     INFO # Station time set.
2017-08-10 14:42:48.0883 #     INFO # Station backup memory erased.
2017-08-10 14:42:48.2204 #     INFO # Station switched to standby mode.
2017-08-10 14:42:48.2374 #     INFO # Target device set to direct
2017-08-10 14:42:58.4129 #     INFO # Application settings saved to file.
2017-08-10 14:42:58.5069 #     INFO # Device COM45 (SPORTident BS series 7/8 #78891 @ USB) @ Baudrate 38400 opened.
2017-08-10 14:42:58.5709 #     INFO # Target device set to remote
2017-08-10 14:42:58.9030 #  WARNING # ERR ::: Device replied with NAK (0x15).
2017-08-10 14:42:58.9060 #  WARNING # Error received or instruction timed out after 2000 ms, this was the 1. try
2017-08-10 14:42:59.4280 #  WARNING # ERR ::: Device replied with NAK (0x15).
2017-08-10 14:42:59.4300 #  WARNING # Error received or instruction timed out after 2000 ms, this was the 2. try
2017-08-10 14:42:59.9520 #  WARNING # ERR ::: Device replied with NAK (0x15).
2017-08-10 14:42:59.9560 #  WARNING # Error received or instruction timed out after 2000 ms, this was the 3. try
2017-08-10 14:43:00.4781 #  WARNING # ERR ::: Device replied with NAK (0x15).
2017-08-10 14:43:00.4801 #  WARNING # Error received or instruction timed out after 2000 ms, this was the 4. try
2017-08-10 14:43:01.0021 #  WARNING # ERR ::: Device replied with NAK (0x15).
2017-08-10 14:43:01.0021 #  WARNING # Error received or instruction timed out after 2000 ms, this was the 5. try
2017-08-10 14:43:01.5231 #  WARNING # ERR ::: Device replied with NAK (0x15).
2017-08-10 14:43:01.5261 #  WARNING # Error received or instruction timed out after 2000 ms, this was the 6. try
2017-08-10 14:43:02.5312 #  WARNING # ERR ::: Device replied with NAK (0x15).
2017-08-10 14:43:02.5342 #  WARNING # Error received or instruction timed out after 2000 ms, this was the 1. try
2017-08-10 14:43:03.0552 #  WARNING # ERR ::: Device replied with NAK (0x15).
2017-08-10 14:43:03.0582 #  WARNING # Error received or instruction timed out after 2000 ms, this was the 2. try
2017-08-10 14:43:03.8512 #     INFO # Device configuration written, checking...
2017-08-10 14:43:04.1413 #     INFO # Station time received, round trip time was 168 ms.
2017-08-10 14:43:05.0663 #     INFO # Station time set.
2017-08-10 14:43:05.1533 #     INFO # Station backup memory erased.
2017-08-10 14:43:05.2433 #     INFO # Station switched to standby mode.
2017-08-10 14:43:05.2623 #     INFO # Target device set to direct
2017-08-10 14:43:16.4350 #     INFO # Application settings saved to file.
2017-08-10 14:43:16.5280 #     INFO # Device COM45 (SPORTident BS series 7/8 #78891 @ USB) @ Baudrate 38400 opened.
2017-08-10 14:43:16.5710 #     INFO # Target device set to remote
2017-08-10 14:43:16.9100 #  WARNING # ERR ::: Device replied with NAK (0x15).
2017-08-10 14:43:16.9130 #  WARNING # Error received or instruction timed out after 2000 ms, this was the 1. try
2017-08-10 14:43:17.4360 #  WARNING # ERR ::: Device replied with NAK (0x15).
2017-08-10 14:43:17.4380 #  WARNING # Error received or instruction timed out after 2000 ms, this was the 2. try
2017-08-10 14:43:17.9601 #  WARNING # ERR ::: Device replied with NAK (0x15).
2017-08-10 14:43:17.9641 #  WARNING # Error received or instruction timed out after 2000 ms, this was the 3. try
2017-08-10 14:43:18.4851 #  WARNING # ERR ::: Device replied with NAK (0x15).
2017-08-10 14:43:18.4861 #  WARNING # Error received or instruction timed out after 2000 ms, this was the 4. try
2017-08-10 14:43:19.0071 #  WARNING # ERR ::: Device replied with NAK (0x15).
2017-08-10 14:43:19.0081 #  WARNING # Error received or instruction timed out after 2000 ms, this was the 5. try
2017-08-10 14:43:19.5291 #  WARNING # ERR ::: Device replied with NAK (0x15).
2017-08-10 14:43:19.5331 #  WARNING # Error received or instruction timed out after 2000 ms, this was the 6. try
2017-08-10 14:43:20.0542 #  WARNING # ERR ::: Device replied with NAK (0x15).
2017-08-10 14:43:20.0582 #  WARNING # Error received or instruction timed out after 2000 ms, this was the 7. try
2017-08-10 14:43:20.5792 #  WARNING # ERR ::: Device replied with NAK (0x15).
2017-08-10 14:43:20.5802 #  WARNING # Error received or instruction timed out after 2000 ms, this was the 8. try
2017-08-10 14:43:21.1012 #  WARNING # ERR ::: Device replied with NAK (0x15).
2017-08-10 14:43:21.1042 #  WARNING # Error received or instruction timed out after 2000 ms, this was the 9. try
2017-08-10 14:43:21.6253 #  WARNING # ERR ::: Device replied with NAK (0x15).
2017-08-10 14:43:21.6433 #   SEVERE # Communication failed after 10 tries. Sorry, I'm giving up for instruction 'SetSystemData'
2017-08-10 14:43:24.6924 #     INFO # Application settings saved to file.
2017-08-10 14:43:24.7844 #     INFO # Device COM45 (SPORTident BS series 7/8 #78891 @ USB) @ Baudrate 38400 opened.
2017-08-10 14:43:24.8104 #     INFO # Target device set to remote
2017-08-10 14:43:25.1415 #  WARNING # ERR ::: Device replied with NAK (0x15).
2017-08-10 14:43:25.1425 #  WARNING # Error received or instruction timed out after 2000 ms, this was the 1. try
2017-08-10 14:43:25.6635 #  WARNING # ERR ::: Device replied with NAK (0x15).
2017-08-10 14:43:25.6665 #  WARNING # Error received or instruction timed out after 2000 ms, this was the 2. try
2017-08-10 14:43:26.1875 #  WARNING # ERR ::: Device replied with NAK (0x15).
2017-08-10 14:43:26.1945 #  WARNING # Error received or instruction timed out after 2000 ms, this was the 3. try
2017-08-10 14:43:26.7156 #  WARNING # ERR ::: Device replied with NAK (0x15).
2017-08-10 14:43:26.7186 #  WARNING # Error received or instruction timed out after 2000 ms, this was the 4. try
2017-08-10 14:43:27.2406 #  WARNING # ERR ::: Device replied with NAK (0x15).
2017-08-10 14:43:27.2406 #  WARNING # Error received or instruction timed out after 2000 ms, this was the 5. try
2017-08-10 14:43:27.7626 #  WARNING # ERR ::: Device replied with NAK (0x15).
2017-08-10 14:43:27.7626 #  WARNING # Error received or instruction timed out after 2000 ms, this was the 6. try
2017-08-10 14:43:28.2846 #  WARNING # ERR ::: Device replied with NAK (0x15).
2017-08-10 14:43:28.2876 #  WARNING # Error received or instruction timed out after 2000 ms, this was the 7. try
2017-08-10 14:43:28.8097 #  WARNING # ERR ::: Device replied with NAK (0x15).
2017-08-10 14:43:28.8147 #  WARNING # Error received or instruction timed out after 2000 ms, this was the 8. try
2017-08-10 14:43:29.3377 #  WARNING # ERR ::: Device replied with NAK (0x15).
2017-08-10 14:43:29.3397 #  WARNING # Error received or instruction timed out after 2000 ms, this was the 9. try
2017-08-10 14:43:29.8627 #  WARNING # ERR ::: Device replied with NAK (0x15).
2017-08-10 14:43:29.8717 #   SEVERE # Communication failed after 10 tries. Sorry, I'm giving up for instruction 'SetSystemData'
2017-08-10 14:43:36.9441 #     INFO # Application settings saved to file.
2017-08-10 14:43:37.0381 #     INFO # Device COM45 (SPORTident BS series 7/8 #78891 @ USB) @ Baudrate 38400 opened.
2017-08-10 14:43:37.0451 #     INFO # Target device set to remote
2017-08-10 14:43:37.6242 #     INFO # Device configuration written, checking...
2017-08-10 14:43:37.9722 #     INFO # Station time received, round trip time was 213 ms.
2017-08-10 14:43:38.0852 #     INFO # Station time set.
2017-08-10 14:43:38.1882 #     INFO # Station backup memory erased.
2017-08-10 14:43:38.2782 #     INFO # Station switched to standby mode.
2017-08-10 14:43:38.2962 #     INFO # Target device set to direct
2017-08-10 14:46:07.0157 #     INFO # Application settings saved to file.
2017-08-10 14:46:07.1087 #     INFO # Device COM45 (SPORTident BS series 7/8 #78891 @ USB) @ Baudrate 38400 opened.
2017-08-10 14:46:07.2017 #     INFO # Target device set to remote
2017-08-10 14:46:07.9818 #  WARNING # ERR ::: Device replied with NAK (0x15).
2017-08-10 14:46:07.9828 #  WARNING # Error received or instruction timed out after 2000 ms, this was the 1. try
2017-08-10 14:46:08.7058 #     INFO # Device configuration written, checking...
2017-08-10 14:46:08.9528 #     INFO # Station time received, round trip time was 126 ms.
2017-08-10 14:46:09.0528 #     INFO # Station time set.
2017-08-10 14:46:09.1388 #     INFO # Station backup memory erased.
2017-08-10 14:46:09.2279 #     INFO # Station switched to standby mode.
2017-08-10 14:46:09.2469 #     INFO # Target device set to direct
2017-08-10 14:47:52.1057 #     INFO # Application settings saved to file.
2017-08-10 14:47:52.1987 #     INFO # Device COM45 (SPORTident BS series 7/8 #78891 @ USB) @ Baudrate 38400 opened.
2017-08-10 14:47:52.2257 #     INFO # Target device set to remote
2017-08-10 14:47:53.1228 #  WARNING # ERR ::: Device replied with NAK (0x15).
2017-08-10 14:47:53.1258 #  WARNING # Error received or instruction timed out after 2000 ms, this was the 1. try
2017-08-10 14:47:53.8488 #     INFO # Device configuration written, checking...
2017-08-10 14:47:54.1379 #     INFO # Station time received, round trip time was 168 ms.
2017-08-10 14:47:54.9969 #     INFO # Station time set.
2017-08-10 14:47:55.0839 #     INFO # Station backup memory erased.
2017-08-10 14:47:55.1729 #     INFO # Station switched to standby mode.
2017-08-10 14:47:55.1899 #     INFO # Target device set to direct
2017-08-10 14:51:52.4505 #     INFO # Application settings saved to file.
2017-08-10 14:51:52.5555 #     INFO # Device COM45 (SPORTident BS series 7/8 #78891 @ USB) @ Baudrate 38400 opened.
2017-08-10 14:51:52.5785 #     INFO # Target device set to remote
2017-08-10 14:51:52.9125 #  WARNING # ERR ::: Device replied with NAK (0x15).
2017-08-10 14:51:52.9155 #  WARNING # Error received or instruction timed out after 2000 ms, this was the 1. try
2017-08-10 14:51:53.5875 #  WARNING # ERR ::: Device replied with NAK (0x15).
2017-08-10 14:51:53.5905 #  WARNING # Error received or instruction timed out after 2000 ms, this was the 2. try
2017-08-10 14:51:54.5226 #  WARNING # ERR ::: Device replied with NAK (0x15).
2017-08-10 14:51:54.5236 #  WARNING # Error received or instruction timed out after 2000 ms, this was the 1. try
2017-08-10 14:51:55.0446 #  WARNING # ERR ::: Device replied with NAK (0x15).
2017-08-10 14:51:55.0456 #  WARNING # Error received or instruction timed out after 2000 ms, this was the 2. try
2017-08-10 14:51:55.5677 #  WARNING # ERR ::: Device replied with NAK (0x15).
2017-08-10 14:51:55.5707 #  WARNING # Error received or instruction timed out after 2000 ms, this was the 3. try
2017-08-10 14:51:56.0927 #  WARNING # ERR ::: Device replied with NAK (0x15).
2017-08-10 14:51:56.0957 #  WARNING # Error received or instruction timed out after 2000 ms, this was the 4. try
2017-08-10 14:51:56.6177 #  WARNING # ERR ::: Device replied with NAK (0x15).
2017-08-10 14:51:56.6187 #  WARNING # Error received or instruction timed out after 2000 ms, this was the 5. try
2017-08-10 14:51:57.5048 #     INFO # Device configuration written, checking...
2017-08-10 14:51:57.7278 #     INFO # Station time received, round trip time was 146 ms.
2017-08-10 14:51:58.0628 #     INFO # Station time set.
2017-08-10 14:51:58.1488 #     INFO # Station backup memory erased.
2017-08-10 14:51:58.2398 #     INFO # Station switched to standby mode.
2017-08-10 14:51:58.2568 #     INFO # Target device set to direct
2017-08-10 14:52:15.4538 #     INFO # Application settings saved to file.
2017-08-10 14:52:15.5548 #     INFO # Device COM45 (SPORTident BS series 7/8 #78891 @ USB) @ Baudrate 38400 opened.
2017-08-10 14:52:15.5958 #     INFO # Target device set to remote
2017-08-10 14:52:15.9478 #  WARNING # ERR ::: Device replied with NAK (0x15).
2017-08-10 14:52:15.9488 #  WARNING # Error received or instruction timed out after 2000 ms, this was the 1. try
2017-08-10 14:52:16.4709 #  WARNING # ERR ::: Device replied with NAK (0x15).
2017-08-10 14:52:16.4719 #  WARNING # Error received or instruction timed out after 2000 ms, this was the 2. try
2017-08-10 14:52:16.9939 #  WARNING # ERR ::: Device replied with NAK (0x15).
2017-08-10 14:52:16.9939 #  WARNING # Error received or instruction timed out after 2000 ms, this was the 3. try
2017-08-10 14:52:17.5159 #  WARNING # ERR ::: Device replied with NAK (0x15).
2017-08-10 14:52:17.5159 #  WARNING # Error received or instruction timed out after 2000 ms, this was the 4. try
2017-08-10 14:52:18.0389 #  WARNING # ERR ::: Device replied with NAK (0x15).
2017-08-10 14:52:18.0389 #  WARNING # Error received or instruction timed out after 2000 ms, this was the 5. try
2017-08-10 14:52:18.5620 #  WARNING # ERR ::: Device replied with NAK (0x15).
2017-08-10 14:52:18.5620 #  WARNING # Error received or instruction timed out after 2000 ms, this was the 6. try
2017-08-10 14:52:19.0840 #  WARNING # ERR ::: Device replied with NAK (0x15).
2017-08-10 14:52:19.0840 #  WARNING # Error received or instruction timed out after 2000 ms, this was the 7. try
2017-08-10 14:52:19.8050 #     INFO # Device configuration written, checking...
2017-08-10 14:52:20.0911 #     INFO # Station time received, round trip time was 163 ms.
2017-08-10 14:52:21.0151 #     INFO # Station time set.
2017-08-10 14:52:21.1001 #     INFO # Station backup memory erased.
2017-08-10 14:52:21.2321 #     INFO # Station switched to standby mode.
2017-08-10 14:52:21.2481 #     INFO # Target device set to direct
2017-08-10 14:52:54.8401 #     INFO # Application settings saved to file.
2017-08-10 14:52:54.9341 #     INFO # Device COM45 (SPORTident BS series 7/8 #78891 @ USB) @ Baudrate 38400 opened.
2017-08-10 14:52:54.9761 #     INFO # Target device set to remote
2017-08-10 14:52:55.3081 #  WARNING # ERR ::: Device replied with NAK (0x15).
2017-08-10 14:52:55.3121 #  WARNING # Error received or instruction timed out after 2000 ms, this was the 1. try
2017-08-10 14:52:55.8331 #  WARNING # ERR ::: Device replied with NAK (0x15).
2017-08-10 14:52:55.8341 #  WARNING # Error received or instruction timed out after 2000 ms, this was the 2. try
2017-08-10 14:52:56.3551 #  WARNING # ERR ::: Device replied with NAK (0x15).
2017-08-10 14:52:56.3581 #  WARNING # Error received or instruction timed out after 2000 ms, this was the 3. try
2017-08-10 14:52:56.8792 #  WARNING # ERR ::: Device replied with NAK (0x15).
2017-08-10 14:52:56.8802 #  WARNING # Error received or instruction timed out after 2000 ms, this was the 4. try
2017-08-10 14:52:57.4012 #  WARNING # ERR ::: Device replied with NAK (0x15).
2017-08-10 14:52:57.4022 #  WARNING # Error received or instruction timed out after 2000 ms, this was the 5. try
2017-08-10 14:52:57.9232 #  WARNING # ERR ::: Device replied with NAK (0x15).
2017-08-10 14:52:57.9242 #  WARNING # Error received or instruction timed out after 2000 ms, this was the 6. try
2017-08-10 14:52:58.4453 #  WARNING # ERR ::: Device replied with NAK (0x15).
2017-08-10 14:52:58.4493 #  WARNING # Error received or instruction timed out after 2000 ms, this was the 7. try
2017-08-10 14:52:58.9713 #  WARNING # ERR ::: Device replied with NAK (0x15).
2017-08-10 14:52:58.9753 #  WARNING # Error received or instruction timed out after 2000 ms, this was the 8. try
2017-08-10 14:52:59.9003 #     INFO # Device configuration written, checking...
2017-08-10 14:53:00.2294 #     INFO # Station time received, round trip time was 202 ms.
2017-08-10 14:53:01.1254 #     INFO # Station time set.
2017-08-10 14:53:01.2134 #     INFO # Station backup memory erased.
2017-08-10 14:53:01.3024 #     INFO # Station switched to standby mode.
2017-08-10 14:53:01.3194 #     INFO # Target device set to direct
