2017-08-09 15:06:37.6310 #      ALL # ************************************************************************************************************************
2017-08-09 15:06:37.6310 #      ALL # SPORTident.ConfigPlus (v2.0.3.17107) started
2017-08-09 15:06:37.6310 #      ALL # Settings file located at: C:\Users\Adam\AppData\Roaming\SPORTident\Config\SPORTident.ConfigPlus.settings
2017-08-09 15:06:37.6310 #      ALL # Starting up application, runlevel is set to: Startup...
2017-08-09 15:06:37.6466 #      ALL # External reference created to mscorlib, Version=4.0.0.0, Culture=neutral, PublicKeyToken=b77a5c561934e089
2017-08-09 15:06:37.6466 #      ALL # External reference created to System.Drawing, Version=4.0.0.0, Culture=neutral, PublicKeyToken=b03f5f7f11d50a3a
2017-08-09 15:06:37.6466 #      ALL # External reference created to System.Windows.Forms, Version=4.0.0.0, Culture=neutral, PublicKeyToken=b77a5c561934e089
2017-08-09 15:06:37.6466 #      ALL # External reference created to System, Version=4.0.0.0, Culture=neutral, PublicKeyToken=b77a5c561934e089
2017-08-09 15:06:37.6466 #      ALL # External reference created to YAXLib, Version=2.0.1.0, Culture=neutral, PublicKeyToken=e21655a665f6ae1b
2017-08-09 15:06:37.6466 #      ALL # External reference created to SPORTident.Communication, Version=2.17.6296.17105, Culture=neutral, PublicKeyToken=e21655a665f6ae1b
2017-08-09 15:06:37.6466 #      ALL # External reference created to ObjectListView, Version=2.9.1.27756, Culture=neutral, PublicKeyToken=b1c5bf581481bcd4
2017-08-09 15:06:37.6466 #      ALL # External reference created to Microsoft.WindowsAPICodePack.Shell, Version=1.1.0.0, Culture=neutral, PublicKeyToken=31bf3856ad364e35
2017-08-09 15:06:37.6466 #      ALL # External reference created to System.Xml, Version=4.0.0.0, Culture=neutral, PublicKeyToken=b77a5c561934e089
2017-08-09 15:06:37.6466 #      ALL # External reference created to Ionic.Zip, Version=1.9.1.8, Culture=neutral, PublicKeyToken=edbe51ad942a3f5c
2017-08-09 15:06:37.6466 #      ALL # External reference created to ListViewPrinter, Version=2.5.0.27757, Culture=neutral, PublicKeyToken=21b031892bc54fb5
2017-08-09 15:06:37.6466 #      ALL # External reference created to System.Core, Version=4.0.0.0, Culture=neutral, PublicKeyToken=b77a5c561934e089
2017-08-09 15:06:37.6466 #     FINE # Initializing localization library...
2017-08-09 15:06:37.6778 #      ALL # ++++++++++++++++++++++++++++++++++++++++++++++++++++++++++++++++++++++++++++++++++++++++++++++++++++
2017-08-09 15:06:37.6778 #     FINE # Application environment information:
2017-08-09 15:06:37.6778 #     FINE # Application execution path: C:\SportSoftware\ConfigPlus
2017-08-09 15:06:37.6778 #     FINE # Application settings path: C:\Users\Adam\AppData\Roaming\SPORTident\Config
2017-08-09 15:06:37.6778 #     FINE # Application log path: C:\Users\Adam\AppData\Roaming\SPORTident\Config\log
2017-08-09 15:06:37.6778 #     FINE # Firmware update path: C:\Users\Adam\AppData\Roaming\SPORTident\Config\updates\firmware
2017-08-09 15:06:37.6778 #      ALL # ++++++++++++++++++++++++++++++++++++++++++++++++++++++++++++++++++++++++++++++++++++++++++++++++++++
2017-08-09 15:06:37.6778 #     INFO # Settings loading...
2017-08-09 15:06:37.6934 #     FINE # Loading and applying settings from file C:\Users\Adam\AppData\Roaming\SPORTident\Config\SPORTident.ConfigPlus.settings
2017-08-09 15:06:37.7402 #     INFO # Log level set to Info
2017-08-09 15:06:38.5514 #     INFO # Settings and UI loading...
2017-08-09 15:06:39.7214 #  WARNING # Test mode disabled
2017-08-09 15:15:44.7708 #     INFO # Application settings saved to file.
2017-08-09 15:15:45.3168 #     INFO # Application settings saved to file.
2017-08-09 15:15:45.8784 #     INFO # Application settings saved to file.
2017-08-09 15:15:59.3880 #     INFO # Application settings saved to file.
2017-08-09 15:16:00.9636 #     INFO # Application settings saved to file.
2017-08-09 15:16:02.1492 #     INFO # Application settings saved to file.
2017-08-09 15:16:02.2428 #     INFO # Device COM45 (SPORTident BS series 7/8 #78891 @ USB) @ Baudrate 38400 opened.
2017-08-09 15:16:03.0696 #  WARNING # Error received or instruction timed out after 800 ms, this was the 1. try
2017-08-09 15:16:03.1008 #     INFO # Changing baudrate to 4800
2017-08-09 15:16:03.2412 #     INFO # Device COM45 (SPORTident BS series 7/8 #78891 @ USB) @ Baudrate 4800 opened.
2017-08-09 15:16:04.5672 #  WARNING # Error received or instruction timed out after 800 ms, this was the 2. try
2017-08-09 15:16:04.5984 #     INFO # Changing baudrate to 38400
2017-08-09 15:16:04.6764 #     INFO # Device COM45 (SPORTident BS series 7/8 #78891 @ USB) @ Baudrate 38400 opened.
2017-08-09 15:16:05.2380 #     INFO # Target device set to remote
2017-08-09 15:16:05.5812 #  WARNING # ERR ::: Device replied with NAK (0x15).
2017-08-09 15:16:05.5812 #  WARNING # Error received or instruction timed out after 2000 ms, this was the 1. try
2017-08-09 15:16:06.0960 #  WARNING # ERR ::: Device replied with NAK (0x15).
2017-08-09 15:16:06.0960 #  WARNING # Error received or instruction timed out after 2000 ms, this was the 2. try
2017-08-09 15:16:07.1568 #  WARNING # ERR ::: Device replied with NAK (0x15).
2017-08-09 15:16:07.1568 #  WARNING # Error received or instruction timed out after 2000 ms, this was the 1. try
2017-08-09 15:16:07.6404 #     INFO # Device configuration read
2017-08-09 15:16:08.0148 #     INFO # Station time received, round trip time was 156 ms.
2017-08-09 15:16:08.0304 #     INFO # Target device set to direct
2017-08-09 15:16:17.6089 #     INFO # Application settings saved to file.
2017-08-09 15:16:17.7025 #     INFO # Device COM45 (SPORTident BS series 7/8 #78891 @ USB) @ Baudrate 38400 opened.
2017-08-09 15:16:17.7181 #     INFO # Target device set to remote
2017-08-09 15:16:18.5137 #  WARNING # ERR ::: Device replied with NAK (0x15).
2017-08-09 15:16:18.5137 #  WARNING # Error received or instruction timed out after 2000 ms, this was the 1. try
2017-08-09 15:16:19.2001 #     INFO # Device configuration read
2017-08-09 15:16:19.4341 #     INFO # Station time received, round trip time was 140 ms.
2017-08-09 15:16:19.4497 #     INFO # Target device set to direct
2017-08-09 15:20:55.1801 #     INFO # Application settings saved to file.
2017-08-09 15:20:55.2893 #     INFO # Device COM45 (SPORTident BS series 7/8 #78891 @ USB) @ Baudrate 38400 opened.
2017-08-09 15:20:55.3049 #     INFO # Target device set to remote
2017-08-09 15:20:55.6481 #  WARNING # ERR ::: Device replied with NAK (0x15).
2017-08-09 15:20:55.6481 #  WARNING # Error received or instruction timed out after 2000 ms, this was the 1. try
2017-08-09 15:20:56.1629 #  WARNING # ERR ::: Device replied with NAK (0x15).
2017-08-09 15:20:56.1629 #  WARNING # Error received or instruction timed out after 2000 ms, this was the 2. try
2017-08-09 15:20:56.6777 #  WARNING # ERR ::: Device replied with NAK (0x15).
2017-08-09 15:20:56.6777 #  WARNING # Error received or instruction timed out after 2000 ms, this was the 3. try
2017-08-09 15:20:57.1925 #  WARNING # ERR ::: Device replied with NAK (0x15).
2017-08-09 15:20:57.1925 #  WARNING # Error received or instruction timed out after 2000 ms, this was the 4. try
2017-08-09 15:20:57.7073 #  WARNING # ERR ::: Device replied with NAK (0x15).
2017-08-09 15:20:57.7073 #  WARNING # Error received or instruction timed out after 2000 ms, this was the 5. try
2017-08-09 15:20:58.2221 #  WARNING # ERR ::: Device replied with NAK (0x15).
2017-08-09 15:20:58.2221 #  WARNING # Error received or instruction timed out after 2000 ms, this was the 6. try
2017-08-09 15:20:58.7370 #  WARNING # ERR ::: Device replied with NAK (0x15).
2017-08-09 15:20:58.7370 #  WARNING # Error received or instruction timed out after 2000 ms, this was the 7. try
2017-08-09 15:20:59.2518 #  WARNING # ERR ::: Device replied with NAK (0x15).
2017-08-09 15:20:59.2518 #  WARNING # Error received or instruction timed out after 2000 ms, this was the 8. try
2017-08-09 15:20:59.7666 #  WARNING # ERR ::: Device replied with NAK (0x15).
2017-08-09 15:20:59.7666 #  WARNING # Error received or instruction timed out after 2000 ms, this was the 9. try
2017-08-09 15:21:00.2814 #  WARNING # ERR ::: Device replied with NAK (0x15).
2017-08-09 15:21:00.2970 #   SEVERE # Communication failed after 10 tries. Sorry, I'm giving up for instruction 'SetSystemData'
2017-08-09 15:21:20.6238 #     INFO # Application settings saved to file.
2017-08-09 15:21:20.7486 #     INFO # Device COM45 (SPORTident BS series 7/8 #78891 @ USB) @ Baudrate 38400 opened.
2017-08-09 15:21:20.7486 #     INFO # Target device set to remote
2017-08-09 15:21:21.0918 #  WARNING # ERR ::: Device replied with NAK (0x15).
2017-08-09 15:21:21.0918 #  WARNING # Error received or instruction timed out after 2000 ms, this was the 1. try
2017-08-09 15:21:21.8562 #     INFO # Device configuration written, checking...
2017-08-09 15:21:22.2462 #     INFO # Station time received, round trip time was 265 ms.
2017-08-09 15:21:23.0106 #     INFO # Station time set.
2017-08-09 15:21:23.1042 #     INFO # Station backup memory erased.
2017-08-09 15:21:23.2134 #     INFO # Station switched to standby mode.
2017-08-09 15:21:23.2446 #     INFO # Target device set to direct
2017-08-09 15:21:32.3706 #     INFO # Application settings saved to file.
2017-08-09 15:21:32.4486 #     INFO # Device COM45 (SPORTident BS series 7/8 #78891 @ USB) @ Baudrate 38400 opened.
2017-08-09 15:21:32.4642 #     INFO # Target device set to remote
2017-08-09 15:21:32.7138 #  WARNING # ERR ::: Device replied with NAK (0x15).
2017-08-09 15:21:32.7138 #  WARNING # Error received or instruction timed out after 2000 ms, this was the 1. try
2017-08-09 15:21:33.1350 #  WARNING # ERR ::: Device replied with NAK (0x15).
2017-08-09 15:21:33.1350 #  WARNING # Error received or instruction timed out after 2000 ms, this was the 2. try
2017-08-09 15:21:33.8838 #     INFO # Device configuration written, checking...
2017-08-09 15:21:34.1178 #     INFO # Station time received, round trip time was 140 ms.
2017-08-09 15:21:35.0226 #     INFO # Station time set.
2017-08-09 15:21:35.1006 #     INFO # Station backup memory erased.
2017-08-09 15:21:35.1942 #     INFO # Station switched to standby mode.
2017-08-09 15:21:35.2098 #     INFO # Target device set to direct
2017-08-09 15:21:46.5510 #     INFO # Application settings saved to file.
2017-08-09 15:21:46.6602 #     INFO # Device COM45 (SPORTident BS series 7/8 #78891 @ USB) @ Baudrate 38400 opened.
2017-08-09 15:21:46.6758 #     INFO # Target device set to remote
2017-08-09 15:21:47.2062 #     INFO # Device configuration written, checking...
2017-08-09 15:21:47.4246 #     INFO # Station time received, round trip time was 124 ms.
2017-08-09 15:21:48.0330 #     INFO # Station time set.
2017-08-09 15:21:48.1110 #     INFO # Station backup memory erased.
2017-08-09 15:21:48.2514 #     INFO # Station switched to standby mode.
2017-08-09 15:21:48.2670 #     INFO # Target device set to direct
2017-08-09 15:22:00.2323 #     INFO # Application settings saved to file.
2017-08-09 15:22:00.3259 #     INFO # Device COM45 (SPORTident BS series 7/8 #78891 @ USB) @ Baudrate 38400 opened.
2017-08-09 15:22:00.3571 #     INFO # Target device set to remote
2017-08-09 15:22:00.9031 #     INFO # Device configuration written, checking...
2017-08-09 15:22:01.1215 #     INFO # Station time received, round trip time was 140 ms.
2017-08-09 15:22:02.0263 #     INFO # Station time set.
2017-08-09 15:22:02.1043 #     INFO # Station backup memory erased.
2017-08-09 15:22:02.2447 #     INFO # Station switched to standby mode.
2017-08-09 15:22:02.2759 #     INFO # Target device set to direct
2017-08-09 15:22:10.9651 #     INFO # Application settings saved to file.
2017-08-09 15:22:11.0587 #     INFO # Device COM45 (SPORTident BS series 7/8 #78891 @ USB) @ Baudrate 38400 opened.
2017-08-09 15:22:11.0743 #     INFO # Target device set to remote
2017-08-09 15:22:11.6671 #     INFO # Device configuration written, checking...
2017-08-09 15:22:11.8855 #     INFO # Station time received, round trip time was 140 ms.
2017-08-09 15:22:12.0415 #     INFO # Station time set.
2017-08-09 15:22:12.1195 #     INFO # Station backup memory erased.
2017-08-09 15:22:12.2599 #     INFO # Station switched to standby mode.
2017-08-09 15:22:12.2911 #     INFO # Target device set to direct
2017-08-09 15:22:27.0019 #     INFO # Application settings saved to file.
2017-08-09 15:22:27.0955 #     INFO # Device COM45 (SPORTident BS series 7/8 #78891 @ USB) @ Baudrate 38400 opened.
2017-08-09 15:22:27.1111 #     INFO # Target device set to remote
2017-08-09 15:22:27.7039 #     INFO # Device configuration written, checking...
2017-08-09 15:22:27.9223 #     INFO # Station time received, round trip time was 124 ms.
2017-08-09 15:22:28.0783 #     INFO # Station time set.
2017-08-09 15:22:28.1563 #     INFO # Station backup memory erased.
2017-08-09 15:22:28.2499 #     INFO # Station switched to standby mode.
2017-08-09 15:22:28.2655 #     INFO # Target device set to direct
2017-08-09 15:22:39.1855 #     INFO # Application settings saved to file.
2017-08-09 15:22:39.2947 #     INFO # Device COM45 (SPORTident BS series 7/8 #78891 @ USB) @ Baudrate 38400 opened.
2017-08-09 15:22:39.3727 #     INFO # Target device set to remote
2017-08-09 15:22:39.9031 #     INFO # Device configuration written, checking...
2017-08-09 15:22:40.1215 #     INFO # Station time received, round trip time was 124 ms.
2017-08-09 15:22:41.0575 #     INFO # Station time set.
2017-08-09 15:22:41.1355 #     INFO # Station backup memory erased.
2017-08-09 15:22:41.2291 #     INFO # Station switched to standby mode.
2017-08-09 15:22:41.2447 #     INFO # Target device set to direct
2017-08-09 15:22:48.9043 #     INFO # Application settings saved to file.
2017-08-09 15:22:48.9979 #     INFO # Device COM45 (SPORTident BS series 7/8 #78891 @ USB) @ Baudrate 38400 opened.
2017-08-09 15:22:49.0447 #     INFO # Target device set to remote
2017-08-09 15:22:49.5751 #     INFO # Device configuration written, checking...
2017-08-09 15:22:49.8091 #     INFO # Station time received, round trip time was 124 ms.
2017-08-09 15:22:50.0275 #     INFO # Station time set.
2017-08-09 15:22:50.1211 #     INFO # Station backup memory erased.
2017-08-09 15:22:50.2303 #     INFO # Station switched to standby mode.
2017-08-09 15:22:50.2459 #     INFO # Target device set to direct
2017-08-09 15:23:42.3812 #     INFO # Application settings saved to file.
2017-08-09 15:23:42.4748 #     INFO # Device COM45 (SPORTident BS series 7/8 #78891 @ USB) @ Baudrate 38400 opened.
2017-08-09 15:23:42.5216 #     INFO # Target device set to direct
2017-08-09 15:23:42.6776 #     INFO # Device configuration read
2017-08-09 15:23:42.8024 #     INFO # Station time received, round trip time was 62 ms.
2017-08-09 15:23:43.1456 #     INFO # Application settings saved to file.
2017-08-09 15:23:43.2392 #     INFO # Device COM45 (SPORTident BS series 7/8 #78891 @ USB) @ Baudrate 38400 opened.
