09:53:15.51 * F0 03
09:53:15.56 * 83 04
09:53:15.78 * 83 83
10:22:05.98   [ IN : 332742 ===> 4 ]   1 (1)
10:22:06.94   [ RO : 332742 ===> 4 ]   1 (1)
10:22:47.95   [ IN : 2082429 ===> 4 ]   2 (2)
10:22:48.34   [ RO : 2082429 ===> 4 ]   2 (2)
10:24:01.53   [ IN : 2096196 ===> 2 ]   3 (1)
10:24:01.95   [ RO : 2096196 ===> 2 ]   3 (1)
10:24:50.41   [ IN : 2109005 ===> 4 ]   4 (3)
10:24:50.77   [ RO : 2109005 ===> 4 ]   4 (3)
10:24:59.70   [ IN : 2109004 ===> 4 ]   5 (4)
10:25:00.06   [ RO : 2109004 ===> 4 ]   5 (4)
10:25:34.54   [ IN : 2096196 ===> 4 ]   3 (5)
10:25:34.93   [ RO : 2096196 ===> 4 ]   3 (5)
10:25:42.36   [ IN : 2096196 ===> 4 ]   3 (5)
10:25:57.46   [ IN : 2082404 ===> 4 ]   6 (6)
10:25:57.81   [ RO : 2082404 ===> 4 ]   6 (6)
10:26:03.20   [ IN : 2082411 ===> 4 ]   7 (7)
10:26:03.54   [ RO : 2082411 ===> 4 ]   7 (7)
10:26:08.33   [ IN : 2056107 ===> 4 ]   8 (8)
10:26:08.67   [ RO : 2056107 ===> 4 ]   8 (8)
10:26:14.13   [ IN : 1416914 ===> 4 ]   9 (9)
10:26:14.48   [ RO : 1416914 ===> 4 ]   9 (9)
10:27:37.56   [ IN : 888357 ===> 2 ]   10 (2)
10:27:38.14   [ RO : 4458507 ===> 2 ]   10 (2)
10:27:55.75   [ IN : 505264 ===> 2 ]   11 (3)
10:27:56.33   [ RO : 15599625 ===> 2 ]   11 (3)
10:28:33.88   [ IN : 45417 ===> 2 ]   12 (4)
10:28:34.95   [ RO : 145417 ===> 2 ]   12 (4)
10:28:45.11   [ IN : 2056192 ===> 2 ]   13 (5)
10:28:45.52   [ RO : 2056192 ===> 2 ]   13 (5)
10:29:55.61   [ IN : 8636767 ===> 4 ]   14 (10)
10:29:56.01   [ RO : 8636767 ===> 4 ]   14 (10)
10:30:15.95   [ IN : 2056128 ===> 2 ]   15 (6)
10:30:16.15   [ RO : 2056128 ===> 2 ]   15 (6)
10:30:53.64   [ IN : 2116212 ===> 2 ]   16 (7)
10:30:53.84   [ RO : 2116212 ===> 2 ]   16 (7)
10:30:56.59   [ IN : 2116212 ===> 2 ]   16 (7)
10:30:57.02   [ RO : 2116212 ===> 2 ]   16 (7)
10:31:03.42   [ IN : 2082398 ===> 2 ]   17 (8)
10:31:03.62   [ RO : 2082398 ===> 2 ]   17 (8)
10:31:42.67   [ IN : 942 ===> 2 ]   18 (9)
10:31:43.71   [ RO : 100942 ===> 2 ]   18 (9)
10:32:06.35   [ IN : 2073651 ===> 4 ]   19 (11)
10:32:06.76   [ RO : 2073651 ===> 4 ]   19 (11)
10:32:13.32   [ IN : 2052334 ===> 4 ]   20 (12)
10:32:13.68   [ RO : 2052334 ===> 4 ]   20 (12)
10:32:17.96   [ IN : 2096151 ===> 4 ]   21 (13)
10:32:18.35   [ RO : 2096151 ===> 4 ]   21 (13)
10:32:23.32   [ IN : 2079341 ===> 4 ]   22 (14)
10:32:23.73   [ RO : 2079341 ===> 4 ]   22 (14)
10:32:32.56   [ IN : 2015820 ===> 2 ]   23 (10)
10:32:32.98   [ RO : 2015820 ===> 2 ]   23 (10)
10:32:44.37   [ IN : 4461 ===> 2 ]   24 (11)
10:32:45.44   [ RO : 104461 ===> 2 ]   24 (11)
10:33:09.98   [ IN : 8111114 ===> 4 ]   25 (15)
10:33:10.87   [ RO : 8111114 ===> 4 ]   25 (15)
10:33:16.47 * F0 03
10:33:16.50 * 83 04
10:33:16.72 * 83 83
10:33:16.91 * F0 03
10:33:16.94 * 83 04
10:33:17.16 * 83 83
10:33:22.06   [ IN : 8111114 ===> 4 ]   25 (15)
10:33:22.48   [ RO : 8111114 ===> 4 ]   25 (15)
10:33:26.64   [ IN : 1406123 ===> 2 ]   26 (12)
10:33:26.85   [ RO : 1406123 ===> 2 ]   26 (12)
10:33:30.03   [ IN : 2056141 ===> 4 ]   27 (16)
10:33:30.37   [ RO : 2056141 ===> 4 ]   27 (16)
10:33:44.65   [ IN : 2003101 ===> 2 ]   28 (13)
10:33:44.86   [ RO : 2003101 ===> 2 ]   28 (13)
10:33:54.66   [ IN : 2069572 ===> 2 ]   29 (14)
10:33:55.07   [ RO : 2069572 ===> 2 ]   29 (14)
10:34:00.93   [ IN : 2096187 ===> 2 ]   30 (15)
10:34:01.13   [ RO : 2096187 ===> 2 ]   30 (15)
10:34:01.23   [ IN : 7209653 ===> 4 ]   31 (17)
10:34:01.65   [ RO : 7209653 ===> 4 ]   31 (17)
10:34:42.97   [ IN : 233652 ===> 4 ]   32 (18)
10:34:43.96   [ RO : 233652 ===> 4 ]   32 (18)
10:34:48.84   [ IN : 2087807 ===> 4 ]   33 (19)
10:34:49.20   [ RO : 2087807 ===> 4 ]   33 (19)
10:36:14.52   [ IN : 2056196 ===> 4 ]   34 (20)
10:36:14.87   [ RO : 2056196 ===> 4 ]   34 (20)
10:36:22.33   [ IN : 8637649 ===> 4 ]   35 (21)
10:36:22.80   [ RO : 8637649 ===> 4 ]   35 (21)
10:36:25.81   [ IN : 4612983 ===> 2 ]   36 (16)
10:36:26.25   [ RO : 4612983 ===> 2 ]   36 (16)
10:36:27.99 * F0 03
10:36:28.02 * 83 04
10:36:28.24 * 83 83
10:36:28.43 * F0 03
10:36:28.46 * 83 04
10:36:28.68 * 83 83
10:36:30.18   [ IN : 8637649 ===> 4 ]   35 (21)
10:36:30.58   [ RO : 8637649 ===> 4 ]   35 (21)
10:36:37.46   [ IN : 7170974 ===> 4 ]   37 (22)
10:36:37.87   [ RO : 7170974 ===> 4 ]   37 (22)
10:36:39.96   [ IN : 4612983 ===> 2 ]   36 (16)
10:36:40.36   [ RO : 4612983 ===> 2 ]   36 (16)
10:36:45.15   [ IN : 4612983 ===> 2 ]   36 (16)
10:36:45.59   [ RO : 4612983 ===> 2 ]   36 (16)
10:36:50.49   [ IN : 2066466 ===> 4 ]   38 (23)
10:36:50.85   [ RO : 2066466 ===> 4 ]   38 (23)
10:36:56.65   [ IN : 2088245 ===> 2 ]   39 (17)
10:36:57.06   [ RO : 2088245 ===> 2 ]   39 (17)
10:37:04.78   [ IN : 2022187 ===> 2 ]   40 (18)
10:37:05.18   [ RO : 2022187 ===> 2 ]   40 (18)
10:37:15.04   [ IN : 8631454 ===> 4 ]   41 (24)
10:37:15.06   [ IN : 2088245 ===> 2 ]   39 (17)
10:37:15.28   [ RO : 2088245 ===> 2 ]   39 (17)
10:37:15.48   [ RO : 8631454 ===> 4 ]   41 (24)
10:37:20.69   [ IN : 4612983 ===> 4 ]   36 (25)
10:37:21.08   [ RO : 4612983 ===> 4 ]   36 (25)
10:37:31.28   [ IN : 4612983 ===> 4 ]   36 (25)
10:37:33.76 * F0 03
10:37:33.79 * 83 04
10:37:34.01 * 83 83
10:37:34.20 * F0 03
10:37:34.23 * 83 04
10:37:34.43 * 83 83
10:37:35.51   [ IN : 2082426 ===> 4 ]   42 (26)
10:37:35.85   [ RO : 2082426 ===> 4 ]   42 (26)
10:37:59.10   [ IN : 7277 ===> 2 ]   43 (19)
10:38:00.13   [ RO : 107277 ===> 2 ]   43 (19)
10:38:15.63   [ IN : 8444222 ===> 2 ]   44 (20)
10:38:16.10   [ RO : 8444222 ===> 2 ]   44 (20)
10:38:24.07   [ IN : 45972 ===> 2 ]   45 (21)
10:38:25.10   [ RO : 145972 ===> 2 ]   45 (21)
10:38:29.60   [ IN : 8090789 ===> 2 ]   46 (22)
10:38:30.03   [ RO : 8090789 ===> 2 ]   46 (22)
10:38:31.30   [ IN : 2022189 ===> 4 ]   47 (27)
10:38:31.65   [ RO : 2022189 ===> 4 ]   47 (27)
10:38:38.63   [ IN : 8200196 ===> 4 ]   48 (28)
10:38:39.10   [ RO : 8200196 ===> 4 ]   48 (28)
10:38:44.29 * F0 03
10:38:44.32 * 83 04
10:38:44.53 * 83 83
10:38:44.73 * F0 03
10:38:44.76 * 83 04
10:38:44.98 * 83 83
10:38:46.51   [ IN : 8200196 ===> 4 ]   48 (28)
10:38:46.93   [ RO : 8200196 ===> 4 ]   48 (28)
10:38:48.97   [ IN : 45268 ===> 2 ]   49 (23)
10:38:50.02   [ RO : 145268 ===> 2 ]   49 (23)
10:38:57.43   [ IN : 2083170 ===> 4 ]   50 (29)
10:38:57.82   [ RO : 2083170 ===> 4 ]   50 (29)
10:38:58.07   [ IN : 233572 ===> 2 ]   51 (24)
10:38:59.14   [ RO : 233572 ===> 2 ]   51 (24)
10:39:15.77   [ IN : 46082 ===> 2 ]   52 (25)
10:39:16.80   [ RO : 146082 ===> 2 ]   52 (25)
10:39:20.59   [ IN : 505263 ===> 2 ]   53 (26)
10:39:21.19   [ RO : 15599625 ===> 2 ]   11 (3)
10:39:24.91   [ IN : 2052344 ===> 4 ]   54 (30)
10:39:25.26   [ RO : 2052344 ===> 4 ]   53 (30)
10:39:29.13   [ IN : 363425 ===> 2 ]   55 (27)
10:39:30.16   [ RO : 363425 ===> 2 ]   54 (26)
10:39:35.07   [ IN : 2056161 ===> 2 ]   56 (28)
10:39:35.27   [ RO : 2056161 ===> 2 ]   55 (27)
10:39:41.34   [ IN : 2088287 ===> 4 ]   57 (31)
10:39:41.70   [ RO : 2088287 ===> 4 ]   56 (31)
10:40:12.21   [ IN : 45462 ===> 2 ]   58 (29)
10:40:12.88   [ IN : 2116204 ===> 4 ]   59 (32)
10:40:13.24   [ RO : 145462 ===> 2 ]   57 (28)
10:40:13.24   [ RO : 2116204 ===> 4 ]   58 (32)
10:40:21.10   [ IN : 9090498 ===> 2 ]   60 (30)
10:40:21.53   [ RO : 9090498 ===> 2 ]   59 (29)
10:40:29.29   [ IN : 9090498 ===> 2 ]   60 (30)
10:41:32.03   [ IN : 2056138 ===> 2 ]   61 (31)
10:41:32.23   [ RO : 2056138 ===> 2 ]   60 (30)
10:41:42.37   [ IN : 4612975 ===> 2 ]   62 (32)
10:41:42.82   [ RO : 4612975 ===> 2 ]   61 (31)
10:41:47.50   [ IN : 505300 ===> 2 ]   63 (33)
10:41:48.06   [ RO : 15599625 ===> 2 ]   11 (3)
10:41:54.52   [ IN : 2116234 ===> 2 ]   64 (34)
10:41:54.73   [ RO : 2116234 ===> 2 ]   62 (32)
10:41:59.81   [ IN : 45162 ===> 2 ]   65 (35)
10:42:00.87   [ RO : 145162 ===> 2 ]   63 (33)
10:42:06.22   [ IN : 505297 ===> 2 ]   66 (36)
10:42:06.80   [ RO : 15599625 ===> 2 ]   11 (3)
10:42:12.26   [ IN : 2052329 ===> 2 ]   67 (37)
10:42:12.71   [ RO : 2052329 ===> 2 ]   64 (34)
10:42:15.47   [ IN : 2052329 ===> 2 ]   67 (37)
10:42:16.30 * F0 03
10:42:16.30 * 83 04
10:42:16.50 * 83 83
10:42:55.72   [ IN : 443156 ===> 2 ]   68 (38)
10:42:56.75   [ RO : 443156 ===> 2 ]   65 (35)
10:43:01.96   [ IN : 2066452 ===> 2 ]   69 (39)
10:43:02.38   [ RO : 2066452 ===> 2 ]   66 (36)
10:43:12.35   [ IN : 8300402 ===> 2 ]   70 (40)
10:43:12.82   [ RO : 8300402 ===> 2 ]   67 (37)
10:43:38.87   [ IN : 2066468 ===> 2 ]   71 (41)
10:43:39.07   [ RO : 2066468 ===> 2 ]   68 (38)
10:43:45.95   [ IN : 45551 ===> 2 ]   72 (42)
10:43:46.98   [ RO : 145551 ===> 2 ]   69 (39)
10:43:59.98   [ IN : 2116247 ===> 2 ]   73 (43)
10:44:00.38   [ RO : 2116247 ===> 2 ]   70 (40)
10:44:02.99   [ IN : 2116247 ===> 2 ]   73 (43)
10:44:06.17 * F0 03
10:44:06.37 * 83 04
10:44:06.59 * 83 83
10:44:06.80 * F0 03
10:44:06.80 * 83 04
10:44:07.00 * 83 83
10:44:08.67   [ IN : 2021548 ===> 2 ]   74 (44)
10:44:08.87   [ RO : 2021548 ===> 2 ]   71 (41)
10:44:17.54   [ IN : 2056115 ===> 2 ]   75 (45)
10:44:17.95   [ RO : 2056115 ===> 2 ]   72 (42)
10:44:24.19   [ IN : 4616787 ===> 2 ]   76 (46)
10:44:24.60   [ RO : 4616787 ===> 2 ]   73 (43)
10:44:29.12   [ IN : 502368 ===> 2 ]   77 (47)
10:44:29.70   [ RO : 15599625 ===> 2 ]   11 (3)
10:44:37.31   [ IN : 337886 ===> 2 ]   78 (48)
10:44:38.29   [ RO : 337886 ===> 2 ]   74 (44)
10:44:48.20   [ IN : 2066467 ===> 2 ]   79 (49)
10:44:48.49   [ RO : 2066467 ===> 2 ]   75 (45)
10:45:02.80   [ IN : 337823 ===> 2 ]   80 (50)
10:45:03.83   [ RO : 337823 ===> 2 ]   76 (46)
10:45:10.38   [ IN : 2056112 ===> 2 ]   81 (51)
10:45:10.79   [ RO : 2056112 ===> 2 ]   77 (47)
10:45:14.59   [ IN : 2056112 ===> 2 ]   81 (51)
10:45:14.80   [ RO : 2056112 ===> 2 ]   77 (47)
10:45:15.50 * F0 03
10:45:15.70 * 83 04
10:45:15.90 * 83 83
10:45:21.33   [ IN : 888336 ===> 2 ]   82 (52)
10:45:21.89   [ RO : 15599626 ===> 2 ]   78 (48)
10:45:29.80   [ IN : 7102 ===> 2 ]   83 (53)
10:45:30.83   [ RO : 107102 ===> 2 ]   79 (49)
10:45:35.79   [ IN : 7618939 ===> 2 ]   84 (54)
10:45:36.28   [ RO : 7618939 ===> 2 ]   80 (50)
10:45:46.92   [ IN : 222965 ===> 2 ]   85 (55)
10:45:47.95   [ RO : 222965 ===> 2 ]   81 (51)
10:45:50.96   [ IN : 45543 ===> 2 ]   86 (56)
10:45:52.14 * F0 03
10:45:52.14 * 83 04
10:45:52.35 * 83 83
10:45:52.55   [ IN : 45543 ===> 2 ]   86 (56)
10:45:53.69   [ RO : 145543 ===> 2 ]   82 (52)
10:45:59.44   [ IN : 2087763 ===> 2 ]   87 (57)
10:45:59.65   [ RO : 2087763 ===> 2 ]   83 (53)
10:46:05.26   [ IN : 1060406 ===> 2 ]   88 (58)
10:46:05.46   [ RO : 1060406 ===> 2 ]   84 (54)
10:46:11.14   [ IN : 889143 ===> 2 ]   89 (59)
10:46:11.72   [ RO : 15599625 ===> 2 ]   11 (3)
10:46:17.29   [ IN : 1255612 ===> 2 ]   90 (60)
10:46:17.49   [ RO : 1255612 ===> 2 ]   85 (55)
10:46:22.58   [ IN : 2056136 ===> 2 ]   91 (61)
10:46:22.78   [ RO : 2056136 ===> 2 ]   86 (56)
10:46:41.56   [ IN : 9140193 ===> 2 ]   92 (62)
10:46:42.00   [ RO : 9140193 ===> 2 ]   87 (57)
10:46:48.01   [ IN : 8031221 ===> 2 ]   93 (63)
10:46:48.44   [ RO : 8031221 ===> 2 ]   88 (58)
10:46:55.03   [ IN : 2082395 ===> 2 ]   94 (64)
10:46:55.43   [ RO : 2082395 ===> 2 ]   89 (59)
10:47:00.33   [ IN : 2043928 ===> 2 ]   95 (65)
10:47:00.74   [ RO : 2043928 ===> 2 ]   90 (60)
10:47:07.43   [ IN : 8041187 ===> 2 ]   96 (66)
10:47:07.97   [ RO : 8041187 ===> 2 ]   91 (61)
10:47:21.08   [ IN : 2056134 ===> 2 ]   97 (67)
10:47:21.28   [ RO : 2056134 ===> 2 ]   92 (62)
10:47:37.19   [ IN : 505262 ===> 2 ]   98 (68)
10:47:37.75   [ RO : 15599625 ===> 2 ]   11 (3)
10:47:43.62   [ IN : 505261 ===> 2 ]   99 (69)
10:47:44.20   [ RO : 15599625 ===> 2 ]   11 (3)
10:47:50.73   [ IN : 45487 ===> 2 ]   100 (70)
10:47:51.76   [ RO : 145487 ===> 2 ]   93 (63)
10:47:56.85   [ IN : 2116214 ===> 2 ]   101 (71)
10:47:57.25   [ RO : 2116214 ===> 2 ]   94 (64)
10:48:02.61   [ IN : 2003106 ===> 2 ]   102 (72)
10:48:02.82   [ RO : 2003106 ===> 2 ]   95 (65)
10:48:22.84   [ IN : 2088247 ===> 2 ]   103 (73)
10:48:23.24   [ RO : 2088247 ===> 2 ]   96 (66)
10:48:28.74   [ IN : 1396213 ===> 2 ]   104 (74)
10:48:29.17   [ RO : 1396213 ===> 2 ]   97 (67)
10:49:02.43   [ IN : 2032068 ===> 2 ]   105 (75)
10:49:02.63   [ RO : 2032068 ===> 2 ]   98 (68)
10:49:06.08   [ IN : 307582 ===> 2 ]   106 (76)
10:49:07.06   [ RO : 307582 ===> 2 ]   99 (69)
10:49:37.47   [ IN : 411976 ===> 2 ]   107 (77)
10:49:38.47   [ RO : 411976 ===> 2 ]   100 (70)
10:49:45.46   [ IN : 7990601 ===> 2 ]   108 (78)
10:49:45.89   [ RO : 7990601 ===> 2 ]   101 (71)
10:49:54.72   [ IN : 416655 ===> 2 ]   109 (79)
10:49:55.75   [ RO : 416655 ===> 2 ]   102 (72)
10:50:01.35   [ IN : 9122399 ===> 2 ]   110 (80)
10:50:01.82   [ RO : 9122399 ===> 2 ]   103 (73)
10:50:08.42   [ IN : 45975 ===> 2 ]   111 (81)
10:50:09.47   [ RO : 145975 ===> 2 ]   104 (74)
10:50:16.83   [ IN : 2072250 ===> 2 ]   112 (82)
10:50:17.23   [ RO : 2072250 ===> 2 ]   105 (75)
10:50:38.61   [ IN : 2082361 ===> 2 ]   113 (83)
10:50:39.03   [ RO : 2082361 ===> 2 ]   106 (76)
10:50:47.78   [ IN : 442838 ===> 2 ]   114 (84)
10:50:48.82   [ RO : 442838 ===> 2 ]   107 (77)
10:50:56.69   [ IN : 2069579 ===> 2 ]   115 (85)
10:50:57.12   [ RO : 2069579 ===> 2 ]   108 (78)
10:51:22.25   [ IN : 2072283 ===> 2 ]   116 (86)
10:51:22.47   [ RO : 2072283 ===> 2 ]   109 (79)
10:51:41.02   [ IN : 427671 ===> 2 ]   117 (87)
10:51:42.05   [ RO : 427671 ===> 2 ]   110 (80)
10:51:46.98   [ IN : 2098003 ===> 2 ]   118 (88)
10:51:47.43   [ RO : 2098003 ===> 2 ]   111 (81)
10:51:55.12   [ IN : 8638563 ===> 2 ]   119 (89)
10:51:55.56   [ RO : 8638563 ===> 2 ]   112 (82)
10:52:02.57   [ IN : 2062998 ===> 2 ]   120 (90)
10:52:02.78   [ RO : 2062998 ===> 2 ]   113 (83)
10:52:33.98   [ IN : 1396266 ===> 2 ]   121 (91)
10:52:34.40   [ RO : 1396266 ===> 2 ]   114 (84)
10:52:41.58   [ IN : 448968 ===> 2 ]   122 (92)
10:52:42.56   [ RO : 448968 ===> 2 ]   115 (85)
10:52:55.53   [ IN : 2056178 ===> 2 ]   123 (93)
10:52:55.93   [ RO : 2056178 ===> 2 ]   116 (86)
10:53:01.94   [ IN : 2056176 ===> 2 ]   124 (94)
10:53:02.14   [ RO : 2056176 ===> 2 ]   117 (87)
10:53:08.10   [ IN : 2096177 ===> 2 ]   125 (95)
10:53:08.54   [ RO : 2096177 ===> 2 ]   118 (88)
10:53:36.88   [ IN : 45916 ===> 2 ]   126 (96)
10:53:37.93   [ RO : 145916 ===> 2 ]   119 (89)
10:53:40.88   [ IN : 416638 ===> 2 ]   127 (97)
10:53:41.91   [ RO : 416638 ===> 2 ]   120 (90)
10:53:48.29   [ IN : 9041470 ===> 2 ]   128 (98)
10:53:48.83   [ RO : 9041470 ===> 2 ]   121 (91)
10:54:01.00   [ IN : 46100 ===> 2 ]   129 (99)
10:54:02.03   [ RO : 146100 ===> 2 ]   122 (92)
10:54:12.51   [ IN : 2096190 ===> 2 ]   130 (100)
10:54:12.92   [ RO : 2096190 ===> 2 ]   123 (93)
10:54:19.86   [ IN : 964 ===> 2 ]   131 (101)
10:54:20.91   [ RO : 100964 ===> 2 ]   124 (94)
10:54:27.33   [ IN : 45489 ===> 2 ]   132 (102)
10:54:28.36   [ RO : 145489 ===> 2 ]   125 (95)
10:54:34.18   [ IN : 4473 ===> 2 ]   133 (103)
10:54:35.21   [ RO : 104473 ===> 2 ]   126 (96)
10:54:39.91   [ IN : 2082406 ===> 2 ]   134 (104)
10:54:40.31   [ RO : 2082406 ===> 2 ]   127 (97)
10:54:52.06   [ IN : 2072285 ===> 2 ]   135 (105)
10:54:52.50   [ RO : 2072285 ===> 2 ]   128 (98)
10:55:07.82   [ IN : 7207212 ===> 2 ]   136 (106)
10:55:08.25   [ RO : 7207212 ===> 2 ]   129 (99)
10:55:12.43   [ IN : 1396175 ===> 2 ]   137 (107)
10:55:12.64   [ RO : 1396175 ===> 2 ]   130 (100)
10:55:19.92   [ IN : 45595 ===> 2 ]   138 (108)
10:55:20.95   [ RO : 145595 ===> 2 ]   131 (101)
10:55:26.58   [ IN : 2052306 ===> 2 ]   139 (109)
10:55:27.02   [ RO : 2052306 ===> 2 ]   132 (102)
10:55:32.04   [ IN : 2062996 ===> 2 ]   140 (110)
10:55:32.45   [ RO : 2062996 ===> 2 ]   133 (103)
10:55:36.27   [ IN : 363429 ===> 2 ]   141 (111)
10:55:37.27   [ RO : 363429 ===> 2 ]   134 (104)
10:55:41.70   [ IN : 363480 ===> 2 ]   142 (112)
10:55:42.70   [ RO : 363480 ===> 2 ]   135 (105)
10:55:47.03   [ IN : 7210007 ===> 2 ]   143 (113)
10:55:47.46   [ RO : 7210007 ===> 2 ]   136 (106)
10:55:52.96   [ IN : 307578 ===> 2 ]   144 (114)
10:55:54.01   [ RO : 307578 ===> 2 ]   137 (107)
10:55:59.84   [ IN : 347867 ===> 2 ]   145 (115)
10:56:00.90   [ RO : 347867 ===> 2 ]   138 (108)
10:56:36.81   [ IN : 2072214 ===> 2 ]   146 (116)
10:56:37.02   [ RO : 2072214 ===> 2 ]   139 (109)
10:56:45.27   [ IN : 1396275 ===> 2 ]   147 (117)
10:56:45.71   [ RO : 1396275 ===> 2 ]   140 (110)
10:56:52.79   [ IN : 505265 ===> 2 ]   148 (118)
10:56:53.35   [ RO : 15599625 ===> 2 ]   11 (3)
10:57:00.04   [ IN : 2003117 ===> 2 ]   149 (119)
10:57:00.24   [ RO : 2003117 ===> 2 ]   141 (111)
10:57:12.79   [ IN : 1031211 ===> 2 ]   150 (120)
10:57:13.01   [ RO : 1031211 ===> 2 ]   142 (112)
10:57:19.45   [ IN : 2014982 ===> 2 ]   151 (121)
10:57:19.85   [ RO : 2014982 ===> 2 ]   143 (113)
10:57:30.51   [ IN : 45157 ===> 2 ]   152 (122)
10:57:31.59   [ RO : 145157 ===> 2 ]   144 (114)
10:57:53.52   [ IN : 1396105 ===> 2 ]   153 (123)
10:57:53.96   [ RO : 1396105 ===> 2 ]   145 (115)
10:58:07.17   [ IN : 880500 ===> 2 ]   154 (124)
10:58:07.73   [ RO : 15599626 ===> 2 ]   78 (48)
10:58:14.66   [ IN : 2082389 ===> 2 ]   155 (125)
10:58:14.88   [ RO : 2082389 ===> 2 ]   146 (116)
10:58:33.00   [ IN : 7201395 ===> 2 ]   156 (126)
10:58:33.44   [ RO : 7201395 ===> 2 ]   147 (117)
10:58:35.45 * F0 03
10:58:35.65 * 83 04
10:58:35.87 * 83 83
10:58:39.65   [ IN : 7201395 ===> 2 ]   156 (126)
10:58:40.09   [ RO : 7201395 ===> 2 ]   147 (117)
10:58:58.88   [ IN : 2116217 ===> 2 ]   157 (127)
10:58:59.29   [ RO : 2116217 ===> 2 ]   148 (118)
10:59:10.46   [ IN : 45366 ===> 2 ]   158 (128)
10:59:11.49   [ RO : 145366 ===> 2 ]   149 (119)
10:59:23.47   [ IN : 1941824 ===> 2 ]   159 (129)
10:59:23.67   [ RO : 1941824 ===> 2 ]   150 (120)
10:59:30.36   [ IN : 7204986 ===> 2 ]   160 (130)
10:59:30.83   [ RO : 7204986 ===> 2 ]   151 (121)
10:59:47.54   [ IN : 2052322 ===> 2 ]   161 (131)
10:59:47.95   [ RO : 2052322 ===> 2 ]   152 (122)
10:59:54.56   [ IN : 233557 ===> 2 ]   162 (132)
10:59:55.54   [ RO : 233557 ===> 2 ]   153 (123)
11:00:09.30   [ IN : 7202851 ===> 2 ]   163 (133)
11:00:09.77   [ RO : 7202851 ===> 2 ]   154 (124)
11:00:17.30   [ IN : 2078938 ===> 2 ]   164 (134)
11:00:17.74   [ RO : 2078938 ===> 2 ]   155 (125)
11:00:34.53   [ IN : 1301179 ===> 2 ]   165 (135)
11:00:34.96   [ RO : 1301179 ===> 2 ]   156 (126)
11:00:46.34   [ IN : 2079342 ===> 2 ]   166 (136)
11:00:46.54   [ RO : 2079342 ===> 2 ]   157 (127)
11:00:58.97   [ IN : 8160367 ===> 2 ]   167 (137)
11:00:59.39   [ RO : 8160367 ===> 2 ]   158 (128)
11:01:06.24   [ IN : 1399404 ===> 2 ]   168 (138)
11:01:06.44   [ RO : 1399404 ===> 2 ]   159 (129)
11:01:24.04   [ IN : 2066973 ===> 2 ]   169 (139)
11:01:24.24   [ RO : 2066973 ===> 2 ]   160 (130)
11:01:35.52   [ IN : 1416913 ===> 2 ]   170 (140)
11:01:35.93   [ RO : 1416913 ===> 2 ]   161 (131)
11:01:59.72   [ IN : 2088256 ===> 2 ]   171 (141)
11:02:00.12   [ RO : 2088256 ===> 2 ]   162 (132)
11:02:08.25   [ IN : 505296 ===> 2 ]   172 (142)
11:02:08.83   [ RO : 15599626 ===> 2 ]   78 (48)
11:02:16.24   [ IN : 1229565 ===> 2 ]   173 (143)
11:02:16.64   [ RO : 1229565 ===> 2 ]   163 (133)
11:02:22.42   [ IN : 443163 ===> 2 ]   174 (144)
11:02:23.46   [ RO : 443163 ===> 2 ]   164 (134)
11:02:28.61   [ IN : 45187 ===> 2 ]   175 (145)
11:02:29.64   [ RO : 145187 ===> 2 ]   165 (135)
11:02:34.26   [ IN : 2050690 ===> 2 ]   176 (146)
11:02:34.46   [ RO : 2050690 ===> 2 ]   166 (136)
11:02:57.39   [ IN : 505202 ===> 2 ]   177 (147)
11:02:57.96   [ RO : 15599626 ===> 2 ]   78 (48)
11:03:05.66   [ IN : 233581 ===> 2 ]   178 (148)
11:03:06.66   [ RO : 233581 ===> 2 ]   167 (137)
11:03:16.02   [ IN : 45309 ===> 2 ]   179 (149)
11:03:17.05   [ RO : 145309 ===> 2 ]   168 (138)
11:03:19.62   [ IN : 45495 ===> 2 ]   180 (150)
11:03:23.40 * F0 03
11:03:23.60 * 83 04
11:03:23.80 * 83 83
11:03:24.02 * F0 03
11:03:24.02 * 83 04
11:03:24.23 * 83 83
11:03:25.86   [ IN : 45495 ===> 2 ]   180 (150)
11:03:26.89   [ RO : 145495 ===> 2 ]   169 (139)
11:03:46.77   [ IN : 9201551 ===> 2 ]   181 (151)
11:03:47.20   [ RO : 9201551 ===> 2 ]   170 (140)
11:03:50.40   [ IN : 45934 ===> 2 ]   182 (152)
11:04:00.79   [ IN : 45934 ===> 2 ]   182 (152)
11:04:02.21 * F0 03
11:04:02.21 * 83 04
11:04:02.41 * 83 83
11:04:09.93   [ IN : 2019792 ===> 2 ]   183 (153)
11:04:10.34   [ RO : 2019792 ===> 2 ]   171 (141)
11:04:16.28   [ IN : 45934 ===> 2 ]   182 (152)
11:04:17.31   [ RO : 145934 ===> 2 ]   172 (142)
11:04:21.49   [ IN : 8636772 ===> 2 ]   184 (154)
11:04:22.04   [ RO : 8636772 ===> 2 ]   173 (143)
11:04:31.76   [ IN : 416701 ===> 2 ]   185 (155)
11:04:32.79   [ RO : 416701 ===> 2 ]   174 (144)
11:04:38.42   [ IN : 2022207 ===> 2 ]   186 (156)
11:04:38.82   [ RO : 2022207 ===> 2 ]   175 (145)
11:04:43.91   [ IN : 1601691 ===> 2 ]   187 (157)
11:04:44.32   [ RO : 1601691 ===> 2 ]   176 (146)
11:04:49.29   [ IN : 2025026 ===> 2 ]   188 (158)
11:04:49.71   [ RO : 2025026 ===> 2 ]   177 (147)
11:04:54.58   [ IN : 233516 ===> 2 ]   189 (159)
11:04:55.66   [ RO : 233516 ===> 2 ]   178 (148)
11:05:02.04   [ IN : 232801 ===> 2 ]   190 (160)
11:05:03.07   [ RO : 232801 ===> 2 ]   179 (149)
11:05:07.11   [ IN : 1422455 ===> 2 ]   191 (161)
11:05:07.33   [ RO : 1422455 ===> 2 ]   180 (150)
11:05:27.98   [ IN : 7205371 ===> 2 ]   192 (162)
11:05:28.45   [ RO : 7205371 ===> 2 ]   181 (151)
11:05:56.86   [ IN : 7154 ===> 2 ]   193 (163)
11:05:57.89   [ RO : 107154 ===> 2 ]   182 (152)
11:06:02.07   [ IN : 2111542 ===> 2 ]   194 (164)
11:06:02.27   [ RO : 2111542 ===> 2 ]   183 (153)
11:06:07.59   [ IN : 45145 ===> 2 ]   195 (165)
11:06:08.62   [ RO : 145145 ===> 2 ]   184 (154)
11:06:15.09   [ IN : 9820723 ===> 2 ]   196 (166)
11:06:15.53   [ RO : 9820723 ===> 2 ]   185 (155)
11:06:21.75   [ IN : 438977 ===> 2 ]   197 (167)
11:06:22.78   [ RO : 438977 ===> 2 ]   186 (156)
11:06:28.18   [ IN : 2003102 ===> 2 ]   198 (168)
11:06:28.59   [ RO : 2003102 ===> 2 ]   187 (157)
11:06:35.28   [ IN : 2087810 ===> 2 ]   199 (169)
11:06:35.68   [ RO : 2087810 ===> 2 ]   188 (158)
11:06:54.36   [ IN : 8011222 ===> 2 ]   200 (170)
11:06:54.79   [ RO : 8011222 ===> 2 ]   189 (159)
11:07:03.56   [ IN : 232658 ===> 2 ]   201 (171)
11:07:04.64   [ RO : 232658 ===> 2 ]   190 (160)
11:07:12.27   [ IN : 45584 ===> 2 ]   202 (172)
11:07:13.30   [ RO : 145584 ===> 2 ]   191 (161)
11:07:20.38   [ IN : 2072282 ===> 2 ]   203 (173)
11:07:20.58   [ RO : 2072282 ===> 2 ]   192 (162)
11:07:25.95   [ IN : 363496 ===> 2 ]   204 (174)
11:07:26.93   [ RO : 363496 ===> 2 ]   193 (163)
11:07:33.08   [ IN : 2116246 ===> 2 ]   205 (175)
11:07:33.51   [ RO : 2116246 ===> 2 ]   194 (164)
11:07:39.46   [ IN : 4616773 ===> 2 ]   206 (176)
11:07:39.86   [ RO : 4616773 ===> 2 ]   195 (165)
11:07:47.15   [ IN : 2072521 ===> 2 ]   207 (177)
11:07:47.55   [ RO : 2072521 ===> 2 ]   196 (166)
11:08:13.45   [ IN : 45585 ===> 2 ]   208 (178)
11:08:14.50   [ RO : 145585 ===> 2 ]   197 (167)
11:08:24.70   [ IN : 9820421 ===> 2 ]   209 (179)
11:08:25.13   [ RO : 9820421 ===> 2 ]   198 (168)
11:08:35.98   [ IN : 1301468 ===> 2 ]   210 (180)
11:08:36.40   [ RO : 1301468 ===> 2 ]   199 (169)
11:09:01.78   [ IN : 2096166 ===> 2 ]   211 (181)
11:09:01.98   [ RO : 2096166 ===> 2 ]   200 (170)
11:09:07.24   [ IN : 235878 ===> 2 ]   212 (182)
11:09:08.32   [ RO : 235878 ===> 2 ]   201 (171)
11:09:13.09   [ IN : 553000 ===> 2 ]   213 (183)
11:09:13.68   [ RO : 15599626 ===> 2 ]   78 (48)
11:09:18.83   [ IN : 2056199 ===> 2 ]   214 (184)
11:09:19.03   [ RO : 2056199 ===> 2 ]   202 (172)
11:09:24.60   [ IN : 1006655 ===> 2 ]   215 (185)
11:09:25.01   [ RO : 1006655 ===> 2 ]   203 (173)
11:09:37.10   [ IN : 2052314 ===> 2 ]   216 (186)
11:09:37.50   [ RO : 2052314 ===> 2 ]   204 (174)
11:09:43.26   [ IN : 505269 ===> 2 ]   217 (187)
11:09:43.82   [ RO : 15599626 ===> 2 ]   78 (48)
11:09:49.41   [ IN : 2069798 ===> 2 ]   218 (188)
11:09:49.61   [ RO : 2069798 ===> 2 ]   205 (175)
11:09:56.75   [ IN : 2116228 ===> 2 ]   219 (189)
11:09:57.24   [ RO : 2116228 ===> 2 ]   206 (176)
11:10:16.83   [ IN : 2014990 ===> 2 ]   220 (190)
11:10:17.24   [ RO : 2014990 ===> 2 ]   207 (177)
11:10:22.43   [ IN : 9700705 ===> 2 ]   221 (191)
11:10:22.88   [ RO : 9700705 ===> 2 ]   208 (178)
11:10:46.21   [ IN : 1399925 ===> 2 ]   222 (192)
11:10:46.61   [ RO : 1399925 ===> 2 ]   209 (179)
11:10:59.40   [ IN : 232825 ===> 2 ]   223 (193)
11:11:00.40   [ RO : 232825 ===> 2 ]   210 (180)
11:11:10.35   [ IN : 249062 ===> 2 ]   224 (194)
11:11:11.38   [ RO : 249062 ===> 2 ]   211 (181)
11:11:16.02   [ IN : 53416 ===> 2 ]   225 (195)
11:11:17.05   [ RO : 153416 ===> 2 ]   212 (182)
11:11:22.13   [ IN : 45322 ===> 2 ]   226 (196)
11:11:23.16   [ RO : 145322 ===> 2 ]   213 (183)
11:11:53.44   [ IN : 45457 ===> 2 ]   227 (197)
11:11:54.50   [ RO : 145457 ===> 2 ]   214 (184)
11:12:02.86   [ IN : 1394560 ===> 2 ]   228 (198)
11:12:03.35   [ RO : 1394560 ===> 2 ]   215 (185)
11:12:08.25   [ IN : 411915 ===> 2 ]   229 (199)
11:12:09.28   [ RO : 411915 ===> 2 ]   216 (186)
11:12:13.74   [ IN : 7998899 ===> 2 ]   230 (200)
11:12:14.21   [ RO : 7998899 ===> 2 ]   217 (187)
11:12:19.56   [ IN : 1420295 ===> 2 ]   231 (201)
11:12:19.96   [ RO : 1420295 ===> 2 ]   218 (188)
11:12:25.16   [ IN : 307544 ===> 2 ]   232 (202)
11:12:26.23   [ RO : 307544 ===> 2 ]   219 (189)
11:12:53.28   [ IN : 2019818 ===> 2 ]   233 (203)
11:12:53.69   [ RO : 2019818 ===> 2 ]   220 (190)
11:13:09.15   [ IN : 337813 ===> 2 ]   234 (204)
11:13:10.13   [ RO : 337813 ===> 2 ]   221 (191)
11:13:29.10   [ IN : 1720228 ===> 2 ]   235 (205)
11:13:29.30   [ RO : 1720228 ===> 2 ]   222 (192)
11:13:41.22   [ IN : 45409 ===> 2 ]   236 (206)
11:13:42.25   [ RO : 145409 ===> 2 ]   223 (193)
11:13:54.03   [ IN : 2050681 ===> 2 ]   237 (207)
11:13:54.67   [ RO : 2050681 ===> 2 ]   224 (194)
11:13:59.66   [ IN : 307718 ===> 2 ]   238 (208)
11:14:00.66   [ RO : 307718 ===> 2 ]   225 (195)
11:14:13.25   [ IN : 411917 ===> 2 ]   239 (209)
11:14:14.28   [ RO : 411917 ===> 2 ]   226 (196)
11:14:20.22   [ IN : 2056101 ===> 2 ]   240 (210)
11:14:20.43   [ RO : 2056101 ===> 2 ]   227 (197)
11:14:28.35   [ IN : 8035702 ===> 2 ]   241 (211)
11:14:28.91   [ RO : 8035702 ===> 2 ]   228 (198)
11:14:35.68   [ IN : 45148 ===> 2 ]   242 (212)
11:14:36.68   [ RO : 145148 ===> 2 ]   229 (199)
11:14:41.75   [ IN : 45163 ===> 2 ]   243 (213)
11:14:42.78   [ RO : 145163 ===> 2 ]   230 (200)
11:14:48.49   [ IN : 1300160 ===> 2 ]   244 (214)
11:14:48.90   [ RO : 1300160 ===> 2 ]   231 (201)
11:15:06.15   [ IN : 222976 ===> 2 ]   245 (215)
11:15:07.15   [ RO : 222976 ===> 2 ]   232 (202)
11:15:12.00   [ IN : 2033995 ===> 2 ]   246 (216)
11:15:12.20   [ RO : 2033995 ===> 2 ]   233 (203)
11:15:18.44   [ IN : 2019801 ===> 2 ]   247 (217)
11:15:18.86   [ RO : 2019801 ===> 2 ]   234 (204)
11:15:26.10   [ IN : 2003111 ===> 2 ]   248 (218)
11:15:26.51   [ RO : 2003111 ===> 2 ]   235 (205)
11:15:31.95   [ IN : 8080705 ===> 2 ]   249 (219)
11:15:32.37   [ RO : 8080705 ===> 2 ]   236 (206)
11:15:37.69   [ IN : 7203788 ===> 2 ]   250 (220)
11:15:38.13   [ RO : 7203788 ===> 2 ]   237 (207)
11:15:43.53   [ IN : 4502 ===> 2 ]   251 (221)
11:15:44.51   [ RO : 104502 ===> 2 ]   238 (208)
11:15:48.63   [ IN : 888339 ===> 2 ]   252 (222)
11:15:49.19   [ RO : 15599626 ===> 2 ]   78 (48)
11:15:56.35   [ IN : 2061647 ===> 2 ]   253 (223)
11:15:56.55   [ RO : 2061647 ===> 2 ]   239 (209)
11:16:03.48   [ IN : 1396218 ===> 2 ]   254 (224)
11:16:03.88   [ RO : 1396218 ===> 2 ]   240 (210)
11:16:09.69   [ IN : 2066484 ===> 2 ]   255 (225)
11:16:10.12   [ RO : 2066484 ===> 2 ]   241 (211)
11:16:14.71   [ IN : 45101 ===> 2 ]   256 (226)
11:16:15.71   [ RO : 145101 ===> 2 ]   242 (212)
11:16:19.67   [ IN : 2056135 ===> 2 ]   257 (227)
11:16:20.11   [ RO : 2056135 ===> 2 ]   243 (213)
11:16:26.33   [ IN : 1396219 ===> 2 ]   258 (228)
11:16:26.54   [ RO : 1396219 ===> 2 ]   244 (214)
11:16:32.51   [ IN : 2067297 ===> 2 ]   259 (229)
11:16:32.92   [ RO : 2067297 ===> 2 ]   245 (215)
11:16:36.94   [ IN : 45222 ===> 2 ]   260 (230)
11:16:37.97   [ RO : 145222 ===> 2 ]   246 (216)
11:16:43.10   [ IN : 45955 ===> 2 ]   261 (231)
11:16:44.09   [ RO : 145955 ===> 2 ]   247 (217)
11:16:56.13   [ IN : 2050679 ===> 2 ]   262 (232)
11:16:56.55   [ RO : 2050679 ===> 2 ]   248 (218)
11:17:02.01   [ IN : 1003316 ===> 2 ]   263 (233)
11:17:02.21   [ RO : 1003316 ===> 2 ]   249 (219)
11:17:07.47   [ IN : 339820 ===> 2 ]   264 (234)
11:17:08.45   [ RO : 339820 ===> 2 ]   250 (220)
11:17:13.85   [ IN : 1396132 ===> 2 ]   265 (235)
11:17:14.27   [ RO : 1396132 ===> 2 ]   251 (221)
11:17:19.44   [ IN : 8625620 ===> 2 ]   266 (236)
11:17:19.87   [ RO : 8625620 ===> 2 ]   252 (222)
11:17:27.89   [ IN : 45345 ===> 2 ]   267 (237)
11:17:28.92   [ RO : 145345 ===> 2 ]   253 (223)
11:17:32.85   [ IN : 307553 ===> 2 ]   268 (238)
11:17:33.85   [ RO : 307553 ===> 2 ]   254 (224)
11:17:37.22   [ IN : 443161 ===> 2 ]   269 (239)
11:17:38.25   [ RO : 443161 ===> 2 ]   255 (225)
11:17:44.80   [ IN : 1200303 ===> 2 ]   270 (240)
11:17:45.24   [ RO : 1200303 ===> 2 ]   256 (226)
11:18:35.70   [ IN : 2069847 ===> 2 ]   271 (241)
11:18:36.11   [ RO : 2069847 ===> 2 ]   257 (227)
11:18:41.74   [ IN : 6770 ===> 2 ]   272 (242)
11:18:42.77   [ RO : 106770 ===> 2 ]   258 (228)
11:18:48.70   [ IN : 9102297 ===> 2 ]   273 (243)
11:18:49.14   [ RO : 9102297 ===> 2 ]   259 (229)
11:18:56.56   [ IN : 45598 ===> 2 ]   274 (244)
11:18:57.62   [ RO : 145598 ===> 2 ]   260 (230)
11:19:05.48   [ IN : 2056198 ===> 2 ]   275 (245)
11:19:05.92   [ RO : 2056198 ===> 2 ]   261 (231)
11:19:11.13   [ IN : 448981 ===> 2 ]   276 (246)
11:19:12.18   [ RO : 448981 ===> 2 ]   262 (232)
11:19:25.36   [ IN : 8020905 ===> 2 ]   277 (247)
11:19:25.80   [ RO : 8020905 ===> 2 ]   263 (233)
11:19:33.30   [ IN : 7570705 ===> 2 ]   278 (248)
11:19:33.78   [ RO : 7570705 ===> 2 ]   264 (234)
11:19:40.79   [ IN : 2019916 ===> 2 ]   279 (249)
11:19:41.19   [ RO : 2019916 ===> 2 ]   265 (235)
11:19:48.18   [ IN : 2096162 ===> 2 ]   280 (250)
11:19:48.60   [ RO : 2096162 ===> 2 ]   266 (236)
11:19:55.67   [ IN : 428002 ===> 2 ]   281 (251)
11:19:56.75   [ RO : 428002 ===> 2 ]   267 (237)
11:20:01.52   [ IN : 4616792 ===> 2 ]   282 (252)
11:20:02.07   [ RO : 4616792 ===> 2 ]   268 (238)
11:20:08.21   [ IN : 1791029 ===> 2 ]   283 (253)
11:20:08.62   [ RO : 1791029 ===> 2 ]   269 (239)
11:20:10.75   [ IN : 9291196 ===> 2 ]   284 (254)
11:20:22.03   [ IN : 512 ===> 743 ]   285 (1)
11:20:22.24 * F0 03
11:20:22.24 * 83 04
11:20:22.44 * 83 83
11:20:24.31   [ IN : 9291196 ===> 2 ]   284 (254)
11:20:24.87   [ RO : 9291196 ===> 2 ]   270 (240)
11:20:32.33   [ IN : 502362 ===> 2 ]   286 (255)
11:20:32.89   [ RO : 15599626 ===> 2 ]   78 (48)
11:20:40.29   [ IN : 1586808 ===> 2 ]   287 (256)
11:20:40.69   [ RO : 1586808 ===> 2 ]   271 (241)
11:20:44.92   [ IN : 2116213 ===> 2 ]   288 (257)
11:20:45.32   [ RO : 2116213 ===> 2 ]   272 (242)
11:20:52.39   [ IN : 2082388 ===> 2 ]   289 (258)
11:20:52.81   [ RO : 2082388 ===> 2 ]   273 (243)
11:20:59.35   [ IN : 8100257 ===> 2 ]   290 (259)
11:20:59.82   [ RO : 8100257 ===> 2 ]   274 (244)
11:21:06.28   [ IN : 4660076 ===> 2 ]   291 (260)
11:21:06.49   [ RO : 4660076 ===> 2 ]   275 (245)
11:21:11.69   [ IN : 2032060 ===> 2 ]   292 (261)
11:21:11.89   [ RO : 2032060 ===> 2 ]   276 (246)
11:21:17.27   [ IN : 232848 ===> 2 ]   293 (262)
11:21:18.30   [ RO : 232848 ===> 2 ]   277 (247)
11:22:49.00   [ IN : 4509 ===> 2 ]   294 (263)
11:22:50.03   [ RO : 104509 ===> 2 ]   278 (248)
11:22:55.99   [ IN : 960201 ===> 2 ]   295 (264)
11:22:56.55   [ RO : 15599625 ===> 2 ]   11 (3)
11:23:16.77   [ IN : 2019796 ===> 2 ]   296 (265)
11:23:17.18   [ RO : 2019796 ===> 2 ]   279 (249)
11:23:24.65   [ IN : 1396244 ===> 2 ]   297 (266)
11:23:25.08   [ RO : 1396244 ===> 2 ]   280 (250)
11:23:44.46   [ IN : 226365 ===> 2 ]   298 (267)
11:23:45.49   [ RO : 226365 ===> 2 ]   281 (251)
11:23:50.90   [ IN : 45372 ===> 2 ]   299 (268)
11:23:51.93   [ RO : 145372 ===> 2 ]   282 (252)
11:23:59.33   [ IN : 2078492 ===> 2 ]   300 (269)
11:23:59.53   [ RO : 2078492 ===> 2 ]   283 (253)
11:24:06.47   [ IN : 9051977 ===> 2 ]   301 (270)
11:24:07.03   [ RO : 9051977 ===> 2 ]   284 (254)
11:24:20.17   [ IN : 2078947 ===> 2 ]   302 (271)
11:24:20.37   [ RO : 2078947 ===> 2 ]   285 (255)
11:24:37.44   [ IN : 2007324 ===> 2 ]   303 (272)
11:24:37.64   [ RO : 2007324 ===> 2 ]   286 (256)
11:25:17.64   [ IN : 2082387 ===> 2 ]   304 (273)
11:25:18.04   [ RO : 2082387 ===> 2 ]   287 (257)
11:25:39.37   [ IN : 2083169 ===> 2 ]   305 (274)
11:25:39.57   [ RO : 2083169 ===> 2 ]   288 (258)
11:25:49.96   [ IN : 2079332 ===> 2 ]   306 (275)
11:25:50.16   [ RO : 2079332 ===> 2 ]   289 (259)
11:25:56.09   [ IN : 45190 ===> 2 ]   307 (276)
11:25:57.12   [ RO : 145190 ===> 2 ]   290 (260)
11:26:03.21   [ IN : 2107958 ===> 2 ]   308 (277)
11:26:03.41   [ RO : 2107958 ===> 2 ]   291 (261)
11:26:10.91   [ IN : 2066491 ===> 2 ]   309 (278)
11:26:11.33   [ RO : 2066491 ===> 2 ]   292 (262)
11:26:24.33   [ IN : 2009125 ===> 2 ]   310 (279)
11:26:24.73   [ RO : 2009125 ===> 2 ]   293 (263)
11:26:29.20   [ IN : 1396205 ===> 2 ]   311 (280)
11:26:29.63   [ RO : 1396205 ===> 2 ]   294 (264)
11:26:34.62   [ IN : 2096155 ===> 2 ]   312 (281)
11:26:35.05   [ RO : 2096155 ===> 2 ]   295 (265)
11:26:42.69   [ IN : 337860 ===> 2 ]   313 (282)
11:26:43.69   [ RO : 337860 ===> 2 ]   296 (266)
11:26:55.33   [ IN : 45302 ===> 2 ]   314 (283)
11:26:56.36   [ RO : 145302 ===> 2 ]   297 (267)
11:27:03.25   [ IN : 233571 ===> 2 ]   315 (284)
11:27:04.23   [ RO : 233571 ===> 2 ]   298 (268)
11:27:11.11   [ IN : 505271 ===> 2 ]   316 (285)
11:27:11.67   [ RO : 15599626 ===> 2 ]   78 (48)
11:27:24.56   [ IN : 8197012 ===> 2 ]   317 (286)
11:27:25.01   [ RO : 8197012 ===> 2 ]   299 (269)
11:27:33.89   [ IN : 232791 ===> 2 ]   318 (287)
11:27:34.97   [ RO : 232791 ===> 2 ]   300 (270)
11:27:43.33   [ IN : 2096168 ===> 2 ]   319 (288)
11:27:43.98   [ RO : 2096168 ===> 2 ]   301 (271)
11:28:11.74   [ IN : 222980 ===> 2 ]   320 (289)
11:28:12.72   [ RO : 222980 ===> 2 ]   302 (272)
11:28:18.88   [ IN : 45134 ===> 2 ]   321 (290)
11:28:19.91   [ RO : 145134 ===> 2 ]   303 (273)
11:28:24.07   [ IN : 2052337 ===> 2 ]   322 (291)
11:28:24.51   [ RO : 2052337 ===> 2 ]   304 (274)
11:29:06.30   [ IN : 2800241 ===> 2 ]   323 (292)
11:29:06.51   [ RO : 2800241 ===> 2 ]   305 (275)
11:29:13.51   [ IN : 337874 ===> 2 ]   324 (293)
11:29:14.49   [ RO : 337874 ===> 2 ]   306 (276)
11:29:19.53   [ IN : 2041755 ===> 2 ]   325 (294)
11:29:19.74   [ RO : 2041755 ===> 2 ]   307 (277)
11:29:38.02   [ IN : 1396243 ===> 2 ]   326 (295)
11:29:38.42   [ RO : 1396243 ===> 2 ]   308 (278)
11:29:43.99   [ IN : 2022124 ===> 2 ]   327 (296)
11:29:44.20   [ RO : 2022124 ===> 2 ]   309 (279)
11:29:46.91   [ IN : 1409485 ===> 2 ]   328 (297)
11:29:49.87   [ IN : 1409485 ===> 2 ]   328 (297)
11:29:51.67 * F0 03
11:29:51.87 * 83 04
11:29:52.07 * 83 83
11:29:53.49   [ IN : 1409485 ===> 2 ]   328 (297)
11:29:53.90   [ RO : 1409485 ===> 2 ]   310 (280)
11:30:07.18   [ IN : 7007070 ===> 2 ]   329 (298)
11:30:07.66   [ RO : 7007070 ===> 2 ]   311 (281)
11:30:24.16   [ IN : 2054401 ===> 2 ]   330 (299)
11:30:24.57   [ RO : 2054401 ===> 2 ]   312 (282)
11:30:33.57   [ IN : 1401001 ===> 2 ]   331 (300)
11:30:33.98   [ RO : 1401001 ===> 2 ]   313 (283)
11:30:40.09   [ IN : 2082385 ===> 2 ]   332 (301)
11:30:40.54   [ RO : 2082385 ===> 2 ]   314 (284)
11:30:49.92   [ IN : 1408200 ===> 2 ]   333 (302)
11:30:50.32   [ RO : 1408200 ===> 2 ]   315 (285)
11:31:01.32   [ IN : 411967 ===> 2 ]   334 (303)
11:31:02.35   [ RO : 411967 ===> 2 ]   316 (286)
11:31:06.41   [ IN : 332835 ===> 2 ]   335 (304)
11:31:07.47   [ RO : 332835 ===> 2 ]   317 (287)
11:31:45.85   [ IN : 222979 ===> 2 ]   336 (305)
11:31:46.88   [ RO : 222979 ===> 2 ]   318 (288)
11:31:53.80   [ IN : 232807 ===> 2 ]   337 (306)
11:31:54.86   [ RO : 232807 ===> 2 ]   319 (289)
11:32:00.68   [ IN : 45140 ===> 2 ]   338 (307)
11:32:01.68   [ RO : 145140 ===> 2 ]   320 (290)
11:32:25.91   [ IN : 4616748 ===> 2 ]   339 (308)
11:32:26.33   [ RO : 4616748 ===> 2 ]   321 (291)
11:32:32.58   [ IN : 2066485 ===> 2 ]   340 (309)
11:32:32.99   [ RO : 2066485 ===> 2 ]   322 (292)
11:32:42.05   [ IN : 8640527 ===> 2 ]   341 (310)
11:32:42.52   [ RO : 8640527 ===> 2 ]   323 (293)
11:32:47.87   [ IN : 2066460 ===> 2 ]   342 (311)
11:32:48.28   [ RO : 2066460 ===> 2 ]   324 (294)
11:32:53.11   [ IN : 888340 ===> 2 ]   343 (312)
11:32:53.67   [ RO : 15599625 ===> 2 ]   11 (3)
11:32:58.84   [ IN : 2082341 ===> 2 ]   344 (313)
11:32:59.24   [ RO : 2082341 ===> 2 ]   325 (295)
11:33:04.75   [ IN : 992 ===> 2 ]   345 (314)
11:33:05.80   [ RO : 100992 ===> 2 ]   326 (296)
11:33:11.35   [ IN : 2111528 ===> 2 ]   346 (315)
11:33:11.75   [ RO : 2111528 ===> 2 ]   327 (297)
11:33:17.29   [ IN : 1007811 ===> 2 ]   347 (316)
11:33:17.73   [ RO : 1007811 ===> 2 ]   328 (298)
11:33:24.87   [ IN : 2116223 ===> 2 ]   348 (317)
11:33:25.08   [ RO : 2116223 ===> 2 ]   329 (299)
11:33:32.13   [ IN : 2116233 ===> 2 ]   349 (318)
11:33:32.33   [ RO : 2116233 ===> 2 ]   330 (300)
11:33:39.02   [ IN : 2009124 ===> 2 ]   350 (319)
11:33:39.23   [ RO : 2009124 ===> 2 ]   331 (301)
11:33:46.12   [ IN : 337866 ===> 2 ]   351 (320)
11:33:47.15   [ RO : 337866 ===> 2 ]   332 (302)
11:33:53.70   [ IN : 2088832 ===> 2 ]   352 (321)
11:33:53.91   [ RO : 2088832 ===> 2 ]   333 (303)
11:33:57.87   [ IN : 1396117 ===> 2 ]   353 (322)
11:33:58.07   [ RO : 1396117 ===> 2 ]   334 (304)
11:34:03.91   [ IN : 8030402 ===> 2 ]   354 (323)
11:34:04.34   [ RO : 8030402 ===> 2 ]   335 (305)
11:34:13.56   [ IN : 9680319 ===> 2 ]   355 (324)
11:34:14.01   [ RO : 9680319 ===> 2 ]   336 (306)
11:34:19.63   [ IN : 2022145 ===> 2 ]   356 (325)
11:34:20.05   [ RO : 2022145 ===> 2 ]   337 (307)
11:34:24.50   [ IN : 7011107 ===> 2 ]   357 (326)
11:34:24.93   [ RO : 7011107 ===> 2 ]   338 (308)
11:34:30.86   [ IN : 2022101 ===> 2 ]   358 (327)
11:34:31.30   [ RO : 2022101 ===> 2 ]   339 (309)
11:34:36.20   [ IN : 307565 ===> 2 ]   359 (328)
11:34:37.20   [ RO : 307565 ===> 2 ]   340 (310)
11:34:43.34   [ IN : 1396156 ===> 2 ]   360 (329)
11:34:43.78   [ RO : 1396156 ===> 2 ]   341 (311)
11:34:49.99   [ IN : 8684 ===> 2 ]   361 (330)
11:34:51.03   [ RO : 108684 ===> 2 ]   342 (312)
11:34:55.57   [ IN : 2082370 ===> 2 ]   362 (331)
11:34:56.01   [ RO : 2082370 ===> 2 ]   343 (313)
11:35:03.08   [ IN : 8005160 ===> 2 ]   363 (332)
11:35:03.51   [ RO : 8005160 ===> 2 ]   344 (314)
11:35:09.68   [ IN : 2006751 ===> 2 ]   364 (333)
11:35:10.11   [ RO : 2006751 ===> 2 ]   345 (315)
11:35:14.54   [ IN : 935 ===> 2 ]   365 (334)
11:35:15.57   [ RO : 100935 ===> 2 ]   346 (316)
11:35:17.71   [ IN : 448957 ===> 2 ]   366 (335)
11:35:22.56   [ IN : 448957 ===> 2 ]   366 (335)
11:35:23.98 * F0 03
11:35:23.98 * 83 04
11:35:24.18 * 83 83
11:35:27.91   [ IN : 448957 ===> 2 ]   366 (335)
11:35:28.97   [ RO : 448957 ===> 2 ]   347 (317)
11:35:35.28   [ IN : 2052323 ===> 2 ]   367 (336)
11:35:35.49   [ RO : 2052323 ===> 2 ]   348 (318)
11:35:38.47   [ IN : 337825 ===> 2 ]   368 (337)
11:35:43.54   [ IN : 337825 ===> 2 ]   368 (337)
11:35:44.87 * F0 03
11:35:44.87 * 83 04
11:35:45.07 * 83 83
11:35:49.05   [ IN : 337825 ===> 2 ]   368 (337)
11:35:50.03   [ RO : 337825 ===> 2 ]   349 (319)
11:35:55.54   [ IN : 337826 ===> 2 ]   369 (338)
11:35:56.62   [ RO : 337826 ===> 2 ]   350 (320)
11:36:02.92   [ IN : 1418074 ===> 2 ]   370 (339)
11:36:03.32   [ RO : 1418074 ===> 2 ]   351 (321)
11:36:08.77   [ IN : 8301003 ===> 2 ]   371 (340)
11:36:09.36   [ RO : 8301003 ===> 2 ]   352 (322)
11:36:26.51   [ IN : 2072210 ===> 2 ]   372 (341)
11:36:26.72   [ RO : 2072210 ===> 2 ]   353 (323)
11:36:34.40   [ IN : 362969 ===> 2 ]   373 (342)
11:36:35.76   [ RO : 362969 ===> 2 ]   354 (324)
11:36:43.15   [ IN : 1396129 ===> 2 ]   374 (343)
11:36:43.35   [ RO : 1396129 ===> 2 ]   355 (325)
11:36:47.32   [ IN : 2082354 ===> 2 ]   375 (344)
11:36:47.72   [ RO : 2082354 ===> 2 ]   356 (326)
11:36:53.60   [ IN : 416646 ===> 2 ]   376 (345)
11:36:54.65   [ RO : 416646 ===> 2 ]   357 (327)
11:37:08.49   [ IN : 233643 ===> 2 ]   377 (346)
11:37:09.56   [ RO : 233643 ===> 2 ]   358 (328)
11:37:15.75   [ IN : 2025332 ===> 2 ]   378 (347)
11:37:15.97   [ RO : 2025332 ===> 2 ]   359 (329)
11:37:23.04   [ IN : 45193 ===> 2 ]   379 (348)
11:37:24.07   [ RO : 145193 ===> 2 ]   360 (330)
11:37:42.24   [ IN : 45481 ===> 2 ]   380 (349)
11:37:43.27   [ RO : 145481 ===> 2 ]   361 (331)
11:37:49.28   [ IN : 8041075 ===> 2 ]   381 (350)
11:37:49.73   [ RO : 8041075 ===> 2 ]   362 (332)
11:37:55.52 * F0 03
11:37:55.52 * 83 04
11:37:55.72 * 83 83
11:37:55.92 * F0 03
11:37:56.14 * 83 04
11:37:56.35 * 83 83
11:38:01.32   [ IN : 8041075 ===> 2 ]   381 (350)
11:38:01.74   [ RO : 8041075 ===> 2 ]   362 (332)
11:38:07.56   [ IN : 442575 ===> 2 ]   382 (351)
11:38:08.59   [ RO : 442575 ===> 2 ]   363 (333)
11:38:14.88   [ IN : 339831 ===> 2 ]   383 (352)
11:38:15.96   [ RO : 339831 ===> 2 ]   364 (334)
11:38:20.90   [ IN : 2111519 ===> 2 ]   384 (353)
11:38:21.10   [ RO : 2111519 ===> 2 ]   365 (335)
11:38:25.16   [ IN : 45376 ===> 2 ]   385 (354)
11:38:26.20   [ RO : 145376 ===> 2 ]   366 (336)
11:38:32.48   [ IN : 2056200 ===> 2 ]   386 (355)
11:38:32.69   [ RO : 2056200 ===> 2 ]   367 (337)
11:38:51.71   [ IN : 1005134 ===> 2 ]   387 (356)
11:38:52.12   [ RO : 1005134 ===> 2 ]   368 (338)
11:39:00.01   [ IN : 7208024 ===> 2 ]   388 (357)
11:39:00.43   [ RO : 7208024 ===> 2 ]   369 (339)
11:39:05.00   [ IN : 7060724 ===> 2 ]   389 (358)
11:39:05.47   [ RO : 7060724 ===> 2 ]   370 (340)
11:39:11.90   [ IN : 218858 ===> 2 ]   390 (359)
11:39:12.93   [ RO : 218858 ===> 2 ]   371 (341)
11:39:23.63   [ IN : 2082999 ===> 2 ]   391 (360)
11:39:23.83   [ RO : 2082999 ===> 2 ]   372 (342)
11:39:30.52   [ IN : 445474 ===> 2 ]   392 (361)
11:39:31.55   [ RO : 445474 ===> 2 ]   373 (343)
11:39:35.87   [ IN : 2082421 ===> 2 ]   393 (362)
11:39:36.09   [ RO : 2082421 ===> 2 ]   374 (344)
11:39:46.14   [ IN : 1986002 ===> 2 ]   394 (363)
11:39:46.58   [ RO : 1986002 ===> 2 ]   375 (345)
11:39:51.91   [ IN : 2056139 ===> 2 ]   395 (364)
11:39:52.11   [ RO : 2056139 ===> 2 ]   376 (346)
11:39:59.96   [ IN : 2067271 ===> 2 ]   396 (365)
11:40:00.37   [ RO : 2067271 ===> 2 ]   377 (347)
11:40:07.59   [ IN : 2012229 ===> 2 ]   397 (366)
11:40:07.99   [ RO : 2012229 ===> 2 ]   378 (348)
11:40:11.30   [ IN : 45910 ===> 2 ]   398 (367)
11:40:12.36   [ RO : 145910 ===> 2 ]   379 (349)
11:40:17.70   [ IN : 337877 ===> 2 ]   399 (368)
11:40:18.74   [ RO : 337877 ===> 2 ]   380 (350)
11:40:24.17   [ IN : 337887 ===> 2 ]   400 (369)
11:40:25.25   [ RO : 337887 ===> 2 ]   381 (351)
11:40:30.27   [ IN : 2096188 ===> 2 ]   401 (370)
11:40:30.69   [ RO : 2096188 ===> 2 ]   382 (352)
11:40:35.84   [ IN : 2056102 ===> 2 ]   402 (371)
11:40:36.25   [ RO : 2056102 ===> 2 ]   383 (353)
11:40:44.69   [ IN : 2066472 ===> 2 ]   403 (372)
11:40:45.11   [ RO : 2066472 ===> 2 ]   384 (354)
11:40:58.84   [ IN : 45603 ===> 2 ]   404 (373)
11:40:59.83   [ RO : 145603 ===> 2 ]   385 (355)
11:41:07.62   [ IN : 2098001 ===> 2 ]   405 (374)
11:41:08.02   [ RO : 2098001 ===> 2 ]   386 (356)
11:41:14.84   [ IN : 45337 ===> 2 ]   406 (375)
11:41:15.87   [ RO : 145337 ===> 2 ]   387 (357)
11:41:20.77   [ IN : 332877 ===> 2 ]   407 (376)
11:41:21.83   [ RO : 332877 ===> 2 ]   388 (358)
11:41:26.21   [ IN : 1406700 ===> 2 ]   408 (377)
11:41:26.42   [ RO : 1406700 ===> 2 ]   389 (359)
11:41:32.00   [ IN : 1009404 ===> 2 ]   409 (378)
11:41:32.41   [ RO : 1009404 ===> 2 ]   390 (360)
11:41:37.85   [ IN : 416687 ===> 2 ]   410 (379)
11:41:38.90   [ RO : 416687 ===> 2 ]   391 (361)
11:41:46.91   [ IN : 339858 ===> 2 ]   411 (380)
11:41:47.94   [ RO : 339858 ===> 2 ]   392 (362)
11:41:53.67   [ IN : 45477 ===> 2 ]   412 (381)
11:41:54.71   [ RO : 145477 ===> 2 ]   393 (363)
11:42:01.31   [ IN : 2067285 ===> 2 ]   413 (382)
11:42:01.73   [ RO : 2067285 ===> 2 ]   394 (364)
11:42:08.29   [ IN : 9201432 ===> 2 ]   414 (383)
11:42:08.72   [ RO : 9201432 ===> 2 ]   395 (365)
11:42:22.81   [ IN : 45202 ===> 2 ]   415 (384)
11:42:23.84   [ RO : 145202 ===> 2 ]   396 (366)
11:42:30.38   [ IN : 7201397 ===> 2 ]   416 (385)
11:42:30.81   [ RO : 7201397 ===> 2 ]   397 (367)
11:42:37.51   [ IN : 2116230 ===> 2 ]   417 (386)
11:42:37.72   [ RO : 2116230 ===> 2 ]   398 (368)
11:42:44.81   [ IN : 1418058 ===> 2 ]   418 (387)
11:42:45.21   [ RO : 1418058 ===> 2 ]   399 (369)
11:43:08.28   [ IN : 2052310 ===> 2 ]   419 (388)
11:43:08.50   [ RO : 2052310 ===> 2 ]   400 (370)
11:43:13.81   [ IN : 2072522 ===> 2 ]   420 (389)
11:43:14.01   [ RO : 2072522 ===> 2 ]   401 (371)
11:43:19.14   [ IN : 2066480 ===> 2 ]   421 (390)
11:43:19.55   [ RO : 2066480 ===> 2 ]   402 (372)
11:43:33.73   [ IN : 9102284 ===> 2 ]   422 (391)
11:43:34.21   [ RO : 9102284 ===> 2 ]   403 (373)
11:43:44.41   [ IN : 7872 ===> 2 ]   423 (392)
11:43:45.44   [ RO : 107872 ===> 2 ]   404 (374)
11:44:45.36   [ IN : 2096156 ===> 2 ]   424 (393)
11:44:45.80   [ RO : 2096156 ===> 2 ]   405 (375)
11:44:51.01   [ IN : 2116249 ===> 2 ]   425 (394)
11:44:51.42   [ RO : 2116249 ===> 2 ]   406 (376)
11:45:00.71   [ IN : 1407625 ===> 2 ]   426 (395)
11:45:01.12   [ RO : 1407625 ===> 2 ]   407 (377)
11:45:18.12   [ IN : 45569 ===> 2 ]   427 (396)
11:45:19.09   [ RO : 145569 ===> 2 ]   408 (378)
11:45:22.07   [ IN : 1396245 ===> 2 ]   428 (397)
11:45:22.48   [ RO : 1396245 ===> 2 ]   409 (379)
11:45:29.82   [ IN : 2025333 ===> 2 ]   429 (398)
11:45:30.23   [ RO : 2025333 ===> 2 ]   410 (380)
11:45:34.80   [ IN : 416604 ===> 2 ]   430 (399)
11:45:35.80   [ RO : 416604 ===> 2 ]   411 (381)
11:45:44.96   [ IN : 2066492 ===> 2 ]   431 (400)
11:45:45.39   [ RO : 2066492 ===> 2 ]   412 (382)
11:45:57.03   [ IN : 337870 ===> 2 ]   432 (401)
11:45:58.06   [ RO : 337870 ===> 2 ]   413 (383)
11:46:02.61   [ IN : 2061650 ===> 2 ]   433 (402)
11:46:03.05   [ RO : 2061650 ===> 2 ]   414 (384)
11:46:19.52   [ IN : 2050686 ===> 2 ]   434 (403)
11:46:19.96   [ RO : 2050686 ===> 2 ]   415 (385)
11:46:25.59   [ IN : 2056155 ===> 2 ]   435 (404)
11:46:26.00   [ RO : 2056155 ===> 2 ]   416 (386)
11:46:30.79   [ IN : 7000173 ===> 2 ]   436 (405)
11:46:31.26   [ RO : 7000173 ===> 2 ]   417 (387)
11:46:37.48   [ IN : 2022186 ===> 2 ]   437 (406)
11:46:37.89   [ RO : 2022186 ===> 2 ]   418 (388)
11:47:00.96   [ IN : 46136 ===> 2 ]   438 (407)
11:47:01.99   [ RO : 146136 ===> 2 ]   419 (389)
11:47:14.42   [ IN : 4660121 ===> 2 ]   439 (408)
11:47:14.84   [ RO : 4660121 ===> 2 ]   420 (390)
11:47:43.87   [ IN : 2079503 ===> 2 ]   440 (409)
11:47:44.09   [ RO : 2079503 ===> 2 ]   421 (391)
11:47:55.40   [ IN : 233503 ===> 2 ]   441 (410)
11:47:56.39   [ RO : 233503 ===> 2 ]   422 (392)
11:48:06.96   [ IN : 7011218 ===> 2 ]   442 (411)
11:48:07.40   [ RO : 7011218 ===> 2 ]   423 (393)
11:48:21.84   [ IN : 4660115 ===> 2 ]   443 (412)
11:48:22.27   [ RO : 4660115 ===> 2 ]   424 (394)
11:48:27.54   [ IN : 2064264 ===> 2 ]   444 (413)
11:48:27.94   [ RO : 2064264 ===> 2 ]   425 (395)
11:48:42.48   [ IN : 2087744 ===> 2 ]   445 (414)
11:48:42.92   [ RO : 2087744 ===> 2 ]   426 (396)
11:49:08.40   [ IN : 2056169 ===> 2 ]   446 (415)
11:49:08.61   [ RO : 2056169 ===> 2 ]   427 (397)
11:49:16.60   [ IN : 238475 ===> 2 ]   447 (416)
11:49:17.65   [ RO : 238475 ===> 2 ]   428 (398)
11:49:35.74   [ IN : 411978 ===> 2 ]   448 (417)
11:49:36.77   [ RO : 411978 ===> 2 ]   429 (399)
11:49:42.59   [ IN : 7201632 ===> 2 ]   449 (418)
11:49:43.03   [ RO : 7201632 ===> 2 ]   430 (400)
11:49:48.41   [ IN : 7205532 ===> 2 ]   450 (419)
11:49:48.83   [ RO : 7205532 ===> 2 ]   431 (401)
11:49:57.77   [ IN : 2109009 ===> 2 ]   451 (420)
11:49:57.99   [ RO : 2109009 ===> 2 ]   432 (402)
11:50:05.91   [ IN : 2072227 ===> 2 ]   452 (421)
11:50:06.35   [ RO : 2072227 ===> 2 ]   433 (403)
11:50:14.98   [ IN : 2056179 ===> 2 ]   453 (422)
11:50:15.38   [ RO : 2056179 ===> 2 ]   434 (404)
11:50:22.07   [ IN : 2009027 ===> 2 ]   454 (423)
11:50:22.51   [ RO : 2009027 ===> 2 ]   435 (405)
11:50:23.28 * F0 03
11:50:23.28 * 83 04
11:50:23.48 * 83 83
11:50:26.60   [ IN : 2009027 ===> 2 ]   454 (423)
11:50:26.80   [ RO : 2009027 ===> 2 ]   435 (405)
11:50:33.68   [ IN : 7675713 ===> 2 ]   455 (424)
11:50:34.24   [ RO : 7675713 ===> 2 ]   436 (406)
11:50:41.06   [ IN : 2045652 ===> 2 ]   456 (425)
11:50:41.46   [ RO : 2045652 ===> 2 ]   437 (407)
11:50:46.89   [ IN : 2082338 ===> 2 ]   457 (426)
11:50:47.10   [ RO : 2082338 ===> 2 ]   438 (408)
11:50:52.12   [ IN : 46073 ===> 2 ]   458 (427)
11:50:53.18   [ RO : 146073 ===> 2 ]   439 (409)
11:50:59.42   [ IN : 8211172 ===> 2 ]   459 (428)
11:50:59.86   [ RO : 8211172 ===> 2 ]   440 (410)
11:51:05.26   [ IN : 888368 ===> 2 ]   460 (429)
11:51:05.85   [ RO : 15599625 ===> 2 ]   11 (3)
11:51:12.26   [ IN : 8648812 ===> 2 ]   461 (430)
11:51:12.70   [ RO : 8648812 ===> 2 ]   441 (411)
11:51:18.92   [ IN : 7163264 ===> 2 ]   462 (431)
11:51:19.48   [ RO : 7163264 ===> 2 ]   442 (412)
11:51:29.67   [ IN : 2061644 ===> 2 ]   463 (432)
11:51:30.09   [ RO : 2061644 ===> 2 ]   443 (413)
11:51:34.99   [ IN : 2072288 ===> 2 ]   464 (433)
11:51:35.39   [ RO : 2072288 ===> 2 ]   444 (414)
11:51:51.04   [ IN : 9760613 ===> 2 ]   465 (434)
11:51:51.49   [ RO : 9760613 ===> 2 ]   445 (415)
11:52:06.64   [ IN : 8082671 ===> 2 ]   466 (435)
11:52:07.08   [ RO : 8082671 ===> 2 ]   446 (416)
11:52:08.01 * F0 03
11:52:08.22 * 83 04
11:52:08.42 * 83 83
11:52:16.73   [ IN : 8082671 ===> 2 ]   466 (435)
11:52:17.37 * F0 03
11:52:17.37 * 83 04
11:52:17.58 * 83 83
11:52:18.23   [ IN : 8082671 ===> 2 ]   466 (435)
11:52:18.67   [ RO : 8082671 ===> 2 ]   446 (416)
11:52:29.00   [ IN : 339890 ===> 2 ]   467 (436)
11:52:29.98   [ RO : 339890 ===> 2 ]   447 (417)
11:52:37.87   [ IN : 337807 ===> 2 ]   468 (437)
11:52:38.90   [ RO : 337807 ===> 2 ]   448 (418)
11:52:46.87   [ IN : 2022116 ===> 2 ]   469 (438)
11:52:47.28   [ RO : 2022116 ===> 2 ]   449 (419)
11:52:52.49   [ IN : 8636771 ===> 2 ]   470 (439)
11:52:52.91   [ RO : 8636771 ===> 2 ]   450 (420)
11:52:59.48   [ IN : 2056124 ===> 2 ]   471 (440)
11:52:59.68   [ RO : 2056124 ===> 2 ]   451 (421)
11:53:05.70   [ IN : 8637647 ===> 2 ]   472 (441)
11:53:06.14   [ RO : 8637647 ===> 2 ]   452 (422)
11:53:07.47 * F0 03
11:53:07.47 * 83 04
11:53:07.68 * 83 83
11:53:09.90   [ IN : 2056124 ===> 2 ]   471 (440)
11:53:10.30   [ RO : 2056124 ===> 2 ]   451 (421)
11:53:18.51   [ IN : 8637647 ===> 2 ]   472 (441)
11:53:18.95   [ RO : 8637647 ===> 2 ]   452 (422)
11:53:27.61   [ IN : 2056124 ===> 2 ]   471 (440)
11:53:28.20 * F0 03
11:53:28.40 * 83 04
11:53:28.60 * 83 83
11:53:32.18   [ IN : 893829 ===> 2 ]   473 (442)
11:53:32.74   [ RO : 2754571 ===> 2 ]   453 (423)
11:53:38.10   [ IN : 8625548 ===> 2 ]   474 (443)
11:53:38.56   [ RO : 8625548 ===> 2 ]   454 (424)
11:53:42.48   [ IN : 962 ===> 2 ]   475 (444)
11:53:47.32 * F0 03
11:53:47.53 * 83 04
11:53:47.74 * 83 83
11:53:47.94   [ IN : 962 ===> 2 ]   475 (444)
11:53:47.94 * F0 03
11:53:48.14 * F0 03
11:53:48.34 * 83 04
11:53:48.56 * 83 83
11:53:57.06   [ IN : 962 ===> 2 ]   475 (444)
11:53:58.09   [ RO : 100962 ===> 2 ]   455 (425)
11:54:04.33   [ IN : 2052308 ===> 2 ]   476 (445)
11:54:04.89 * F0 03
11:54:05.10 * 83 04
11:54:05.31 * 83 83
11:54:06.33   [ IN : 2052308 ===> 2 ]   476 (445)
11:54:06.73   [ RO : 2052308 ===> 2 ]   456 (426)
11:54:13.50   [ IN : 2056149 ===> 2 ]   477 (446)
11:54:13.91   [ RO : 2056149 ===> 2 ]   457 (427)
11:54:21.16   [ IN : 2116219 ===> 2 ]   478 (447)
11:54:21.37   [ RO : 2116219 ===> 2 ]   458 (428)
11:54:33.30   [ IN : 45244 ===> 2 ]   479 (448)
11:54:34.33   [ RO : 145244 ===> 2 ]   459 (429)
11:54:41.21   [ IN : 2056131 ===> 2 ]   480 (449)
11:54:41.41   [ RO : 2056131 ===> 2 ]   460 (430)
11:54:46.99   [ IN : 2014505 ===> 2 ]   481 (450)
11:54:47.40   [ RO : 2014505 ===> 2 ]   461 (431)
11:54:53.51   [ IN : 8301298 ===> 2 ]   482 (451)
11:54:53.98   [ RO : 8301298 ===> 2 ]   462 (432)
11:54:59.44   [ IN : 2067278 ===> 2 ]   483 (452)
11:54:59.64   [ RO : 2067278 ===> 2 ]   463 (433)
11:55:03.87   [ IN : 236987 ===> 2 ]   484 (453)
11:55:04.90   [ RO : 236987 ===> 2 ]   464 (434)
11:55:09.22   [ IN : 879 ===> 2 ]   485 (454)
11:55:10.25   [ RO : 100879 ===> 2 ]   465 (435)
11:55:14.04   [ IN : 233642 ===> 2 ]   486 (455)
11:55:15.13   [ RO : 233642 ===> 2 ]   466 (436)
11:55:19.80   [ IN : 2025025 ===> 2 ]   487 (456)
11:55:20.20   [ RO : 2025025 ===> 2 ]   467 (437)
11:55:24.91   [ IN : 2019797 ===> 2 ]   488 (457)
11:55:25.35   [ RO : 2019797 ===> 2 ]   468 (438)
11:55:30.23   [ IN : 8163264 ===> 2 ]   489 (458)
11:55:30.70   [ RO : 8163264 ===> 2 ]   469 (439)
11:55:36.52   [ IN : 45451 ===> 2 ]   490 (459)
11:55:37.55   [ RO : 145451 ===> 2 ]   470 (440)
11:55:43.70   [ IN : 2082403 ===> 2 ]   491 (460)
11:55:44.10   [ RO : 2082403 ===> 2 ]   471 (441)
11:55:49.22   [ IN : 232761 ===> 2 ]   492 (461)
11:55:50.20   [ RO : 232761 ===> 2 ]   472 (442)
11:55:56.04   [ IN : 9581212 ===> 2 ]   493 (462)
11:55:56.47   [ RO : 9581212 ===> 2 ]   473 (443)
11:56:04.85   [ IN : 2116232 ===> 2 ]   494 (463)
11:56:05.05   [ RO : 2116232 ===> 2 ]   474 (444)
11:56:12.87   [ IN : 2022107 ===> 2 ]   495 (464)
11:56:13.27   [ RO : 2022107 ===> 2 ]   475 (445)
11:56:19.06   [ IN : 2104621 ===> 2 ]   496 (465)
11:56:19.47   [ RO : 2104621 ===> 2 ]   476 (446)
11:56:25.18   [ IN : 2087741 ===> 2 ]   497 (466)
11:56:25.38   [ RO : 2087741 ===> 2 ]   477 (447)
11:56:31.43   [ IN : 46132 ===> 2 ]   498 (467)
11:56:32.46   [ RO : 146132 ===> 2 ]   478 (448)
11:56:39.31   [ IN : 2032051 ===> 2 ]   499 (468)
11:56:39.72   [ RO : 2032051 ===> 2 ]   479 (449)
11:56:44.63   [ IN : 888371 ===> 2 ]   500 (469)
11:56:45.19   [ RO : 15599626 ===> 2 ]   78 (48)
11:57:17.09   [ IN : 233595 ===> 2 ]   501 (470)
11:57:18.12   [ RO : 233595 ===> 2 ]   480 (450)
11:57:29.09   [ IN : 1418056 ===> 2 ]   502 (471)
11:57:29.54   [ RO : 1418056 ===> 2 ]   481 (451)
11:57:39.45   [ IN : 8687 ===> 2 ]   503 (472)
11:57:40.48   [ RO : 108687 ===> 2 ]   482 (452)
11:57:47.11   [ IN : 8406702 ===> 2 ]   504 (473)
11:57:47.55   [ RO : 8406702 ===> 2 ]   483 (453)
11:57:54.47   [ IN : 363436 ===> 2 ]   505 (474)
11:57:55.45   [ RO : 363436 ===> 2 ]   484 (454)
11:57:58.17   [ IN : 363436 ===> 2 ]   505 (474)
11:57:59.39 * F0 03
11:57:59.39 * 83 04
11:57:59.59 * 83 83
11:58:03.61   [ IN : 2056129 ===> 2 ]   506 (475)
11:58:03.82   [ RO : 2056129 ===> 2 ]   485 (455)
11:58:11.38   [ IN : 2082413 ===> 2 ]   507 (476)
11:58:11.58   [ RO : 2082413 ===> 2 ]   486 (456)
11:58:25.08   [ IN : 1418072 ===> 2 ]   508 (477)
11:58:25.28   [ RO : 1418072 ===> 2 ]   487 (457)
11:58:36.26   [ IN : 2052325 ===> 2 ]   509 (478)
11:58:36.48   [ RO : 2052325 ===> 2 ]   488 (458)
11:58:42.68   [ IN : 993 ===> 2 ]   510 (479)
11:58:43.72   [ RO : 993 ===> 2 ]   489 (459)
11:58:49.21   [ IN : 45275 ===> 2 ]   511 (480)
11:58:50.24   [ RO : 145275 ===> 2 ]   490 (460)
11:58:55.20   [ IN : 435642 ===> 2 ]   512 (481)
11:58:56.23   [ RO : 435642 ===> 2 ]   491 (461)
11:59:02.33   [ IN : 435642 ===> 2 ]   512 (481)
11:59:07.95   [ IN : 7876 ===> 2 ]   513 (482)
11:59:08.98   [ RO : 107876 ===> 2 ]   492 (462)
11:59:14.50   [ IN : 8010610 ===> 2 ]   514 (483)
11:59:14.94   [ RO : 8010610 ===> 2 ]   493 (463)
11:59:19.99   [ IN : 2056187 ===> 2 ]   515 (484)
11:59:20.19   [ RO : 2056187 ===> 2 ]   494 (464)
11:59:25.86   [ IN : 2096173 ===> 2 ]   516 (485)
11:59:26.29   [ RO : 2096173 ===> 2 ]   495 (465)
11:59:32.60   [ IN : 416629 ===> 2 ]   517 (486)
11:59:33.64   [ RO : 416629 ===> 2 ]   496 (466)
11:59:40.51   [ IN : 307752 ===> 2 ]   518 (487)
11:59:41.55   [ RO : 307752 ===> 2 ]   497 (467)
11:59:51.38   [ IN : 502391 ===> 2 ]   519 (488)
11:59:51.96   [ RO : 14682123 ===> 2 ]   498 (468)
11:59:59.99   [ IN : 2050670 ===> 2 ]   520 (489)
12:00:00.19   [ RO : 2050670 ===> 2 ]   499 (469)
12:00:06.37   [ IN : 1302660 ===> 2 ]   521 (490)
12:00:06.78   [ RO : 1302660 ===> 2 ]   500 (470)
12:00:11.08   [ IN : 2109006 ===> 2 ]   522 (491)
12:00:11.49   [ RO : 2109006 ===> 2 ]   501 (471)
12:00:16.48   [ IN : 2056111 ===> 2 ]   523 (492)
12:00:16.90   [ RO : 2056111 ===> 2 ]   502 (472)
12:00:37.88   [ IN : 505209 ===> 2 ]   524 (493)
12:00:38.44   [ RO : 15599625 ===> 2 ]   11 (3)
12:00:47.48   [ IN : 45270 ===> 2 ]   525 (494)
12:00:48.55   [ RO : 145270 ===> 2 ]   503 (473)
12:00:53.34   [ IN : 2073649 ===> 2 ]   526 (495)
12:00:53.54   [ RO : 2073649 ===> 2 ]   504 (474)
12:00:59.89   [ IN : 762701 ===> 2 ]   527 (496)
12:01:00.46   [ RO : 3409931 ===> 2 ]   505 (475)
12:02:19.06   [ IN : 45388 ===> 2 ]   528 (497)
12:02:20.09   [ RO : 145388 ===> 2 ]   506 (476)
12:02:25.85   [ IN : 2052342 ===> 2 ]   529 (498)
12:02:26.05   [ RO : 2052342 ===> 2 ]   507 (477)
12:02:31.25   [ IN : 46125 ===> 2 ]   530 (499)
12:02:32.29   [ RO : 146125 ===> 2 ]   508 (478)
12:02:36.86   [ IN : 2019808 ===> 2 ]   531 (500)
12:02:37.30   [ RO : 2019808 ===> 2 ]   509 (479)
12:02:44.57   [ IN : 8200105 ===> 2 ]   532 (501)
12:02:45.02   [ RO : 8200105 ===> 2 ]   510 (480)
12:02:54.35   [ IN : 2061648 ===> 2 ]   533 (502)
12:02:54.79   [ RO : 2061648 ===> 2 ]   511 (481)
12:03:02.31   [ IN : 2070919 ===> 2 ]   534 (503)
12:03:02.71   [ RO : 2070919 ===> 2 ]   512 (482)
12:03:09.86   [ IN : 581120 ===> 2 ]   535 (504)
12:03:10.42   [ RO : 502059 ===> 2 ]   513 (483)
12:03:12.01   [ IN : 581120 ===> 2 ]   535 (504)
12:03:12.57   [ RO : 502059 ===> 2 ]   513 (483)
12:03:13.98 * 70 10
12:03:14.18 * 83 83
12:03:17.81   [ IN : 581120 ===> 2 ]   535 (504)
12:03:18.38   [ RO : 502059 ===> 2 ]   513 (483)
12:03:25.08   [ IN : 996 ===> 2 ]   536 (505)
12:03:26.07   [ RO : 100996 ===> 2 ]   514 (484)
12:03:30.11 * F0 03
12:03:30.11 * 83 04
12:03:30.31 * 83 83
12:03:32.31   [ IN : 2009003 ===> 2 ]   537 (506)
12:03:32.52   [ RO : 2009003 ===> 2 ]   515 (485)
12:03:35.49   [ IN : 2116205 ===> 2 ]   538 (507)
12:03:37.58 * F0 03
12:03:37.78 * 83 04
12:03:37.98 * 83 83
12:03:38.20 * F0 03
12:03:38.20   [ IN : 2116205 ===> 2 ]   538 (507)
12:03:38.41 * 83 04
12:03:38.62 * F0 03
12:03:38.62 * 83 04
12:03:38.83 * 83 83
12:03:44.65   [ IN : 2116205 ===> 2 ]   538 (507)
12:03:44.86   [ RO : 2116205 ===> 2 ]   516 (486)
12:03:54.22   [ IN : 7897273 ===> 2 ]   539 (508)
12:03:54.65   [ RO : 7897273 ===> 2 ]   517 (487)
12:04:43.61   [ IN : 1419835 ===> 2 ]   540 (509)
12:04:44.03   [ RO : 1419835 ===> 2 ]   518 (488)
12:04:54.72   [ IN : 2050677 ===> 2 ]   541 (510)
12:04:54.92   [ RO : 2050677 ===> 2 ]   519 (489)
12:05:12.47   [ IN : 7203859 ===> 2 ]   542 (511)
12:05:12.91   [ RO : 7203859 ===> 2 ]   520 (490)
12:05:16.17   [ IN : 8000521 ===> 2 ]   543 (512)
12:05:29.21   [ IN : 512 ===> 743 ]   285 (1)
12:05:29.21 * F0 03
12:05:29.42 * 83 04
12:05:29.63 * 83 83
12:05:29.63   [ IN : 8000521 ===> 2 ]   543 (512)
12:05:29.63 * F0 03
12:05:29.84 * 83 04
12:05:30.04 * 83 83
12:05:38.59   [ IN : 8000521 ===> 2 ]   543 (512)
12:05:39.15   [ RO : 8000521 ===> 2 ]   521 (491)
12:05:48.32   [ IN : 2116201 ===> 2 ]   544 (513)
12:05:48.79   [ RO : 2116201 ===> 2 ]   522 (492)
12:05:59.46   [ IN : 2096189 ===> 2 ]   545 (514)
12:05:59.66   [ RO : 2096189 ===> 2 ]   523 (493)
12:06:10.38   [ IN : 350317 ===> 2 ]   546 (515)
12:06:11.41   [ RO : 350317 ===> 2 ]   524 (494)
12:06:25.61   [ IN : 1418057 ===> 2 ]   547 (516)
12:06:26.01   [ RO : 1418057 ===> 2 ]   525 (495)
12:06:32.94   [ IN : 2096169 ===> 2 ]   548 (517)
12:06:33.16   [ RO : 2096169 ===> 2 ]   526 (496)
12:06:39.57   [ IN : 236368 ===> 2 ]   549 (518)
12:06:40.63   [ RO : 236368 ===> 2 ]   527 (497)
12:07:25.87   [ IN : 2082417 ===> 2 ]   550 (519)
12:07:26.07   [ RO : 2082417 ===> 2 ]   528 (498)
12:08:31.12   [ IN : 2088248 ===> 2 ]   551 (520)
12:08:31.56   [ RO : 2088248 ===> 2 ]   529 (499)
12:08:39.93   [ IN : 2052358 ===> 2 ]   552 (521)
12:08:40.15   [ RO : 2052358 ===> 2 ]   530 (500)
12:09:10.42   [ IN : 2111507 ===> 2 ]   553 (522)
12:09:10.82   [ RO : 2111507 ===> 2 ]   531 (501)
12:09:42.49   [ IN : 2088241 ===> 2 ]   554 (523)
12:09:42.90   [ RO : 2088241 ===> 2 ]   532 (502)
12:10:05.19   [ IN : 2077032 ===> 2 ]   555 (524)
12:10:05.39   [ RO : 2077032 ===> 2 ]   533 (503)
12:10:22.79   [ IN : 2052313 ===> 2 ]   556 (525)
12:10:23.00   [ RO : 2052313 ===> 2 ]   534 (504)
12:10:33.61   [ IN : 2109007 ===> 2 ]   557 (526)
12:10:33.81   [ RO : 2109007 ===> 2 ]   535 (505)
12:10:54.59   [ IN : 2096193 ===> 2 ]   558 (527)
12:10:55.00   [ RO : 2096193 ===> 2 ]   536 (506)
12:11:01.74   [ IN : 604044 ===> 2 ]   559 (528)
12:11:02.30   [ RO : 7407627 ===> 2 ]   537 (507)
12:11:08.43   [ IN : 2022200 ===> 2 ]   560 (529)
12:11:08.84   [ RO : 2022200 ===> 2 ]   538 (508)
12:11:16.45   [ IN : 332831 ===> 2 ]   561 (530)
12:11:17.45   [ RO : 332831 ===> 2 ]   539 (509)
12:11:22.85   [ IN : 2116216 ===> 2 ]   562 (531)
12:11:23.28   [ RO : 2116216 ===> 2 ]   540 (510)
12:11:44.78   [ IN : 2041760 ===> 2 ]   563 (532)
12:11:45.18   [ RO : 2041760 ===> 2 ]   541 (511)
12:12:18.71   [ IN : 206318 ===> 2 ]   564 (533)
12:12:19.80   [ RO : 206318 ===> 2 ]   542 (512)
12:12:31.06   [ IN : 7202600 ===> 2 ]   565 (534)
12:12:31.50   [ RO : 7202600 ===> 2 ]   543 (513)
12:12:32.30 * F0 03
12:12:32.30 * 83 04
12:12:32.50 * 83 83
12:12:41.80   [ IN : 7202600 ===> 2 ]   565 (534)
12:12:42.34   [ RO : 7202600 ===> 2 ]   543 (513)
12:12:59.19   [ IN : 2111508 ===> 2 ]   566 (535)
12:12:59.61   [ RO : 2111508 ===> 2 ]   544 (514)
12:13:12.70   [ IN : 7205527 ===> 2 ]   567 (536)
12:13:13.14   [ RO : 7205527 ===> 2 ]   545 (515)
12:13:19.42   [ IN : 9550344 ===> 2 ]   568 (537)
12:13:19.86   [ RO : 9550344 ===> 2 ]   546 (516)
12:13:24.63   [ IN : 1396203 ===> 2 ]   569 (538)
12:13:24.85   [ RO : 1396203 ===> 2 ]   547 (517)
12:13:29.80   [ IN : 1399403 ===> 2 ]   570 (539)
12:13:30.20   [ RO : 1399403 ===> 2 ]   548 (518)
12:13:36.48   [ IN : 760501 ===> 2 ]   571 (540)
12:13:37.04   [ RO : 15599626 ===> 2 ]   78 (48)
12:13:42.25   [ IN : 504276 ===> 2 ]   572 (541)
12:13:42.81   [ RO : 15599625 ===> 2 ]   11 (3)
12:13:49.97   [ IN : 2082358 ===> 2 ]   573 (542)
12:13:50.17   [ RO : 2082358 ===> 2 ]   549 (519)
12:14:45.35   [ IN : 1300723 ===> 2 ]   574 (543)
12:14:45.77   [ RO : 1300723 ===> 2 ]   550 (520)
12:14:54.21   [ IN : 2082415 ===> 2 ]   575 (544)
12:14:54.63   [ RO : 2082415 ===> 2 ]   551 (521)
12:15:02.90   [ IN : 2116240 ===> 2 ]   576 (545)
12:15:03.34   [ RO : 2116240 ===> 2 ]   552 (522)
12:15:12.18   [ IN : 2116235 ===> 2 ]   577 (546)
12:15:12.60   [ RO : 2116235 ===> 2 ]   553 (523)
12:15:19.51   [ IN : 2066476 ===> 2 ]   578 (547)
12:15:19.92   [ RO : 2066476 ===> 2 ]   554 (524)
12:15:28.62   [ IN : 9127807 ===> 2 ]   579 (548)
12:15:29.06   [ RO : 9127807 ===> 2 ]   555 (525)
12:15:57.42   [ IN : 307751 ===> 2 ]   580 (549)
12:15:58.45   [ RO : 307751 ===> 2 ]   556 (526)
12:16:06.22   [ IN : 348323 ===> 2 ]   581 (550)
12:16:07.25   [ RO : 348323 ===> 2 ]   557 (527)
12:16:10.62   [ IN : 9102819 ===> 2 ]   582 (551)
12:16:11.07   [ RO : 9102819 ===> 2 ]   558 (528)
12:16:19.60   [ IN : 9000015 ===> 2 ]   583 (552)
12:16:20.09   [ RO : 9000015 ===> 2 ]   559 (529)
12:16:28.56   [ IN : 505293 ===> 2 ]   584 (553)
12:16:29.12   [ RO : 15599625 ===> 2 ]   11 (3)
12:16:51.18   [ IN : 921 ===> 2 ]   585 (554)
12:16:52.22   [ RO : 100921 ===> 2 ]   560 (530)
12:16:56.62   [ IN : 9010701 ===> 2 ]   586 (555)
12:16:57.06   [ RO : 9010701 ===> 2 ]   561 (531)
12:17:09.63   [ IN : 337869 ===> 2 ]   587 (556)
12:17:10.71   [ RO : 337869 ===> 2 ]   562 (532)
12:17:18.53   [ IN : 2015010 ===> 2 ]   588 (557)
12:17:18.93   [ RO : 2015010 ===> 2 ]   563 (533)
12:17:56.59   [ IN : 14212 ===> 2 ]   589 (558)
12:17:58.31   [ RO : 114212 ===> 2 ]   564 (534)
12:18:10.08   [ IN : 2052331 ===> 2 ]   590 (559)
12:18:10.30   [ RO : 2052331 ===> 2 ]   565 (535)
12:18:41.18   [ IN : 522004 ===> 2 ]   591 (560)
12:18:41.77   [ RO : 15599625 ===> 2 ]   11 (3)
12:18:49.65   [ IN : 45541 ===> 2 ]   592 (561)
12:18:50.69   [ RO : 145541 ===> 2 ]   566 (536)
12:18:57.01   [ IN : 1399916 ===> 2 ]   593 (562)
12:18:57.41   [ RO : 1399916 ===> 2 ]   567 (537)
12:19:00.97   [ IN : 2019798 ===> 2 ]   594 (563)
12:19:01.38   [ RO : 2019798 ===> 2 ]   568 (538)
12:19:07.12   [ IN : 2116222 ===> 2 ]   595 (564)
12:19:07.52   [ RO : 2116222 ===> 2 ]   569 (539)
12:19:13.51   [ IN : 2022128 ===> 2 ]   596 (565)
12:19:13.94   [ RO : 2022128 ===> 2 ]   570 (540)
12:19:18.94   [ IN : 7991224 ===> 2 ]   597 (566)
12:19:19.38   [ RO : 7991224 ===> 2 ]   571 (541)
12:19:29.75   [ IN : 46133 ===> 2 ]   598 (567)
12:19:30.78   [ RO : 146133 ===> 2 ]   572 (542)
12:20:44.35   [ IN : 1396265 ===> 2 ]   599 (568)
12:20:44.79   [ RO : 1396265 ===> 2 ]   573 (543)
12:20:51.03   [ IN : 337883 ===> 2 ]   600 (569)
12:20:52.01   [ RO : 337883 ===> 2 ]   574 (544)
12:20:59.16   [ IN : 1397547 ===> 2 ]   601 (570)
12:20:59.36   [ RO : 1397547 ===> 2 ]   575 (545)
12:22:16.44   [ IN : 1420822 ===> 2 ]   602 (571)
12:22:16.85   [ RO : 1420822 ===> 2 ]   576 (546)
12:22:23.41   [ IN : 9010328 ===> 2 ]   603 (572)
12:22:23.85   [ RO : 9010328 ===> 2 ]   577 (547)
12:22:30.03   [ IN : 307784 ===> 2 ]   604 (573)
12:22:31.01   [ RO : 307784 ===> 2 ]   578 (548)
12:22:44.35   [ IN : 442831 ===> 2 ]   605 (574)
12:22:45.38   [ RO : 442831 ===> 2 ]   579 (549)
12:22:52.29   [ IN : 363486 ===> 2 ]   606 (575)
12:22:53.32   [ RO : 363486 ===> 2 ]   580 (550)
12:22:57.59   [ IN : 2025050 ===> 2 ]   607 (576)
12:22:58.03   [ RO : 2025050 ===> 2 ]   581 (551)
12:23:04.97   [ IN : 1393113 ===> 2 ]   608 (577)
12:23:05.39   [ RO : 1393113 ===> 2 ]   582 (552)
12:23:24.05   [ IN : 888362 ===> 2 ]   609 (578)
12:23:24.63   [ RO : 15599626 ===> 2 ]   78 (48)
12:23:31.65   [ IN : 2045587 ===> 2 ]   610 (579)
12:23:31.85   [ RO : 2045587 ===> 2 ]   583 (553)
12:23:37.08   [ IN : 45303 ===> 2 ]   611 (580)
12:23:38.15   [ RO : 145303 ===> 2 ]   584 (554)
12:23:42.86   [ IN : 2088240 ===> 2 ]   612 (581)
12:23:43.27   [ RO : 2088240 ===> 2 ]   585 (555)
12:23:45.56   [ IN : 2098008 ===> 2 ]   613 (582)
12:23:48.53   [ IN : 2098008 ===> 2 ]   613 (582)
12:23:48.93   [ RO : 2098008 ===> 2 ]   586 (556)
12:23:56.58   [ IN : 963 ===> 2 ]   614 (583)
12:23:57.61   [ RO : 100963 ===> 2 ]   587 (557)
12:24:04.70   [ IN : 1396246 ===> 2 ]   615 (584)
12:24:04.91   [ RO : 1396246 ===> 2 ]   588 (558)
12:24:11.90   [ IN : 2098005 ===> 2 ]   616 (585)
12:24:12.33   [ RO : 2098005 ===> 2 ]   589 (559)
12:24:18.45   [ IN : 888364 ===> 2 ]   617 (586)
12:24:19.01   [ RO : 15599625 ===> 2 ]   11 (3)
12:24:25.75   [ IN : 2050675 ===> 2 ]   618 (587)
12:24:26.15   [ RO : 2050675 ===> 2 ]   590 (560)
12:24:44.67   [ IN : 1080705 ===> 2 ]   619 (588)
12:24:45.09   [ RO : 1080705 ===> 2 ]   591 (561)
12:24:55.25   [ IN : 1416911 ===> 2 ]   620 (589)
12:24:55.65   [ RO : 1416911 ===> 2 ]   592 (562)
12:24:59.99   [ IN : 1396118 ===> 2 ]   621 (590)
12:25:00.19   [ RO : 1396118 ===> 2 ]   593 (563)
12:25:05.40   [ IN : 9411021 ===> 2 ]   622 (591)
12:25:05.84   [ RO : 9411021 ===> 2 ]   594 (564)
12:25:14.14   [ IN : 8640924 ===> 2 ]   623 (592)
12:25:14.56   [ RO : 8640924 ===> 2 ]   595 (565)
12:25:21.08   [ IN : 350315 ===> 2 ]   624 (593)
12:25:22.11   [ RO : 350315 ===> 2 ]   596 (566)
12:25:27.51   [ IN : 2009105 ===> 2 ]   625 (594)
12:25:27.91   [ RO : 2009105 ===> 2 ]   597 (567)
12:25:34.28   [ IN : 1009733 ===> 2 ]   626 (595)
12:25:34.69   [ RO : 1009733 ===> 2 ]   598 (568)
12:25:45.67   [ IN : 7934977 ===> 2 ]   627 (596)
12:25:46.09   [ RO : 7934977 ===> 2 ]   599 (569)
12:25:55.06   [ IN : 1986007 ===> 2 ]   628 (597)
12:25:55.50   [ RO : 1986007 ===> 2 ]   600 (570)
12:26:01.36   [ IN : 2078496 ===> 2 ]   629 (598)
12:26:01.78   [ RO : 2078496 ===> 2 ]   601 (571)
12:26:04.90   [ IN : 8627500 ===> 2 ]   630 (599)
12:26:05.34   [ RO : 8627500 ===> 2 ]   602 (572)
12:26:17.85   [ IN : 8000420 ===> 2 ]   631 (600)
12:26:18.29   [ RO : 8000420 ===> 2 ]   603 (573)
12:26:25.37   [ IN : 2056197 ===> 2 ]   632 (601)
12:26:25.82   [ RO : 2056197 ===> 2 ]   604 (574)
12:26:29.94   [ IN : 46050 ===> 2 ]   633 (602)
12:26:30.97   [ RO : 146050 ===> 2 ]   605 (575)
12:26:35.60   [ IN : 232837 ===> 2 ]   634 (603)
12:26:36.59   [ RO : 232837 ===> 2 ]   606 (576)
12:26:42.01   [ IN : 45186 ===> 2 ]   635 (604)
12:26:43.00   [ RO : 145186 ===> 2 ]   607 (577)
12:26:57.54   [ IN : 869 ===> 2 ]   636 (605)
12:26:58.60   [ RO : 100869 ===> 2 ]   608 (578)
12:27:11.20   [ IN : 2069577 ===> 2 ]   637 (606)
12:27:11.41   [ RO : 2069577 ===> 2 ]   609 (579)
12:27:20.31   [ IN : 2072265 ===> 2 ]   638 (607)
12:27:20.52   [ RO : 2072265 ===> 2 ]   610 (580)
12:27:27.16   [ IN : 2052315 ===> 2 ]   639 (608)
12:27:27.57   [ RO : 2052315 ===> 2 ]   611 (581)
12:27:32.47   [ IN : 9966699 ===> 2 ]   640 (609)
12:27:32.90   [ RO : 9966699 ===> 2 ]   612 (582)
12:27:40.64   [ IN : 1418069 ===> 2 ]   641 (610)
12:27:41.08   [ RO : 1418069 ===> 2 ]   613 (583)
12:27:46.43   [ IN : 2087743 ===> 2 ]   642 (611)
12:27:46.83   [ RO : 2087743 ===> 2 ]   614 (584)
12:27:51.90   [ IN : 2056106 ===> 2 ]   643 (612)
12:27:52.32   [ RO : 2056106 ===> 2 ]   615 (585)
12:28:45.22   [ IN : 307575 ===> 2 ]   644 (613)
12:28:46.25   [ RO : 307575 ===> 2 ]   616 (586)
12:28:52.76   [ IN : 5615 ===> 2 ]   645 (614)
12:28:53.80   [ RO : 105615 ===> 2 ]   617 (587)
12:29:16.75   [ IN : 2014979 ===> 2 ]   646 (615)
12:29:17.17   [ RO : 2014979 ===> 2 ]   618 (588)
12:29:23.62   [ IN : 45396 ===> 2 ]   647 (616)
12:29:24.65   [ RO : 145396 ===> 2 ]   619 (589)
12:29:29.40   [ IN : 2022202 ===> 2 ]   648 (617)
12:29:29.84   [ RO : 2022202 ===> 2 ]   620 (590)
12:30:30.48   [ IN : 45286 ===> 2 ]   649 (618)
12:30:31.52   [ RO : 145286 ===> 2 ]   621 (591)
12:30:36.03   [ IN : 45227 ===> 2 ]   650 (619)
12:30:37.03   [ RO : 145227 ===> 2 ]   622 (592)
12:32:19.74   [ IN : 2116215 ===> 2 ]   651 (620)
12:32:20.15   [ RO : 2116215 ===> 2 ]   623 (593)
12:32:29.16   [ IN : 2056171 ===> 2 ]   652 (621)
12:32:29.37   [ RO : 2056171 ===> 2 ]   624 (594)
12:32:35.48   [ IN : 2109008 ===> 2 ]   653 (622)
12:32:35.68   [ RO : 2109008 ===> 2 ]   625 (595)
12:32:43.23   [ IN : 2041785 ===> 2 ]   654 (623)
12:32:43.64   [ RO : 2041785 ===> 2 ]   626 (596)
12:32:50.49   [ IN : 8131273 ===> 2 ]   655 (624)
12:32:50.96   [ RO : 8131273 ===> 2 ]   627 (597)
12:32:57.30   [ IN : 2069797 ===> 2 ]   656 (625)
12:32:57.52   [ RO : 2069797 ===> 2 ]   628 (598)
12:33:16.68   [ IN : 2056160 ===> 2 ]   657 (626)
12:33:17.09   [ RO : 2056160 ===> 2 ]   629 (599)
12:33:24.57   [ IN : 2011551 ===> 2 ]   658 (627)
12:33:24.98   [ RO : 2011551 ===> 2 ]   630 (600)
12:33:30.97   [ IN : 2107964 ===> 2 ]   659 (628)
12:33:31.17   [ RO : 2107964 ===> 2 ]   631 (601)
12:33:39.02   [ IN : 2111509 ===> 2 ]   660 (629)
12:33:39.22   [ RO : 2111509 ===> 2 ]   632 (602)
12:34:01.39   [ IN : 2056104 ===> 2 ]   661 (630)
12:34:01.80   [ RO : 2056104 ===> 2 ]   633 (603)
12:34:28.41   [ IN : 2079337 ===> 2 ]   662 (631)
12:34:28.81   [ RO : 2079337 ===> 2 ]   634 (604)
12:34:49.92   [ IN : 2032059 ===> 2 ]   663 (632)
12:34:50.33   [ RO : 2032059 ===> 2 ]   635 (605)
12:35:41.99   [ IN : 206018 ===> 2 ]   664 (633)
12:35:43.02   [ RO : 206018 ===> 2 ]   636 (606)
12:36:25.60   [ IN : 2052332 ===> 2 ]   665 (634)
12:36:26.00   [ RO : 2052332 ===> 2 ]   637 (607)
12:36:41.80   [ IN : 307712 ===> 2 ]   666 (635)
12:36:42.85   [ RO : 307712 ===> 2 ]   638 (608)
12:36:50.68   [ IN : 2078490 ===> 2 ]   667 (636)
12:36:50.88   [ RO : 2078490 ===> 2 ]   639 (609)
12:36:55.97   [ IN : 1302673 ===> 2 ]   668 (637)
12:36:56.38   [ RO : 1302673 ===> 2 ]   640 (610)
12:36:59.99   [ IN : 2056170 ===> 2 ]   669 (638)
12:37:00.21   [ RO : 2056170 ===> 2 ]   641 (611)
12:37:32.07   [ IN : 2116248 ===> 2 ]   670 (639)
12:37:32.27   [ RO : 2116248 ===> 2 ]   642 (612)
12:37:37.82   [ IN : 2052340 ===> 2 ]   671 (640)
12:37:38.26   [ RO : 2052340 ===> 2 ]   643 (613)
12:37:44.02   [ IN : 410315 ===> 2 ]   672 (641)
12:37:45.08   [ RO : 410315 ===> 2 ]   644 (614)
12:37:49.63   [ IN : 1401005 ===> 2 ]   673 (642)
12:37:50.04   [ RO : 1401005 ===> 2 ]   645 (615)
12:37:54.89   [ IN : 339868 ===> 2 ]   674 (643)
12:37:55.87   [ RO : 339868 ===> 2 ]   646 (616)
12:38:01.16   [ IN : 2066490 ===> 2 ]   675 (644)
12:38:01.58   [ RO : 2066490 ===> 2 ]   647 (617)
12:38:11.50   [ IN : 1603266 ===> 2 ]   676 (645)
12:38:11.72   [ RO : 1603266 ===> 2 ]   648 (618)
12:38:46.51   [ IN : 433023 ===> 2 ]   677 (646)
12:38:47.60   [ RO : 433023 ===> 2 ]   649 (619)
12:39:00.55   [ IN : 2082427 ===> 2 ]   678 (647)
12:39:00.96   [ RO : 2082427 ===> 2 ]   650 (620)
12:39:07.24   [ IN : 2116245 ===> 2 ]   679 (648)
12:39:07.66   [ RO : 2116245 ===> 2 ]   651 (621)
12:39:16.54   [ IN : 2069834 ===> 2 ]   680 (649)
12:39:16.98   [ RO : 2069834 ===> 2 ]   652 (622)
12:39:46.10   [ IN : 878 ===> 2 ]   681 (650)
12:39:47.13   [ RO : 100878 ===> 2 ]   653 (623)
12:40:05.34   [ IN : 2098010 ===> 2 ]   682 (651)
12:40:05.78   [ RO : 2098010 ===> 2 ]   654 (624)
12:41:49.64   [ IN : 2096163 ===> 2 ]   683 (652)
12:41:49.84   [ RO : 2096163 ===> 2 ]   655 (625)
12:42:00.01   [ IN : 2010851 ===> 2 ]   684 (653)
12:42:02.53   [ RO : 2010851 ===> 2 ]   656 (626)
12:43:04.24   [ IN : 2052307 ===> 2 ]   685 (654)
12:43:04.44   [ RO : 2052307 ===> 2 ]   657 (627)
12:43:11.29   [ IN : 2052319 ===> 2 ]   686 (655)
12:43:11.70   [ RO : 2052319 ===> 2 ]   658 (628)
12:43:20.90   [ IN : 1969032 ===> 2 ]   687 (656)
12:43:21.35   [ RO : 1969032 ===> 2 ]   659 (629)
12:43:34.14   [ IN : 45229 ===> 2 ]   688 (657)
12:43:35.17   [ RO : 145229 ===> 2 ]   660 (630)
12:43:42.96   [ IN : 8636768 ===> 2 ]   689 (658)
12:43:43.41   [ RO : 8636768 ===> 2 ]   661 (631)
12:43:51.38   [ IN : 2082424 ===> 2 ]   690 (659)
12:43:51.82   [ RO : 2082424 ===> 2 ]   662 (632)
12:44:05.31   [ IN : 1407624 ===> 2 ]   691 (660)
12:44:05.52   [ RO : 1407624 ===> 2 ]   663 (633)
12:44:16.30   [ IN : 8106010 ===> 2 ]   692 (661)
12:44:16.86   [ RO : 8106010 ===> 2 ]   664 (634)
12:45:00.12   [ IN : 2096199 ===> 2 ]   693 (662)
12:45:00.52   [ RO : 2096199 ===> 2 ]   665 (635)
12:45:03.38   [ IN : 2096153 ===> 2 ]   694 (663)
12:45:03.60   [ RO : 2096153 ===> 2 ]   666 (636)
12:45:16.71   [ IN : 2022135 ===> 2 ]   695 (664)
12:45:16.92   [ RO : 2022135 ===> 2 ]   667 (637)
12:47:03.82   [ IN : 2061638 ===> 2 ]   696 (665)
12:47:04.04   [ RO : 2061638 ===> 2 ]   668 (638)
12:48:06.94   [ IN : 2056121 ===> 2 ]   697 (666)
12:48:07.36   [ RO : 2056121 ===> 2 ]   669 (639)
12:48:14.45   [ IN : 2082331 ===> 2 ]   698 (667)
12:48:14.65   [ RO : 2082331 ===> 2 ]   670 (640)
12:48:35.10   [ IN : 339855 ===> 2 ]   699 (668)
12:48:36.16   [ RO : 339855 ===> 2 ]   671 (641)
12:49:30.04   [ IN : 301432 ===> 2 ]   700 (669)
12:49:31.04   [ RO : 301432 ===> 2 ]   672 (642)
12:49:37.77   [ IN : 2079339 ===> 2 ]   701 (670)
12:49:37.98   [ RO : 2079339 ===> 2 ]   673 (643)
12:49:47.06   [ IN : 2056127 ===> 2 ]   702 (671)
12:49:47.47   [ RO : 2056127 ===> 2 ]   674 (644)
12:50:02.73   [ IN : 45459 ===> 2 ]   703 (672)
12:50:03.76   [ RO : 145459 ===> 2 ]   675 (645)
12:50:11.04   [ IN : 45445 ===> 2 ]   704 (673)
12:50:12.02   [ RO : 145445 ===> 2 ]   676 (646)
12:50:17.23   [ IN : 2092461 ===> 2 ]   705 (674)
12:50:17.67   [ RO : 2092461 ===> 2 ]   677 (647)
12:50:24.55   [ IN : 2022153 ===> 2 ]   706 (675)
12:50:24.96   [ RO : 2022153 ===> 2 ]   678 (648)
12:51:16.19   [ IN : 2116224 ===> 2 ]   707 (676)
12:51:16.39   [ RO : 2116224 ===> 2 ]   679 (649)
12:51:28.49   [ IN : 2096186 ===> 2 ]   708 (677)
12:51:28.93   [ RO : 2096186 ===> 2 ]   680 (650)
12:52:21.89   [ IN : 45368 ===> 2 ]   709 (678)
12:52:22.89   [ RO : 145368 ===> 2 ]   681 (651)
12:52:27.43   [ IN : 502394 ===> 2 ]   710 (679)
12:52:27.99   [ RO : 15599882 ===> 2 ]   682 (652)
12:52:33.36   [ IN : 2081304 ===> 2 ]   711 (680)
12:52:33.77   [ RO : 2081304 ===> 2 ]   683 (653)
12:52:37.85   [ IN : 8683 ===> 2 ]   712 (681)
12:52:38.91   [ RO : 108683 ===> 2 ]   684 (654)
12:52:43.94   [ IN : 2082408 ===> 2 ]   713 (682)
12:52:44.37   [ RO : 2082408 ===> 2 ]   685 (655)
12:53:43.70   [ IN : 2070917 ===> 2 ]   714 (683)
12:53:43.90   [ RO : 2070917 ===> 2 ]   686 (656)
12:54:58.86   [ IN : 9102149 ===> 2 ]   715 (684)
12:54:59.28   [ RO : 9102149 ===> 2 ]   687 (657)
12:56:06.22   [ IN : 45544 ===> 2 ]   716 (685)
12:56:07.27   [ RO : 145544 ===> 2 ]   688 (658)
12:56:33.90   [ IN : 2116224 ===> 2 ]   707 (676)
12:56:34.11   [ RO : 2116224 ===> 2 ]   679 (649)
12:57:17.37   [ IN : 363412 ===> 2 ]   717 (686)
12:57:18.36   [ RO : 363412 ===> 2 ]   689 (659)
12:57:23.61   [ IN : 45281 ===> 2 ]   718 (687)
12:57:24.66   [ RO : 145281 ===> 2 ]   690 (660)
12:57:30.62   [ IN : 2072233 ===> 2 ]   719 (688)
12:57:31.04   [ RO : 2072233 ===> 2 ]   691 (661)
12:57:37.39   [ IN : 1603726 ===> 2 ]   720 (689)
12:57:37.81   [ RO : 1603726 ===> 2 ]   692 (662)
12:57:43.92   [ IN : 7710519 ===> 2 ]   721 (690)
12:57:46.47   [ RO : 7710519 ===> 2 ]   693 (663)
12:58:19.21   [ IN : 2116226 ===> 2 ]   722 (691)
12:58:19.63   [ RO : 2116226 ===> 2 ]   694 (664)
12:59:01.72   [ IN : 2079334 ===> 2 ]   723 (692)
12:59:02.16   [ RO : 2079334 ===> 2 ]   695 (665)
12:59:45.73   [ IN : 7898987 ===> 2 ]   724 (693)
12:59:46.20   [ RO : 7898987 ===> 2 ]   696 (666)
12:59:51.75   [ IN : 337872 ===> 2 ]   725 (694)
12:59:52.78   [ RO : 337872 ===> 2 ]   697 (667)
13:01:30.34   [ IN : 9000708 ===> 2 ]   726 (695)
13:01:30.78   [ RO : 9000708 ===> 2 ]   698 (668)
13:02:22.53   [ IN : 2052385 ===> 2 ]   727 (696)
13:02:22.96   [ RO : 2052385 ===> 2 ]   699 (669)
13:02:33.38   [ IN : 8637648 ===> 2 ]   728 (697)
13:02:33.82   [ RO : 8637648 ===> 2 ]   700 (670)
13:02:41.84   [ IN : 332840 ===> 2 ]   729 (698)
13:02:42.88   [ RO : 332840 ===> 2 ]   701 (671)
13:03:01.34   [ IN : 9102026 ===> 2 ]   730 (699)
13:03:01.76   [ RO : 9102026 ===> 2 ]   702 (672)
13:03:17.11   [ IN : 2092465 ===> 2 ]   731 (700)
13:03:17.52   [ RO : 2092465 ===> 2 ]   703 (673)
13:03:54.97   [ IN : 2079338 ===> 2 ]   732 (701)
13:03:55.39   [ RO : 2079338 ===> 2 ]   704 (674)
13:05:13.39   [ IN : 2056123 ===> 2 ]   733 (702)
13:05:13.81   [ RO : 2056123 ===> 2 ]   705 (675)
13:06:08.24   [ IN : 46143 ===> 2 ]   734 (703)
13:06:09.27   [ RO : 146143 ===> 2 ]   706 (676)
13:06:14.03   [ IN : 9111113 ===> 2 ]   735 (704)
13:06:14.50   [ RO : 9111113 ===> 2 ]   707 (677)
13:06:20.55   [ IN : 232790 ===> 2 ]   736 (705)
13:06:21.58   [ RO : 232790 ===> 2 ]   708 (678)
13:06:27.88   [ IN : 2066495 ===> 2 ]   737 (706)
13:06:28.32   [ RO : 2066495 ===> 2 ]   709 (679)
13:07:08.99   [ IN : 2019790 ===> 2 ]   738 (707)
13:07:09.39   [ RO : 2019790 ===> 2 ]   710 (680)
13:08:38.72   [ IN : 427673 ===> 2 ]   739 (708)
13:08:39.75   [ RO : 427673 ===> 2 ]   711 (681)
13:10:03.97   [ IN : 1418059 ===> 2 ]   740 (709)
13:10:04.19   [ RO : 1418059 ===> 2 ]   712 (682)
13:10:51.98   [ IN : 332857 ===> 2 ]   741 (710)
13:10:53.01   [ RO : 332857 ===> 2 ]   713 (683)
13:11:43.25   [ IN : 2087802 ===> 2 ]   742 (711)
13:11:43.46   [ RO : 2087802 ===> 2 ]   714 (684)
13:13:39.71   [ IN : 7700206 ===> 2 ]   743 (712)
13:13:40.18   [ RO : 7700206 ===> 2 ]   715 (685)
13:13:46.85   [ IN : 2056156 ===> 2 ]   744 (713)
13:13:47.27   [ RO : 2056156 ===> 2 ]   716 (686)
13:14:45.31   [ IN : 448951 ===> 2 ]   745 (714)
13:14:46.32   [ RO : 448951 ===> 2 ]   717 (687)
13:15:12.20   [ IN : 2024923 ===> 2 ]   746 (715)
13:15:12.61   [ RO : 2024923 ===> 2 ]   718 (688)
13:15:32.18   [ IN : 682064 ===> 2 ]   747 (716)
13:15:32.75   [ RO : 15599882 ===> 2 ]   682 (652)
13:15:46.91   [ IN : 2066494 ===> 2 ]   748 (717)
13:15:47.13   [ RO : 2066494 ===> 2 ]   719 (689)
13:22:53.63   [ IN : 2096175 ===> 2 ]   749 (718)
13:22:53.84   [ RO : 2096175 ===> 2 ]   720 (690)
13:23:17.83   [ IN : 872 ===> 2 ]   750 (719)
13:23:18.87   [ RO : 100872 ===> 2 ]   721 (691)
13:27:00.16   [ IN : 7209662 ===> 2 ]   751 (720)
13:27:00.60   [ RO : 7209662 ===> 2 ]   722 (692)
