2017-08-08 15:27:32.8853 #      ALL # ************************************************************************************************************************
2017-08-08 15:27:32.8853 #      ALL # SPORTident.ConfigPlus (v2.0.3.17107) started
2017-08-08 15:27:32.8853 #      ALL # Settings file located at: C:\Users\Adam\AppData\Roaming\SPORTident\Config\SPORTident.ConfigPlus.settings
2017-08-08 15:27:32.8853 #      ALL # Starting up application, runlevel is set to: Startup...
2017-08-08 15:27:32.8853 #      ALL # External reference created to mscorlib, Version=4.0.0.0, Culture=neutral, PublicKeyToken=b77a5c561934e089
2017-08-08 15:27:32.8853 #      ALL # External reference created to System.Drawing, Version=4.0.0.0, Culture=neutral, PublicKeyToken=b03f5f7f11d50a3a
2017-08-08 15:27:32.8853 #      ALL # External reference created to System.Windows.Forms, Version=4.0.0.0, Culture=neutral, PublicKeyToken=b77a5c561934e089
2017-08-08 15:27:32.8853 #      ALL # External reference created to System, Version=4.0.0.0, Culture=neutral, PublicKeyToken=b77a5c561934e089
2017-08-08 15:27:32.8853 #      ALL # External reference created to YAXLib, Version=2.0.1.0, Culture=neutral, PublicKeyToken=e21655a665f6ae1b
2017-08-08 15:27:32.8853 #      ALL # External reference created to SPORTident.Communication, Version=2.17.6296.17105, Culture=neutral, PublicKeyToken=e21655a665f6ae1b
2017-08-08 15:27:32.8853 #      ALL # External reference created to ObjectListView, Version=2.9.1.27756, Culture=neutral, PublicKeyToken=b1c5bf581481bcd4
2017-08-08 15:27:32.8853 #      ALL # External reference created to Microsoft.WindowsAPICodePack.Shell, Version=1.1.0.0, Culture=neutral, PublicKeyToken=31bf3856ad364e35
2017-08-08 15:27:32.8853 #      ALL # External reference created to System.Xml, Version=4.0.0.0, Culture=neutral, PublicKeyToken=b77a5c561934e089
2017-08-08 15:27:32.8853 #      ALL # External reference created to Ionic.Zip, Version=1.9.1.8, Culture=neutral, PublicKeyToken=edbe51ad942a3f5c
2017-08-08 15:27:32.8853 #      ALL # External reference created to ListViewPrinter, Version=2.5.0.27757, Culture=neutral, PublicKeyToken=21b031892bc54fb5
2017-08-08 15:27:32.8853 #      ALL # External reference created to System.Core, Version=4.0.0.0, Culture=neutral, PublicKeyToken=b77a5c561934e089
2017-08-08 15:27:32.8853 #     FINE # Initializing localization library...
2017-08-08 15:27:32.9165 #      ALL # ++++++++++++++++++++++++++++++++++++++++++++++++++++++++++++++++++++++++++++++++++++++++++++++++++++
2017-08-08 15:27:32.9165 #     FINE # Application environment information:
2017-08-08 15:27:32.9165 #     FINE # Application execution path: C:\SportSoftware\ConfigPlus
2017-08-08 15:27:32.9321 #     FINE # Application settings path: C:\Users\Adam\AppData\Roaming\SPORTident\Config
2017-08-08 15:27:32.9321 #     FINE # Application log path: C:\Users\Adam\AppData\Roaming\SPORTident\Config\log
2017-08-08 15:27:32.9321 #     FINE # Firmware update path: C:\Users\Adam\AppData\Roaming\SPORTident\Config\updates\firmware
2017-08-08 15:27:32.9321 #      ALL # ++++++++++++++++++++++++++++++++++++++++++++++++++++++++++++++++++++++++++++++++++++++++++++++++++++
2017-08-08 15:27:32.9321 #     INFO # Settings loading...
2017-08-08 15:27:32.9321 #     FINE # Loading and applying settings from file C:\Users\Adam\AppData\Roaming\SPORTident\Config\SPORTident.ConfigPlus.settings
2017-08-08 15:27:32.9945 #     INFO # Log level set to Info
2017-08-08 15:27:33.8213 #     INFO # Settings and UI loading...
2017-08-08 15:27:34.6014 #     INFO # Application settings saved to file.
2017-08-08 15:27:34.9446 #  WARNING # Test mode disabled
2017-08-08 15:27:42.4014 #     INFO # Application settings saved to file.
2017-08-08 15:27:42.4638 #   SEVERE # Failed to open device connection to COM44 (com0com - serial port emulator# @ COM0COM)
2017-08-08 15:27:42.4638 #   SEVERE # System.UnauthorizedAccessException: A(z) „COM44” porthoz való hozzáférés megtagadva.
   a következő helyen: System.IO.Ports.InternalResources.WinIOError(Int32 errorCode, String str)
   a következő helyen: System.IO.Ports.SerialStream..ctor(String portName, Int32 baudRate, Parity parity, Int32 dataBits, StopBits stopBits, Int32 readTimeout, Int32 writeTimeout, Handshake handshake, Boolean dtrEnable, Boolean rtsEnable, Boolean discardNull, Byte parityReplace)
   a következő helyen: System.IO.Ports.SerialPort.Open()
   a következő helyen: SPORTident.Communication.Communication._openDevice()
   a következő helyen: SPORTident.Communication.Communication.Open()
   a következő helyen: SPORTident.ConfigPlus.FormMain._openSiComm(DeviceInfo device, TargetDevice target, Boolean keepCurrentBaudrate)
2017-08-08 15:27:54.2262 #     INFO # Application settings saved to file.
2017-08-08 15:28:01.6050 #     INFO # Application settings saved to file.
2017-08-08 15:28:01.7298 #     INFO # Device COM42 (SPORTident BS series 7/8 #133364 @ USB) @ Baudrate 38400 opened.
2017-08-08 15:28:02.5410 #  WARNING # Error received or instruction timed out after 800 ms, this was the 1. try
2017-08-08 15:28:02.5722 #     INFO # Changing baudrate to 4800
2017-08-08 15:28:02.6658 #     INFO # Device COM42 (SPORTident BS series 7/8 #133364 @ USB) @ Baudrate 4800 opened.
2017-08-08 15:28:03.9918 #  WARNING # Error received or instruction timed out after 800 ms, this was the 2. try
2017-08-08 15:28:04.0230 #     INFO # Changing baudrate to 38400
2017-08-08 15:28:04.1166 #     INFO # Device COM42 (SPORTident BS series 7/8 #133364 @ USB) @ Baudrate 38400 opened.
2017-08-08 15:28:05.4426 #  WARNING # Error received or instruction timed out after 800 ms, this was the 3. try
2017-08-08 15:28:05.4738 #     INFO # Changing baudrate to 4800
2017-08-08 15:28:05.5830 #     INFO # Device COM42 (SPORTident BS series 7/8 #133364 @ USB) @ Baudrate 4800 opened.
2017-08-08 15:28:06.9090 #  WARNING # Error received or instruction timed out after 800 ms, this was the 4. try
2017-08-08 15:28:06.9402 #     INFO # Changing baudrate to 38400
2017-08-08 15:28:07.0338 #     INFO # Device COM42 (SPORTident BS series 7/8 #133364 @ USB) @ Baudrate 38400 opened.
2017-08-08 15:28:08.3598 #  WARNING # Error received or instruction timed out after 800 ms, this was the 5. try
2017-08-08 15:28:08.3910 #     INFO # Changing baudrate to 4800
2017-08-08 15:28:08.5002 #     INFO # Device COM42 (SPORTident BS series 7/8 #133364 @ USB) @ Baudrate 4800 opened.
2017-08-08 15:28:09.8262 #  WARNING # Error received or instruction timed out after 800 ms, this was the 6. try
2017-08-08 15:28:09.8574 #     INFO # Changing baudrate to 38400
2017-08-08 15:28:09.9510 #     INFO # Device COM42 (SPORTident BS series 7/8 #133364 @ USB) @ Baudrate 38400 opened.
2017-08-08 15:28:11.2770 #  WARNING # Error received or instruction timed out after 800 ms, this was the 7. try
2017-08-08 15:28:11.3082 #     INFO # Changing baudrate to 4800
2017-08-08 15:28:11.4018 #     INFO # Device COM42 (SPORTident BS series 7/8 #133364 @ USB) @ Baudrate 4800 opened.
2017-08-08 15:28:12.7278 #  WARNING # Error received or instruction timed out after 800 ms, this was the 8. try
2017-08-08 15:28:12.7590 #     INFO # Changing baudrate to 38400
2017-08-08 15:28:12.8526 #     INFO # Device COM42 (SPORTident BS series 7/8 #133364 @ USB) @ Baudrate 38400 opened.
2017-08-08 15:28:14.1786 #  WARNING # Error received or instruction timed out after 800 ms, this was the 9. try
2017-08-08 15:28:14.2098 #     INFO # Changing baudrate to 4800
2017-08-08 15:28:14.3190 #     INFO # Device COM42 (SPORTident BS series 7/8 #133364 @ USB) @ Baudrate 4800 opened.
2017-08-08 15:28:15.6450 #   SEVERE # Communication failed after 10 tries. Sorry, I'm giving up for instruction 'SetMsMode'
2017-08-08 15:28:30.6054 #     INFO # Application settings saved to file.
2017-08-08 15:28:30.6990 #     INFO # Device COM42 (SPORTident BS series 7/8 #133364 @ USB) @ Baudrate 38400 opened.
2017-08-08 15:28:31.5103 #  WARNING # Error received or instruction timed out after 800 ms, this was the 1. try
2017-08-08 15:28:31.5415 #     INFO # Changing baudrate to 4800
2017-08-08 15:28:31.6195 #     INFO # Device COM42 (SPORTident BS series 7/8 #133364 @ USB) @ Baudrate 4800 opened.
2017-08-08 15:28:32.9611 #  WARNING # Error received or instruction timed out after 800 ms, this was the 2. try
2017-08-08 15:28:32.9923 #     INFO # Changing baudrate to 38400
2017-08-08 15:28:33.0859 #     INFO # Device COM42 (SPORTident BS series 7/8 #133364 @ USB) @ Baudrate 38400 opened.
2017-08-08 15:28:34.4275 #   SEVERE # Communication failed after 3 tries. Sorry, I'm giving up for instruction 'SetMsMode'
2017-08-08 15:28:42.4583 #     INFO # Application settings saved to file.
2017-08-08 15:28:44.7359 #     INFO # Application settings saved to file.
2017-08-08 15:28:44.8295 #     INFO # Device COM42 (SPORTident BS series 7/8 #133364 @ USB) @ Baudrate 38400 opened.
2017-08-08 15:28:44.9075 #     INFO # Target device set to remote
2017-08-08 15:28:45.1727 #  WARNING # ERR ::: Device replied with NAK (0x15).
2017-08-08 15:28:45.1727 #  WARNING # Error received or instruction timed out after 2000 ms, this was the 1. try
2017-08-08 15:28:45.6095 #  WARNING # ERR ::: Device replied with NAK (0x15).
2017-08-08 15:28:45.6095 #  WARNING # Error received or instruction timed out after 2000 ms, this was the 2. try
2017-08-08 15:28:46.0463 #  WARNING # ERR ::: Device replied with NAK (0x15).
2017-08-08 15:28:46.0463 #  WARNING # Error received or instruction timed out after 2000 ms, this was the 3. try
2017-08-08 15:28:46.4831 #  WARNING # ERR ::: Device replied with NAK (0x15).
2017-08-08 15:28:46.4831 #  WARNING # Error received or instruction timed out after 2000 ms, this was the 4. try
2017-08-08 15:28:46.9199 #  WARNING # ERR ::: Device replied with NAK (0x15).
2017-08-08 15:28:46.9199 #  WARNING # Error received or instruction timed out after 2000 ms, this was the 5. try
2017-08-08 15:28:47.3567 #  WARNING # ERR ::: Device replied with NAK (0x15).
2017-08-08 15:28:47.3567 #  WARNING # Error received or instruction timed out after 2000 ms, this was the 6. try
2017-08-08 15:28:47.7935 #  WARNING # ERR ::: Device replied with NAK (0x15).
2017-08-08 15:28:47.7935 #  WARNING # Error received or instruction timed out after 2000 ms, this was the 7. try
2017-08-08 15:28:48.2303 #  WARNING # ERR ::: Device replied with NAK (0x15).
2017-08-08 15:28:48.2303 #  WARNING # Error received or instruction timed out after 2000 ms, this was the 8. try
2017-08-08 15:28:48.6671 #  WARNING # ERR ::: Device replied with NAK (0x15).
2017-08-08 15:28:48.6671 #  WARNING # Error received or instruction timed out after 2000 ms, this was the 9. try
2017-08-08 15:28:49.1039 #  WARNING # ERR ::: Device replied with NAK (0x15).
2017-08-08 15:28:49.1195 #   SEVERE # Communication failed after 10 tries. Sorry, I'm giving up for instruction 'GetSystemData'
2017-08-08 15:28:51.4751 #     INFO # Application settings saved to file.
2017-08-08 15:28:51.5687 #     INFO # Device COM42 (SPORTident BS series 7/8 #133364 @ USB) @ Baudrate 38400 opened.
2017-08-08 15:28:51.6311 #     INFO # Target device set to remote
2017-08-08 15:28:51.8963 #  WARNING # ERR ::: Device replied with NAK (0x15).
2017-08-08 15:28:51.9119 #  WARNING # Error received or instruction timed out after 2000 ms, this was the 1. try
2017-08-08 15:28:52.3487 #  WARNING # ERR ::: Device replied with NAK (0x15).
2017-08-08 15:28:52.3487 #  WARNING # Error received or instruction timed out after 2000 ms, this was the 2. try
2017-08-08 15:28:52.7855 #  WARNING # ERR ::: Device replied with NAK (0x15).
2017-08-08 15:28:52.7855 #  WARNING # Error received or instruction timed out after 2000 ms, this was the 3. try
2017-08-08 15:28:53.2223 #  WARNING # ERR ::: Device replied with NAK (0x15).
2017-08-08 15:28:53.2223 #  WARNING # Error received or instruction timed out after 2000 ms, this was the 4. try
2017-08-08 15:28:53.6591 #  WARNING # ERR ::: Device replied with NAK (0x15).
2017-08-08 15:28:53.6591 #  WARNING # Error received or instruction timed out after 2000 ms, this was the 5. try
2017-08-08 15:28:54.0959 #  WARNING # ERR ::: Device replied with NAK (0x15).
2017-08-08 15:28:54.0959 #  WARNING # Error received or instruction timed out after 2000 ms, this was the 6. try
2017-08-08 15:28:54.5327 #  WARNING # ERR ::: Device replied with NAK (0x15).
2017-08-08 15:28:54.5327 #  WARNING # Error received or instruction timed out after 2000 ms, this was the 7. try
2017-08-08 15:28:54.9695 #  WARNING # ERR ::: Device replied with NAK (0x15).
2017-08-08 15:28:54.9695 #  WARNING # Error received or instruction timed out after 2000 ms, this was the 8. try
2017-08-08 15:28:55.4063 #  WARNING # ERR ::: Device replied with NAK (0x15).
2017-08-08 15:28:55.4063 #  WARNING # Error received or instruction timed out after 2000 ms, this was the 9. try
2017-08-08 15:28:55.8431 #  WARNING # ERR ::: Device replied with NAK (0x15).
2017-08-08 15:28:55.8587 #   SEVERE # Communication failed after 10 tries. Sorry, I'm giving up for instruction 'GetSystemData'
2017-08-08 15:29:13.4162 #     INFO # Application settings saved to file.
2017-08-08 15:29:15.8810 #     INFO # Application settings saved to file.
2017-08-08 15:29:15.9746 #     INFO # Device COM45 (SPORTident BS series 7/8 #78891 @ USB) @ Baudrate 38400 opened.
2017-08-08 15:29:16.0058 #     INFO # Target device set to direct
2017-08-08 15:29:16.1774 #     INFO # Device configuration read
2017-08-08 15:29:16.5362 #     INFO # Station time received, round trip time was 124 ms.
2017-08-08 15:29:46.4882 #     INFO # Application settings saved to file.
2017-08-08 15:29:46.5818 #     INFO # Device COM45 (SPORTident BS series 7/8 #78891 @ USB) @ Baudrate 38400 opened.
2017-08-08 15:29:46.6442 #     INFO # Target device set to remote
2017-08-08 15:29:46.9718 #  WARNING # ERR ::: Device replied with NAK (0x15).
2017-08-08 15:29:46.9718 #  WARNING # Error received or instruction timed out after 2000 ms, this was the 1. try
2017-08-08 15:29:47.5022 #     INFO # Device configuration read
2017-08-08 15:29:47.7362 #     INFO # Station time received, round trip time was 140 ms.
2017-08-08 15:29:47.7518 #     INFO # Target device set to direct
2017-08-08 15:30:07.7355 #     INFO # Application settings saved to file.
2017-08-08 15:30:07.8447 #     INFO # Device COM45 (SPORTident BS series 7/8 #78891 @ USB) @ Baudrate 38400 opened.
2017-08-08 15:30:08.3751 #     INFO # Target device set to remote
2017-08-08 15:30:08.8899 #     INFO # Device configuration written, checking...
2017-08-08 15:30:09.1083 #     INFO # Station time received, round trip time was 109 ms.
2017-08-08 15:30:10.0599 #     INFO # Station time set.
2017-08-08 15:30:10.1535 #     INFO # Station backup memory erased.
2017-08-08 15:30:10.2471 #     INFO # Station switched to standby mode.
2017-08-08 15:30:10.2627 #     INFO # Target device set to direct
2017-08-08 15:30:26.6427 #     INFO # Application settings saved to file.
2017-08-08 15:30:26.7363 #     INFO # Device COM45 (SPORTident BS series 7/8 #78891 @ USB) @ Baudrate 38400 opened.
2017-08-08 15:30:26.7987 #     INFO # Target device set to remote
2017-08-08 15:30:27.1263 #  WARNING # ERR ::: Device replied with NAK (0x15).
2017-08-08 15:30:27.1263 #  WARNING # Error received or instruction timed out after 2000 ms, this was the 1. try
2017-08-08 15:30:27.6411 #  WARNING # ERR ::: Device replied with NAK (0x15).
2017-08-08 15:30:27.6411 #  WARNING # Error received or instruction timed out after 2000 ms, this was the 2. try
2017-08-08 15:30:28.1559 #  WARNING # ERR ::: Device replied with NAK (0x15).
2017-08-08 15:30:28.1559 #  WARNING # Error received or instruction timed out after 2000 ms, this was the 3. try
2017-08-08 15:30:28.6707 #  WARNING # ERR ::: Device replied with NAK (0x15).
2017-08-08 15:30:28.6707 #  WARNING # Error received or instruction timed out after 2000 ms, this was the 4. try
2017-08-08 15:30:29.4507 #     INFO # Device configuration written, checking...
2017-08-08 15:30:29.6847 #     INFO # Station time received, round trip time was 140 ms.
2017-08-08 15:30:30.0435 #     INFO # Station time set.
2017-08-08 15:30:30.1215 #     INFO # Station backup memory erased.
2017-08-08 15:30:30.2151 #     INFO # Station switched to standby mode.
2017-08-08 15:30:30.2307 #     INFO # Target device set to direct
2017-08-08 15:30:50.1675 #     INFO # Application settings saved to file.
2017-08-08 15:30:50.2611 #     INFO # Device COM45 (SPORTident BS series 7/8 #78891 @ USB) @ Baudrate 38400 opened.
2017-08-08 15:30:50.2767 #     INFO # Target device set to remote
2017-08-08 15:30:50.6043 #  WARNING # ERR ::: Device replied with NAK (0x15).
2017-08-08 15:30:50.6043 #  WARNING # Error received or instruction timed out after 2000 ms, this was the 1. try
2017-08-08 15:30:51.1347 #  WARNING # ERR ::: Device replied with NAK (0x15).
2017-08-08 15:30:51.1347 #  WARNING # Error received or instruction timed out after 2000 ms, this was the 2. try
2017-08-08 15:30:51.7899 #  WARNING # ERR ::: Device replied with NAK (0x15).
2017-08-08 15:30:51.7899 #  WARNING # Error received or instruction timed out after 2000 ms, this was the 3. try
2017-08-08 15:30:52.2423 #     INFO # Device configuration read
2017-08-08 15:30:52.6323 #     INFO # Station time received, round trip time was 296 ms.
2017-08-08 15:30:52.6635 #     INFO # Target device set to direct
2017-08-08 15:31:05.4868 #     INFO # Application settings saved to file.
2017-08-08 15:31:05.5804 #     INFO # Device COM45 (SPORTident BS series 7/8 #78891 @ USB) @ Baudrate 38400 opened.
2017-08-08 15:31:05.6272 #     INFO # Target device set to remote
2017-08-08 15:31:06.1888 #     INFO # Device configuration written, checking...
2017-08-08 15:31:06.4072 #     INFO # Station time received, round trip time was 124 ms.
2017-08-08 15:31:07.1248 #     INFO # Station time set.
2017-08-08 15:31:07.2184 #     INFO # Station backup memory erased.
2017-08-08 15:31:07.2964 #     INFO # Station switched to standby mode.
2017-08-08 15:31:07.3276 #     INFO # Target device set to direct
2017-08-08 15:31:29.8384 #     INFO # Application settings saved to file.
2017-08-08 15:31:29.9320 #     INFO # Device COM45 (SPORTident BS series 7/8 #78891 @ USB) @ Baudrate 38400 opened.
2017-08-08 15:31:29.9788 #     INFO # Target device set to remote
2017-08-08 15:31:30.3064 #  WARNING # ERR ::: Device replied with NAK (0x15).
2017-08-08 15:31:30.3064 #  WARNING # Error received or instruction timed out after 2000 ms, this was the 1. try
2017-08-08 15:31:30.8212 #  WARNING # ERR ::: Device replied with NAK (0x15).
2017-08-08 15:31:30.8212 #  WARNING # Error received or instruction timed out after 2000 ms, this was the 2. try
2017-08-08 15:31:31.3360 #  WARNING # ERR ::: Device replied with NAK (0x15).
2017-08-08 15:31:31.3360 #  WARNING # Error received or instruction timed out after 2000 ms, this was the 3. try
2017-08-08 15:31:31.8508 #  WARNING # ERR ::: Device replied with NAK (0x15).
2017-08-08 15:31:31.8508 #  WARNING # Error received or instruction timed out after 2000 ms, this was the 4. try
2017-08-08 15:31:32.3656 #  WARNING # ERR ::: Device replied with NAK (0x15).
2017-08-08 15:31:32.3656 #  WARNING # Error received or instruction timed out after 2000 ms, this was the 5. try
2017-08-08 15:31:32.8804 #  WARNING # ERR ::: Device replied with NAK (0x15).
2017-08-08 15:31:32.8804 #  WARNING # Error received or instruction timed out after 2000 ms, this was the 6. try
2017-08-08 15:31:33.3952 #  WARNING # ERR ::: Device replied with NAK (0x15).
2017-08-08 15:31:33.3952 #  WARNING # Error received or instruction timed out after 2000 ms, this was the 7. try
2017-08-08 15:31:34.0192 #     INFO # Device configuration read
2017-08-08 15:31:34.2844 #     INFO # Station time received, round trip time was 156 ms.
2017-08-08 15:31:34.3000 #     INFO # Target device set to direct
2017-08-08 15:31:42.3028 #     INFO # Application settings saved to file.
2017-08-08 15:31:42.3964 #     INFO # Device COM45 (SPORTident BS series 7/8 #78891 @ USB) @ Baudrate 38400 opened.
2017-08-08 15:31:42.4588 #     INFO # Target device set to remote
2017-08-08 15:31:43.0204 #     INFO # Device configuration written, checking...
2017-08-08 15:31:43.2388 #     INFO # Station time received, round trip time was 124 ms.
2017-08-08 15:31:44.1592 #     INFO # Station time set.
2017-08-08 15:31:44.2372 #     INFO # Station backup memory erased.
2017-08-08 15:31:44.3464 #     INFO # Station switched to standby mode.
2017-08-08 15:31:44.3620 #     INFO # Target device set to direct
