2017/08/08 08:53:25.834 Command Line:
  {c:\sziebadam\sicomtrace\\hub4com.exe  --baud=38400 --octs=off --no-default-fc-route=All:All --trace-file=COM43_08.log --create-filter=trace --add-filters=0:trace \\.\COM43 --route=0:All \\.\cncb0 --route=1:0 --use-driver=tcp 7777 --route=2:0}
2017/08/08 08:53:25.834 Config:
_BEGIN_
  --baud=38400
  --octs=off
  --no-default-fc-route=All:All
  --trace-file=COM43_08.log
  --create-filter=trace
  --add-filters=0:trace
  \\.\COM43
  --route=0:All
  \\.\cncb0
  --route=1:0
  --use-driver=tcp
  7777
  --route=2:0
_END_
2017/08/08 08:53:25.928 COM43(0)-(trace)->: MSG_LOOP_TEST {00000000}
2017/08/08 08:53:25.928 COM43(0)<-(trace)-cncb0(1): MSG_LOOP_TEST {00000000}
2017/08/08 08:53:25.928 COM43(0)<-(trace)-TCP(2): MSG_LOOP_TEST {00000000}
2017/08/08 08:53:25.928 COM43(0)-(trace)->: MSG_SET_OUT_OPTS {[]}
2017/08/08 08:53:25.928 COM43(0)<-(trace)-cncb0(1): MSG_SET_OUT_OPTS {[]}
2017/08/08 08:53:25.928 COM43(0)<-(trace)-TCP(2): MSG_SET_OUT_OPTS {[]}
2017/08/08 08:53:25.928 COM43(0)-(trace)->: MSG_COUNT_REPEATS {&0018FE94[0x0] MSG_GET_IN_OPTS}
2017/08/08 08:53:25.928 COM43(0)-(trace)->: MSG_GET_IN_OPTS {&0018FEA0[] [GO0_0x3ffffff8]}
2017/08/08 08:53:25.928 COM43(0)-(trace)->: MSG_GET_IN_OPTS {&006F1F70[] [LBR_STATUS|LLC_STATUS|ESCAPE_MODE]}
2017/08/08 08:53:25.928 COM43(0)-(trace)->: MSG_GET_IN_OPTS {&0018FEA4[] [GO1_0x3ff80000]}
2017/08/08 08:53:25.928 COM43(0)-(trace)->: MSG_GET_IN_OPTS {&006F1F74[] [DCTS|DDSR|TERI|DDCD|CTS|DSR|RI|DCD|DR|OE|PE|FE|BI|THRE|TEMT|FIFOERR|RBR_STATUS|RLC_STATUS|BREAK_STATUS]}
2017/08/08 08:53:25.928 COM43(0)-(trace)->: MSG_GET_IN_OPTS {&0018FEA8[] [GO2_0x3fffffff]}
2017/08/08 08:53:25.928 COM43(0)-(trace)->: MSG_GET_IN_OPTS {&0018FEAC[] [GO3_0x3fffffff]}
2017/08/08 08:53:25.928 COM43(0)-(trace)->: MSG_FAIL_IN_OPTS {[]}
2017/08/08 08:53:25.928 COM43(0)-(trace)->: MSG_FAIL_IN_OPTS {[]}
2017/08/08 08:53:25.928 COM43(0)-(trace)->: MSG_FAIL_IN_OPTS {[]}
2017/08/08 08:53:25.928 COM43(0)-(trace)->: MSG_FAIL_IN_OPTS {[]}
2017/08/08 08:53:25.928 COM43(0)<-(trace)-cncb0(1): MSG_COUNT_REPEATS {&0018FE94[0x0] MSG_GET_IN_OPTS}
2017/08/08 08:53:25.928 COM43(0)<-(trace)-cncb0(1): MSG_GET_IN_OPTS {&0018FEA0[] [GO0_0x3ffffff8]}
2017/08/08 08:53:25.928 COM43(0)<-(trace)-cncb0(1): MSG_GET_IN_OPTS {&00517E50[] [LBR_STATUS|LLC_STATUS|ESCAPE_MODE]}
2017/08/08 08:53:25.928 COM43(0)<-(trace)-cncb0(1): MSG_GET_IN_OPTS {&0018FEA4[] [GO1_0x3ff80000]}
2017/08/08 08:53:25.928 COM43(0)<-(trace)-cncb0(1): MSG_GET_IN_OPTS {&00517E54[] [DCTS|DDSR|TERI|DDCD|CTS|DSR|RI|DCD|DR|OE|PE|FE|BI|THRE|TEMT|FIFOERR|RBR_STATUS|RLC_STATUS|BREAK_STATUS]}
2017/08/08 08:53:25.928 COM43(0)<-(trace)-cncb0(1): MSG_GET_IN_OPTS {&0018FEA8[] [GO2_0x3fffffff]}
2017/08/08 08:53:25.928 COM43(0)<-(trace)-cncb0(1): MSG_GET_IN_OPTS {&0018FEAC[] [GO3_0x3fffffff]}
2017/08/08 08:53:25.928 COM43(0)<-(trace)-cncb0(1): MSG_FAIL_IN_OPTS {[]}
2017/08/08 08:53:25.928 COM43(0)<-(trace)-cncb0(1): MSG_FAIL_IN_OPTS {[]}
2017/08/08 08:53:25.928 COM43(0)<-(trace)-cncb0(1): MSG_FAIL_IN_OPTS {[]}
2017/08/08 08:53:25.928 COM43(0)<-(trace)-cncb0(1): MSG_FAIL_IN_OPTS {[]}
2017/08/08 08:53:25.928 COM43(0)<-(trace)-TCP(2): MSG_COUNT_REPEATS {&0018FE94[0x0] MSG_GET_IN_OPTS}
2017/08/08 08:53:25.928 COM43(0)<-(trace)-TCP(2): MSG_GET_IN_OPTS {&0018FEA0[] [LBR_STATUS|LLC_STATUS|ESCAPE_MODE|GO0_0x3ffffff8]}
2017/08/08 08:53:25.928 COM43(0)<-(trace)-TCP(2): MSG_GET_IN_OPTS {&0018FEA4[] [DCTS|DDSR|TERI|DDCD|CTS|DSR|RI|DCD|DR|OE|PE|FE|BI|THRE|TEMT|FIFOERR|RBR_STATUS|RLC_STATUS|BREAK_STATUS|GO1_0x3ff80000]}
2017/08/08 08:53:25.928 COM43(0)<-(trace)-TCP(2): MSG_GET_IN_OPTS {&0018FEA8[] [GO2_0x3fffffff]}
2017/08/08 08:53:25.928 COM43(0)<-(trace)-TCP(2): MSG_GET_IN_OPTS {&0018FEAC[] [GO3_0x3fffffff]}
2017/08/08 08:53:25.928 COM43(0)<-(trace)-TCP(2): MSG_FAIL_IN_OPTS {[]}
2017/08/08 08:53:25.928 COM43(0)<-(trace)-TCP(2): MSG_FAIL_IN_OPTS {[]}
2017/08/08 08:53:25.928 COM43(0)<-(trace)-TCP(2): MSG_FAIL_IN_OPTS {[]}
2017/08/08 08:53:25.928 COM43(0)<-(trace)-TCP(2): MSG_FAIL_IN_OPTS {[]}
2017/08/08 08:53:25.928 COM43(0)-(trace)->: MSG_FAIL_IN_OPTS {[]}
2017/08/08 08:53:25.928 COM43(0)-(trace)->: MSG_FAIL_IN_OPTS {[]}
2017/08/08 08:53:25.928 COM43(0)-(trace)->: MSG_CONNECT {true}
2017/08/08 08:53:25.928 COM43(0)<-(trace)-cncb0(1): MSG_FAIL_IN_OPTS {[]}
2017/08/08 08:53:25.928 COM43(0)<-(trace)-cncb0(1): MSG_FAIL_IN_OPTS {[]}
2017/08/08 08:53:25.928 COM43(0)<-(trace)-cncb0(1): MSG_CONNECT {true}
2017/08/08 08:53:31.403 COM43(0)<-(trace)-cncb0(1): MSG_LINE_DATA {[8]:
  ff 02 f0 01 4d 6d 0a 03                          * ....Mm..         *}
2017/08/08 08:53:31.419 COM43(0)-(trace)->: MSG_LINE_DATA {[1]:
  02                                               * .                *}
2017/08/08 08:53:31.419 COM43(0)-(trace)->: MSG_LINE_DATA {[8]:
  f0 03 00 01 4d 0d 11 03                          * ....M...         *}
2017/08/08 08:53:31.513 COM43(0)<-(trace)-cncb0(1): MSG_LINE_DATA {[9]:
  ff 02 83 02 00 80 bf 17 03                       * .........        *}
2017/08/08 08:53:31.559 COM43(0)-(trace)->: MSG_LINE_DATA {[1]:
  02                                               * .                *}
2017/08/08 08:53:31.559 COM43(0)-(trace)->: MSG_LINE_DATA {[64]:
  83 83 00 01 00 00 02 9c 61 f7 36 35 36 0f 04 0e  * ........a.656... *
  91 97 80 20 d6 4b 08 4e fa 28 0f 04 0e 00 6d dd  * ... .K.N.(....m. *
  00 00 00 18 04 ff 4e 00 00 00 00 00 00 00 00 00  * ......N......... *
  00 4d 70 ff ff ff 41 92 c1 00 08 a9 34 00 00 00  * .Mp...A.....4... *}
2017/08/08 08:53:31.559 COM43(0)-(trace)->: MSG_LINE_DATA {[64]:
  00 ff 00 8e f6 00 24 fd 4e ff ff 19 99 05 1e 7f  * ......$.N....... *
  f8 85 0c 05 01 00 00 6d 0e ff ff ff ff 00 00 02  * .......m........ *
  46 ff ff ff 00 30 30 30 35 7d 20 38 00 00 00 00  * F....0005} 8.... *
  00 ff ff ff ff 30 05 01 35 05 10 06 0a 01 00 86  * .....0..5....... *}
2017/08/08 08:53:31.559 COM43(0)-(trace)->: MSG_LINE_DATA {[8]:
  00 1c 22 00 78 8b bd 03                          * ..".x...         *}
2017/08/08 08:53:31.856 COM43(0)<-(trace)-cncb0(1): MSG_LINE_DATA {[7]:
  ff 02 f7 00 f7 00 03                             * .......          *}
2017/08/08 08:53:31.887 COM43(0)-(trace)->: MSG_LINE_DATA {[1]:
  02                                               * .                *}
2017/08/08 08:53:31.887 COM43(0)-(trace)->: MSG_LINE_DATA {[14]:
  f7 09 00 01 11 08 08 24 7d 19 0a 45 44 03        * .......$}..ED.   *}
2017/08/08 08:54:23.209 COM43(0)<-(trace)-cncb0(1): MSG_LINE_DATA {[8]:
  ff 02 f0 01 4d 6d 0a 03                          * ....Mm..         *}
2017/08/08 08:54:23.256 COM43(0)-(trace)->: MSG_LINE_DATA {[1]:
  02                                               * .                *}
2017/08/08 08:54:23.256 COM43(0)-(trace)->: MSG_LINE_DATA {[8]:
  f0 03 00 01 4d 0d 11 03                          * ....M...         *}
2017/08/08 08:54:23.334 COM43(0)<-(trace)-cncb0(1): MSG_LINE_DATA {[9]:
  ff 02 83 02 00 80 bf 17 03                       * .........        *}
2017/08/08 08:54:23.396 COM43(0)-(trace)->: MSG_LINE_DATA {[1]:
  02                                               * .                *}
2017/08/08 08:54:23.396 COM43(0)-(trace)->: MSG_LINE_DATA {[64]:
  83 83 00 01 00 00 02 9c 61 f7 36 35 36 0f 04 0e  * ........a.656... *
  91 97 80 20 d6 4b 08 4e fa 28 0f 04 0e 00 6d dd  * ... .K.N.(....m. *
  00 00 00 18 04 ff 4e 00 00 00 00 00 00 00 00 00  * ......N......... *
  00 4d 70 ff ff ff 41 92 c1 00 08 a9 34 00 00 00  * .Mp...A.....4... *}
2017/08/08 08:54:23.396 COM43(0)-(trace)->: MSG_LINE_DATA {[64]:
  00 ff 00 8e f6 00 24 fd 4e ff ff 19 99 05 1e 7f  * ......$.N....... *
  f8 85 0c 05 01 00 00 6d 0e ff ff ff ff 00 00 02  * .......m........ *
  47 ff ff ff 00 30 30 30 35 7d 20 38 00 00 00 00  * G....0005} 8.... *
  00 ff ff ff ff 30 05 01 35 05 10 06 0a 01 00 86  * .....0..5....... *}
2017/08/08 08:54:23.396 COM43(0)-(trace)->: MSG_LINE_DATA {[8]:
  00 1c 22 00 78 e3 bb 03                          * ..".x...         *}
2017/08/08 08:54:23.677 COM43(0)<-(trace)-cncb0(1): MSG_LINE_DATA {[7]:
  ff 02 f7 00 f7 00 03                             * .......          *}
2017/08/08 08:54:23.692 COM43(0)-(trace)->: MSG_LINE_DATA {[1]:
  02                                               * .                *}
2017/08/08 08:54:23.692 COM43(0)-(trace)->: MSG_LINE_DATA {[14]:
  f7 09 00 01 11 08 08 24 7d 4c d5 9b ba 03        * .......$}L....   *}
2017/08/08 08:59:16.119 COM43(0)<-(trace)-cncb0(1): MSG_LINE_DATA {[8]:
  ff 02 f0 01 4d 6d 0a 03                          * ....Mm..         *}
2017/08/08 08:59:16.166 COM43(0)-(trace)->: MSG_LINE_DATA {[1]:
  02                                               * .                *}
2017/08/08 08:59:16.166 COM43(0)-(trace)->: MSG_LINE_DATA {[8]:
  f0 03 00 01 4d 0d 11 03                          * ....M...         *}
2017/08/08 08:59:16.182 COM43(0)<-(trace)-cncb0(1): MSG_LINE_DATA {[9]:
  ff 02 83 02 00 80 bf 17 03                       * .........        *}
2017/08/08 08:59:16.306 COM43(0)-(trace)->: MSG_LINE_DATA {[1]:
  02                                               * .                *}
2017/08/08 08:59:16.306 COM43(0)-(trace)->: MSG_LINE_DATA {[64]:
  83 83 00 01 00 00 02 9c 61 f7 36 35 36 0f 04 0e  * ........a.656... *
  91 97 80 20 d6 4b 08 4e fa 28 0f 04 0e 00 6d dd  * ... .K.N.(....m. *
  00 00 00 18 04 ff 4e 00 00 00 00 00 00 00 00 00  * ......N......... *
  00 4d 70 ff ff ff 41 92 c1 00 08 a9 35 00 00 00  * .Mp...A.....5... *}
2017/08/08 08:59:16.306 COM43(0)-(trace)->: MSG_LINE_DATA {[64]:
  00 ff 00 8e f6 00 24 fd 4e ff ff 19 99 05 1e 7f  * ......$.N....... *
  f8 85 0c 05 01 00 00 6d 0e ff ff ff ff 00 00 02  * .......m........ *
  48 ff ff ff 00 30 30 30 35 7d 20 38 00 00 00 00  * H....0005} 8.... *
  00 ff ff ff ff 30 05 01 35 05 10 06 0a 01 00 86  * .....0..5....... *}
2017/08/08 08:59:16.306 COM43(0)-(trace)->: MSG_LINE_DATA {[8]:
  00 1c 22 00 78 7d ee 03                          * ..".x}..         *}
2017/08/08 08:59:16.384 COM43(0)<-(trace)-cncb0(1): MSG_LINE_DATA {[7]:
  ff 02 f7 00 f7 00 03                             * .......          *}
2017/08/08 08:59:16.431 COM43(0)-(trace)->: MSG_LINE_DATA {[1]:
  02                                               * .                *}
2017/08/08 08:59:16.431 COM43(0)-(trace)->: MSG_LINE_DATA {[14]:
  f7 09 00 01 11 08 08 24 7e 71 95 51 37 03        * .......$~q.Q7.   *}
2017/08/08 08:59:18.865 COM43(0)-(trace)->: MSG_LINE_DATA {[1]:
  02                                               * .                *}
2017/08/08 08:59:18.865 COM43(0)-(trace)->: MSG_LINE_DATA {[11]:
  e8 06 00 01 01 15 4d a5 bc 93 03                 * ......M....      *}
2017/08/08 08:59:18.943 COM43(0)<-(trace)-cncb0(1): MSG_LINE_DATA {[8]:
  ff 02 ef 01 00 e2 09 03                          * ........         *}
2017/08/08 08:59:19.333 COM43(0)-(trace)->: MSG_LINE_DATA {[1]:
  02                                               * .                *}
2017/08/08 08:59:19.333 COM43(0)-(trace)->: MSG_LINE_DATA {[64]:
  ef 83 00 01 00 87 b5 12 7f ea ea ea ea 3c 01 8c  * .............<.. *
  a6 3c 03 8d 19 3c 04 9c 56 00 2f 1c 4f 01 15 4d  * .<...<..V./.O..M *
  a5 0c ff b2 3f 31 33 39 36 31 33 33 3b 57 4d 4f  * ....?1396133;WMO *
  43 32 30 31 31 3b 00 00 00 00 00 00 00 3c 25 8d  * C2011;.......<%. *}
2017/08/08 08:59:19.333 COM43(0)-(trace)->: MSG_LINE_DATA {[64]:
  67 3c 26 8d 91 3c 27 8e 6a 3c 28 91 57 3c 29 91  * g<&..<'.j<(.W<). *
  ad 3c 2a 92 e0 3c 2b 93 9a 3c 2c 93 f5 3c 2d 94  * .<*..<+..<,..<-. *
  5a 3c 2e 94 88 3c 2f 95 3e 3c 30 97 17 3c 31 97  * Z<...</.><0..<1. *
  88 3c 32 97 d8 3c 33 99 29 3c 34 99 77 3c 35 9a  * .<2..<3.)<4.w<5. *}
2017/08/08 08:59:19.333 COM43(0)-(trace)->: MSG_LINE_DATA {[8]:
  21 3c 36 9a 7c 08 06 03                          * !<6.|...         *}
2017/08/08 08:59:19.395 COM43(0)<-(trace)-cncb0(1): MSG_LINE_DATA {[8]:
  ff 02 ef 01 01 e3 09 03                          * ........         *}
2017/08/08 08:59:19.738 COM43(0)-(trace)->: MSG_LINE_DATA {[1]:
  02                                               * .                *}
2017/08/08 08:59:19.738 COM43(0)-(trace)->: MSG_LINE_DATA {[64]:
  ef 83 00 01 01 3c 37 9b 2d 3c 38 9b a6 3c 64 9c  * .....<7.-<8..<d. *
  24 04 65 6e 7d 04 74 6f 17 04 41 6f 5a 04 28 6f  * $.en}.to..AoZ.(o *
  eb 04 29 70 44 04 67 70 ec 04 2f 72 1d ee ee ee  * ..)pD.gp../r.... *
  ee ee ee ee ee ee ee ee ee ee ee ee ee ee ee ee  * ................ *}
2017/08/08 08:59:19.738 COM43(0)-(trace)->: MSG_LINE_DATA {[64]:
  ee ee ee ee ee ee ee ee ee ee ee ee ee ee ee ee  * ................ *
  ee ee ee ee ee ee ee ee ee ee ee ee ee ee ee ee  * ................ *
  ee ee ee ee ee ee ee ee ee ee ee ee ee ee ee ee  * ................ *
  ee ee ee ee ee ee ee ee ee ee ee ee ee ee ee ee  * ................ *}
2017/08/08 08:59:19.738 COM43(0)-(trace)->: MSG_LINE_DATA {[8]:
  ee ee ee ee ee 0a d3 03                          * ........         *}
2017/08/08 08:59:19.957 COM43(0)<-(trace)-cncb0(1): MSG_LINE_DATA {[2]:
  ff 06                                            * ..               *}
2017/08/08 08:59:21.049 COM43(0)-(trace)->: MSG_LINE_DATA {[1]:
  02                                               * .                *}
2017/08/08 08:59:21.049 COM43(0)-(trace)->: MSG_LINE_DATA {[11]:
  e7 06 00 01 00 15 4d a5 d8 b2 03                 * ......M....      *}
2017/08/08 09:00:43.904 COM43(0)-(trace)->: MSG_LINE_DATA {[1]:
  02                                               * .                *}
2017/08/08 09:00:43.920 COM43(0)-(trace)->: MSG_LINE_DATA {[11]:
  e6 06 00 01 00 07 ac 85 8f 10 03                 * ...........      *}
2017/08/08 09:00:43.967 COM43(0)<-(trace)-cncb0(1): MSG_LINE_DATA {[8]:
  ff 02 e1 01 00 46 0a 03                          * .....F..         *}
2017/08/08 09:00:44.513 COM43(0)-(trace)->: MSG_LINE_DATA {[1]:
  02                                               * .                *}
2017/08/08 09:00:44.513 COM43(0)-(trace)->: MSG_LINE_DATA {[64]:
  e1 83 00 01 00 01 01 01 01 ed ed ed ed 55 aa 00  * .............U.. *
  07 ac 85 c3 18 00 1f 15 16 20 01 a1 c1 ee ee ee  * ......... ...... *
  ee 20 01 92 93 20 01 92 8b ee ee ee ee 00 00 00  * . ... .......... *
  01 20 20 20 20 53 50 4f 52 54 69 64 65 6e 74 20  * .    SPORTident  *}
2017/08/08 09:00:44.513 COM43(0)-(trace)->: MSG_LINE_DATA {[64]:
  20 20 20 20 20 20 20 20 20 20 20 20 20 20 20 20  *                  *
  20 20 20 20 20 20 20 20 20 20 20 20 20 44 20 20  *              D   *
  20 20 20 20 20 20 20 20 20 20 20 20 20 20 20 20  *                  *
  20 20 20 20 20 20 20 20 20 20 20 20 20 20 20 20  *                  *}
2017/08/08 09:00:44.513 COM43(0)-(trace)->: MSG_LINE_DATA {[8]:
  20 20 20 20 20 78 f9 03                          *      x..         *}
2017/08/08 09:00:44.544 COM43(0)<-(trace)-cncb0(1): MSG_LINE_DATA {[8]:
  ff 02 e1 01 01 47 0a 03                          * .....G..         *}
2017/08/08 09:00:45.137 COM43(0)-(trace)->: MSG_LINE_DATA {[1]:
  02                                               * .                *}
2017/08/08 09:00:45.137 COM43(0)-(trace)->: MSG_LINE_DATA {[64]:
  e1 83 00 01 01 20 20 20 20 20 20 20 20 20 20 20  * .....            *
  20 20 20 20 20 20 20 20 20 20 20 20 20 20 20 20  *                  *
  20 20 20 20 20 73 75 70 70 6f 72 74 40 73 70 6f  *      support@spo *
  72 74 69 64 65 6e 74 2e 63 6f 6d 20 20 20 20 20  * rtident.com      *}
2017/08/08 09:00:45.137 COM43(0)-(trace)->: MSG_LINE_DATA {[64]:
  20 20 20 20 20 20 20 20 20 4d 61 72 6b 74 20 31  *          Markt 1 *
  34 20 20 20 20 20 20 20 20 20 20 20 20 41 72 6e  * 4            Arn *
  73 74 61 64 74 20 20 20 20 20 20 20 20 39 39 33  * stadt        993 *
  31 30 20 20 20 30 30 30 20 32 30 30 36 30 36 32  * 10   000 2006062 *}
2017/08/08 09:00:45.137 COM43(0)-(trace)->: MSG_LINE_DATA {[8]:
  30 14 06 14 06 1d f7 03                          * 0.......         *}
2017/08/08 09:00:45.152 COM43(0)<-(trace)-cncb0(1): MSG_LINE_DATA {[8]:
  ff 02 e1 01 06 40 0a 03                          * .....@..         *}
2017/08/08 09:00:45.761 COM43(0)-(trace)->: MSG_LINE_DATA {[1]:
  02                                               * .                *}
2017/08/08 09:00:45.761 COM43(0)-(trace)->: MSG_LINE_DATA {[64]:
  e1 83 00 01 06 10 3f 94 c3 10 4d 95 9f 20 3b 96  * ......?...M.. ;. *
  21 20 31 96 d0 20 2a 97 68 20 2b 98 09 20 2c 99  * ! 1.. *.h +.. ,. *
  09 20 2c 99 d0 20 3a 99 f3 20 39 9a af 20 2e 9b  * . ,.. :.. 9.. .. *
  70 20 2f 9c d0 10 4b 9e bd 10 43 9f 8b 10 41 a1  * p /...K...C...A. *}
2017/08/08 09:00:45.761 COM43(0)-(trace)->: MSG_LINE_DATA {[64]:
  40 10 64 a1 ba 04 2d 72 d4 04 21 73 5f 04 22 74  * @.d...-r..!s_."t *
  7c 04 20 75 71 04 1f 75 f9 ee ee ee ee ee ee ee  * |. uq..u........ *
  ee ee ee ee ee ee ee ee ee ee ee ee ee ee ee ee  * ................ *
  ee ee ee ee ee ee ee ee ee ee ee ee ee ee ee ee  * ................ *}
2017/08/08 09:00:45.761 COM43(0)-(trace)->: MSG_LINE_DATA {[8]:
  ee ee ee ee ee e1 04 03                          * ........         *}
2017/08/08 09:00:46.010 COM43(0)<-(trace)-cncb0(1): MSG_LINE_DATA {[2]:
  ff 06                                            * ..               *}
2017/08/08 09:00:48.756 COM43(0)-(trace)->: MSG_LINE_DATA {[1]:
  02                                               * .                *}
2017/08/08 09:00:48.756 COM43(0)-(trace)->: MSG_LINE_DATA {[11]:
  e7 06 00 01 00 07 ac 85 9f 16 03                 * ...........      *}
2017/08/08 09:11:20.261 COM43(0)-(trace)->: MSG_LINE_DATA {[1]:
  02                                               * .                *}
2017/08/08 09:11:20.261 COM43(0)-(trace)->: MSG_LINE_DATA {[11]:
  e8 06 00 01 01 15 4d b5 3c f0 03                 * ......M.<..      *}
2017/08/08 09:11:20.323 COM43(0)<-(trace)-cncb0(1): MSG_LINE_DATA {[8]:
  ff 02 ef 01 00 e2 09 03                          * ........         *}
2017/08/08 09:11:20.666 COM43(0)-(trace)->: MSG_LINE_DATA {[1]:
  02                                               * .                *}
2017/08/08 09:11:20.666 COM43(0)-(trace)->: MSG_LINE_DATA {[64]:
  ef 83 00 01 00 9a b1 12 7f ea ea ea ea 04 01 60  * ...............` *
  34 ee ee ee ee ee ee ee ee 00 5c 08 32 01 15 4d  * 4.........\.2..M *
  b5 0c ff 30 d6 31 33 39 36 31 34 39 3b 57 4d 4f  * ...0.1396149;WMO *
  43 32 30 31 31 3b 00 00 00 00 00 00 00 04 73 73  * C2011;........ss *}
2017/08/08 09:11:20.666 COM43(0)-(trace)->: MSG_LINE_DATA {[64]:
  b4 04 7d 74 f3 04 61 75 e6 04 60 77 c8 04 5f 78  * ..}t..au..`w.._x *
  5b 04 5d 79 63 04 5e 7a 07 04 5c 7b c2 ee ee ee  * [.]yc.^z..\{.... *
  ee ee ee ee ee ee ee ee ee ee ee ee ee ee ee ee  * ................ *
  ee ee ee ee ee ee ee ee ee ee ee ee ee ee ee ee  * ................ *}
2017/08/08 09:11:20.666 COM43(0)-(trace)->: MSG_LINE_DATA {[8]:
  ee ee ee ee ee 03 f4 03                          * ........         *}
2017/08/08 09:11:20.775 COM43(0)<-(trace)-cncb0(1): MSG_LINE_DATA {[2]:
  ff 06                                            * ..               *}
2017/08/08 09:11:22.070 COM43(0)-(trace)->: MSG_LINE_DATA {[1]:
  02                                               * .                *}
2017/08/08 09:11:22.070 COM43(0)-(trace)->: MSG_LINE_DATA {[11]:
  e7 06 00 01 00 15 4d b5 58 d1 03                 * ......M.X..      *}
2017/08/08 09:19:39.040 COM43(0)-(trace)->: MSG_LINE_DATA {[1]:
  02                                               * .                *}
2017/08/08 09:19:39.040 COM43(0)-(trace)->: MSG_LINE_DATA {[11]:
  e5 06 00 01 00 00 b0 d3 f6 82 03                 * ...........      *}
2017/08/08 09:19:39.103 COM43(0)<-(trace)-cncb0(1): MSG_LINE_DATA {[7]:
  ff 02 b1 00 b1 00 03                             * .......          *}
2017/08/08 09:19:40.101 COM43(0)-(trace)->: MSG_LINE_DATA {[1]:
  02                                               * .                *}
2017/08/08 09:19:40.101 COM43(0)-(trace)->: MSG_LINE_DATA {[64]:
  b1 82 00 01 aa 24 00 01 b0 d3 01 00 00 00 00 00  * .....$.......... *
  00 00 00 00 65 b0 d3 ee ee ee ee 23 56 ee ee 28  * ....e......#V..( *
  01 84 00 07 77 5c 66 92 5b 68 b3 5f 6b f7 60 6d  * ....w\f.[h._k.`m *
  0f 5d 6e a6 4a 5e 70 3a 73 72 a8 73 72 c4 73 72  * .]n.J^p:sr.sr.sr *}
2017/08/08 09:19:40.101 COM43(0)-(trace)->: MSG_LINE_DATA {[64]:
  f2 73 73 31 4b 7d 74 e5 61 75 90 31 7a ad 31 7a  * .ss1K}t.au.1z.1z *
  e5 31 7b 09 4c 31 7b 1b 31 7b 26 31 7b 52 31 7b  * .1{.L1{.1{&1{R1{ *
  62 31 7b 92 00 31 7b d1 31 7b e6 31 7c 11 31 7c  * b1{..1{.1{.1|.1| *
  2b 31 7c 66 00 4d 7d dc 49 7e 3c 48 7e 73 46 7e  * +1|f.M}.I~<H~sF~ *}
2017/08/08 09:19:40.101 COM43(0)-(trace)->: MSG_LINE_DATA {[7]:
  d0 47 7f 26 e7 a4 03                             * .G.&...          *}
2017/08/08 09:19:40.273 COM43(0)<-(trace)-cncb0(1): MSG_LINE_DATA {[2]:
  ff 06                                            * ..               *}
2017/08/08 09:19:41.084 COM43(0)-(trace)->: MSG_LINE_DATA {[1]:
  02                                               * .                *}
2017/08/08 09:19:41.084 COM43(0)-(trace)->: MSG_LINE_DATA {[11]:
  e7 06 00 01 00 00 b0 d3 d6 8e 03                 * ...........      *}
2017/08/08 10:20:28.190 COM43(0)-(trace)->: MSG_LINE_DATA {[0]:}
