2017/08/08 11:46:17.556 Command Line:
  {c:\sziebadam\sicomtrace\\hub4com.exe  --baud=38400 --octs=off --no-default-fc-route=All:All --trace-file=com54_01.log --create-filter=trace --add-filters=0:trace \\.\com54 --route=0:All \\.\cncb1 --route=1:0}
2017/08/08 11:46:17.556 Config:
_BEGIN_
  --baud=38400
  --octs=off
  --no-default-fc-route=All:All
  --trace-file=com54_01.log
  --create-filter=trace
  --add-filters=0:trace
  \\.\com54
  --route=0:All
  \\.\cncb1
  --route=1:0
_END_
2017/08/08 11:46:17.660 com54(0)-(trace)->: MSG_LOOP_TEST {00000000}
2017/08/08 11:46:17.660 com54(0)<-(trace)-cncb1(1): MSG_LOOP_TEST {00000000}
2017/08/08 11:46:17.661 com54(0)-(trace)->: MSG_SET_OUT_OPTS {[]}
2017/08/08 11:46:17.661 com54(0)<-(trace)-cncb1(1): MSG_SET_OUT_OPTS {[]}
2017/08/08 11:46:17.661 com54(0)-(trace)->: MSG_COUNT_REPEATS {&0012FE94[0x0] MSG_GET_IN_OPTS}
2017/08/08 11:46:17.661 com54(0)-(trace)->: MSG_GET_IN_OPTS {&0012FEA0[] [GO0_0x3ffffff8]}
2017/08/08 11:46:17.661 com54(0)-(trace)->: MSG_GET_IN_OPTS {&006C1B58[] [LBR_STATUS|LLC_STATUS|ESCAPE_MODE]}
2017/08/08 11:46:17.661 com54(0)-(trace)->: MSG_GET_IN_OPTS {&0012FEA4[] [GO1_0x3ff80000]}
2017/08/08 11:46:17.661 com54(0)-(trace)->: MSG_GET_IN_OPTS {&006C1B5C[] [DCTS|DDSR|TERI|DDCD|CTS|DSR|RI|DCD|DR|OE|PE|FE|BI|THRE|TEMT|FIFOERR|RBR_STATUS|RLC_STATUS|BREAK_STATUS]}
2017/08/08 11:46:17.661 com54(0)-(trace)->: MSG_GET_IN_OPTS {&0012FEA8[] [GO2_0x3fffffff]}
2017/08/08 11:46:17.661 com54(0)-(trace)->: MSG_GET_IN_OPTS {&0012FEAC[] [GO3_0x3fffffff]}
2017/08/08 11:46:17.661 com54(0)-(trace)->: MSG_FAIL_IN_OPTS {[]}
2017/08/08 11:46:17.661 com54(0)-(trace)->: MSG_FAIL_IN_OPTS {[]}
2017/08/08 11:46:17.661 com54(0)-(trace)->: MSG_FAIL_IN_OPTS {[]}
2017/08/08 11:46:17.662 com54(0)-(trace)->: MSG_FAIL_IN_OPTS {[]}
2017/08/08 11:46:17.662 com54(0)<-(trace)-cncb1(1): MSG_COUNT_REPEATS {&0012FE94[0x0] MSG_GET_IN_OPTS}
2017/08/08 11:46:17.662 com54(0)<-(trace)-cncb1(1): MSG_GET_IN_OPTS {&0012FEA0[] [GO0_0x3ffffff8]}
2017/08/08 11:46:17.662 com54(0)<-(trace)-cncb1(1): MSG_GET_IN_OPTS {&006C7BA8[] [LBR_STATUS|LLC_STATUS|ESCAPE_MODE]}
2017/08/08 11:46:17.662 com54(0)<-(trace)-cncb1(1): MSG_GET_IN_OPTS {&0012FEA4[] [GO1_0x3ff80000]}
2017/08/08 11:46:17.662 com54(0)<-(trace)-cncb1(1): MSG_GET_IN_OPTS {&006C7BAC[] [DCTS|DDSR|TERI|DDCD|CTS|DSR|RI|DCD|DR|OE|PE|FE|BI|THRE|TEMT|FIFOERR|RBR_STATUS|RLC_STATUS|BREAK_STATUS]}
2017/08/08 11:46:17.662 com54(0)<-(trace)-cncb1(1): MSG_GET_IN_OPTS {&0012FEA8[] [GO2_0x3fffffff]}
2017/08/08 11:46:17.662 com54(0)<-(trace)-cncb1(1): MSG_GET_IN_OPTS {&0012FEAC[] [GO3_0x3fffffff]}
2017/08/08 11:46:17.662 com54(0)<-(trace)-cncb1(1): MSG_FAIL_IN_OPTS {[]}
2017/08/08 11:46:17.662 com54(0)<-(trace)-cncb1(1): MSG_FAIL_IN_OPTS {[]}
2017/08/08 11:46:17.662 com54(0)<-(trace)-cncb1(1): MSG_FAIL_IN_OPTS {[]}
2017/08/08 11:46:17.662 com54(0)<-(trace)-cncb1(1): MSG_FAIL_IN_OPTS {[]}
2017/08/08 11:46:17.662 com54(0)-(trace)->: MSG_FAIL_IN_OPTS {[]}
2017/08/08 11:46:17.662 com54(0)-(trace)->: MSG_FAIL_IN_OPTS {[]}
2017/08/08 11:46:17.662 com54(0)-(trace)->: MSG_CONNECT {true}
2017/08/08 11:46:17.666 com54(0)<-(trace)-cncb1(1): MSG_FAIL_IN_OPTS {[]}
2017/08/08 11:46:17.666 com54(0)<-(trace)-cncb1(1): MSG_FAIL_IN_OPTS {[]}
2017/08/08 11:46:17.666 com54(0)<-(trace)-cncb1(1): MSG_CONNECT {true}
2017/08/08 11:46:25.944 com54(0)<-(trace)-cncb1(1): MSG_LINE_DATA {[9]:
  ff 02 02 f0 01 4d 6d 0a 03                       * .....Mm..        *}
2017/08/08 11:46:27.020 com54(0)<-(trace)-cncb1(1): MSG_LINE_DATA {[9]:
  ff 02 02 f0 01 4d 6d 0a 03                       * .....Mm..        *}
2017/08/08 11:46:28.098 com54(0)<-(trace)-cncb1(1): MSG_LINE_DATA {[6]:
  ff 02 02 70 4d 03                                * ...pM.           *}
2017/08/08 11:46:56.907 com54(0)-(trace)->: MSG_LINE_DATA {[19]:
  02 d3 0d 80 31 0f 7a b2 73 04 a1 89 af 02 00 01  * ....1.z.s....... *
  e0 78 03                                         * .x.              *}
2017/08/08 11:46:56.916 com54(0)-(trace)->: MSG_LINE_DATA {[19]:
  02 d3 0d 80 31 02 20 38 2d 04 a1 b0 3f 02 00 01  * ....1. 8-...?... *
  c6 f3 03                                         * ...              *}
2017/08/08 11:46:56.922 com54(0)-(trace)->: MSG_LINE_DATA {[19]:
  02 d3 0d 80 31 00 09 95 8d 04 a1 b7 7d 02 00 01  * ....1.......}... *
  6f 42 03                                         * oB.              *}
2017/08/08 11:46:56.927 com54(0)-(trace)->: MSG_LINE_DATA {[19]:
  02 d3 0d 80 73 0f 7a 3d d6 04 a1 d2 83 02 00 01  * ....s.z=........ *
  18 cc 03                                         * ...              *}
2017/08/08 11:46:56.935 com54(0)-(trace)->: MSG_LINE_DATA {[19]:
  02 d3 0d 80 31 02 1f 5f d6 04 a1 f1 9a 02 00 01  * ....1.._........ *
  55 fc 03                                         * U..              *}
2017/08/08 11:46:56.939 com54(0)-(trace)->: MSG_LINE_DATA {[19]:
  02 d3 0d 80 31 00 07 f1 38 04 a2 29 d6 02 00 01  * ....1...8..).... *
  a6 b3 03                                         * ...              *}
2017/08/08 11:46:56.944 com54(0)-(trace)->: MSG_LINE_DATA {[19]:
  02 d3 0d 80 31 02 1e db 35 04 a2 2b ea 02 00 01  * ....1...5..+.... *
  33 e8 03                                         * 3..              *}
2017/08/08 11:46:56.950 com54(0)-(trace)->: MSG_LINE_DATA {[19]:
  02 d3 0d 80 31 02 1f 59 03 04 a2 3d 1d 02 00 01  * ....1..Y...=.... *
  97 7d 03                                         * .}.              *}
2017/08/08 11:46:56.956 com54(0)-(trace)->: MSG_LINE_DATA {[19]:
  02 d3 0d 80 31 00 00 03 c2 04 a2 7a fa 02 00 01  * ....1......z.... *
  9c 56 03                                         * .V.              *}
2017/08/08 11:46:56.967 com54(0)-(trace)->: MSG_LINE_DATA {[19]:
  02 d3 0d 80 31 00 02 83 69 04 a2 8b 48 02 00 01  * ....1...i...H... *
  ef d6 03                                         * ...              *}
2017/08/08 11:46:56.971 com54(0)-(trace)->: MSG_LINE_DATA {[19]:
  02 d3 0d 80 31 02 20 2e 50 04 a2 a5 0f 02 00 01  * ....1. .P....... *
  5b 1c 03                                         * [..              *}
2017/08/08 11:46:56.978 com54(0)-(trace)->: MSG_LINE_DATA {[19]:
  02 d3 0d 80 31 02 1f 88 2c 04 a2 c1 da 02 00 01  * ....1...,....... *
  17 02 03                                         * ...              *}
2017/08/08 11:46:56.984 com54(0)-(trace)->: MSG_LINE_DATA {[19]:
  02 d3 0d 80 31 00 02 83 26 04 a2 c3 4b 02 00 01  * ....1...&...K... *
  84 07 03                                         * ...              *}
2017/08/08 11:46:56.991 com54(0)-(trace)->: MSG_LINE_DATA {[19]:
  02 d3 0d 80 73 02 1f fc 43 04 a3 23 71 02 00 01  * ....s...C..#q... *
  e5 0c 03                                         * ...              *}
2017/08/08 11:46:56.998 com54(0)-(trace)->: MSG_LINE_DATA {[19]:
  02 d3 0d 80 73 0f 76 97 52 04 a3 31 18 02 00 01  * ....s.v.R..1.... *
  aa ce 03                                         * ...              *}
2017/08/08 11:46:57.004 com54(0)-(trace)->: MSG_LINE_DATA {[19]:
  02 d3 0d 80 31 02 1f 27 a0 04 a3 39 a1 02 00 01  * ....1..'...9.... *
  86 13 03                                         * ...              *}
2017/08/08 11:46:57.010 com54(0)-(trace)->: MSG_LINE_DATA {[19]:
  02 d3 0d 80 73 00 07 b5 a4 04 a3 68 3b 02 00 01  * ....s......h;... *
  11 6f 03                                         * .o.              *}
2017/08/08 11:46:57.017 com54(0)-(trace)->: MSG_LINE_DATA {[19]:
  02 d3 0d 80 31 0f 8c 67 8f 04 a3 87 53 02 00 01  * ....1..g....S... *
  82 e4 03                                         * ...              *}
2017/08/08 11:46:57.023 com54(0)-(trace)->: MSG_LINE_DATA {[19]:
  02 d3 0d 80 31 00 0d 8e 2c 04 a3 88 5c 02 00 01  * ....1...,...\... *
  63 e0 03                                         * c..              *}
2017/08/08 11:46:57.030 com54(0)-(trace)->: MSG_LINE_DATA {[19]:
  02 d3 0d 80 31 01 15 a3 58 04 a3 90 cd 02 00 01  * ....1...X....... *
  1e 04 03                                         * ...              *}
2017/08/08 11:46:57.036 com54(0)-(trace)->: MSG_LINE_DATA {[19]:
  02 d3 0d 80 31 02 20 1d 2d 04 a3 93 44 02 00 01  * ....1. .-...D... *
  2c 81 03                                         * ,..              *}
2017/08/08 11:46:57.043 com54(0)-(trace)->: MSG_LINE_DATA {[19]:
  02 d3 0d 80 31 02 20 2e 4a 04 a3 cc 8e 02 00 01  * ....1. .J....... *
  fe c1 03                                         * ...              *}
2017/08/08 11:46:57.050 com54(0)-(trace)->: MSG_LINE_DATA {[19]:
  02 d3 0d 80 31 00 0e a6 c9 04 a3 eb 63 02 00 01  * ....1.......c... *
  3d f1 03                                         * =..              *}
2017/08/08 11:46:57.056 com54(0)-(trace)->: MSG_LINE_DATA {[19]:
  02 d3 0d 80 31 0f 8d c5 bc 04 a4 0d 0b 02 00 01  * ....1........... *
  1a f0 03                                         * ...              *}
2017/08/08 11:46:57.063 com54(0)-(trace)->: MSG_LINE_DATA {[19]:
  02 d3 0d 80 31 02 1f 50 ec 04 a4 1f 51 02 00 01  * ....1..P....Q... *
  ca 54 03                                         * .T.              *}
2017/08/08 11:46:57.069 com54(0)-(trace)->: MSG_LINE_DATA {[19]:
  02 d3 0d 80 31 00 00 03 cd 04 a4 31 43 02 00 01  * ....1......1C... *
  87 df 03                                         * ...              *}
2017/08/08 11:46:57.076 com54(0)-(trace)->: MSG_LINE_DATA {[19]:
  02 d3 0d 80 31 0f 8a e2 7e 04 a4 45 20 02 00 01  * ....1...~..E ... *
  95 2f 03                                         * ./.              *}
2017/08/08 11:46:57.083 com54(0)-(trace)->: MSG_LINE_DATA {[19]:
  02 d3 0d 80 31 00 03 f7 c5 04 a4 52 f5 02 00 01  * ....1......R.... *
  f2 4c 03                                         * .L.              *}
2017/08/08 11:46:57.089 com54(0)-(trace)->: MSG_LINE_DATA {[19]:
  02 d3 0d 80 31 00 00 b0 ad 04 a4 69 2e 02 00 01  * ....1......i.... *
  35 33 03                                         * 53.              *}
2017/08/08 11:46:57.096 com54(0)-(trace)->: MSG_LINE_DATA {[19]:
  02 d3 0d 80 73 02 1e db 37 04 a4 78 74 02 00 01  * ....s...7..xt... *
  bd c5 03                                         * ...              *}
2017/08/08 11:46:57.103 com54(0)-(trace)->: MSG_LINE_DATA {[19]:
  02 d3 0d 80 31 02 1e da d5 04 a4 95 b8 02 00 01  * ....1........... *
  d0 a0 03                                         * ...              *}
2017/08/08 11:46:57.109 com54(0)-(trace)->: MSG_LINE_DATA {[19]:
  02 d3 0d 80 73 02 1e d1 d9 04 a4 cf 17 02 00 01  * ....s........... *
  56 93 03                                         * V..              *}
2017/08/08 11:46:57.115 com54(0)-(trace)->: MSG_LINE_DATA {[19]:
  02 d3 0d 80 31 00 07 b5 9c 04 a5 11 2c 02 00 01  * ....1.......,... *
  24 59 03                                         * $Y.              *}
2017/08/08 11:46:57.123 com54(0)-(trace)->: MSG_LINE_DATA {[19]:
  02 d3 0d 80 31 02 1f c6 1d 04 a5 56 02 02 00 01  * ....1......V.... *
  67 1f 03                                         * g..              *}
2017/08/08 11:46:57.130 com54(0)-(trace)->: MSG_LINE_DATA {[19]:
  02 d3 0d 80 31 02 1f c6 67 04 a5 a7 0b 02 00 01  * ....1...g....... *
  ce 23 03                                         * .#.              *}
2017/08/08 11:46:57.138 com54(0)-(trace)->: MSG_LINE_DATA {[19]:
  02 d3 0d 80 73 00 08 02 cd 04 a5 a3 fd 02 00 01  * ....s........... *
  bf 1d 03                                         * ...              *}
2017/08/08 11:47:06.628 com54(0)-(trace)->: MSG_LINE_DATA {[19]:
  02 d3 0d 80 31 0f 6d e8 23 04 a5 b3 b2 02 00 01  * ....1.m.#....... *
  a9 d7 03                                         * ...              *}
2017/08/08 11:47:38.566 com54(0)-(trace)->: MSG_LINE_DATA {[19]:
  02 d3 0d 80 31 02 1f 09 4b 04 a5 d2 bb 02 00 01  * ....1...K....... *
  1f be 03                                         * ...              *}
2017/08/08 11:48:38.982 com54(0)-(trace)->: MSG_LINE_DATA {[19]:
  02 d3 0d 80 31 01 15 4e 06 04 a6 0f 52 02 00 01  * ....1..N....R... *
  91 83 03                                         * ...              *}
2017/08/08 11:48:38.989 com54(0)-(trace)->: MSG_LINE_DATA {[19]:
  02 d3 0d 80 31 01 15 4d 85 04 a6 10 c8 02 00 01  * ....1..M........ *
  2d 74 03                                         * -t.              *}
2017/08/08 11:48:50.608 com54(0)-(trace)->: MSG_LINE_DATA {[19]:
  02 d3 0d 80 31 00 07 b5 74 04 a6 1b 9b 02 00 01  * ....1...t....... *
  43 fd 03                                         * C..              *}
2017/08/08 11:48:53.766 com54(0)-(trace)->: MSG_LINE_DATA {[19]:
  02 d3 0d 80 31 00 04 a8 99 04 a6 1e e8 02 00 01  * ....1........... *
  38 39 03                                         * 89.              *}
2017/08/08 11:48:53.775 com54(0)-(trace)->: MSG_LINE_DATA {[19]:
  02 d3 0d 80 31 02 20 4a 6a 04 a6 20 d0 02 00 01  * ....1. Jj.. .... *
  e8 a3 03                                         * ...              *}
2017/08/08 11:49:32.081 com54(0)-(trace)->: MSG_LINE_DATA {[19]:
  02 d3 0d 80 31 01 15 9e d0 04 a6 45 ef 02 00 01  * ....1......E.... *
  49 14 03                                         * I..              *}
2017/08/08 11:49:51.234 com54(0)-(trace)->: MSG_LINE_DATA {[19]:
  02 d3 0d 80 73 02 1f 8b 4f 04 a6 54 6a 02 00 01  * ....s...O..Tj... *
  b4 bf 03                                         * ...              *}
2017/08/08 11:50:51.583 com54(0)-(trace)->: MSG_LINE_DATA {[19]:
  02 d3 0d 80 31 0f 80 d9 3e 04 a6 94 b7 02 00 01  * ....1...>....... *
  01 87 03                                         * ...              *}
2017/08/08 11:51:17.036 com54(0)-(trace)->: MSG_LINE_DATA {[19]:
  02 d3 0d 80 73 00 00 b3 9d 04 a6 ae 37 02 00 01  * ....s.......7... *
  a1 82 03                                         * ...              *}
2017/08/08 11:51:32.904 com54(0)-(trace)->: MSG_LINE_DATA {[19]:
  02 d3 0d 80 73 0f 6d e2 75 04 a6 be 59 02 00 01  * ....s.m.u...Y... *
  49 82 03                                         * I..              *}
2017/08/08 11:51:42.451 com54(0)-(trace)->: MSG_LINE_DATA {[19]:
  02 d3 0d 80 73 0f 95 a1 6e 04 a6 c8 a7 02 00 01  * ....s...n....... *
  67 a3 03                                         * g..              *}
2017/08/08 11:51:42.457 com54(0)-(trace)->: MSG_LINE_DATA {[19]:
  02 d3 0d 80 73 02 1f db 41 04 a6 c9 e6 02 00 01  * ....s...A....... *
  15 6b 03                                         * .k.              *}
2017/08/08 11:51:51.969 com54(0)-(trace)->: MSG_LINE_DATA {[19]:
  02 d3 0d 80 31 01 0f 60 c3 04 a6 d1 bd 02 00 01  * ....1..`........ *
  74 93 03                                         * t..              *}
2017/08/08 11:51:51.975 com54(0)-(trace)->: MSG_LINE_DATA {[19]:
  02 d3 0d 80 31 00 00 b4 2d 04 a6 d3 c9 02 00 01  * ....1...-....... *
  38 02 03                                         * 8..              *}
2017/08/08 11:52:11.011 com54(0)-(trace)->: MSG_LINE_DATA {[19]:
  02 d3 0d 80 31 00 07 a2 22 04 a6 e3 09 02 00 01  * ....1..."....... *
  8b aa 03                                         * ...              *}
2017/08/08 11:52:44.375 com54(0)-(trace)->: MSG_LINE_DATA {[19]:
  02 d3 0d 80 31 00 04 41 12 04 a7 04 12 02 00 01  * ....1..A........ *
  ed ed 03                                         * ...              *}
2017/08/08 11:52:44.382 com54(0)-(trace)->: MSG_LINE_DATA {[19]:
  02 d3 0d 80 31 00 03 80 48 04 a7 05 d5 02 00 01  * ....1...H....... *
  28 ac 03                                         * (..              *}
2017/08/08 11:53:03.486 com54(0)-(trace)->: MSG_LINE_DATA {[19]:
  02 d3 0d 80 31 00 03 1e 53 04 a7 17 e7 02 00 01  * ....1...S....... *
  ba 80 03                                         * ...              *}
2017/08/08 11:53:09.804 com54(0)-(trace)->: MSG_LINE_DATA {[19]:
  02 d3 0d 80 31 0f 80 e9 bc 04 a7 1d 72 02 00 01  * ....1.......r... *
  30 0d 03                                         * 0..              *}
2017/08/08 11:53:09.811 com54(0)-(trace)->: MSG_LINE_DATA {[19]:
  02 d3 0d 80 31 02 1f 95 25 04 a7 1f 42 02 00 01  * ....1...%...B... *
  dc 85 03                                         * ...              *}
2017/08/08 11:53:16.186 com54(0)-(trace)->: MSG_LINE_DATA {[19]:
  02 d3 0d 80 31 04 46 72 2c 04 a7 24 c8 02 00 01  * ....1.Fr,..$.... *
  fa fa 03                                         * ...              *}
2017/08/08 11:53:25.806 com54(0)-(trace)->: MSG_LINE_DATA {[19]:
  02 d3 0d 80 31 0f 6e 04 17 04 a7 2d ab 02 00 01  * ....1.n....-.... *
  cf 45 03                                         * .E.              *}
2017/08/08 11:53:32.190 com54(0)-(trace)->: MSG_LINE_DATA {[19]:
  02 d3 0d 80 31 0f 83 f8 76 04 a7 34 1c 02 00 01  * ....1...v..4.... *
  df 39 03                                         * .9.              *}
2017/08/08 11:53:38.588 com54(0)-(trace)->: MSG_LINE_DATA {[19]:
  02 d3 0d 80 31 02 1f 4a 7e 04 a7 3b b7 02 00 01  * ....1..J~..;.... *
  2c 52 03                                         * ,R.              *}
2017/08/08 11:54:26.542 com54(0)-(trace)->: MSG_LINE_DATA {[19]:
  02 d3 0d 80 73 0f 6d e9 ba 04 a7 6b c5 02 00 01  * ....s.m....k.... *
  b5 a7 03                                         * ...              *}
2017/08/08 11:56:01.985 com54(0)-(trace)->: MSG_LINE_DATA {[19]:
  02 d3 0d 80 31 0f 7d 20 04 04 a7 cb c1 02 00 01  * ....1.} ........ *
  8e 24 03                                         * .$.              *}
2017/08/08 11:56:01.995 com54(0)-(trace)->: MSG_LINE_DATA {[19]:
  02 d3 0d 80 31 0f 6d e2 73 04 a7 cd 91 02 00 01  * ....1.m.s....... *
  46 b3 03                                         * F..              *}
2017/08/08 11:56:14.758 com54(0)-(trace)->: MSG_LINE_DATA {[19]:
  02 d3 0d 80 31 02 1f 8a 1d 04 a7 d8 3b 02 00 01  * ....1.......;... *
  7d 17 03                                         * }..              *}
2017/08/08 11:58:45.855 com54(0)-(trace)->: MSG_LINE_DATA {[19]:
  02 d3 0d 80 73 00 00 b0 54 04 a8 6d f2 02 00 01  * ....s...T..m.... *
  e5 ad 03                                         * ...              *}
2017/08/08 11:59:39.916 com54(0)-(trace)->: MSG_LINE_DATA {[19]:
  02 d3 0d 80 31 0f 6d dd 89 04 a8 a6 d2 02 00 01  * ....1.m......... *
  d8 1e 03                                         * ...              *}
2017/08/08 11:59:49.464 com54(0)-(trace)->: MSG_LINE_DATA {[19]:
  02 d3 0d 80 31 01 15 74 ab 04 a8 ae 30 02 00 01  * ....1..t....0... *
  87 8e 03                                         * ...              *}
2017/08/08 12:01:53.633 com54(0)-(trace)->: MSG_LINE_DATA {[19]:
  02 d3 0d 80 31 00 07 aa 77 05 00 6b e4 02 00 01  * ....1...w..k.... *
  3c 81 03                                         * <..              *}
2017/08/08 12:02:31.803 com54(0)-(trace)->: MSG_LINE_DATA {[19]:
  02 d3 0d 80 31 00 02 83 27 05 00 91 31 02 00 01  * ....1...'...1... *
  a0 b7 03                                         * ...              *}
2017/08/08 12:02:51.409 com54(0)-(trace)->: MSG_LINE_DATA {[19]:
  02 d3 0d 80 73 00 09 95 8d 05 00 a4 ae 02 00 01  * ....s........... *
  ac dd 03                                         * ...              *}
2017/08/08 12:03:01.160 com54(0)-(trace)->: MSG_LINE_DATA {[19]:
  02 d3 0d 80 73 02 1e da f9 05 00 ad d8 02 00 01  * ....s........... *
  a9 94 03                                         * ...              *}
2017/08/08 12:03:48.878 com54(0)-(trace)->: MSG_LINE_DATA {[19]:
  02 d3 0d 80 73 0f 8c 67 8f 05 00 de 14 02 00 01  * ....s..g........ *
  42 86 03                                         * B..              *}
2017/08/08 12:07:12.207 com54(0)-(trace)->: MSG_LINE_DATA {[19]:
  02 d3 0d 80 31 0f 8a 1f 49 05 01 a8 ee 02 00 01  * ....1...I....... *
  52 1d 03                                         * R..              *}
2017/08/08 12:08:03.027 com54(0)-(trace)->: MSG_LINE_DATA {[19]:
  02 d3 0d 80 31 02 1f fc 26 05 01 da cd 02 00 01  * ....1...&....... *
  4a 29 03                                         * J).              *}
2017/08/08 12:09:57.602 com54(0)-(trace)->: MSG_LINE_DATA {[19]:
  02 d3 0d 80 31 02 1e da fe 05 02 4e 38 02 00 01  * ....1......N8... *
  e5 27 03                                         * .'.              *}
2017/08/08 12:11:39.356 com54(0)-(trace)->: MSG_LINE_DATA {[19]:
  02 d3 0d 80 31 00 00 03 6e 05 02 b3 c0 02 00 01  * ....1...n....... *
  46 ff 03                                         * F..              *}
2017/08/08 12:11:45.683 com54(0)-(trace)->: MSG_LINE_DATA {[19]:
  02 d3 0d 80 73 00 0e a6 c9 05 02 b9 6d 02 00 01  * ....s.......m... *
  e4 d4 03                                         * ...              *}
2017/08/08 12:13:46.468 com54(0)-(trace)->: MSG_LINE_DATA {[19]:
  02 d3 0d 80 31 02 1f 9e d0 05 03 30 98 02 00 01  * ....1......0.... *
  1e c8 03                                         * ...              *}
2017/08/08 12:14:11.820 com54(0)-(trace)->: MSG_LINE_DATA {[19]:
  02 d3 0d 80 73 0f 8d c5 bc 05 03 4d 3f 02 00 01  * ....s......M?... *
  29 88 03                                         * )..              *}
2017/08/08 12:15:37.790 com54(0)-(trace)->: MSG_LINE_DATA {[19]:
  02 d3 0d 80 31 00 07 b5 9d 05 03 a3 2f 02 00 01  * ....1......./... *
  87 53 03                                         * .S.              *}
2017/08/08 12:16:19.426 com54(0)-(trace)->: MSG_LINE_DATA {[19]:
  02 d3 0d 80 31 02 1f c6 78 05 03 cb a1 02 00 01  * ....1...x....... *
  62 da 03                                         * b..              *}
2017/08/08 12:18:17.078 com54(0)-(trace)->: MSG_LINE_DATA {[19]:
  02 d3 0d 80 31 00 00 b0 f6 05 04 41 7c 02 00 01  * ....1......A|... *
  04 e7 03                                         * ...              *}
2017/08/08 12:20:19.858 com54(0)-(trace)->: MSG_LINE_DATA {[19]:
  02 d3 0d 80 31 0f 83 c9 66 05 04 be 36 02 00 01  * ....1...f...6... *
  1f 29 03                                         * .).              *}
2017/08/08 12:20:35.786 com54(0)-(trace)->: MSG_LINE_DATA {[19]:
  02 d3 0d 80 31 0f 95 da 33 05 04 cd 4a 02 00 01  * ....1...3...J... *
  f6 71 03                                         * .q.              *}
2017/08/08 12:21:04.628 com54(0)-(trace)->: MSG_LINE_DATA {[19]:
  02 d3 0d 80 31 02 1f 95 4a 05 04 e7 db 02 00 01  * ....1...J....... *
  95 21 03                                         * .!.              *}
2017/08/08 12:21:17.473 com54(0)-(trace)->: MSG_LINE_DATA {[19]:
  02 d3 0d 80 73 00 03 f7 c5 05 04 f5 58 02 00 01  * ....s.......X... *
  27 86 03                                         * '..              *}
2017/08/08 12:21:20.690 com54(0)-(trace)->: MSG_LINE_DATA {[19]:
  02 d3 0d 80 73 02 20 38 2d 05 04 f9 6a 02 00 01  * ....s. 8-...j... *
  46 ef 03                                         * F..              *}
2017/08/08 12:22:27.859 com54(0)-(trace)->: MSG_LINE_DATA {[19]:
  02 d3 0d 80 73 0f 6d e8 23 05 05 3c b1 02 00 01  * ....s.m.#..<.... *
  54 49 03                                         * TI.              *}
2017/08/08 12:24:35.933 com54(0)-(trace)->: MSG_LINE_DATA {[19]:
  02 d3 0d 80 73 0f 7d 20 04 05 05 bb 9d 02 00 01  * ....s.} ........ *
  fb ed 03                                         * ...              *}
2017/08/08 12:24:42.303 com54(0)-(trace)->: MSG_LINE_DATA {[19]:
  02 d3 0d 80 73 00 07 b5 9c 05 05 c2 53 02 00 01  * ....s.......S... *
  6f ef 03                                         * o..              *}
2017/08/08 12:25:01.359 com54(0)-(trace)->: MSG_LINE_DATA {[19]:
  02 d3 0d 80 73 0f 8a e2 7e 05 05 d5 35 02 00 01  * ....s...~...5... *
  e5 f7 03                                         * ...              *}
2017/08/08 12:25:14.133 com54(0)-(trace)->: MSG_LINE_DATA {[19]:
  02 d3 0d 80 73 01 15 4d 85 05 05 e4 6d 02 00 01  * ....s..M....m... *
  84 8e 03                                         * ...              *}
2017/08/08 12:25:23.890 com54(0)-(trace)->: MSG_LINE_DATA {[19]:
  02 d3 0d 80 31 0f 6a d0 6d 05 05 eb 8f 02 00 01  * ....1.j.m....... *
  58 b2 03                                         * X..              *}
2017/08/08 12:25:58.971 com54(0)-(trace)->: MSG_LINE_DATA {[19]:
  02 d3 0d 80 73 02 1e db 35 05 06 11 47 02 00 01  * ....s...5...G... *
  c3 fb 03                                         * ...              *}
2017/08/08 12:28:12.842 com54(0)-(trace)->: MSG_LINE_DATA {[19]:
  02 d3 0d 80 73 00 04 a8 99 05 06 95 43 02 00 01  * ....s.......C... *
  9d 87 03                                         * ...              *}
2017/08/08 12:28:19.248 com54(0)-(trace)->: MSG_LINE_DATA {[19]:
  02 d3 0d 80 73 00 03 1e 53 05 06 9c 3d 02 00 01  * ....s...S...=... *
  99 91 03                                         * ...              *}
2017/08/08 12:28:38.470 com54(0)-(trace)->: MSG_LINE_DATA {[19]:
  02 d3 0d 80 31 00 00 b1 85 05 06 af e7 02 00 01  * ....1........... *
  33 d3 03                                         * 3..              *}
2017/08/08 12:29:27.033 com54(0)-(trace)->: MSG_LINE_DATA {[19]:
  02 d3 0d 80 73 0f 6d e2 73 05 06 de 47 02 00 01  * ....s.m.s...G... *
  85 68 03                                         * .h.              *}
2017/08/08 12:30:50.614 com54(0)-(trace)->: MSG_LINE_DATA {[19]:
  02 d3 0d 80 73 0f 6d dd 89 05 07 32 c5 02 00 01  * ....s.m....2.... *
  7a 3d 03                                         * z=.              *}
2017/08/08 12:30:53.798 com54(0)-(trace)->: MSG_LINE_DATA {[19]:
  02 d3 0d 80 73 01 15 74 ab 05 07 37 66 02 00 01  * ....s..t...7f... *
  44 ba 03                                         * D..              *}
2017/08/08 12:30:53.804 com54(0)-(trace)->: MSG_LINE_DATA {[19]:
  02 d3 0d 80 73 0f 83 f8 76 05 07 39 42 02 00 01  * ....s...v..9B... *
  8e 3c 03                                         * .<.              *}
2017/08/08 12:31:00.224 com54(0)-(trace)->: MSG_LINE_DATA {[19]:
  02 d3 0d 80 73 0f 6e 04 17 05 07 3c a4 02 00 01  * ....s.n....<.... *
  aa 11 03                                         * ...              *}
2017/08/08 12:38:57.907 com54(0)-(trace)->: MSG_LINE_DATA {[19]:
  02 d3 0d 80 73 02 1f 09 4b 05 09 1a 4b 02 00 01  * ....s...K...K... *
  80 e2 03                                         * ...              *}
2017/08/08 12:40:01.565 com54(0)-(trace)->: MSG_LINE_DATA {[19]:
  02 d3 0d 80 31 00 04 a6 4d 05 09 59 a8 02 00 01  * ....1...M..Y.... *
  21 eb 03                                         * !..              *}
2017/08/08 12:42:54.720 com54(0)-(trace)->: MSG_LINE_DATA {[19]:
  02 d3 0d 80 73 0f 80 e9 bc 05 0a 06 ea 02 00 01  * ....s........... *
  d4 2d 03                                         * .-.              *}
2017/08/08 12:42:57.879 com54(0)-(trace)->: MSG_LINE_DATA {[19]:
  02 d3 0d 80 73 00 04 41 12 05 0a 0a 29 02 00 01  * ....s..A....)... *
  05 77 03                                         * .w.              *}
2017/08/08 12:43:01.101 com54(0)-(trace)->: MSG_LINE_DATA {[19]:
  02 d3 0d 80 73 02 1f 8a 1d 05 0a 0e c8 02 00 01  * ....s........... *
  7a 09 03                                         * z..              *}
2017/08/08 12:43:10.686 com54(0)-(trace)->: MSG_LINE_DATA {[19]:
  02 d3 0d 80 73 00 07 f1 38 05 0a 16 f4 02 00 01  * ....s...8....... *
  9a 4f 03                                         * .O.              *}
2017/08/08 12:49:49.365 com54(0)-(trace)->: MSG_LINE_DATA {[19]:
  02 d3 0d 80 31 00 0d a3 85 05 0b a7 56 02 00 01  * ....1.......V... *
  94 d5 03                                         * ...              *}
2017/08/08 13:03:04.227 com54(0)-(trace)->: MSG_LINE_DATA {[19]:
  02 d3 0d 80 31 02 1f fc 3a 05 0e c0 a2 02 00 01  * ....1...:....... *
  1a 08 03                                         * ...              *}
2017/08/08 13:05:20.645 com54(0)-(trace)->: MSG_LINE_DATA {[19]:
  02 d3 0d 80 31 00 00 b1 93 05 0f 49 b7 02 00 01  * ....1......I.... *
  5b 66 03                                         * [f.              *}
