2017/08/08 11:35:06.939 Command Line:
  {c:\sziebadam\sicomtrace\\hub4com.exe  --baud=38400 --octs=off --no-default-fc-route=All:All --trace-file=com52_01.log --create-filter=trace --add-filters=0:trace \\.\com52 --route=0:All \\.\cncb1 --route=1:0}
2017/08/08 11:35:06.939 Config:
_BEGIN_
  --baud=38400
  --octs=off
  --no-default-fc-route=All:All
  --trace-file=com52_01.log
  --create-filter=trace
  --add-filters=0:trace
  \\.\com52
  --route=0:All
  \\.\cncb1
  --route=1:0
_END_
2017/08/08 11:35:07.017 com52(0)-(trace)->: MSG_LOOP_TEST {00000000}
2017/08/08 11:35:07.018 com52(0)<-(trace)-cncb1(1): MSG_LOOP_TEST {00000000}
2017/08/08 11:35:07.018 com52(0)-(trace)->: MSG_SET_OUT_OPTS {[]}
2017/08/08 11:35:07.018 com52(0)<-(trace)-cncb1(1): MSG_SET_OUT_OPTS {[]}
2017/08/08 11:35:07.018 com52(0)-(trace)->: MSG_COUNT_REPEATS {&0012FE94[0x0] MSG_GET_IN_OPTS}
2017/08/08 11:35:07.018 com52(0)-(trace)->: MSG_GET_IN_OPTS {&0012FEA0[] [GO0_0x3ffffff8]}
2017/08/08 11:35:07.018 com52(0)-(trace)->: MSG_GET_IN_OPTS {&00581B58[] [LBR_STATUS|LLC_STATUS|ESCAPE_MODE]}
2017/08/08 11:35:07.018 com52(0)-(trace)->: MSG_GET_IN_OPTS {&0012FEA4[] [GO1_0x3ff80000]}
2017/08/08 11:35:07.018 com52(0)-(trace)->: MSG_GET_IN_OPTS {&00581B5C[] [DCTS|DDSR|TERI|DDCD|CTS|DSR|RI|DCD|DR|OE|PE|FE|BI|THRE|TEMT|FIFOERR|RBR_STATUS|RLC_STATUS|BREAK_STATUS]}
2017/08/08 11:35:07.019 com52(0)-(trace)->: MSG_GET_IN_OPTS {&0012FEA8[] [GO2_0x3fffffff]}
2017/08/08 11:35:07.019 com52(0)-(trace)->: MSG_GET_IN_OPTS {&0012FEAC[] [GO3_0x3fffffff]}
2017/08/08 11:35:07.019 com52(0)-(trace)->: MSG_FAIL_IN_OPTS {[]}
2017/08/08 11:35:07.019 com52(0)-(trace)->: MSG_FAIL_IN_OPTS {[]}
2017/08/08 11:35:07.019 com52(0)-(trace)->: MSG_FAIL_IN_OPTS {[]}
2017/08/08 11:35:07.019 com52(0)-(trace)->: MSG_FAIL_IN_OPTS {[]}
2017/08/08 11:35:07.019 com52(0)<-(trace)-cncb1(1): MSG_COUNT_REPEATS {&0012FE94[0x0] MSG_GET_IN_OPTS}
2017/08/08 11:35:07.019 com52(0)<-(trace)-cncb1(1): MSG_GET_IN_OPTS {&0012FEA0[] [GO0_0x3ffffff8]}
2017/08/08 11:35:07.019 com52(0)<-(trace)-cncb1(1): MSG_GET_IN_OPTS {&00587BA8[] [LBR_STATUS|LLC_STATUS|ESCAPE_MODE]}
2017/08/08 11:35:07.019 com52(0)<-(trace)-cncb1(1): MSG_GET_IN_OPTS {&0012FEA4[] [GO1_0x3ff80000]}
2017/08/08 11:35:07.019 com52(0)<-(trace)-cncb1(1): MSG_GET_IN_OPTS {&00587BAC[] [DCTS|DDSR|TERI|DDCD|CTS|DSR|RI|DCD|DR|OE|PE|FE|BI|THRE|TEMT|FIFOERR|RBR_STATUS|RLC_STATUS|BREAK_STATUS]}
2017/08/08 11:35:07.019 com52(0)<-(trace)-cncb1(1): MSG_GET_IN_OPTS {&0012FEA8[] [GO2_0x3fffffff]}
2017/08/08 11:35:07.019 com52(0)<-(trace)-cncb1(1): MSG_GET_IN_OPTS {&0012FEAC[] [GO3_0x3fffffff]}
2017/08/08 11:35:07.019 com52(0)<-(trace)-cncb1(1): MSG_FAIL_IN_OPTS {[]}
2017/08/08 11:35:07.019 com52(0)<-(trace)-cncb1(1): MSG_FAIL_IN_OPTS {[]}
2017/08/08 11:35:07.019 com52(0)<-(trace)-cncb1(1): MSG_FAIL_IN_OPTS {[]}
2017/08/08 11:35:07.019 com52(0)<-(trace)-cncb1(1): MSG_FAIL_IN_OPTS {[]}
2017/08/08 11:35:07.019 com52(0)-(trace)->: MSG_FAIL_IN_OPTS {[]}
2017/08/08 11:35:07.019 com52(0)-(trace)->: MSG_FAIL_IN_OPTS {[]}
2017/08/08 11:35:07.020 com52(0)-(trace)->: MSG_CONNECT {true}
2017/08/08 11:35:07.024 com52(0)<-(trace)-cncb1(1): MSG_FAIL_IN_OPTS {[]}
2017/08/08 11:35:07.024 com52(0)<-(trace)-cncb1(1): MSG_FAIL_IN_OPTS {[]}
2017/08/08 11:35:07.024 com52(0)<-(trace)-cncb1(1): MSG_CONNECT {true}
