2017/08/08 11:43:55.863 Command Line:
  {c:\sziebadam\sicomtrace\\hub4com.exe  --baud=38400 --octs=off --no-default-fc-route=All:All --trace-file=com7_02.log --create-filter=trace --add-filters=0:trace \\.\com7 --route=0:All \\.\cncb1 --route=1:0}
2017/08/08 11:43:55.863 Config:
_BEGIN_
  --baud=38400
  --octs=off
  --no-default-fc-route=All:All
  --trace-file=com7_02.log
  --create-filter=trace
  --add-filters=0:trace
  \\.\com7
  --route=0:All
  \\.\cncb1
  --route=1:0
_END_
2017/08/08 11:43:55.985 com7(0)-(trace)->: MSG_LOOP_TEST {00000000}
2017/08/08 11:43:55.985 com7(0)<-(trace)-cncb1(1): MSG_LOOP_TEST {00000000}
2017/08/08 11:43:55.985 com7(0)-(trace)->: MSG_SET_OUT_OPTS {[]}
2017/08/08 11:43:55.985 com7(0)<-(trace)-cncb1(1): MSG_SET_OUT_OPTS {[]}
2017/08/08 11:43:55.985 com7(0)-(trace)->: MSG_COUNT_REPEATS {&0012FE94[0x0] MSG_GET_IN_OPTS}
2017/08/08 11:43:55.986 com7(0)-(trace)->: MSG_GET_IN_OPTS {&0012FEA0[] [GO0_0x3ffffff8]}
2017/08/08 11:43:55.986 com7(0)-(trace)->: MSG_GET_IN_OPTS {&00331B58[] [LBR_STATUS|LLC_STATUS|ESCAPE_MODE]}
2017/08/08 11:43:55.986 com7(0)-(trace)->: MSG_GET_IN_OPTS {&0012FEA4[] [GO1_0x3ff80000]}
2017/08/08 11:43:55.986 com7(0)-(trace)->: MSG_GET_IN_OPTS {&00331B5C[] [DCTS|DDSR|TERI|DDCD|CTS|DSR|RI|DCD|DR|OE|PE|FE|BI|THRE|TEMT|FIFOERR|RBR_STATUS|RLC_STATUS|BREAK_STATUS]}
2017/08/08 11:43:55.986 com7(0)-(trace)->: MSG_GET_IN_OPTS {&0012FEA8[] [GO2_0x3fffffff]}
2017/08/08 11:43:55.986 com7(0)-(trace)->: MSG_GET_IN_OPTS {&0012FEAC[] [GO3_0x3fffffff]}
2017/08/08 11:43:55.986 com7(0)-(trace)->: MSG_FAIL_IN_OPTS {[]}
2017/08/08 11:43:55.986 com7(0)-(trace)->: MSG_FAIL_IN_OPTS {[]}
2017/08/08 11:43:55.986 com7(0)-(trace)->: MSG_FAIL_IN_OPTS {[]}
2017/08/08 11:43:55.986 com7(0)-(trace)->: MSG_FAIL_IN_OPTS {[]}
2017/08/08 11:43:55.986 com7(0)<-(trace)-cncb1(1): MSG_COUNT_REPEATS {&0012FE94[0x0] MSG_GET_IN_OPTS}
2017/08/08 11:43:55.986 com7(0)<-(trace)-cncb1(1): MSG_GET_IN_OPTS {&0012FEA0[] [GO0_0x3ffffff8]}
2017/08/08 11:43:55.986 com7(0)<-(trace)-cncb1(1): MSG_GET_IN_OPTS {&00337BA8[] [LBR_STATUS|LLC_STATUS|ESCAPE_MODE]}
2017/08/08 11:43:55.986 com7(0)<-(trace)-cncb1(1): MSG_GET_IN_OPTS {&0012FEA4[] [GO1_0x3ff80000]}
2017/08/08 11:43:55.986 com7(0)<-(trace)-cncb1(1): MSG_GET_IN_OPTS {&00337BAC[] [DCTS|DDSR|TERI|DDCD|CTS|DSR|RI|DCD|DR|OE|PE|FE|BI|THRE|TEMT|FIFOERR|RBR_STATUS|RLC_STATUS|BREAK_STATUS]}
2017/08/08 11:43:55.986 com7(0)<-(trace)-cncb1(1): MSG_GET_IN_OPTS {&0012FEA8[] [GO2_0x3fffffff]}
2017/08/08 11:43:55.986 com7(0)<-(trace)-cncb1(1): MSG_GET_IN_OPTS {&0012FEAC[] [GO3_0x3fffffff]}
2017/08/08 11:43:55.986 com7(0)<-(trace)-cncb1(1): MSG_FAIL_IN_OPTS {[]}
2017/08/08 11:43:55.986 com7(0)<-(trace)-cncb1(1): MSG_FAIL_IN_OPTS {[]}
2017/08/08 11:43:55.986 com7(0)<-(trace)-cncb1(1): MSG_FAIL_IN_OPTS {[]}
2017/08/08 11:43:55.986 com7(0)<-(trace)-cncb1(1): MSG_FAIL_IN_OPTS {[]}
2017/08/08 11:43:55.986 com7(0)-(trace)->: MSG_FAIL_IN_OPTS {[]}
2017/08/08 11:43:55.987 com7(0)-(trace)->: MSG_FAIL_IN_OPTS {[]}
2017/08/08 11:43:55.987 com7(0)-(trace)->: MSG_CONNECT {true}
2017/08/08 11:43:55.991 com7(0)<-(trace)-cncb1(1): MSG_FAIL_IN_OPTS {[]}
2017/08/08 11:43:55.991 com7(0)<-(trace)-cncb1(1): MSG_FAIL_IN_OPTS {[]}
2017/08/08 11:43:55.991 com7(0)<-(trace)-cncb1(1): MSG_CONNECT {true}
2017/08/08 11:43:55.997 com7(0)-(trace)->: MSG_LINE_DATA {[32]:
  24 47 50 47 47 41 2c 2c 2c 2c 2c 2c 30 2c 30 30  * $GPGGA,,,,,,0,00 *
  2c 30 2e 35 2c 2c 4d 2c 2c 2c 2c 2a 30 30 0d 0a  * ,0.5,,M,,,,*00.. *}
2017/08/08 11:43:58.939 com7(0)-(trace)->: MSG_LINE_DATA {[1]:
  24                                               * $                *}
2017/08/08 11:43:58.939 com7(0)-(trace)->: MSG_LINE_DATA {[64]:
  47 50 47 53 56 2c 33 2c 31 2c 31 31 2c 32 39 2c  * GPGSV,3,1,11,29, *
  35 39 2c 30 35 39 2c 34 31 2c 32 31 2c 35 35 2c  * 59,059,41,21,55, *
  32 30 30 2c 32 36 2c 32 36 2c 34 34 2c 33 30 35  * 200,26,26,44,305 *
  2c 34 34 2c 33 31 2c 34 31 2c 32 34 30 2c 32 38  * ,44,31,41,240,28 *}
2017/08/08 11:43:58.940 com7(0)-(trace)->: MSG_LINE_DATA {[64]:
  2a 37 39 0d 0a 24 47 50 47 53 56 2c 33 2c 32 2c  * *79..$GPGSV,3,2, *
  31 31 2c 32 35 2c 33 32 2c 31 33 34 2c 34 37 2c  * 11,25,32,134,47, *
  32 30 2c 33 31 2c 31 31 33 2c 33 36 2c 30 35 2c  * 20,31,113,36,05, *
  32 34 2c 30 36 32 2c 34 32 2c 31 36 2c 31 36 2c  * 24,062,42,16,16, *}
2017/08/08 11:43:58.941 com7(0)-(trace)->: MSG_LINE_DATA {[63]:
  33 30 38 2c 33 33 2a 37 37 0d 0a 24 47 50 47 53  * 308,33*77..$GPGS *
  56 2c 33 2c 33 2c 31 31 2c 30 32 2c 30 33 2c 30  * V,3,3,11,02,03,0 *
  34 35 2c 2c 31 38 2c 30 32 2c 31 36 39 2c 2c 33  * 45,,18,02,169,,3 *
  36 2c 2c 2c 33 36 2c 2c 2c 2c 2a 37 43 0d 0a     * 6,,,36,,,,*7C..  *}
2017/08/08 11:43:58.941 com7(0)-(trace)->: MSG_LINE_DATA {[1]:
  24                                               * $                *}
2017/08/08 11:43:58.942 com7(0)-(trace)->: MSG_LINE_DATA {[54]:
  47 50 47 4c 4c 2c 34 36 30 38 2e 33 30 31 38 30  * GPGLL,4608.30180 *
  30 2c 4e 2c 30 31 38 30 39 2e 35 32 34 31 37 32  * 0,N,01809.524172 *
  2c 45 2c 30 39 34 33 35 38 2e 30 30 30 2c 41 2c  * ,E,094358.000,A, *
  41 2a 35 44 0d 0a                                * A*5D..           *}
2017/08/08 11:43:58.942 com7(0)-(trace)->: MSG_LINE_DATA {[64]:
  24 47 50 47 47 41 2c 30 39 34 33 35 38 2e 30 30  * $GPGGA,094358.00 *
  30 2c 34 36 30 38 2e 33 30 31 38 30 30 2c 4e 2c  * 0,4608.301800,N, *
  30 31 38 30 39 2e 35 32 34 31 37 32 2c 45 2c 31  * 01809.524172,E,1 *
  2c 37 2c 31 2e 31 36 2c 32 33 39 2e 35 35 30 2c  * ,7,1.16,239.550, *}
2017/08/08 11:43:58.943 com7(0)-(trace)->: MSG_LINE_DATA {[64]:
  4d 2c 2c 2c 2c 2a 30 32 0d 0a 24 47 50 47 53 41  * M,,,,*02..$GPGSA *
  2c 41 2c 33 2c 32 39 2c 32 31 2c 32 36 2c 32 35  * ,A,3,29,21,26,25 *
  2c 32 30 2c 30 35 2c 31 36 2c 2c 2c 2c 2c 2c 32  * ,20,05,16,,,,,,2 *
  2e 33 36 2c 31 2e 31 36 2c 32 2e 30 35 2a 30 46  * .36,1.16,2.05*0F *}
2017/08/08 11:43:58.944 com7(0)-(trace)->: MSG_LINE_DATA {[2]:
  0d 0a                                            * ..               *}
2017/08/08 11:43:58.944 com7(0)-(trace)->: MSG_LINE_DATA {[48]:
  24 47 50 47 53 54 2c 30 39 34 33 35 38 2e 30 30  * $GPGST,094358.00 *
  30 2c 32 2e 34 2c 34 2e 36 2c 32 2e 32 2c 32 38  * 0,2.4,4.6,2.2,28 *
  2c 34 2e 32 2c 33 2e 30 2c 31 37 2a 36 39 0d 0a  * ,4.2,3.0,17*69.. *}
2017/08/08 11:43:58.944 com7(0)-(trace)->: MSG_LINE_DATA {[1]:
  24                                               * $                *}
2017/08/08 11:43:58.945 com7(0)-(trace)->: MSG_LINE_DATA {[64]:
  47 50 52 4d 43 2c 30 39 34 33 35 38 2e 30 30 30  * GPRMC,094358.000 *
  2c 41 2c 34 36 30 38 2e 33 30 31 38 30 30 2c 4e  * ,A,4608.301800,N *
  2c 30 31 38 30 39 2e 35 32 34 31 37 32 2c 45 2c  * ,01809.524172,E, *
  30 2e 30 30 30 2c 30 2e 30 2c 30 38 30 38 31 37  * 0.000,0.0,080817 *}
2017/08/08 11:43:58.945 com7(0)-(trace)->: MSG_LINE_DATA {[9]:
  2c 2c 2c 41 2a 36 43 0d 0a                       * ,,,A*6C..        *}
2017/08/08 11:44:00.930 com7(0)-(trace)->: MSG_LINE_DATA {[1]:
  24                                               * $                *}
2017/08/08 11:44:00.930 com7(0)-(trace)->: MSG_LINE_DATA {[64]:
  47 50 47 53 56 2c 33 2c 31 2c 31 31 2c 32 39 2c  * GPGSV,3,1,11,29, *
  35 39 2c 30 35 39 2c 33 39 2c 32 31 2c 35 35 2c  * 59,059,39,21,55, *
  32 30 30 2c 32 34 2c 32 36 2c 34 34 2c 33 30 35  * 200,24,26,44,305 *
  2c 34 34 2c 33 31 2c 34 31 2c 32 34 30 2c 33 32  * ,44,31,41,240,32 *}
2017/08/08 11:44:00.931 com7(0)-(trace)->: MSG_LINE_DATA {[5]:
  2a 37 46 0d 0a                                   * *7F..            *}
2017/08/08 11:44:00.931 com7(0)-(trace)->: MSG_LINE_DATA {[64]:
  24 47 50 47 53 56 2c 33 2c 32 2c 31 31 2c 32 35  * $GPGSV,3,2,11,25 *
  2c 33 32 2c 31 33 34 2c 34 38 2c 32 30 2c 33 31  * ,32,134,48,20,31 *
  2c 31 31 33 2c 33 31 2c 30 35 2c 32 34 2c 30 36  * ,113,31,05,24,06 *
  32 2c 34 32 2c 31 36 2c 31 36 2c 33 30 38 2c 33  * 2,42,16,16,308,3 *}
2017/08/08 11:44:00.932 com7(0)-(trace)->: MSG_LINE_DATA {[6]:
  35 2a 37 39 0d 0a                                * 5*79..           *}
2017/08/08 11:44:00.932 com7(0)-(trace)->: MSG_LINE_DATA {[52]:
  24 47 50 47 53 56 2c 33 2c 33 2c 31 31 2c 30 32  * $GPGSV,3,3,11,02 *
  2c 30 33 2c 30 34 35 2c 2c 31 38 2c 30 32 2c 31  * ,03,045,,18,02,1 *
  36 39 2c 2c 33 36 2c 2c 2c 33 36 2c 2c 2c 2c 2a  * 69,,36,,,36,,,,* *
  37 43 0d 0a                                      * 7C..             *}
2017/08/08 11:44:00.933 com7(0)-(trace)->: MSG_LINE_DATA {[1]:
  24                                               * $                *}
2017/08/08 11:44:00.933 com7(0)-(trace)->: MSG_LINE_DATA {[54]:
  47 50 47 4c 4c 2c 34 36 30 38 2e 33 30 31 38 30  * GPGLL,4608.30180 *
  30 2c 4e 2c 30 31 38 30 39 2e 35 32 34 31 37 32  * 0,N,01809.524172 *
  2c 45 2c 30 39 34 34 30 30 2e 30 30 30 2c 41 2c  * ,E,094400.000,A, *
  41 2a 35 37 0d 0a                                * A*57..           *}
2017/08/08 11:44:00.934 com7(0)-(trace)->: MSG_LINE_DATA {[1]:
  24                                               * $                *}
2017/08/08 11:44:00.934 com7(0)-(trace)->: MSG_LINE_DATA {[64]:
  47 50 47 47 41 2c 30 39 34 34 30 30 2e 30 30 30  * GPGGA,094400.000 *
  2c 34 36 30 38 2e 33 30 31 38 30 30 2c 4e 2c 30  * ,4608.301800,N,0 *
  31 38 30 39 2e 35 32 34 31 37 32 2c 45 2c 31 2c  * 1809.524172,E,1, *
  37 2c 31 2e 31 36 2c 32 33 39 2e 35 35 30 2c 4d  * 7,1.16,239.550,M *}
2017/08/08 11:44:00.935 com7(0)-(trace)->: MSG_LINE_DATA {[9]:
  2c 2c 2c 2c 2a 30 38 0d 0a                       * ,,,,*08..        *}
2017/08/08 11:44:00.935 com7(0)-(trace)->: MSG_LINE_DATA {[56]:
  24 47 50 47 53 41 2c 41 2c 33 2c 32 39 2c 32 31  * $GPGSA,A,3,29,21 *
  2c 32 36 2c 32 35 2c 32 30 2c 30 35 2c 31 36 2c  * ,26,25,20,05,16, *
  2c 2c 2c 2c 2c 32 2e 33 36 2c 31 2e 31 36 2c 32  * ,,,,,2.36,1.16,2 *
  2e 30 35 2a 30 46 0d 0a                          * .05*0F..         *}
2017/08/08 11:44:00.936 com7(0)-(trace)->: MSG_LINE_DATA {[1]:
  24                                               * $                *}
2017/08/08 11:44:00.936 com7(0)-(trace)->: MSG_LINE_DATA {[47]:
  47 50 47 53 54 2c 30 39 34 34 30 30 2e 30 30 30  * GPGST,094400.000 *
  2c 32 2e 34 2c 35 2e 30 2c 32 2e 34 2c 32 37 2c  * ,2.4,5.0,2.4,27, *
  34 2e 36 2c 33 2e 32 2c 31 38 2a 36 34 0d 0a     * 4.6,3.2,18*64..  *}
2017/08/08 11:44:00.937 com7(0)-(trace)->: MSG_LINE_DATA {[64]:
  24 47 50 52 4d 43 2c 30 39 34 34 30 30 2e 30 30  * $GPRMC,094400.00 *
  30 2c 41 2c 34 36 30 38 2e 33 30 31 38 30 30 2c  * 0,A,4608.301800, *
  4e 2c 30 31 38 30 39 2e 35 32 34 31 37 32 2c 45  * N,01809.524172,E *
  2c 30 2e 30 30 30 2c 30 2e 30 2c 30 38 30 38 31  * ,0.000,0.0,08081 *}
2017/08/08 11:44:00.937 com7(0)-(trace)->: MSG_LINE_DATA {[10]:
  37 2c 2c 2c 41 2a 36 36 0d 0a                    * 7,,,A*66..       *}
2017/08/08 11:44:02.930 com7(0)-(trace)->: MSG_LINE_DATA {[1]:
  24                                               * $                *}
2017/08/08 11:44:02.930 com7(0)-(trace)->: MSG_LINE_DATA {[64]:
  47 50 47 53 56 2c 33 2c 31 2c 31 31 2c 32 39 2c  * GPGSV,3,1,11,29, *
  35 39 2c 30 35 39 2c 34 30 2c 32 31 2c 35 35 2c  * 59,059,40,21,55, *
  32 30 30 2c 32 39 2c 32 36 2c 34 34 2c 33 30 35  * 200,29,26,44,305 *
  2c 34 35 2c 33 31 2c 34 31 2c 32 34 30 2c 33 30  * ,45,31,41,240,30 *}
2017/08/08 11:44:02.931 com7(0)-(trace)->: MSG_LINE_DATA {[5]:
  2a 37 46 0d 0a                                   * *7F..            *}
2017/08/08 11:44:02.931 com7(0)-(trace)->: MSG_LINE_DATA {[64]:
  24 47 50 47 53 56 2c 33 2c 32 2c 31 31 2c 32 35  * $GPGSV,3,2,11,25 *
  2c 33 32 2c 31 33 34 2c 34 37 2c 32 30 2c 33 31  * ,32,134,47,20,31 *
  2c 31 31 33 2c 33 34 2c 30 35 2c 32 34 2c 30 36  * ,113,34,05,24,06 *
  32 2c 34 32 2c 31 36 2c 31 36 2c 33 30 38 2c 33  * 2,42,16,16,308,3 *}
2017/08/08 11:44:02.932 com7(0)-(trace)->: MSG_LINE_DATA {[6]:
  33 2a 37 35 0d 0a                                * 3*75..           *}
2017/08/08 11:44:02.932 com7(0)-(trace)->: MSG_LINE_DATA {[1]:
  24                                               * $                *}
2017/08/08 11:44:02.932 com7(0)-(trace)->: MSG_LINE_DATA {[51]:
  47 50 47 53 56 2c 33 2c 33 2c 31 31 2c 30 32 2c  * GPGSV,3,3,11,02, *
  30 33 2c 30 34 35 2c 2c 31 38 2c 30 32 2c 31 36  * 03,045,,18,02,16 *
  39 2c 2c 33 36 2c 2c 2c 33 36 2c 2c 2c 2c 2a 37  * 9,,36,,,36,,,,*7 *
  43 0d 0a                                         * C..              *}
2017/08/08 11:44:02.933 com7(0)-(trace)->: MSG_LINE_DATA {[55]:
  24 47 50 47 4c 4c 2c 34 36 30 38 2e 33 30 31 38  * $GPGLL,4608.3018 *
  30 30 2c 4e 2c 30 31 38 30 39 2e 35 32 34 31 37  * 00,N,01809.52417 *
  32 2c 45 2c 30 39 34 34 30 32 2e 30 30 30 2c 41  * 2,E,094402.000,A *
  2c 41 2a 35 35 0d 0a                             * ,A*55..          *}
2017/08/08 11:44:02.934 com7(0)-(trace)->: MSG_LINE_DATA {[1]:
  24                                               * $                *}
2017/08/08 11:44:02.934 com7(0)-(trace)->: MSG_LINE_DATA {[64]:
  47 50 47 47 41 2c 30 39 34 34 30 32 2e 30 30 30  * GPGGA,094402.000 *
  2c 34 36 30 38 2e 33 30 31 38 30 30 2c 4e 2c 30  * ,4608.301800,N,0 *
  31 38 30 39 2e 35 32 34 31 37 32 2c 45 2c 31 2c  * 1809.524172,E,1, *
  38 2c 31 2e 30 33 2c 32 33 39 2e 35 35 30 2c 4d  * 8,1.03,239.550,M *}
2017/08/08 11:44:02.935 com7(0)-(trace)->: MSG_LINE_DATA {[64]:
  2c 2c 2c 2c 2a 30 31 0d 0a 24 47 50 47 53 41 2c  * ,,,,*01..$GPGSA, *
  41 2c 33 2c 32 39 2c 32 31 2c 32 36 2c 33 31 2c  * A,3,29,21,26,31, *
  32 35 2c 32 30 2c 30 35 2c 31 36 2c 2c 2c 2c 2c  * 25,20,05,16,,,,, *
  32 2e 32 39 2c 31 2e 30 33 2c 32 2e 30 34 2a 30  * 2.29,1.03,2.04*0 *}
2017/08/08 11:44:02.936 com7(0)-(trace)->: MSG_LINE_DATA {[3]:
  36 0d 0a                                         * 6..              *}
2017/08/08 11:44:02.936 com7(0)-(trace)->: MSG_LINE_DATA {[48]:
  24 47 50 47 53 54 2c 30 39 34 34 30 32 2e 30 30  * $GPGST,094402.00 *
  30 2c 32 2e 34 2c 34 2e 33 2c 32 2e 32 2c 32 36  * 0,2.4,4.3,2.2,26 *
  2c 33 2e 39 2c 32 2e 38 2c 31 38 2a 36 30 0d 0a  * ,3.9,2.8,18*60.. *}
2017/08/08 11:44:02.937 com7(0)-(trace)->: MSG_LINE_DATA {[1]:
  24                                               * $                *}
2017/08/08 11:44:02.937 com7(0)-(trace)->: MSG_LINE_DATA {[64]:
  47 50 52 4d 43 2c 30 39 34 34 30 32 2e 30 30 30  * GPRMC,094402.000 *
  2c 41 2c 34 36 30 38 2e 33 30 31 38 30 30 2c 4e  * ,A,4608.301800,N *
  2c 30 31 38 30 39 2e 35 32 34 31 37 32 2c 45 2c  * ,01809.524172,E, *
  30 2e 30 30 30 2c 30 2e 30 2c 30 38 30 38 31 37  * 0.000,0.0,080817 *}
2017/08/08 11:44:02.937 com7(0)-(trace)->: MSG_LINE_DATA {[9]:
  2c 2c 2c 41 2a 36 34 0d 0a                       * ,,,A*64..        *}
2017/08/08 11:44:04.929 com7(0)-(trace)->: MSG_LINE_DATA {[1]:
  24                                               * $                *}
2017/08/08 11:44:04.929 com7(0)-(trace)->: MSG_LINE_DATA {[64]:
  47 50 47 53 56 2c 33 2c 31 2c 31 31 2c 32 39 2c  * GPGSV,3,1,11,29, *
  35 39 2c 30 35 39 2c 33 39 2c 32 31 2c 35 35 2c  * 59,059,39,21,55, *
  32 30 30 2c 33 33 2c 32 36 2c 34 34 2c 33 30 35  * 200,33,26,44,305 *
  2c 34 34 2c 33 31 2c 34 31 2c 32 34 30 2c 32 37  * ,44,31,41,240,27 *}
2017/08/08 11:44:04.930 com7(0)-(trace)->: MSG_LINE_DATA {[5]:
  2a 37 44 0d 0a                                   * *7D..            *}
2017/08/08 11:44:04.930 com7(0)-(trace)->: MSG_LINE_DATA {[64]:
  24 47 50 47 53 56 2c 33 2c 32 2c 31 31 2c 32 35  * $GPGSV,3,2,11,25 *
  2c 33 32 2c 31 33 34 2c 34 37 2c 32 30 2c 33 31  * ,32,134,47,20,31 *
  2c 31 31 33 2c 33 33 2c 30 35 2c 32 34 2c 30 36  * ,113,33,05,24,06 *
  32 2c 34 31 2c 31 36 2c 31 36 2c 33 30 38 2c 33  * 2,41,16,16,308,3 *}
2017/08/08 11:44:04.931 com7(0)-(trace)->: MSG_LINE_DATA {[6]:
  30 2a 37 32 0d 0a                                * 0*72..           *}
2017/08/08 11:44:04.931 com7(0)-(trace)->: MSG_LINE_DATA {[52]:
  24 47 50 47 53 56 2c 33 2c 33 2c 31 31 2c 30 32  * $GPGSV,3,3,11,02 *
  2c 30 33 2c 30 34 35 2c 2c 31 38 2c 30 32 2c 31  * ,03,045,,18,02,1 *
  36 39 2c 2c 33 36 2c 2c 2c 33 37 2c 2c 2c 2c 2a  * 69,,36,,,37,,,,* *
  37 44 0d 0a                                      * 7D..             *}
2017/08/08 11:44:04.932 com7(0)-(trace)->: MSG_LINE_DATA {[55]:
  24 47 50 47 4c 4c 2c 34 36 30 38 2e 33 30 31 38  * $GPGLL,4608.3018 *
  30 30 2c 4e 2c 30 31 38 30 39 2e 35 32 34 31 37  * 00,N,01809.52417 *
  32 2c 45 2c 30 39 34 34 30 34 2e 30 30 30 2c 41  * 2,E,094404.000,A *
  2c 41 2a 35 33 0d 0a                             * ,A*53..          *}
2017/08/08 11:44:04.933 com7(0)-(trace)->: MSG_LINE_DATA {[64]:
  24 47 50 47 47 41 2c 30 39 34 34 30 34 2e 30 30  * $GPGGA,094404.00 *
  30 2c 34 36 30 38 2e 33 30 31 38 30 30 2c 4e 2c  * 0,4608.301800,N, *
  30 31 38 30 39 2e 35 32 34 31 37 32 2c 45 2c 31  * 01809.524172,E,1 *
  2c 38 2c 31 2e 30 33 2c 32 33 39 2e 35 35 30 2c  * ,8,1.03,239.550, *}
2017/08/08 11:44:04.933 com7(0)-(trace)->: MSG_LINE_DATA {[10]:
  4d 2c 2c 2c 2c 2a 30 37 0d 0a                    * M,,,,*07..       *}
2017/08/08 11:44:04.933 com7(0)-(trace)->: MSG_LINE_DATA {[58]:
  24 47 50 47 53 41 2c 41 2c 33 2c 32 39 2c 32 31  * $GPGSA,A,3,29,21 *
  2c 32 36 2c 33 31 2c 32 35 2c 32 30 2c 30 35 2c  * ,26,31,25,20,05, *
  31 36 2c 2c 2c 2c 2c 32 2e 32 39 2c 31 2e 30 33  * 16,,,,,2.29,1.03 *
  2c 32 2e 30 35 2a 30 37 0d 0a                    * ,2.05*07..       *}
2017/08/08 11:44:04.934 com7(0)-(trace)->: MSG_LINE_DATA {[48]:
  24 47 50 47 53 54 2c 30 39 34 34 30 34 2e 30 30  * $GPGST,094404.00 *
  30 2c 32 2e 33 2c 34 2e 34 2c 32 2e 34 2c 32 37  * 0,2.3,4.4,2.4,27 *
  2c 34 2e 30 2c 32 2e 39 2c 31 39 2a 36 46 0d 0a  * ,4.0,2.9,19*6F.. *}
2017/08/08 11:44:04.935 com7(0)-(trace)->: MSG_LINE_DATA {[1]:
  24                                               * $                *}
2017/08/08 11:44:04.935 com7(0)-(trace)->: MSG_LINE_DATA {[64]:
  47 50 52 4d 43 2c 30 39 34 34 30 34 2e 30 30 30  * GPRMC,094404.000 *
  2c 41 2c 34 36 30 38 2e 33 30 31 38 30 30 2c 4e  * ,A,4608.301800,N *
  2c 30 31 38 30 39 2e 35 32 34 31 37 32 2c 45 2c  * ,01809.524172,E, *
  30 2e 30 30 30 2c 30 2e 30 2c 30 38 30 38 31 37  * 0.000,0.0,080817 *}
2017/08/08 11:44:04.936 com7(0)-(trace)->: MSG_LINE_DATA {[9]:
  2c 2c 2c 41 2a 36 32 0d 0a                       * ,,,A*62..        *}
2017/08/08 11:44:06.930 com7(0)-(trace)->: MSG_LINE_DATA {[1]:
  24                                               * $                *}
2017/08/08 11:44:06.930 com7(0)-(trace)->: MSG_LINE_DATA {[64]:
  47 50 47 53 56 2c 33 2c 31 2c 31 31 2c 32 39 2c  * GPGSV,3,1,11,29, *
  35 39 2c 30 35 39 2c 34 31 2c 32 31 2c 35 35 2c  * 59,059,41,21,55, *
  32 30 30 2c 33 31 2c 32 36 2c 34 34 2c 33 30 35  * 200,31,26,44,305 *
  2c 34 35 2c 33 31 2c 34 31 2c 32 34 30 2c 32 38  * ,45,31,41,240,28 *}
2017/08/08 11:44:06.931 com7(0)-(trace)->: MSG_LINE_DATA {[5]:
  2a 37 45 0d 0a                                   * *7E..            *}
2017/08/08 11:44:06.931 com7(0)-(trace)->: MSG_LINE_DATA {[64]:
  24 47 50 47 53 56 2c 33 2c 32 2c 31 31 2c 32 35  * $GPGSV,3,2,11,25 *
  2c 33 32 2c 31 33 34 2c 34 37 2c 32 30 2c 33 31  * ,32,134,47,20,31 *
  2c 31 31 33 2c 32 39 2c 30 35 2c 32 34 2c 30 36  * ,113,29,05,24,06 *
  32 2c 34 31 2c 31 36 2c 31 36 2c 33 30 38 2c 33  * 2,41,16,16,308,3 *}
2017/08/08 11:44:06.932 com7(0)-(trace)->: MSG_LINE_DATA {[6]:
  33 2a 37 41 0d 0a                                * 3*7A..           *}
2017/08/08 11:44:06.932 com7(0)-(trace)->: MSG_LINE_DATA {[52]:
  24 47 50 47 53 56 2c 33 2c 33 2c 31 31 2c 30 32  * $GPGSV,3,3,11,02 *
  2c 30 33 2c 30 34 35 2c 2c 31 38 2c 30 32 2c 31  * ,03,045,,18,02,1 *
  36 39 2c 2c 33 36 2c 2c 2c 33 38 2c 2c 2c 2c 2a  * 69,,36,,,38,,,,* *
  37 32 0d 0a                                      * 72..             *}
2017/08/08 11:44:06.933 com7(0)-(trace)->: MSG_LINE_DATA {[1]:
  24                                               * $                *}
2017/08/08 11:44:06.933 com7(0)-(trace)->: MSG_LINE_DATA {[54]:
  47 50 47 4c 4c 2c 34 36 30 38 2e 33 30 31 38 30  * GPGLL,4608.30180 *
  30 2c 4e 2c 30 31 38 30 39 2e 35 32 34 31 37 32  * 0,N,01809.524172 *
  2c 45 2c 30 39 34 34 30 36 2e 30 30 30 2c 41 2c  * ,E,094406.000,A, *
  41 2a 35 31 0d 0a                                * A*51..           *}
2017/08/08 11:44:06.934 com7(0)-(trace)->: MSG_LINE_DATA {[1]:
  24                                               * $                *}
2017/08/08 11:44:06.934 com7(0)-(trace)->: MSG_LINE_DATA {[64]:
  47 50 47 47 41 2c 30 39 34 34 30 36 2e 30 30 30  * GPGGA,094406.000 *
  2c 34 36 30 38 2e 33 30 31 38 30 30 2c 4e 2c 30  * ,4608.301800,N,0 *
  31 38 30 39 2e 35 32 34 31 37 32 2c 45 2c 31 2c  * 1809.524172,E,1, *
  38 2c 31 2e 30 33 2c 32 33 39 2e 35 35 30 2c 4d  * 8,1.03,239.550,M *}
2017/08/08 11:44:06.935 com7(0)-(trace)->: MSG_LINE_DATA {[64]:
  2c 2c 2c 2c 2a 30 35 0d 0a 24 47 50 47 53 41 2c  * ,,,,*05..$GPGSA, *
  41 2c 33 2c 32 39 2c 32 31 2c 32 36 2c 33 31 2c  * A,3,29,21,26,31, *
  32 35 2c 32 30 2c 30 35 2c 31 36 2c 2c 2c 2c 2c  * 25,20,05,16,,,,, *
  32 2e 32 39 2c 31 2e 30 33 2c 32 2e 30 35 2a 30  * 2.29,1.03,2.05*0 *}
2017/08/08 11:44:06.935 com7(0)-(trace)->: MSG_LINE_DATA {[3]:
  37 0d 0a                                         * 7..              *}
2017/08/08 11:44:06.936 com7(0)-(trace)->: MSG_LINE_DATA {[48]:
  24 47 50 47 53 54 2c 30 39 34 34 30 36 2e 30 30  * $GPGST,094406.00 *
  30 2c 32 2e 33 2c 34 2e 33 2c 32 2e 34 2c 32 34  * 0,2.3,4.3,2.4,24 *
  2c 34 2e 30 2c 32 2e 38 2c 31 37 2a 36 36 0d 0a  * ,4.0,2.8,17*66.. *}
2017/08/08 11:44:06.937 com7(0)-(trace)->: MSG_LINE_DATA {[1]:
  24                                               * $                *}
2017/08/08 11:44:06.937 com7(0)-(trace)->: MSG_LINE_DATA {[64]:
  47 50 52 4d 43 2c 30 39 34 34 30 36 2e 30 30 30  * GPRMC,094406.000 *
  2c 41 2c 34 36 30 38 2e 33 30 31 38 30 30 2c 4e  * ,A,4608.301800,N *
  2c 30 31 38 30 39 2e 35 32 34 31 37 32 2c 45 2c  * ,01809.524172,E, *
  30 2e 30 30 30 2c 30 2e 30 2c 30 38 30 38 31 37  * 0.000,0.0,080817 *}
2017/08/08 11:44:06.938 com7(0)-(trace)->: MSG_LINE_DATA {[9]:
  2c 2c 2c 41 2a 36 30 0d 0a                       * ,,,A*60..        *}
2017/08/08 11:44:08.930 com7(0)-(trace)->: MSG_LINE_DATA {[1]:
  24                                               * $                *}
2017/08/08 11:44:08.931 com7(0)-(trace)->: MSG_LINE_DATA {[64]:
  47 50 47 53 56 2c 33 2c 31 2c 31 31 2c 32 39 2c  * GPGSV,3,1,11,29, *
  35 39 2c 30 35 39 2c 33 38 2c 32 31 2c 35 35 2c  * 59,059,38,21,55, *
  32 30 30 2c 33 30 2c 32 36 2c 34 34 2c 33 30 35  * 200,30,26,44,305 *
  2c 34 33 2c 33 31 2c 34 31 2c 32 34 30 2c 33 31  * ,43,31,41,240,31 *}
2017/08/08 11:44:08.931 com7(0)-(trace)->: MSG_LINE_DATA {[5]:
  2a 37 46 0d 0a                                   * *7F..            *}
2017/08/08 11:44:08.932 com7(0)-(trace)->: MSG_LINE_DATA {[64]:
  24 47 50 47 53 56 2c 33 2c 32 2c 31 31 2c 32 35  * $GPGSV,3,2,11,25 *
  2c 33 32 2c 31 33 34 2c 34 36 2c 32 30 2c 33 31  * ,32,134,46,20,31 *
  2c 31 31 33 2c 33 31 2c 30 35 2c 32 34 2c 30 36  * ,113,31,05,24,06 *
  32 2c 34 32 2c 31 36 2c 31 36 2c 33 30 38 2c 32  * 2,42,16,16,308,2 *}
2017/08/08 11:44:08.932 com7(0)-(trace)->: MSG_LINE_DATA {[6]:
  39 2a 37 41 0d 0a                                * 9*7A..           *}
2017/08/08 11:44:08.933 com7(0)-(trace)->: MSG_LINE_DATA {[52]:
  24 47 50 47 53 56 2c 33 2c 33 2c 31 31 2c 30 32  * $GPGSV,3,3,11,02 *
  2c 30 33 2c 30 34 35 2c 2c 31 38 2c 30 32 2c 31  * ,03,045,,18,02,1 *
  36 39 2c 2c 33 36 2c 2c 2c 33 37 2c 2c 2c 2c 2a  * 69,,36,,,37,,,,* *
  37 44 0d 0a                                      * 7D..             *}
2017/08/08 11:44:08.934 com7(0)-(trace)->: MSG_LINE_DATA {[55]:
  24 47 50 47 4c 4c 2c 34 36 30 38 2e 33 30 31 38  * $GPGLL,4608.3018 *
  30 30 2c 4e 2c 30 31 38 30 39 2e 35 32 34 31 37  * 00,N,01809.52417 *
  32 2c 45 2c 30 39 34 34 30 38 2e 30 30 30 2c 41  * 2,E,094408.000,A *
  2c 41 2a 35 46 0d 0a                             * ,A*5F..          *}
2017/08/08 11:44:08.934 com7(0)-(trace)->: MSG_LINE_DATA {[1]:
  24                                               * $                *}
2017/08/08 11:44:08.935 com7(0)-(trace)->: MSG_LINE_DATA {[64]:
  47 50 47 47 41 2c 30 39 34 34 30 38 2e 30 30 30  * GPGGA,094408.000 *
  2c 34 36 30 38 2e 33 30 31 38 30 30 2c 4e 2c 30  * ,4608.301800,N,0 *
  31 38 30 39 2e 35 32 34 31 37 32 2c 45 2c 31 2c  * 1809.524172,E,1, *
  38 2c 31 2e 30 33 2c 32 33 39 2e 35 35 30 2c 4d  * 8,1.03,239.550,M *}
2017/08/08 11:44:08.936 com7(0)-(trace)->: MSG_LINE_DATA {[64]:
  2c 2c 2c 2c 2a 30 42 0d 0a 24 47 50 47 53 41 2c  * ,,,,*0B..$GPGSA, *
  41 2c 33 2c 32 39 2c 32 31 2c 32 36 2c 33 31 2c  * A,3,29,21,26,31, *
  32 35 2c 32 30 2c 30 35 2c 31 36 2c 2c 2c 2c 2c  * 25,20,05,16,,,,, *
  32 2e 32 39 2c 31 2e 30 33 2c 32 2e 30 34 2a 30  * 2.29,1.03,2.04*0 *}
2017/08/08 11:44:08.936 com7(0)-(trace)->: MSG_LINE_DATA {[3]:
  36 0d 0a                                         * 6..              *}
2017/08/08 11:44:08.937 com7(0)-(trace)->: MSG_LINE_DATA {[48]:
  24 47 50 47 53 54 2c 30 39 34 34 30 38 2e 30 30  * $GPGST,094408.00 *
  30 2c 32 2e 33 2c 34 2e 34 2c 32 2e 34 2c 32 35  * 0,2.3,4.4,2.4,25 *
  2c 34 2e 31 2c 32 2e 38 2c 31 38 2a 36 30 0d 0a  * ,4.1,2.8,18*60.. *}
2017/08/08 11:44:08.937 com7(0)-(trace)->: MSG_LINE_DATA {[1]:
  24                                               * $                *}
2017/08/08 11:44:08.937 com7(0)-(trace)->: MSG_LINE_DATA {[64]:
  47 50 52 4d 43 2c 30 39 34 34 30 38 2e 30 30 30  * GPRMC,094408.000 *
  2c 41 2c 34 36 30 38 2e 33 30 31 38 30 30 2c 4e  * ,A,4608.301800,N *
  2c 30 31 38 30 39 2e 35 32 34 31 37 32 2c 45 2c  * ,01809.524172,E, *
  30 2e 30 30 30 2c 30 2e 30 2c 30 38 30 38 31 37  * 0.000,0.0,080817 *}
2017/08/08 11:44:08.938 com7(0)-(trace)->: MSG_LINE_DATA {[9]:
  2c 2c 2c 41 2a 36 45 0d 0a                       * ,,,A*6E..        *}
2017/08/08 11:44:10.930 com7(0)-(trace)->: MSG_LINE_DATA {[1]:
  24                                               * $                *}
2017/08/08 11:44:10.931 com7(0)-(trace)->: MSG_LINE_DATA {[64]:
  47 50 47 53 56 2c 33 2c 31 2c 31 31 2c 32 39 2c  * GPGSV,3,1,11,29, *
  35 39 2c 30 35 39 2c 33 37 2c 32 31 2c 35 35 2c  * 59,059,37,21,55, *
  32 30 30 2c 32 35 2c 32 36 2c 34 34 2c 33 30 35  * 200,25,26,44,305 *
  2c 34 33 2c 33 31 2c 34 31 2c 32 34 30 2c 33 33  * ,43,31,41,240,33 *}
2017/08/08 11:44:10.931 com7(0)-(trace)->: MSG_LINE_DATA {[5]:
  2a 37 36 0d 0a                                   * *76..            *}
2017/08/08 11:44:10.932 com7(0)-(trace)->: MSG_LINE_DATA {[64]:
  24 47 50 47 53 56 2c 33 2c 32 2c 31 31 2c 32 35  * $GPGSV,3,2,11,25 *
  2c 33 32 2c 31 33 34 2c 34 36 2c 32 30 2c 33 31  * ,32,134,46,20,31 *
  2c 31 31 33 2c 33 32 2c 30 35 2c 32 34 2c 30 36  * ,113,32,05,24,06 *
  32 2c 34 32 2c 31 36 2c 31 36 2c 33 30 38 2c 33  * 2,42,16,16,308,3 *}
2017/08/08 11:44:10.932 com7(0)-(trace)->: MSG_LINE_DATA {[6]:
  31 2a 37 30 0d 0a                                * 1*70..           *}
2017/08/08 11:44:10.933 com7(0)-(trace)->: MSG_LINE_DATA {[52]:
  24 47 50 47 53 56 2c 33 2c 33 2c 31 31 2c 30 32  * $GPGSV,3,3,11,02 *
  2c 30 33 2c 30 34 35 2c 2c 31 38 2c 30 32 2c 31  * ,03,045,,18,02,1 *
  36 39 2c 2c 33 36 2c 2c 2c 33 37 2c 2c 2c 2c 2a  * 69,,36,,,37,,,,* *
  37 44 0d 0a                                      * 7D..             *}
2017/08/08 11:44:10.933 com7(0)-(trace)->: MSG_LINE_DATA {[1]:
  24                                               * $                *}
2017/08/08 11:44:10.934 com7(0)-(trace)->: MSG_LINE_DATA {[54]:
  47 50 47 4c 4c 2c 34 36 30 38 2e 33 30 31 38 30  * GPGLL,4608.30180 *
  30 2c 4e 2c 30 31 38 30 39 2e 35 32 34 31 37 32  * 0,N,01809.524172 *
  2c 45 2c 30 39 34 34 31 30 2e 30 30 30 2c 41 2c  * ,E,094410.000,A, *
  41 2a 35 36 0d 0a                                * A*56..           *}
2017/08/08 11:44:10.934 com7(0)-(trace)->: MSG_LINE_DATA {[64]:
  24 47 50 47 47 41 2c 30 39 34 34 31 30 2e 30 30  * $GPGGA,094410.00 *
  30 2c 34 36 30 38 2e 33 30 31 38 30 30 2c 4e 2c  * 0,4608.301800,N, *
  30 31 38 30 39 2e 35 32 34 31 37 32 2c 45 2c 31  * 01809.524172,E,1 *
  2c 38 2c 31 2e 30 33 2c 32 33 39 2e 35 35 30 2c  * ,8,1.03,239.550, *}
2017/08/08 11:44:10.935 com7(0)-(trace)->: MSG_LINE_DATA {[10]:
  4d 2c 2c 2c 2c 2a 30 32 0d 0a                    * M,,,,*02..       *}
2017/08/08 11:44:10.936 com7(0)-(trace)->: MSG_LINE_DATA {[58]:
  24 47 50 47 53 41 2c 41 2c 33 2c 32 39 2c 32 31  * $GPGSA,A,3,29,21 *
  2c 32 36 2c 33 31 2c 32 35 2c 32 30 2c 30 35 2c  * ,26,31,25,20,05, *
  31 36 2c 2c 2c 2c 2c 32 2e 32 39 2c 31 2e 30 33  * 16,,,,,2.29,1.03 *
  2c 32 2e 30 35 2a 30 37 0d 0a                    * ,2.05*07..       *}
2017/08/08 11:44:10.936 com7(0)-(trace)->: MSG_LINE_DATA {[1]:
  24                                               * $                *}
2017/08/08 11:44:10.936 com7(0)-(trace)->: MSG_LINE_DATA {[47]:
  47 50 47 53 54 2c 30 39 34 34 31 30 2e 30 30 30  * GPGST,094410.000 *
  2c 32 2e 34 2c 34 2e 34 2c 32 2e 34 2c 32 35 2c  * ,2.4,4.4,2.4,25, *
  34 2e 31 2c 32 2e 39 2c 32 31 2a 36 35 0d 0a     * 4.1,2.9,21*65..  *}
2017/08/08 11:44:10.937 com7(0)-(trace)->: MSG_LINE_DATA {[1]:
  24                                               * $                *}
2017/08/08 11:44:10.937 com7(0)-(trace)->: MSG_LINE_DATA {[64]:
  47 50 52 4d 43 2c 30 39 34 34 31 30 2e 30 30 30  * GPRMC,094410.000 *
  2c 41 2c 34 36 30 38 2e 33 30 31 38 30 30 2c 4e  * ,A,4608.301800,N *
  2c 30 31 38 30 39 2e 35 32 34 31 37 32 2c 45 2c  * ,01809.524172,E, *
  30 2e 30 30 30 2c 30 2e 30 2c 30 38 30 38 31 37  * 0.000,0.0,080817 *}
2017/08/08 11:44:10.938 com7(0)-(trace)->: MSG_LINE_DATA {[9]:
  2c 2c 2c 41 2a 36 37 0d 0a                       * ,,,A*67..        *}
2017/08/08 11:44:12.930 com7(0)-(trace)->: MSG_LINE_DATA {[1]:
  24                                               * $                *}
2017/08/08 11:44:12.930 com7(0)-(trace)->: MSG_LINE_DATA {[64]:
  47 50 47 53 56 2c 33 2c 31 2c 31 31 2c 32 39 2c  * GPGSV,3,1,11,29, *
  35 38 2c 30 35 39 2c 33 39 2c 32 31 2c 35 35 2c  * 58,059,39,21,55, *
  32 30 30 2c 32 36 2c 32 36 2c 34 34 2c 33 30 35  * 200,26,26,44,305 *
  2c 34 34 2c 33 31 2c 34 31 2c 32 34 30 2c 33 30  * ,44,31,41,240,30 *}
2017/08/08 11:44:12.931 com7(0)-(trace)->: MSG_LINE_DATA {[5]:
  2a 37 45 0d 0a                                   * *7E..            *}
2017/08/08 11:44:12.931 com7(0)-(trace)->: MSG_LINE_DATA {[64]:
  24 47 50 47 53 56 2c 33 2c 32 2c 31 31 2c 32 35  * $GPGSV,3,2,11,25 *
  2c 33 32 2c 31 33 34 2c 34 36 2c 32 30 2c 33 31  * ,32,134,46,20,31 *
  2c 31 31 33 2c 33 33 2c 30 35 2c 32 34 2c 30 36  * ,113,33,05,24,06 *
  32 2c 34 32 2c 31 36 2c 31 36 2c 33 30 38 2c 33  * 2,42,16,16,308,3 *}
2017/08/08 11:44:12.932 com7(0)-(trace)->: MSG_LINE_DATA {[58]:
  32 2a 37 32 0d 0a 24 47 50 47 53 56 2c 33 2c 33  * 2*72..$GPGSV,3,3 *
  2c 31 31 2c 30 32 2c 30 33 2c 30 34 35 2c 2c 31  * ,11,02,03,045,,1 *
  38 2c 30 32 2c 31 36 39 2c 2c 33 36 2c 2c 2c 33  * 8,02,169,,36,,,3 *
  36 2c 2c 2c 2c 2a 37 43 0d 0a                    * 6,,,,*7C..       *}
2017/08/08 11:44:12.933 com7(0)-(trace)->: MSG_LINE_DATA {[1]:
  24                                               * $                *}
2017/08/08 11:44:12.933 com7(0)-(trace)->: MSG_LINE_DATA {[54]:
  47 50 47 4c 4c 2c 34 36 30 38 2e 33 30 31 38 30  * GPGLL,4608.30180 *
  30 2c 4e 2c 30 31 38 30 39 2e 35 32 34 31 37 32  * 0,N,01809.524172 *
  2c 45 2c 30 39 34 34 31 32 2e 30 30 30 2c 41 2c  * ,E,094412.000,A, *
  41 2a 35 34 0d 0a                                * A*54..           *}
2017/08/08 11:44:12.934 com7(0)-(trace)->: MSG_LINE_DATA {[64]:
  24 47 50 47 47 41 2c 30 39 34 34 31 32 2e 30 30  * $GPGGA,094412.00 *
  30 2c 34 36 30 38 2e 33 30 31 38 30 30 2c 4e 2c  * 0,4608.301800,N, *
  30 31 38 30 39 2e 35 32 34 31 37 32 2c 45 2c 31  * 01809.524172,E,1 *
  2c 37 2c 31 2e 30 38 2c 32 33 39 2e 35 35 30 2c  * ,7,1.08,239.550, *}
2017/08/08 11:44:12.934 com7(0)-(trace)->: MSG_LINE_DATA {[64]:
  4d 2c 2c 2c 2c 2a 30 34 0d 0a 24 47 50 47 53 41  * M,,,,*04..$GPGSA *
  2c 41 2c 33 2c 32 39 2c 32 31 2c 32 36 2c 33 31  * ,A,3,29,21,26,31 *
  2c 32 35 2c 30 35 2c 31 36 2c 2c 2c 2c 2c 2c 32  * ,25,05,16,,,,,,2 *
  2e 33 37 2c 31 2e 30 38 2c 32 2e 31 30 2a 30 35  * .37,1.08,2.10*05 *}
2017/08/08 11:44:12.935 com7(0)-(trace)->: MSG_LINE_DATA {[50]:
  0d 0a 24 47 50 47 53 54 2c 30 39 34 34 31 32 2e  * ..$GPGST,094412. *
  30 30 30 2c 32 2e 33 2c 34 2e 32 2c 32 2e 32 2c  * 000,2.3,4.2,2.2, *
  32 35 2c 33 2e 39 2c 32 2e 37 2c 31 38 2a 36 42  * 25,3.9,2.7,18*6B *
  0d 0a                                            * ..               *}
2017/08/08 11:44:12.935 com7(0)-(trace)->: MSG_LINE_DATA {[64]:
  24 47 50 52 4d 43 2c 30 39 34 34 31 32 2e 30 30  * $GPRMC,094412.00 *
  30 2c 41 2c 34 36 30 38 2e 33 30 31 38 30 30 2c  * 0,A,4608.301800, *
  4e 2c 30 31 38 30 39 2e 35 32 34 31 37 32 2c 45  * N,01809.524172,E *
  2c 30 2e 30 30 30 2c 30 2e 30 2c 30 38 30 38 31  * ,0.000,0.0,08081 *}
2017/08/08 11:44:12.936 com7(0)-(trace)->: MSG_LINE_DATA {[10]:
  37 2c 2c 2c 41 2a 36 35 0d 0a                    * 7,,,A*65..       *}
2017/08/08 11:44:15.032 com7(0)-(trace)->: MSG_LINE_DATA {[1]:
  24                                               * $                *}
2017/08/08 11:44:15.033 com7(0)-(trace)->: MSG_LINE_DATA {[64]:
  47 50 47 53 56 2c 33 2c 31 2c 31 31 2c 32 39 2c  * GPGSV,3,1,11,29, *
  35 38 2c 30 35 39 2c 33 39 2c 32 31 2c 35 35 2c  * 58,059,39,21,55, *
  32 30 30 2c 32 38 2c 32 36 2c 34 34 2c 33 30 35  * 200,28,26,44,305 *
  2c 34 34 2c 33 31 2c 34 30 2c 32 34 30 2c 33 31  * ,44,31,40,240,31 *}
2017/08/08 11:44:15.033 com7(0)-(trace)->: MSG_LINE_DATA {[64]:
  2a 37 30 0d 0a 24 47 50 47 53 56 2c 33 2c 32 2c  * *70..$GPGSV,3,2, *
  31 31 2c 32 35 2c 33 32 2c 31 33 34 2c 34 37 2c  * 11,25,32,134,47, *
  32 30 2c 33 31 2c 31 31 33 2c 33 33 2c 30 35 2c  * 20,31,113,33,05, *
  32 34 2c 30 36 32 2c 34 34 2c 31 36 2c 31 36 2c  * 24,062,44,16,16, *}
2017/08/08 11:44:15.034 com7(0)-(trace)->: MSG_LINE_DATA {[11]:
  33 30 38 2c 33 35 2a 37 32 0d 0a                 * 308,35*72..      *}
2017/08/08 11:44:15.034 com7(0)-(trace)->: MSG_LINE_DATA {[52]:
  24 47 50 47 53 56 2c 33 2c 33 2c 31 31 2c 30 32  * $GPGSV,3,3,11,02 *
  2c 30 33 2c 30 34 35 2c 2c 31 38 2c 30 32 2c 31  * ,03,045,,18,02,1 *
  36 39 2c 2c 33 36 2c 2c 2c 33 35 2c 2c 2c 2c 2a  * 69,,36,,,35,,,,* *
  37 46 0d 0a                                      * 7F..             *}
2017/08/08 11:44:15.035 com7(0)-(trace)->: MSG_LINE_DATA {[1]:
  24                                               * $                *}
2017/08/08 11:44:15.036 com7(0)-(trace)->: MSG_LINE_DATA {[54]:
  47 50 47 4c 4c 2c 34 36 30 38 2e 33 30 31 38 30  * GPGLL,4608.30180 *
  30 2c 4e 2c 30 31 38 30 39 2e 35 32 34 31 37 32  * 0,N,01809.524172 *
  2c 45 2c 30 39 34 34 31 34 2e 30 30 30 2c 41 2c  * ,E,094414.000,A, *
  41 2a 35 32 0d 0a                                * A*52..           *}
2017/08/08 11:44:15.036 com7(0)-(trace)->: MSG_LINE_DATA {[64]:
  24 47 50 47 47 41 2c 30 39 34 34 31 34 2e 30 30  * $GPGGA,094414.00 *
  30 2c 34 36 30 38 2e 33 30 31 38 30 30 2c 4e 2c  * 0,4608.301800,N, *
  30 31 38 30 39 2e 35 32 34 31 37 32 2c 45 2c 31  * 01809.524172,E,1 *
  2c 38 2c 31 2e 30 33 2c 32 33 39 2e 35 35 30 2c  * ,8,1.03,239.550, *}
2017/08/08 11:44:15.037 com7(0)-(trace)->: MSG_LINE_DATA {[10]:
  4d 2c 2c 2c 2c 2a 30 36 0d 0a                    * M,,,,*06..       *}
2017/08/08 11:44:15.038 com7(0)-(trace)->: MSG_LINE_DATA {[58]:
  24 47 50 47 53 41 2c 41 2c 33 2c 32 39 2c 32 31  * $GPGSA,A,3,29,21 *
  2c 32 36 2c 33 31 2c 32 35 2c 32 30 2c 30 35 2c  * ,26,31,25,20,05, *
  31 36 2c 2c 2c 2c 2c 32 2e 32 39 2c 31 2e 30 33  * 16,,,,,2.29,1.03 *
  2c 32 2e 30 35 2a 30 37 0d 0a                    * ,2.05*07..       *}
2017/08/08 11:44:15.038 com7(0)-(trace)->: MSG_LINE_DATA {[48]:
  24 47 50 47 53 54 2c 30 39 34 34 31 34 2e 30 30  * $GPGST,094414.00 *
  30 2c 32 2e 33 2c 34 2e 33 2c 32 2e 33 2c 32 35  * 0,2.3,4.3,2.3,25 *
  2c 34 2e 30 2c 32 2e 38 2c 32 30 2a 36 37 0d 0a  * ,4.0,2.8,20*67.. *}
2017/08/08 11:44:15.039 com7(0)-(trace)->: MSG_LINE_DATA {[1]:
  24                                               * $                *}
2017/08/08 11:44:15.039 com7(0)-(trace)->: MSG_LINE_DATA {[64]:
  47 50 52 4d 43 2c 30 39 34 34 31 34 2e 30 30 30  * GPRMC,094414.000 *
  2c 41 2c 34 36 30 38 2e 33 30 31 38 30 30 2c 4e  * ,A,4608.301800,N *
  2c 30 31 38 30 39 2e 35 32 34 31 37 32 2c 45 2c  * ,01809.524172,E, *
  30 2e 30 30 30 2c 30 2e 30 2c 30 38 30 38 31 37  * 0.000,0.0,080817 *}
2017/08/08 11:44:15.040 com7(0)-(trace)->: MSG_LINE_DATA {[9]:
  2c 2c 2c 41 2a 36 33 0d 0a                       * ,,,A*63..        *}
2017/08/08 11:44:16.932 com7(0)-(trace)->: MSG_LINE_DATA {[1]:
  24                                               * $                *}
2017/08/08 11:44:16.933 com7(0)-(trace)->: MSG_LINE_DATA {[64]:
  47 50 47 53 56 2c 33 2c 31 2c 31 31 2c 32 39 2c  * GPGSV,3,1,11,29, *
  35 38 2c 30 35 39 2c 33 39 2c 32 31 2c 35 35 2c  * 58,059,39,21,55, *
  32 30 30 2c 32 36 2c 32 36 2c 34 34 2c 33 30 35  * 200,26,26,44,305 *
  2c 34 34 2c 33 31 2c 34 30 2c 32 34 30 2c 32 37  * ,44,31,40,240,27 *}
2017/08/08 11:44:16.934 com7(0)-(trace)->: MSG_LINE_DATA {[5]:
  2a 37 39 0d 0a                                   * *79..            *}
2017/08/08 11:44:16.934 com7(0)-(trace)->: MSG_LINE_DATA {[64]:
  24 47 50 47 53 56 2c 33 2c 32 2c 31 31 2c 32 35  * $GPGSV,3,2,11,25 *
  2c 33 32 2c 31 33 34 2c 34 37 2c 32 30 2c 33 31  * ,32,134,47,20,31 *
  2c 31 31 33 2c 33 34 2c 30 35 2c 32 34 2c 30 36  * ,113,34,05,24,06 *
  32 2c 34 33 2c 31 36 2c 31 36 2c 33 30 38 2c 33  * 2,43,16,16,308,3 *}
2017/08/08 11:44:16.935 com7(0)-(trace)->: MSG_LINE_DATA {[6]:
  35 2a 37 32 0d 0a                                * 5*72..           *}
2017/08/08 11:44:16.935 com7(0)-(trace)->: MSG_LINE_DATA {[52]:
  24 47 50 47 53 56 2c 33 2c 33 2c 31 31 2c 30 32  * $GPGSV,3,3,11,02 *
  2c 30 33 2c 30 34 35 2c 2c 31 38 2c 30 32 2c 31  * ,03,045,,18,02,1 *
  36 39 2c 2c 33 36 2c 2c 2c 33 37 2c 2c 2c 2c 2a  * 69,,36,,,37,,,,* *
  37 44 0d 0a                                      * 7D..             *}
2017/08/08 11:44:16.936 com7(0)-(trace)->: MSG_LINE_DATA {[1]:
  24                                               * $                *}
2017/08/08 11:44:16.936 com7(0)-(trace)->: MSG_LINE_DATA {[54]:
  47 50 47 4c 4c 2c 34 36 30 38 2e 33 30 31 38 30  * GPGLL,4608.30180 *
  30 2c 4e 2c 30 31 38 30 39 2e 35 32 34 31 37 32  * 0,N,01809.524172 *
  2c 45 2c 30 39 34 34 31 36 2e 30 30 30 2c 41 2c  * ,E,094416.000,A, *
  41 2a 35 30 0d 0a                                * A*50..           *}
2017/08/08 11:44:16.937 com7(0)-(trace)->: MSG_LINE_DATA {[1]:
  24                                               * $                *}
2017/08/08 11:44:16.937 com7(0)-(trace)->: MSG_LINE_DATA {[64]:
  47 50 47 47 41 2c 30 39 34 34 31 36 2e 30 30 30  * GPGGA,094416.000 *
  2c 34 36 30 38 2e 33 30 31 38 30 30 2c 4e 2c 30  * ,4608.301800,N,0 *
  31 38 30 39 2e 35 32 34 31 37 32 2c 45 2c 31 2c  * 1809.524172,E,1, *
  38 2c 31 2e 30 33 2c 32 33 39 2e 35 35 30 2c 4d  * 8,1.03,239.550,M *}
2017/08/08 11:44:16.937 com7(0)-(trace)->: MSG_LINE_DATA {[64]:
  2c 2c 2c 2c 2a 30 34 0d 0a 24 47 50 47 53 41 2c  * ,,,,*04..$GPGSA, *
  41 2c 33 2c 32 39 2c 32 31 2c 32 36 2c 33 31 2c  * A,3,29,21,26,31, *
  32 35 2c 32 30 2c 30 35 2c 31 36 2c 2c 2c 2c 2c  * 25,20,05,16,,,,, *
  32 2e 32 39 2c 31 2e 30 33 2c 32 2e 30 35 2a 30  * 2.29,1.03,2.05*0 *}
2017/08/08 11:44:16.938 com7(0)-(trace)->: MSG_LINE_DATA {[3]:
  37 0d 0a                                         * 7..              *}
2017/08/08 11:44:16.939 com7(0)-(trace)->: MSG_LINE_DATA {[48]:
  24 47 50 47 53 54 2c 30 39 34 34 31 36 2e 30 30  * $GPGST,094416.00 *
  30 2c 32 2e 33 2c 34 2e 33 2c 32 2e 33 2c 32 34  * 0,2.3,4.3,2.3,24 *
  2c 34 2e 30 2c 32 2e 37 2c 31 39 2a 36 31 0d 0a  * ,4.0,2.7,19*61.. *}
2017/08/08 11:44:16.939 com7(0)-(trace)->: MSG_LINE_DATA {[1]:
  24                                               * $                *}
2017/08/08 11:44:16.940 com7(0)-(trace)->: MSG_LINE_DATA {[64]:
  47 50 52 4d 43 2c 30 39 34 34 31 36 2e 30 30 30  * GPRMC,094416.000 *
  2c 41 2c 34 36 30 38 2e 33 30 31 38 30 30 2c 4e  * ,A,4608.301800,N *
  2c 30 31 38 30 39 2e 35 32 34 31 37 32 2c 45 2c  * ,01809.524172,E, *
  30 2e 30 30 30 2c 30 2e 30 2c 30 38 30 38 31 37  * 0.000,0.0,080817 *}
2017/08/08 11:44:16.940 com7(0)-(trace)->: MSG_LINE_DATA {[9]:
  2c 2c 2c 41 2a 36 31 0d 0a                       * ,,,A*61..        *}
2017/08/08 11:44:18.930 com7(0)-(trace)->: MSG_LINE_DATA {[1]:
  24                                               * $                *}
2017/08/08 11:44:18.930 com7(0)-(trace)->: MSG_LINE_DATA {[64]:
  47 50 47 53 56 2c 33 2c 31 2c 31 31 2c 32 39 2c  * GPGSV,3,1,11,29, *
  35 38 2c 30 35 39 2c 33 33 2c 32 31 2c 35 35 2c  * 58,059,33,21,55, *
  32 30 30 2c 32 34 2c 32 36 2c 34 34 2c 33 30 35  * 200,24,26,44,305 *
  2c 34 33 2c 33 31 2c 34 30 2c 32 34 30 2c 32 38  * ,43,31,40,240,28 *}
2017/08/08 11:44:18.931 com7(0)-(trace)->: MSG_LINE_DATA {[5]:
  2a 37 39 0d 0a                                   * *79..            *}
2017/08/08 11:44:18.931 com7(0)-(trace)->: MSG_LINE_DATA {[64]:
  24 47 50 47 53 56 2c 33 2c 32 2c 31 31 2c 32 35  * $GPGSV,3,2,11,25 *
  2c 33 32 2c 31 33 34 2c 34 38 2c 32 30 2c 33 31  * ,32,134,48,20,31 *
  2c 31 31 33 2c 33 31 2c 30 35 2c 32 34 2c 30 36  * ,113,31,05,24,06 *
  32 2c 34 32 2c 31 36 2c 31 36 2c 33 30 38 2c 33  * 2,42,16,16,308,3 *}
2017/08/08 11:44:18.932 com7(0)-(trace)->: MSG_LINE_DATA {[6]:
  36 2a 37 41 0d 0a                                * 6*7A..           *}
2017/08/08 11:44:18.932 com7(0)-(trace)->: MSG_LINE_DATA {[52]:
  24 47 50 47 53 56 2c 33 2c 33 2c 31 31 2c 30 32  * $GPGSV,3,3,11,02 *
  2c 30 33 2c 30 34 35 2c 2c 31 38 2c 30 32 2c 31  * ,03,045,,18,02,1 *
  36 39 2c 2c 33 36 2c 2c 2c 33 36 2c 2c 2c 2c 2a  * 69,,36,,,36,,,,* *
  37 43 0d 0a                                      * 7C..             *}
2017/08/08 11:44:18.933 com7(0)-(trace)->: MSG_LINE_DATA {[1]:
  24                                               * $                *}
2017/08/08 11:44:18.933 com7(0)-(trace)->: MSG_LINE_DATA {[54]:
  47 50 47 4c 4c 2c 34 36 30 38 2e 33 30 31 38 30  * GPGLL,4608.30180 *
  30 2c 4e 2c 30 31 38 30 39 2e 35 32 34 31 37 32  * 0,N,01809.524172 *
  2c 45 2c 30 39 34 34 31 38 2e 30 30 30 2c 41 2c  * ,E,094418.000,A, *
  41 2a 35 45 0d 0a                                * A*5E..           *}
2017/08/08 11:44:18.934 com7(0)-(trace)->: MSG_LINE_DATA {[1]:
  24                                               * $                *}
2017/08/08 11:44:18.934 com7(0)-(trace)->: MSG_LINE_DATA {[64]:
  47 50 47 47 41 2c 30 39 34 34 31 38 2e 30 30 30  * GPGGA,094418.000 *
  2c 34 36 30 38 2e 33 30 31 38 30 30 2c 4e 2c 30  * ,4608.301800,N,0 *
  31 38 30 39 2e 35 32 34 31 37 32 2c 45 2c 31 2c  * 1809.524172,E,1, *
  38 2c 31 2e 30 33 2c 32 33 39 2e 35 35 30 2c 4d  * 8,1.03,239.550,M *}
2017/08/08 11:44:18.935 com7(0)-(trace)->: MSG_LINE_DATA {[64]:
  2c 2c 2c 2c 2a 30 41 0d 0a 24 47 50 47 53 41 2c  * ,,,,*0A..$GPGSA, *
  41 2c 33 2c 32 39 2c 32 31 2c 32 36 2c 33 31 2c  * A,3,29,21,26,31, *
  32 35 2c 32 30 2c 30 35 2c 31 36 2c 2c 2c 2c 2c  * 25,20,05,16,,,,, *
  32 2e 32 39 2c 31 2e 30 33 2c 32 2e 30 35 2a 30  * 2.29,1.03,2.05*0 *}
2017/08/08 11:44:18.935 com7(0)-(trace)->: MSG_LINE_DATA {[3]:
  37 0d 0a                                         * 7..              *}
2017/08/08 11:44:18.936 com7(0)-(trace)->: MSG_LINE_DATA {[1]:
  24                                               * $                *}
2017/08/08 11:44:18.936 com7(0)-(trace)->: MSG_LINE_DATA {[47]:
  47 50 47 53 54 2c 30 39 34 34 31 38 2e 30 30 30  * GPGST,094418.000 *
  2c 32 2e 33 2c 34 2e 34 2c 32 2e 33 2c 32 36 2c  * ,2.3,4.4,2.3,26, *
  34 2e 31 2c 32 2e 39 2c 32 30 2a 36 46 0d 0a     * 4.1,2.9,20*6F..  *}
2017/08/08 11:44:18.937 com7(0)-(trace)->: MSG_LINE_DATA {[1]:
  24                                               * $                *}
2017/08/08 11:44:18.937 com7(0)-(trace)->: MSG_LINE_DATA {[64]:
  47 50 52 4d 43 2c 30 39 34 34 31 38 2e 30 30 30  * GPRMC,094418.000 *
  2c 41 2c 34 36 30 38 2e 33 30 31 38 30 30 2c 4e  * ,A,4608.301800,N *
  2c 30 31 38 30 39 2e 35 32 34 31 37 32 2c 45 2c  * ,01809.524172,E, *
  30 2e 30 30 30 2c 30 2e 30 2c 30 38 30 38 31 37  * 0.000,0.0,080817 *}
2017/08/08 11:44:18.937 com7(0)-(trace)->: MSG_LINE_DATA {[9]:
  2c 2c 2c 41 2a 36 46 0d 0a                       * ,,,A*6F..        *}
2017/08/08 11:44:20.930 com7(0)-(trace)->: MSG_LINE_DATA {[1]:
  24                                               * $                *}
2017/08/08 11:44:20.930 com7(0)-(trace)->: MSG_LINE_DATA {[64]:
  47 50 47 53 56 2c 33 2c 31 2c 31 31 2c 32 39 2c  * GPGSV,3,1,11,29, *
  35 38 2c 30 35 39 2c 33 39 2c 32 31 2c 35 35 2c  * 58,059,39,21,55, *
  32 30 30 2c 32 34 2c 32 36 2c 34 34 2c 33 30 35  * 200,24,26,44,305 *
  2c 34 33 2c 33 31 2c 34 30 2c 32 34 30 2c 33 30  * ,43,31,40,240,30 *}
2017/08/08 11:44:20.931 com7(0)-(trace)->: MSG_LINE_DATA {[64]:
  2a 37 41 0d 0a 24 47 50 47 53 56 2c 33 2c 32 2c  * *7A..$GPGSV,3,2, *
  31 31 2c 32 35 2c 33 32 2c 31 33 34 2c 34 37 2c  * 11,25,32,134,47, *
  32 30 2c 33 31 2c 31 31 33 2c 33 32 2c 30 35 2c  * 20,31,113,32,05, *
  32 34 2c 30 36 32 2c 34 32 2c 31 36 2c 31 36 2c  * 24,062,42,16,16, *}
2017/08/08 11:44:20.931 com7(0)-(trace)->: MSG_LINE_DATA {[11]:
  33 30 38 2c 33 32 2a 37 32 0d 0a                 * 308,32*72..      *}
2017/08/08 11:44:20.932 com7(0)-(trace)->: MSG_LINE_DATA {[52]:
  24 47 50 47 53 56 2c 33 2c 33 2c 31 31 2c 30 32  * $GPGSV,3,3,11,02 *
  2c 30 33 2c 30 34 35 2c 2c 31 38 2c 30 32 2c 31  * ,03,045,,18,02,1 *
  36 39 2c 2c 33 36 2c 2c 2c 33 36 2c 2c 2c 2c 2a  * 69,,36,,,36,,,,* *
  37 43 0d 0a                                      * 7C..             *}
2017/08/08 11:44:20.932 com7(0)-(trace)->: MSG_LINE_DATA {[55]:
  24 47 50 47 4c 4c 2c 34 36 30 38 2e 33 30 31 38  * $GPGLL,4608.3018 *
  30 30 2c 4e 2c 30 31 38 30 39 2e 35 32 34 31 37  * 00,N,01809.52417 *
  32 2c 45 2c 30 39 34 34 32 30 2e 30 30 30 2c 41  * 2,E,094420.000,A *
  2c 41 2a 35 35 0d 0a                             * ,A*55..          *}
2017/08/08 11:44:20.933 com7(0)-(trace)->: MSG_LINE_DATA {[64]:
  24 47 50 47 47 41 2c 30 39 34 34 32 30 2e 30 30  * $GPGGA,094420.00 *
  30 2c 34 36 30 38 2e 33 30 31 38 30 30 2c 4e 2c  * 0,4608.301800,N, *
  30 31 38 30 39 2e 35 32 34 31 37 32 2c 45 2c 31  * 01809.524172,E,1 *
  2c 38 2c 31 2e 30 32 2c 32 33 39 2e 35 35 30 2c  * ,8,1.02,239.550, *}
2017/08/08 11:44:20.934 com7(0)-(trace)->: MSG_LINE_DATA {[10]:
  4d 2c 2c 2c 2c 2a 30 30 0d 0a                    * M,,,,*00..       *}
2017/08/08 11:44:20.935 com7(0)-(trace)->: MSG_LINE_DATA {[58]:
  24 47 50 47 53 41 2c 41 2c 33 2c 32 39 2c 32 31  * $GPGSA,A,3,29,21 *
  2c 32 36 2c 33 31 2c 32 35 2c 32 30 2c 30 35 2c  * ,26,31,25,20,05, *
  31 36 2c 2c 2c 2c 2c 32 2e 32 39 2c 31 2e 30 32  * 16,,,,,2.29,1.02 *
  2c 32 2e 30 35 2a 30 36 0d 0a                    * ,2.05*06..       *}
2017/08/08 11:44:20.936 com7(0)-(trace)->: MSG_LINE_DATA {[64]:
  24 47 50 47 53 54 2c 30 39 34 34 32 30 2e 30 30  * $GPGST,094420.00 *
  30 2c 32 2e 33 2c 34 2e 35 2c 32 2e 34 2c 32 37  * 0,2.3,4.5,2.4,27 *
  2c 34 2e 31 2c 32 2e 39 2c 32 30 2a 36 33 0d 0a  * ,4.1,2.9,20*63.. *
  24 47 50 52 4d 43 2c 30 39 34 34 32 30 2e 30 30  * $GPRMC,094420.00 *}
2017/08/08 11:44:20.936 com7(0)-(trace)->: MSG_LINE_DATA {[58]:
  30 2c 41 2c 34 36 30 38 2e 33 30 31 38 30 30 2c  * 0,A,4608.301800, *
  4e 2c 30 31 38 30 39 2e 35 32 34 31 37 32 2c 45  * N,01809.524172,E *
  2c 30 2e 30 30 30 2c 30 2e 30 2c 30 38 30 38 31  * ,0.000,0.0,08081 *
  37 2c 2c 2c 41 2a 36 34 0d 0a                    * 7,,,A*64..       *}
2017/08/08 11:44:22.929 com7(0)-(trace)->: MSG_LINE_DATA {[1]:
  24                                               * $                *}
2017/08/08 11:44:22.930 com7(0)-(trace)->: MSG_LINE_DATA {[64]:
  47 50 47 53 56 2c 33 2c 31 2c 31 31 2c 32 39 2c  * GPGSV,3,1,11,29, *
  35 38 2c 30 35 39 2c 33 39 2c 32 31 2c 35 35 2c  * 58,059,39,21,55, *
  32 30 30 2c 32 37 2c 32 36 2c 34 34 2c 33 30 35  * 200,27,26,44,305 *
  2c 34 33 2c 33 31 2c 34 30 2c 32 34 30 2c 33 30  * ,43,31,40,240,30 *}
2017/08/08 11:44:22.931 com7(0)-(trace)->: MSG_LINE_DATA {[5]:
  2a 37 39 0d 0a                                   * *79..            *}
2017/08/08 11:44:22.931 com7(0)-(trace)->: MSG_LINE_DATA {[64]:
  24 47 50 47 53 56 2c 33 2c 32 2c 31 31 2c 32 35  * $GPGSV,3,2,11,25 *
  2c 33 32 2c 31 33 34 2c 34 38 2c 32 30 2c 33 31  * ,32,134,48,20,31 *
  2c 31 31 33 2c 33 33 2c 30 35 2c 32 34 2c 30 36  * ,113,33,05,24,06 *
  32 2c 34 30 2c 31 36 2c 31 36 2c 33 30 38 2c 33  * 2,40,16,16,308,3 *}
2017/08/08 11:44:22.931 com7(0)-(trace)->: MSG_LINE_DATA {[6]:
  32 2a 37 45 0d 0a                                * 2*7E..           *}
2017/08/08 11:44:22.932 com7(0)-(trace)->: MSG_LINE_DATA {[52]:
  24 47 50 47 53 56 2c 33 2c 33 2c 31 31 2c 30 32  * $GPGSV,3,3,11,02 *
  2c 30 33 2c 30 34 35 2c 2c 31 38 2c 30 32 2c 31  * ,03,045,,18,02,1 *
  36 39 2c 2c 33 36 2c 2c 2c 33 36 2c 2c 2c 2c 2a  * 69,,36,,,36,,,,* *
  37 43 0d 0a                                      * 7C..             *}
2017/08/08 11:44:22.933 com7(0)-(trace)->: MSG_LINE_DATA {[1]:
  24                                               * $                *}
2017/08/08 11:44:22.933 com7(0)-(trace)->: MSG_LINE_DATA {[54]:
  47 50 47 4c 4c 2c 34 36 30 38 2e 33 30 31 38 30  * GPGLL,4608.30180 *
  30 2c 4e 2c 30 31 38 30 39 2e 35 32 34 31 37 32  * 0,N,01809.524172 *
  2c 45 2c 30 39 34 34 32 32 2e 30 30 30 2c 41 2c  * ,E,094422.000,A, *
  41 2a 35 37 0d 0a                                * A*57..           *}
2017/08/08 11:44:22.933 com7(0)-(trace)->: MSG_LINE_DATA {[1]:
  24                                               * $                *}
2017/08/08 11:44:22.934 com7(0)-(trace)->: MSG_LINE_DATA {[64]:
  47 50 47 47 41 2c 30 39 34 34 32 32 2e 30 30 30  * GPGGA,094422.000 *
  2c 34 36 30 38 2e 33 30 31 38 30 30 2c 4e 2c 30  * ,4608.301800,N,0 *
  31 38 30 39 2e 35 32 34 31 37 32 2c 45 2c 31 2c  * 1809.524172,E,1, *
  37 2c 31 2e 31 36 2c 32 33 39 2e 35 35 30 2c 4d  * 7,1.16,239.550,M *}
2017/08/08 11:44:22.934 com7(0)-(trace)->: MSG_LINE_DATA {[9]:
  2c 2c 2c 2c 2a 30 38 0d 0a                       * ,,,,*08..        *}
2017/08/08 11:44:22.935 com7(0)-(trace)->: MSG_LINE_DATA {[56]:
  24 47 50 47 53 41 2c 41 2c 33 2c 32 39 2c 32 31  * $GPGSA,A,3,29,21 *
  2c 32 36 2c 32 35 2c 32 30 2c 30 35 2c 31 36 2c  * ,26,25,20,05,16, *
  2c 2c 2c 2c 2c 32 2e 33 36 2c 31 2e 31 36 2c 32  * ,,,,,2.36,1.16,2 *
  2e 30 35 2a 30 46 0d 0a                          * .05*0F..         *}
2017/08/08 11:44:22.935 com7(0)-(trace)->: MSG_LINE_DATA {[1]:
  24                                               * $                *}
2017/08/08 11:44:22.936 com7(0)-(trace)->: MSG_LINE_DATA {[47]:
  47 50 47 53 54 2c 30 39 34 34 32 32 2e 30 30 30  * GPGST,094422.000 *
  2c 32 2e 33 2c 34 2e 33 2c 32 2e 33 2c 32 36 2c  * ,2.3,4.3,2.3,26, *
  34 2e 30 2c 32 2e 39 2c 31 39 2a 36 41 0d 0a     * 4.0,2.9,19*6A..  *}
2017/08/08 11:44:22.936 com7(0)-(trace)->: MSG_LINE_DATA {[1]:
  24                                               * $                *}
2017/08/08 11:44:22.937 com7(0)-(trace)->: MSG_LINE_DATA {[64]:
  47 50 52 4d 43 2c 30 39 34 34 32 32 2e 30 30 30  * GPRMC,094422.000 *
  2c 41 2c 34 36 30 38 2e 33 30 31 38 30 30 2c 4e  * ,A,4608.301800,N *
  2c 30 31 38 30 39 2e 35 32 34 31 37 32 2c 45 2c  * ,01809.524172,E, *
  30 2e 30 30 30 2c 30 2e 30 2c 30 38 30 38 31 37  * 0.000,0.0,080817 *}
2017/08/08 11:44:22.937 com7(0)-(trace)->: MSG_LINE_DATA {[9]:
  2c 2c 2c 41 2a 36 36 0d 0a                       * ,,,A*66..        *}
2017/08/08 11:44:24.929 com7(0)-(trace)->: MSG_LINE_DATA {[1]:
  24                                               * $                *}
2017/08/08 11:44:24.929 com7(0)-(trace)->: MSG_LINE_DATA {[64]:
  47 50 47 53 56 2c 33 2c 31 2c 31 31 2c 32 39 2c  * GPGSV,3,1,11,29, *
  35 38 2c 30 35 39 2c 33 36 2c 32 31 2c 35 35 2c  * 58,059,36,21,55, *
  32 30 30 2c 32 37 2c 32 36 2c 34 34 2c 33 30 35  * 200,27,26,44,305 *
  2c 34 33 2c 33 31 2c 34 30 2c 32 34 30 2c 32 36  * ,43,31,40,240,26 *}
2017/08/08 11:44:24.930 com7(0)-(trace)->: MSG_LINE_DATA {[5]:
  2a 37 31 0d 0a                                   * *71..            *}
2017/08/08 11:44:24.930 com7(0)-(trace)->: MSG_LINE_DATA {[64]:
  24 47 50 47 53 56 2c 33 2c 32 2c 31 31 2c 32 35  * $GPGSV,3,2,11,25 *
  2c 33 32 2c 31 33 34 2c 34 38 2c 32 30 2c 33 31  * ,32,134,48,20,31 *
  2c 31 31 33 2c 33 34 2c 30 35 2c 32 34 2c 30 36  * ,113,34,05,24,06 *
  32 2c 34 31 2c 31 36 2c 31 36 2c 33 30 38 2c 33  * 2,41,16,16,308,3 *}
2017/08/08 11:44:24.931 com7(0)-(trace)->: MSG_LINE_DATA {[6]:
  32 2a 37 38 0d 0a                                * 2*78..           *}
2017/08/08 11:44:24.931 com7(0)-(trace)->: MSG_LINE_DATA {[52]:
  24 47 50 47 53 56 2c 33 2c 33 2c 31 31 2c 30 32  * $GPGSV,3,3,11,02 *
  2c 30 33 2c 30 34 35 2c 2c 31 38 2c 30 32 2c 31  * ,03,045,,18,02,1 *
  36 39 2c 2c 33 36 2c 2c 2c 33 35 2c 2c 2c 2c 2a  * 69,,36,,,35,,,,* *
  37 46 0d 0a                                      * 7F..             *}
2017/08/08 11:44:24.932 com7(0)-(trace)->: MSG_LINE_DATA {[1]:
  24                                               * $                *}
2017/08/08 11:44:24.932 com7(0)-(trace)->: MSG_LINE_DATA {[54]:
  47 50 47 4c 4c 2c 34 36 30 38 2e 33 30 31 38 30  * GPGLL,4608.30180 *
  30 2c 4e 2c 30 31 38 30 39 2e 35 32 34 31 37 32  * 0,N,01809.524172 *
  2c 45 2c 30 39 34 34 32 34 2e 30 30 30 2c 41 2c  * ,E,094424.000,A, *
  41 2a 35 31 0d 0a                                * A*51..           *}
2017/08/08 11:44:24.933 com7(0)-(trace)->: MSG_LINE_DATA {[1]:
  24                                               * $                *}
2017/08/08 11:44:24.933 com7(0)-(trace)->: MSG_LINE_DATA {[64]:
  47 50 47 47 41 2c 30 39 34 34 32 34 2e 30 30 30  * GPGGA,094424.000 *
  2c 34 36 30 38 2e 33 30 31 38 30 30 2c 4e 2c 30  * ,4608.301800,N,0 *
  31 38 30 39 2e 35 32 34 31 37 32 2c 45 2c 31 2c  * 1809.524172,E,1, *
  37 2c 31 2e 31 36 2c 32 33 39 2e 35 35 30 2c 4d  * 7,1.16,239.550,M *}
2017/08/08 11:44:24.934 com7(0)-(trace)->: MSG_LINE_DATA {[64]:
  2c 2c 2c 2c 2a 30 45 0d 0a 24 47 50 47 53 41 2c  * ,,,,*0E..$GPGSA, *
  41 2c 33 2c 32 39 2c 32 31 2c 32 36 2c 32 35 2c  * A,3,29,21,26,25, *
  32 30 2c 30 35 2c 31 36 2c 2c 2c 2c 2c 2c 32 2e  * 20,05,16,,,,,,2. *
  33 36 2c 31 2e 31 36 2c 32 2e 30 35 2a 30 46 0d  * 36,1.16,2.05*0F. *}
2017/08/08 11:44:24.935 com7(0)-(trace)->: MSG_LINE_DATA {[1]:
  0a                                               * .                *}
2017/08/08 11:44:24.935 com7(0)-(trace)->: MSG_LINE_DATA {[48]:
  24 47 50 47 53 54 2c 30 39 34 34 32 34 2e 30 30  * $GPGST,094424.00 *
  30 2c 32 2e 33 2c 34 2e 35 2c 32 2e 33 2c 32 37  * 0,2.3,4.5,2.3,27 *
  2c 34 2e 31 2c 32 2e 39 2c 32 30 2a 36 30 0d 0a  * ,4.1,2.9,20*60.. *}
2017/08/08 11:44:24.936 com7(0)-(trace)->: MSG_LINE_DATA {[1]:
  24                                               * $                *}
2017/08/08 11:44:24.936 com7(0)-(trace)->: MSG_LINE_DATA {[64]:
  47 50 52 4d 43 2c 30 39 34 34 32 34 2e 30 30 30  * GPRMC,094424.000 *
  2c 41 2c 34 36 30 38 2e 33 30 31 38 30 30 2c 4e  * ,A,4608.301800,N *
  2c 30 31 38 30 39 2e 35 32 34 31 37 32 2c 45 2c  * ,01809.524172,E, *
  30 2e 30 30 30 2c 30 2e 30 2c 30 38 30 38 31 37  * 0.000,0.0,080817 *}
2017/08/08 11:44:24.937 com7(0)-(trace)->: MSG_LINE_DATA {[9]:
  2c 2c 2c 41 2a 36 30 0d 0a                       * ,,,A*60..        *}
2017/08/08 11:44:26.930 com7(0)-(trace)->: MSG_LINE_DATA {[1]:
  24                                               * $                *}
2017/08/08 11:44:26.930 com7(0)-(trace)->: MSG_LINE_DATA {[64]:
  47 50 47 53 56 2c 33 2c 31 2c 31 31 2c 32 39 2c  * GPGSV,3,1,11,29, *
  35 38 2c 30 35 39 2c 33 36 2c 32 31 2c 35 35 2c  * 58,059,36,21,55, *
  32 30 30 2c 32 39 2c 32 36 2c 34 34 2c 33 30 35  * 200,29,26,44,305 *
  2c 34 34 2c 33 31 2c 34 30 2c 32 34 30 2c 32 39  * ,44,31,40,240,29 *}
2017/08/08 11:44:26.931 com7(0)-(trace)->: MSG_LINE_DATA {[5]:
  2a 37 37 0d 0a                                   * *77..            *}
2017/08/08 11:44:26.931 com7(0)-(trace)->: MSG_LINE_DATA {[64]:
  24 47 50 47 53 56 2c 33 2c 32 2c 31 31 2c 32 35  * $GPGSV,3,2,11,25 *
  2c 33 32 2c 31 33 34 2c 34 38 2c 32 30 2c 33 31  * ,32,134,48,20,31 *
  2c 31 31 33 2c 33 31 2c 30 35 2c 32 34 2c 30 36  * ,113,31,05,24,06 *
  32 2c 34 33 2c 31 36 2c 31 36 2c 33 30 38 2c 33  * 2,43,16,16,308,3 *}
2017/08/08 11:44:26.932 com7(0)-(trace)->: MSG_LINE_DATA {[6]:
  30 2a 37 44 0d 0a                                * 0*7D..           *}
2017/08/08 11:44:26.932 com7(0)-(trace)->: MSG_LINE_DATA {[52]:
  24 47 50 47 53 56 2c 33 2c 33 2c 31 31 2c 30 32  * $GPGSV,3,3,11,02 *
  2c 30 33 2c 30 34 35 2c 2c 31 38 2c 30 32 2c 31  * ,03,045,,18,02,1 *
  36 39 2c 2c 33 36 2c 2c 2c 33 35 2c 2c 2c 2c 2a  * 69,,36,,,35,,,,* *
  37 46 0d 0a                                      * 7F..             *}
2017/08/08 11:44:26.933 com7(0)-(trace)->: MSG_LINE_DATA {[1]:
  24                                               * $                *}
2017/08/08 11:44:26.933 com7(0)-(trace)->: MSG_LINE_DATA {[54]:
  47 50 47 4c 4c 2c 34 36 30 38 2e 33 30 31 38 30  * GPGLL,4608.30180 *
  30 2c 4e 2c 30 31 38 30 39 2e 35 32 34 31 37 32  * 0,N,01809.524172 *
  2c 45 2c 30 39 34 34 32 36 2e 30 30 30 2c 41 2c  * ,E,094426.000,A, *
  41 2a 35 33 0d 0a                                * A*53..           *}
2017/08/08 11:44:26.934 com7(0)-(trace)->: MSG_LINE_DATA {[1]:
  24                                               * $                *}
2017/08/08 11:44:26.934 com7(0)-(trace)->: MSG_LINE_DATA {[64]:
  47 50 47 47 41 2c 30 39 34 34 32 36 2e 30 30 30  * GPGGA,094426.000 *
  2c 34 36 30 38 2e 33 30 31 38 30 30 2c 4e 2c 30  * ,4608.301800,N,0 *
  31 38 30 39 2e 35 32 34 31 37 32 2c 45 2c 31 2c  * 1809.524172,E,1, *
  36 2c 31 2e 34 32 2c 32 33 39 2e 35 35 30 2c 4d  * 6,1.42,239.550,M *}
2017/08/08 11:44:26.935 com7(0)-(trace)->: MSG_LINE_DATA {[9]:
  2c 2c 2c 2c 2a 30 43 0d 0a                       * ,,,,*0C..        *}
2017/08/08 11:44:26.935 com7(0)-(trace)->: MSG_LINE_DATA {[54]:
  24 47 50 47 53 41 2c 41 2c 33 2c 32 39 2c 32 36  * $GPGSA,A,3,29,26 *
  2c 32 35 2c 32 30 2c 30 35 2c 31 36 2c 2c 2c 2c  * ,25,20,05,16,,,, *
  2c 2c 2c 32 2e 36 33 2c 31 2e 34 32 2c 32 2e 32  * ,,,2.63,1.42,2.2 *
  32 2a 30 38 0d 0a                                * 2*08..           *}
2017/08/08 11:44:26.936 com7(0)-(trace)->: MSG_LINE_DATA {[48]:
  24 47 50 47 53 54 2c 30 39 34 34 32 36 2e 30 30  * $GPGST,094426.00 *
  30 2c 32 2e 33 2c 34 2e 34 2c 32 2e 33 2c 32 37  * 0,2.3,4.4,2.3,27 *
  2c 34 2e 31 2c 32 2e 39 2c 32 30 2a 36 33 0d 0a  * ,4.1,2.9,20*63.. *}
2017/08/08 11:44:26.936 com7(0)-(trace)->: MSG_LINE_DATA {[1]:
  24                                               * $                *}
2017/08/08 11:44:26.937 com7(0)-(trace)->: MSG_LINE_DATA {[64]:
  47 50 52 4d 43 2c 30 39 34 34 32 36 2e 30 30 30  * GPRMC,094426.000 *
  2c 41 2c 34 36 30 38 2e 33 30 31 38 30 30 2c 4e  * ,A,4608.301800,N *
  2c 30 31 38 30 39 2e 35 32 34 31 37 32 2c 45 2c  * ,01809.524172,E, *
  30 2e 30 30 30 2c 30 2e 30 2c 30 38 30 38 31 37  * 0.000,0.0,080817 *}
2017/08/08 11:44:26.937 com7(0)-(trace)->: MSG_LINE_DATA {[9]:
  2c 2c 2c 41 2a 36 32 0d 0a                       * ,,,A*62..        *}
2017/08/08 11:44:28.933 com7(0)-(trace)->: MSG_LINE_DATA {[1]:
  24                                               * $                *}
2017/08/08 11:44:28.933 com7(0)-(trace)->: MSG_LINE_DATA {[64]:
  47 50 47 53 56 2c 33 2c 31 2c 31 31 2c 32 39 2c  * GPGSV,3,1,11,29, *
  35 38 2c 30 35 39 2c 33 39 2c 32 31 2c 35 35 2c  * 58,059,39,21,55, *
  32 30 30 2c 32 36 2c 32 36 2c 34 34 2c 33 30 35  * 200,26,26,44,305 *
  2c 34 34 2c 33 31 2c 34 30 2c 32 34 30 2c 32 32  * ,44,31,40,240,22 *}
2017/08/08 11:44:28.934 com7(0)-(trace)->: MSG_LINE_DATA {[5]:
  2a 37 43 0d 0a                                   * *7C..            *}
2017/08/08 11:44:28.934 com7(0)-(trace)->: MSG_LINE_DATA {[64]:
  24 47 50 47 53 56 2c 33 2c 32 2c 31 31 2c 32 35  * $GPGSV,3,2,11,25 *
  2c 33 32 2c 31 33 34 2c 34 39 2c 32 30 2c 33 31  * ,32,134,49,20,31 *
  2c 31 31 33 2c 33 31 2c 30 35 2c 32 34 2c 30 36  * ,113,31,05,24,06 *
  32 2c 34 31 2c 31 36 2c 31 36 2c 33 30 38 2c 33  * 2,41,16,16,308,3 *}
2017/08/08 11:44:28.935 com7(0)-(trace)->: MSG_LINE_DATA {[58]:
  34 2a 37 41 0d 0a 24 47 50 47 53 56 2c 33 2c 33  * 4*7A..$GPGSV,3,3 *
  2c 31 31 2c 30 32 2c 30 33 2c 30 34 35 2c 2c 31  * ,11,02,03,045,,1 *
  38 2c 30 32 2c 31 36 39 2c 2c 33 36 2c 2c 2c 33  * 8,02,169,,36,,,3 *
  33 2c 2c 2c 2c 2a 37 39 0d 0a                    * 3,,,,*79..       *}
2017/08/08 11:44:28.935 com7(0)-(trace)->: MSG_LINE_DATA {[1]:
  24                                               * $                *}
2017/08/08 11:44:28.936 com7(0)-(trace)->: MSG_LINE_DATA {[54]:
  47 50 47 4c 4c 2c 34 36 30 38 2e 33 30 31 38 30  * GPGLL,4608.30180 *
  30 2c 4e 2c 30 31 38 30 39 2e 35 32 34 31 37 32  * 0,N,01809.524172 *
  2c 45 2c 30 39 34 34 32 38 2e 30 30 31 2c 41 2c  * ,E,094428.001,A, *
  41 2a 35 43 0d 0a                                * A*5C..           *}
2017/08/08 11:44:28.936 com7(0)-(trace)->: MSG_LINE_DATA {[64]:
  24 47 50 47 47 41 2c 30 39 34 34 32 38 2e 30 30  * $GPGGA,094428.00 *
  31 2c 34 36 30 38 2e 33 30 31 38 30 30 2c 4e 2c  * 1,4608.301800,N, *
  30 31 38 30 39 2e 35 32 34 31 37 32 2c 45 2c 31  * 01809.524172,E,1 *
  2c 37 2c 31 2e 31 36 2c 32 33 39 2e 35 35 30 2c  * ,7,1.16,239.550, *}
2017/08/08 11:44:28.937 com7(0)-(trace)->: MSG_LINE_DATA {[10]:
  4d 2c 2c 2c 2c 2a 30 33 0d 0a                    * M,,,,*03..       *}
2017/08/08 11:44:28.937 com7(0)-(trace)->: MSG_LINE_DATA {[56]:
  24 47 50 47 53 41 2c 41 2c 33 2c 32 39 2c 32 31  * $GPGSA,A,3,29,21 *
  2c 32 36 2c 32 35 2c 32 30 2c 30 35 2c 31 36 2c  * ,26,25,20,05,16, *
  2c 2c 2c 2c 2c 32 2e 33 36 2c 31 2e 31 36 2c 32  * ,,,,,2.36,1.16,2 *
  2e 30 35 2a 30 46 0d 0a                          * .05*0F..         *}
2017/08/08 11:44:28.938 com7(0)-(trace)->: MSG_LINE_DATA {[48]:
  24 47 50 47 53 54 2c 30 39 34 34 32 38 2e 30 30  * $GPGST,094428.00 *
  31 2c 32 2e 32 2c 34 2e 34 2c 32 2e 32 2c 32 37  * 1,2.2,4.4,2.2,27 *
  2c 34 2e 30 2c 32 2e 38 2c 31 38 2a 36 37 0d 0a  * ,4.0,2.8,18*67.. *}
2017/08/08 11:44:28.938 com7(0)-(trace)->: MSG_LINE_DATA {[1]:
  24                                               * $                *}
2017/08/08 11:44:28.939 com7(0)-(trace)->: MSG_LINE_DATA {[64]:
  47 50 52 4d 43 2c 30 39 34 34 32 38 2e 30 30 31  * GPRMC,094428.001 *
  2c 41 2c 34 36 30 38 2e 33 30 31 38 30 30 2c 4e  * ,A,4608.301800,N *
  2c 30 31 38 30 39 2e 35 32 34 31 37 32 2c 45 2c  * ,01809.524172,E, *
  30 2e 30 30 30 2c 30 2e 30 2c 30 38 30 38 31 37  * 0.000,0.0,080817 *}
2017/08/08 11:44:28.939 com7(0)-(trace)->: MSG_LINE_DATA {[9]:
  2c 2c 2c 41 2a 36 44 0d 0a                       * ,,,A*6D..        *}
2017/08/08 11:44:30.930 com7(0)-(trace)->: MSG_LINE_DATA {[1]:
  24                                               * $                *}
2017/08/08 11:44:30.930 com7(0)-(trace)->: MSG_LINE_DATA {[64]:
  47 50 47 53 56 2c 33 2c 31 2c 31 31 2c 32 39 2c  * GPGSV,3,1,11,29, *
  35 38 2c 30 35 39 2c 34 30 2c 32 31 2c 35 35 2c  * 58,059,40,21,55, *
  32 30 30 2c 33 30 2c 32 36 2c 34 34 2c 33 30 35  * 200,30,26,44,305 *
  2c 34 34 2c 33 31 2c 34 30 2c 32 34 30 2c 31 39  * ,44,31,40,240,19 *}
2017/08/08 11:44:30.931 com7(0)-(trace)->: MSG_LINE_DATA {[5]:
  2a 37 44 0d 0a                                   * *7D..            *}
2017/08/08 11:44:30.931 com7(0)-(trace)->: MSG_LINE_DATA {[64]:
  24 47 50 47 53 56 2c 33 2c 32 2c 31 31 2c 32 35  * $GPGSV,3,2,11,25 *
  2c 33 32 2c 31 33 34 2c 34 38 2c 32 30 2c 33 31  * ,32,134,48,20,31 *
  2c 31 31 33 2c 33 30 2c 30 35 2c 32 34 2c 30 36  * ,113,30,05,24,06 *
  32 2c 33 39 2c 31 36 2c 31 36 2c 33 30 38 2c 33  * 2,39,16,16,308,3 *}
2017/08/08 11:44:30.932 com7(0)-(trace)->: MSG_LINE_DATA {[6]:
  35 2a 37 34 0d 0a                                * 5*74..           *}
2017/08/08 11:44:30.932 com7(0)-(trace)->: MSG_LINE_DATA {[52]:
  24 47 50 47 53 56 2c 33 2c 33 2c 31 31 2c 30 32  * $GPGSV,3,3,11,02 *
  2c 30 33 2c 30 34 35 2c 2c 31 38 2c 30 32 2c 31  * ,03,045,,18,02,1 *
  36 39 2c 2c 33 36 2c 2c 2c 33 35 2c 2c 2c 2c 2a  * 69,,36,,,35,,,,* *
  37 46 0d 0a                                      * 7F..             *}
2017/08/08 11:44:30.933 com7(0)-(trace)->: MSG_LINE_DATA {[1]:
  24                                               * $                *}
2017/08/08 11:44:30.933 com7(0)-(trace)->: MSG_LINE_DATA {[54]:
  47 50 47 4c 4c 2c 34 36 30 38 2e 33 30 31 38 30  * GPGLL,4608.30180 *
  30 2c 4e 2c 30 31 38 30 39 2e 35 32 34 31 37 32  * 0,N,01809.524172 *
  2c 45 2c 30 39 34 34 33 30 2e 30 30 30 2c 41 2c  * ,E,094430.000,A, *
  41 2a 35 34 0d 0a                                * A*54..           *}
2017/08/08 11:44:30.934 com7(0)-(trace)->: MSG_LINE_DATA {[64]:
  24 47 50 47 47 41 2c 30 39 34 34 33 30 2e 30 30  * $GPGGA,094430.00 *
  30 2c 34 36 30 38 2e 33 30 31 38 30 30 2c 4e 2c  * 0,4608.301800,N, *
  30 31 38 30 39 2e 35 32 34 31 37 32 2c 45 2c 31  * 01809.524172,E,1 *
  2c 37 2c 31 2e 31 36 2c 32 33 39 2e 35 35 30 2c  * ,7,1.16,239.550, *}
2017/08/08 11:44:30.934 com7(0)-(trace)->: MSG_LINE_DATA {[10]:
  4d 2c 2c 2c 2c 2a 30 42 0d 0a                    * M,,,,*0B..       *}
2017/08/08 11:44:30.935 com7(0)-(trace)->: MSG_LINE_DATA {[56]:
  24 47 50 47 53 41 2c 41 2c 33 2c 32 39 2c 32 31  * $GPGSA,A,3,29,21 *
  2c 32 36 2c 32 35 2c 32 30 2c 30 35 2c 31 36 2c  * ,26,25,20,05,16, *
  2c 2c 2c 2c 2c 32 2e 33 36 2c 31 2e 31 36 2c 32  * ,,,,,2.36,1.16,2 *
  2e 30 35 2a 30 46 0d 0a                          * .05*0F..         *}
2017/08/08 11:44:30.936 com7(0)-(trace)->: MSG_LINE_DATA {[1]:
  24                                               * $                *}
2017/08/08 11:44:30.936 com7(0)-(trace)->: MSG_LINE_DATA {[47]:
  47 50 47 53 54 2c 30 39 34 34 33 30 2e 30 30 30  * GPGST,094430.000 *
  2c 32 2e 32 2c 34 2e 35 2c 32 2e 33 2c 32 36 2c  * ,2.2,4.5,2.3,26, *
  34 2e 32 2c 32 2e 39 2c 31 38 2a 36 44 0d 0a     * 4.2,2.9,18*6D..  *}
2017/08/08 11:44:30.936 com7(0)-(trace)->: MSG_LINE_DATA {[64]:
  24 47 50 52 4d 43 2c 30 39 34 34 33 30 2e 30 30  * $GPRMC,094430.00 *
  30 2c 41 2c 34 36 30 38 2e 33 30 31 38 30 30 2c  * 0,A,4608.301800, *
  4e 2c 30 31 38 30 39 2e 35 32 34 31 37 32 2c 45  * N,01809.524172,E *
  2c 30 2e 30 30 30 2c 30 2e 30 2c 30 38 30 38 31  * ,0.000,0.0,08081 *}
2017/08/08 11:44:30.937 com7(0)-(trace)->: MSG_LINE_DATA {[10]:
  37 2c 2c 2c 41 2a 36 35 0d 0a                    * 7,,,A*65..       *}
2017/08/08 11:44:32.930 com7(0)-(trace)->: MSG_LINE_DATA {[1]:
  24                                               * $                *}
2017/08/08 11:44:32.931 com7(0)-(trace)->: MSG_LINE_DATA {[64]:
  47 50 47 53 56 2c 33 2c 31 2c 31 31 2c 32 39 2c  * GPGSV,3,1,11,29, *
  35 38 2c 30 35 39 2c 33 39 2c 32 31 2c 35 35 2c  * 58,059,39,21,55, *
  32 30 30 2c 33 31 2c 32 36 2c 34 34 2c 33 30 35  * 200,31,26,44,305 *
  2c 34 34 2c 33 31 2c 34 30 2c 32 34 30 2c 31 39  * ,44,31,40,240,19 *}
2017/08/08 11:44:32.931 com7(0)-(trace)->: MSG_LINE_DATA {[5]:
  2a 37 32 0d 0a                                   * *72..            *}
2017/08/08 11:44:32.932 com7(0)-(trace)->: MSG_LINE_DATA {[1]:
  24                                               * $                *}
2017/08/08 11:44:32.932 com7(0)-(trace)->: MSG_LINE_DATA {[64]:
  47 50 47 53 56 2c 33 2c 32 2c 31 31 2c 32 35 2c  * GPGSV,3,2,11,25, *
  33 32 2c 31 33 34 2c 34 39 2c 32 30 2c 33 31 2c  * 32,134,49,20,31, *
  31 31 33 2c 32 38 2c 30 35 2c 32 34 2c 30 36 32  * 113,28,05,24,062 *
  2c 34 31 2c 31 36 2c 31 37 2c 33 30 38 2c 33 33  * ,41,16,17,308,33 *}
2017/08/08 11:44:32.932 com7(0)-(trace)->: MSG_LINE_DATA {[5]:
  2a 37 34 0d 0a                                   * *74..            *}
2017/08/08 11:44:32.933 com7(0)-(trace)->: MSG_LINE_DATA {[52]:
  24 47 50 47 53 56 2c 33 2c 33 2c 31 31 2c 30 32  * $GPGSV,3,3,11,02 *
  2c 30 33 2c 30 34 35 2c 2c 31 38 2c 30 32 2c 31  * ,03,045,,18,02,1 *
  36 39 2c 2c 33 36 2c 2c 2c 33 35 2c 2c 2c 2c 2a  * 69,,36,,,35,,,,* *
  37 46 0d 0a                                      * 7F..             *}
2017/08/08 11:44:32.933 com7(0)-(trace)->: MSG_LINE_DATA {[1]:
  24                                               * $                *}
2017/08/08 11:44:32.934 com7(0)-(trace)->: MSG_LINE_DATA {[54]:
  47 50 47 4c 4c 2c 34 36 30 38 2e 33 30 31 38 30  * GPGLL,4608.30180 *
  30 2c 4e 2c 30 31 38 30 39 2e 35 32 34 31 37 32  * 0,N,01809.524172 *
  2c 45 2c 30 39 34 34 33 32 2e 30 30 30 2c 41 2c  * ,E,094432.000,A, *
  41 2a 35 36 0d 0a                                * A*56..           *}
2017/08/08 11:44:32.934 com7(0)-(trace)->: MSG_LINE_DATA {[1]:
  24                                               * $                *}
2017/08/08 11:44:32.935 com7(0)-(trace)->: MSG_LINE_DATA {[64]:
  47 50 47 47 41 2c 30 39 34 34 33 32 2e 30 30 30  * GPGGA,094432.000 *
  2c 34 36 30 38 2e 33 30 31 38 30 30 2c 4e 2c 30  * ,4608.301800,N,0 *
  31 38 30 39 2e 35 32 34 31 37 32 2c 45 2c 31 2c  * 1809.524172,E,1, *
  38 2c 31 2e 30 33 2c 32 33 39 2e 35 35 30 2c 4d  * 8,1.03,239.550,M *}
2017/08/08 11:44:32.935 com7(0)-(trace)->: MSG_LINE_DATA {[64]:
  2c 2c 2c 2c 2a 30 32 0d 0a 24 47 50 47 53 41 2c  * ,,,,*02..$GPGSA, *
  41 2c 33 2c 32 39 2c 32 31 2c 32 36 2c 33 31 2c  * A,3,29,21,26,31, *
  32 35 2c 32 30 2c 30 35 2c 31 36 2c 2c 2c 2c 2c  * 25,20,05,16,,,,, *
  32 2e 32 39 2c 31 2e 30 33 2c 32 2e 30 35 2a 30  * 2.29,1.03,2.05*0 *}
2017/08/08 11:44:32.936 com7(0)-(trace)->: MSG_LINE_DATA {[3]:
  37 0d 0a                                         * 7..              *}
2017/08/08 11:44:32.936 com7(0)-(trace)->: MSG_LINE_DATA {[1]:
  24                                               * $                *}
2017/08/08 11:44:32.937 com7(0)-(trace)->: MSG_LINE_DATA {[47]:
  47 50 47 53 54 2c 30 39 34 34 33 32 2e 30 30 30  * GPGST,094432.000 *
  2c 32 2e 32 2c 34 2e 35 2c 32 2e 33 2c 32 37 2c  * ,2.2,4.5,2.3,27, *
  34 2e 31 2c 32 2e 39 2c 31 39 2a 36 43 0d 0a     * 4.1,2.9,19*6C..  *}
2017/08/08 11:44:32.937 com7(0)-(trace)->: MSG_LINE_DATA {[1]:
  24                                               * $                *}
2017/08/08 11:44:32.938 com7(0)-(trace)->: MSG_LINE_DATA {[64]:
  47 50 52 4d 43 2c 30 39 34 34 33 32 2e 30 30 30  * GPRMC,094432.000 *
  2c 41 2c 34 36 30 38 2e 33 30 31 38 30 30 2c 4e  * ,A,4608.301800,N *
  2c 30 31 38 30 39 2e 35 32 34 31 37 32 2c 45 2c  * ,01809.524172,E, *
  30 2e 30 30 30 2c 30 2e 30 2c 30 38 30 38 31 37  * 0.000,0.0,080817 *}
2017/08/08 11:44:32.938 com7(0)-(trace)->: MSG_LINE_DATA {[9]:
  2c 2c 2c 41 2a 36 37 0d 0a                       * ,,,A*67..        *}
2017/08/08 11:44:34.929 com7(0)-(trace)->: MSG_LINE_DATA {[1]:
  24                                               * $                *}
2017/08/08 11:44:34.930 com7(0)-(trace)->: MSG_LINE_DATA {[64]:
  47 50 47 53 56 2c 33 2c 31 2c 31 31 2c 32 39 2c  * GPGSV,3,1,11,29, *
  35 38 2c 30 35 39 2c 33 38 2c 32 31 2c 35 35 2c  * 58,059,38,21,55, *
  32 30 30 2c 33 30 2c 32 36 2c 34 34 2c 33 30 35  * 200,30,26,44,305 *
  2c 34 33 2c 33 31 2c 34 30 2c 32 34 30 2c 32 30  * ,43,31,40,240,20 *}
2017/08/08 11:44:34.930 com7(0)-(trace)->: MSG_LINE_DATA {[5]:
  2a 37 46 0d 0a                                   * *7F..            *}
2017/08/08 11:44:34.931 com7(0)-(trace)->: MSG_LINE_DATA {[64]:
  24 47 50 47 53 56 2c 33 2c 32 2c 31 31 2c 32 35  * $GPGSV,3,2,11,25 *
  2c 33 32 2c 31 33 34 2c 34 38 2c 32 30 2c 33 31  * ,32,134,48,20,31 *
  2c 31 31 33 2c 33 34 2c 30 35 2c 32 34 2c 30 36  * ,113,34,05,24,06 *
  32 2c 34 32 2c 31 36 2c 31 37 2c 33 30 38 2c 33  * 2,42,16,17,308,3 *}
2017/08/08 11:44:34.932 com7(0)-(trace)->: MSG_LINE_DATA {[6]:
  31 2a 37 39 0d 0a                                * 1*79..           *}
2017/08/08 11:44:34.932 com7(0)-(trace)->: MSG_LINE_DATA {[52]:
  24 47 50 47 53 56 2c 33 2c 33 2c 31 31 2c 30 32  * $GPGSV,3,3,11,02 *
  2c 30 33 2c 30 34 35 2c 2c 31 38 2c 30 32 2c 31  * ,03,045,,18,02,1 *
  36 39 2c 2c 33 36 2c 2c 2c 33 34 2c 2c 2c 2c 2a  * 69,,36,,,34,,,,* *
  37 45 0d 0a                                      * 7E..             *}
2017/08/08 11:44:34.932 com7(0)-(trace)->: MSG_LINE_DATA {[55]:
  24 47 50 47 4c 4c 2c 34 36 30 38 2e 33 30 31 38  * $GPGLL,4608.3018 *
  30 30 2c 4e 2c 30 31 38 30 39 2e 35 32 34 31 37  * 00,N,01809.52417 *
  32 2c 45 2c 30 39 34 34 33 34 2e 30 30 30 2c 41  * 2,E,094434.000,A *
  2c 41 2a 35 30 0d 0a                             * ,A*50..          *}
2017/08/08 11:44:34.934 com7(0)-(trace)->: MSG_LINE_DATA {[1]:
  24                                               * $                *}
2017/08/08 11:44:34.934 com7(0)-(trace)->: MSG_LINE_DATA {[64]:
  47 50 47 47 41 2c 30 39 34 34 33 34 2e 30 30 30  * GPGGA,094434.000 *
  2c 34 36 30 38 2e 33 30 31 38 30 30 2c 4e 2c 30  * ,4608.301800,N,0 *
  31 38 30 39 2e 35 32 34 31 37 32 2c 45 2c 31 2c  * 1809.524172,E,1, *
  37 2c 31 2e 31 36 2c 32 33 39 2e 35 35 30 2c 4d  * 7,1.16,239.550,M *}
2017/08/08 11:44:34.935 com7(0)-(trace)->: MSG_LINE_DATA {[64]:
  2c 2c 2c 2c 2a 30 46 0d 0a 24 47 50 47 53 41 2c  * ,,,,*0F..$GPGSA, *
  41 2c 33 2c 32 39 2c 32 31 2c 32 36 2c 32 35 2c  * A,3,29,21,26,25, *
  32 30 2c 30 35 2c 31 36 2c 2c 2c 2c 2c 2c 32 2e  * 20,05,16,,,,,,2. *
  33 36 2c 31 2e 31 36 2c 32 2e 30 35 2a 30 46 0d  * 36,1.16,2.05*0F. *}
2017/08/08 11:44:34.935 com7(0)-(trace)->: MSG_LINE_DATA {[49]:
  0a 24 47 50 47 53 54 2c 30 39 34 34 33 34 2e 30  * .$GPGST,094434.0 *
  30 30 2c 32 2e 32 2c 34 2e 35 2c 32 2e 33 2c 32  * 00,2.2,4.5,2.3,2 *
  38 2c 34 2e 31 2c 32 2e 39 2c 31 39 2a 36 35 0d  * 8,4.1,2.9,19*65. *
  0a                                               * .                *}
2017/08/08 11:44:34.936 com7(0)-(trace)->: MSG_LINE_DATA {[1]:
  24                                               * $                *}
2017/08/08 11:44:34.937 com7(0)-(trace)->: MSG_LINE_DATA {[64]:
  47 50 52 4d 43 2c 30 39 34 34 33 34 2e 30 30 30  * GPRMC,094434.000 *
  2c 41 2c 34 36 30 38 2e 33 30 31 38 30 30 2c 4e  * ,A,4608.301800,N *
  2c 30 31 38 30 39 2e 35 32 34 31 37 32 2c 45 2c  * ,01809.524172,E, *
  30 2e 30 30 30 2c 30 2e 30 2c 30 38 30 38 31 37  * 0.000,0.0,080817 *}
2017/08/08 11:44:34.937 com7(0)-(trace)->: MSG_LINE_DATA {[9]:
  2c 2c 2c 41 2a 36 31 0d 0a                       * ,,,A*61..        *}
2017/08/08 11:44:36.929 com7(0)-(trace)->: MSG_LINE_DATA {[1]:
  24                                               * $                *}
2017/08/08 11:44:36.930 com7(0)-(trace)->: MSG_LINE_DATA {[64]:
  47 50 47 53 56 2c 33 2c 31 2c 31 31 2c 32 39 2c  * GPGSV,3,1,11,29, *
  35 38 2c 30 35 39 2c 34 30 2c 32 31 2c 35 35 2c  * 58,059,40,21,55, *
  32 30 30 2c 33 32 2c 32 36 2c 34 34 2c 33 30 35  * 200,32,26,44,305 *
  2c 34 30 2c 33 31 2c 34 30 2c 32 34 30 2c 31 39  * ,40,31,40,240,19 *}
2017/08/08 11:44:36.930 com7(0)-(trace)->: MSG_LINE_DATA {[5]:
  2a 37 42 0d 0a                                   * *7B..            *}
2017/08/08 11:44:36.931 com7(0)-(trace)->: MSG_LINE_DATA {[64]:
  24 47 50 47 53 56 2c 33 2c 32 2c 31 31 2c 32 35  * $GPGSV,3,2,11,25 *
  2c 33 32 2c 31 33 34 2c 34 38 2c 32 30 2c 33 31  * ,32,134,48,20,31 *
  2c 31 31 33 2c 32 39 2c 30 35 2c 32 34 2c 30 36  * ,113,29,05,24,06 *
  32 2c 34 31 2c 31 36 2c 31 37 2c 33 30 38 2c 33  * 2,41,16,17,308,3 *}
2017/08/08 11:44:36.931 com7(0)-(trace)->: MSG_LINE_DATA {[6]:
  32 2a 37 35 0d 0a                                * 2*75..           *}
2017/08/08 11:44:36.932 com7(0)-(trace)->: MSG_LINE_DATA {[52]:
  24 47 50 47 53 56 2c 33 2c 33 2c 31 31 2c 30 32  * $GPGSV,3,3,11,02 *
  2c 30 33 2c 30 34 35 2c 2c 31 38 2c 30 32 2c 31  * ,03,045,,18,02,1 *
  36 39 2c 2c 33 36 2c 2c 2c 33 35 2c 2c 2c 2c 2a  * 69,,36,,,35,,,,* *
  37 46 0d 0a                                      * 7F..             *}
2017/08/08 11:44:36.933 com7(0)-(trace)->: MSG_LINE_DATA {[1]:
  24                                               * $                *}
2017/08/08 11:44:36.933 com7(0)-(trace)->: MSG_LINE_DATA {[54]:
  47 50 47 4c 4c 2c 34 36 30 38 2e 33 30 31 38 30  * GPGLL,4608.30180 *
  30 2c 4e 2c 30 31 38 30 39 2e 35 32 34 31 37 32  * 0,N,01809.524172 *
  2c 45 2c 30 39 34 34 33 36 2e 30 30 30 2c 41 2c  * ,E,094436.000,A, *
  41 2a 35 32 0d 0a                                * A*52..           *}
2017/08/08 11:44:36.934 com7(0)-(trace)->: MSG_LINE_DATA {[64]:
  24 47 50 47 47 41 2c 30 39 34 34 33 36 2e 30 30  * $GPGGA,094436.00 *
  30 2c 34 36 30 38 2e 33 30 31 38 30 30 2c 4e 2c  * 0,4608.301800,N, *
  30 31 38 30 39 2e 35 32 34 31 37 32 2c 45 2c 31  * 01809.524172,E,1 *
  2c 38 2c 31 2e 30 32 2c 32 33 39 2e 35 35 30 2c  * ,8,1.02,239.550, *}
2017/08/08 11:44:36.934 com7(0)-(trace)->: MSG_LINE_DATA {[10]:
  4d 2c 2c 2c 2c 2a 30 37 0d 0a                    * M,,,,*07..       *}
2017/08/08 11:44:36.934 com7(0)-(trace)->: MSG_LINE_DATA {[1]:
  24                                               * $                *}
2017/08/08 11:44:36.935 com7(0)-(trace)->: MSG_LINE_DATA {[57]:
  47 50 47 53 41 2c 41 2c 33 2c 32 39 2c 32 31 2c  * GPGSA,A,3,29,21, *
  32 36 2c 33 31 2c 32 35 2c 32 30 2c 30 35 2c 31  * 26,31,25,20,05,1 *
  36 2c 2c 2c 2c 2c 32 2e 32 39 2c 31 2e 30 32 2c  * 6,,,,,2.29,1.02, *
  32 2e 30 35 2a 30 36 0d 0a                       * 2.05*06..        *}
2017/08/08 11:44:36.935 com7(0)-(trace)->: MSG_LINE_DATA {[48]:
  24 47 50 47 53 54 2c 30 39 34 34 33 36 2e 30 30  * $GPGST,094436.00 *
  30 2c 32 2e 32 2c 34 2e 34 2c 32 2e 34 2c 32 38  * 0,2.2,4.4,2.4,28 *
  2c 34 2e 30 2c 33 2e 30 2c 31 38 2a 36 39 0d 0a  * ,4.0,3.0,18*69.. *}
2017/08/08 11:44:36.936 com7(0)-(trace)->: MSG_LINE_DATA {[1]:
  24                                               * $                *}
2017/08/08 11:44:36.937 com7(0)-(trace)->: MSG_LINE_DATA {[64]:
  47 50 52 4d 43 2c 30 39 34 34 33 36 2e 30 30 30  * GPRMC,094436.000 *
  2c 41 2c 34 36 30 38 2e 33 30 31 38 30 30 2c 4e  * ,A,4608.301800,N *
  2c 30 31 38 30 39 2e 35 32 34 31 37 32 2c 45 2c  * ,01809.524172,E, *
  30 2e 30 30 30 2c 30 2e 30 2c 30 38 30 38 31 37  * 0.000,0.0,080817 *}
2017/08/08 11:44:36.937 com7(0)-(trace)->: MSG_LINE_DATA {[9]:
  2c 2c 2c 41 2a 36 33 0d 0a                       * ,,,A*63..        *}
2017/08/08 11:44:38.931 com7(0)-(trace)->: MSG_LINE_DATA {[1]:
  24                                               * $                *}
2017/08/08 11:44:38.932 com7(0)-(trace)->: MSG_LINE_DATA {[64]:
  47 50 47 53 56 2c 33 2c 31 2c 31 31 2c 32 39 2c  * GPGSV,3,1,11,29, *
  35 38 2c 30 35 39 2c 34 30 2c 32 31 2c 35 35 2c  * 58,059,40,21,55, *
  32 30 30 2c 33 33 2c 32 36 2c 34 34 2c 33 30 35  * 200,33,26,44,305 *
  2c 34 32 2c 33 31 2c 34 30 2c 32 34 30 2c 32 32  * ,42,31,40,240,22 *}
2017/08/08 11:44:38.932 com7(0)-(trace)->: MSG_LINE_DATA {[5]:
  2a 37 30 0d 0a                                   * *70..            *}
2017/08/08 11:44:38.933 com7(0)-(trace)->: MSG_LINE_DATA {[1]:
  24                                               * $                *}
2017/08/08 11:44:38.933 com7(0)-(trace)->: MSG_LINE_DATA {[64]:
  47 50 47 53 56 2c 33 2c 32 2c 31 31 2c 32 35 2c  * GPGSV,3,2,11,25, *
  33 32 2c 31 33 34 2c 34 38 2c 32 30 2c 33 31 2c  * 32,134,48,20,31, *
  31 31 33 2c 32 30 2c 30 35 2c 32 34 2c 30 36 32  * 113,20,05,24,062 *
  2c 34 34 2c 31 36 2c 31 37 2c 33 30 38 2c 33 30  * ,44,16,17,308,30 *}
2017/08/08 11:44:38.933 com7(0)-(trace)->: MSG_LINE_DATA {[5]:
  2a 37 42 0d 0a                                   * *7B..            *}
2017/08/08 11:44:38.934 com7(0)-(trace)->: MSG_LINE_DATA {[52]:
  24 47 50 47 53 56 2c 33 2c 33 2c 31 31 2c 30 32  * $GPGSV,3,3,11,02 *
  2c 30 33 2c 30 34 35 2c 2c 31 38 2c 30 32 2c 31  * ,03,045,,18,02,1 *
  36 39 2c 2c 33 36 2c 2c 2c 33 33 2c 2c 2c 2c 2a  * 69,,36,,,33,,,,* *
  37 39 0d 0a                                      * 79..             *}
2017/08/08 11:44:38.935 com7(0)-(trace)->: MSG_LINE_DATA {[1]:
  24                                               * $                *}
2017/08/08 11:44:38.935 com7(0)-(trace)->: MSG_LINE_DATA {[54]:
  47 50 47 4c 4c 2c 34 36 30 38 2e 33 30 31 38 30  * GPGLL,4608.30180 *
  30 2c 4e 2c 30 31 38 30 39 2e 35 32 34 31 37 32  * 0,N,01809.524172 *
  2c 45 2c 30 39 34 34 33 38 2e 30 30 30 2c 41 2c  * ,E,094438.000,A, *
  41 2a 35 43 0d 0a                                * A*5C..           *}
2017/08/08 11:44:38.936 com7(0)-(trace)->: MSG_LINE_DATA {[1]:
  24                                               * $                *}
2017/08/08 11:44:38.937 com7(0)-(trace)->: MSG_LINE_DATA {[64]:
  47 50 47 47 41 2c 30 39 34 34 33 38 2e 30 30 30  * GPGGA,094438.000 *
  2c 34 36 30 38 2e 33 30 31 38 30 30 2c 4e 2c 30  * ,4608.301800,N,0 *
  31 38 30 39 2e 35 32 34 31 37 32 2c 45 2c 31 2c  * 1809.524172,E,1, *
  37 2c 31 2e 31 36 2c 32 33 39 2e 35 35 30 2c 4d  * 7,1.16,239.550,M *}
2017/08/08 11:44:38.938 com7(0)-(trace)->: MSG_LINE_DATA {[64]:
  2c 2c 2c 2c 2a 30 33 0d 0a 24 47 50 47 53 41 2c  * ,,,,*03..$GPGSA, *
  41 2c 33 2c 32 39 2c 32 31 2c 32 36 2c 32 35 2c  * A,3,29,21,26,25, *
  32 30 2c 30 35 2c 31 36 2c 2c 2c 2c 2c 2c 32 2e  * 20,05,16,,,,,,2. *
  33 36 2c 31 2e 31 36 2c 32 2e 30 36 2a 30 43 0d  * 36,1.16,2.06*0C. *}
2017/08/08 11:44:38.939 com7(0)-(trace)->: MSG_LINE_DATA {[64]:
  0a 24 47 50 47 53 54 2c 30 39 34 34 33 38 2e 30  * .$GPGST,094438.0 *
  30 30 2c 32 2e 32 2c 34 2e 33 2c 32 2e 33 2c 32  * 00,2.2,4.3,2.3,2 *
  37 2c 34 2e 30 2c 32 2e 39 2c 31 38 2a 36 30 0d  * 7,4.0,2.9,18*60. *
  0a 24 47 50 52 4d 43 2c 30 39 34 34 33 38 2e 30  * .$GPRMC,094438.0 *}
2017/08/08 11:44:38.940 com7(0)-(trace)->: MSG_LINE_DATA {[59]:
  30 30 2c 41 2c 34 36 30 38 2e 33 30 31 38 30 30  * 00,A,4608.301800 *
  2c 4e 2c 30 31 38 30 39 2e 35 32 34 31 37 32 2c  * ,N,01809.524172, *
  45 2c 30 2e 30 30 30 2c 30 2e 30 2c 30 38 30 38  * E,0.000,0.0,0808 *
  31 37 2c 2c 2c 41 2a 36 44 0d 0a                 * 17,,,A*6D..      *}
