2017/08/11 08:51:14.232 Command Line:
  {C:\sziebadam\sicomtrace\\hub4com.exe  --baud=38400 --octs=off --no-default-fc-route=All:All --trace-file=COM11_07.log --create-filter=trace --add-filters=0:trace \\.\COM11 --route=0:All \\.\CNCB0 --route=1:0 --use-driver=tcp 127.0.0.1:7777 --route=2:0}
2017/08/11 08:51:14.232 Config:
_BEGIN_
  --baud=38400
  --octs=off
  --no-default-fc-route=All:All
  --trace-file=COM11_07.log
  --create-filter=trace
  --add-filters=0:trace
  \\.\COM11
  --route=0:All
  \\.\CNCB0
  --route=1:0
  --use-driver=tcp
  127.0.0.1:7777
  --route=2:0
_END_
2017/08/11 08:51:14.372 COM11(0)-(trace)->: MSG_LOOP_TEST {00000000}
2017/08/11 08:51:14.372 COM11(0)<-(trace)-CNCB0(1): MSG_LOOP_TEST {00000000}
2017/08/11 08:51:14.372 COM11(0)<-(trace)-TCP(2): MSG_LOOP_TEST {00000000}
2017/08/11 08:51:14.372 COM11(0)-(trace)->: MSG_SET_OUT_OPTS {[]}
2017/08/11 08:51:14.372 COM11(0)<-(trace)-CNCB0(1): MSG_SET_OUT_OPTS {[]}
2017/08/11 08:51:14.372 COM11(0)<-(trace)-TCP(2): MSG_SET_OUT_OPTS {[]}
2017/08/11 08:51:14.372 COM11(0)-(trace)->: MSG_COUNT_REPEATS {&0012FE94[0x0] MSG_GET_IN_OPTS}
2017/08/11 08:51:14.372 COM11(0)-(trace)->: MSG_GET_IN_OPTS {&0012FEA0[] [GO0_0x3ffffff8]}
2017/08/11 08:51:14.372 COM11(0)-(trace)->: MSG_GET_IN_OPTS {&001E1228[] [LBR_STATUS|LLC_STATUS|ESCAPE_MODE]}
2017/08/11 08:51:14.372 COM11(0)-(trace)->: MSG_GET_IN_OPTS {&0012FEA4[] [GO1_0x3ff80000]}
2017/08/11 08:51:14.372 COM11(0)-(trace)->: MSG_GET_IN_OPTS {&001E122C[] [DCTS|DDSR|TERI|DDCD|CTS|DSR|RI|DCD|DR|OE|PE|FE|BI|THRE|TEMT|FIFOERR|RBR_STATUS|RLC_STATUS|BREAK_STATUS]}
2017/08/11 08:51:14.372 COM11(0)-(trace)->: MSG_GET_IN_OPTS {&0012FEA8[] [GO2_0x3fffffff]}
2017/08/11 08:51:14.372 COM11(0)-(trace)->: MSG_GET_IN_OPTS {&0012FEAC[] [GO3_0x3fffffff]}
2017/08/11 08:51:14.372 COM11(0)-(trace)->: MSG_FAIL_IN_OPTS {[]}
2017/08/11 08:51:14.372 COM11(0)-(trace)->: MSG_FAIL_IN_OPTS {[]}
2017/08/11 08:51:14.372 COM11(0)-(trace)->: MSG_FAIL_IN_OPTS {[]}
2017/08/11 08:51:14.372 COM11(0)-(trace)->: MSG_FAIL_IN_OPTS {[]}
2017/08/11 08:51:14.372 COM11(0)<-(trace)-CNCB0(1): MSG_COUNT_REPEATS {&0012FE94[0x0] MSG_GET_IN_OPTS}
2017/08/11 08:51:14.372 COM11(0)<-(trace)-CNCB0(1): MSG_GET_IN_OPTS {&0012FEA0[] [GO0_0x3ffffff8]}
2017/08/11 08:51:14.372 COM11(0)<-(trace)-CNCB0(1): MSG_GET_IN_OPTS {&00251408[] [LBR_STATUS|LLC_STATUS|ESCAPE_MODE]}
2017/08/11 08:51:14.372 COM11(0)<-(trace)-CNCB0(1): MSG_GET_IN_OPTS {&0012FEA4[] [GO1_0x3ff80000]}
2017/08/11 08:51:14.372 COM11(0)<-(trace)-CNCB0(1): MSG_GET_IN_OPTS {&0025140C[] [DCTS|DDSR|TERI|DDCD|CTS|DSR|RI|DCD|DR|OE|PE|FE|BI|THRE|TEMT|FIFOERR|RBR_STATUS|RLC_STATUS|BREAK_STATUS]}
2017/08/11 08:51:14.372 COM11(0)<-(trace)-CNCB0(1): MSG_GET_IN_OPTS {&0012FEA8[] [GO2_0x3fffffff]}
2017/08/11 08:51:14.372 COM11(0)<-(trace)-CNCB0(1): MSG_GET_IN_OPTS {&0012FEAC[] [GO3_0x3fffffff]}
2017/08/11 08:51:14.372 COM11(0)<-(trace)-CNCB0(1): MSG_FAIL_IN_OPTS {[]}
2017/08/11 08:51:14.372 COM11(0)<-(trace)-CNCB0(1): MSG_FAIL_IN_OPTS {[]}
2017/08/11 08:51:14.372 COM11(0)<-(trace)-CNCB0(1): MSG_FAIL_IN_OPTS {[]}
2017/08/11 08:51:14.372 COM11(0)<-(trace)-CNCB0(1): MSG_FAIL_IN_OPTS {[]}
2017/08/11 08:51:14.372 COM11(0)<-(trace)-TCP(2): MSG_COUNT_REPEATS {&0012FE94[0x0] MSG_GET_IN_OPTS}
2017/08/11 08:51:14.372 COM11(0)<-(trace)-TCP(2): MSG_GET_IN_OPTS {&0012FEA0[] [LBR_STATUS|LLC_STATUS|ESCAPE_MODE|GO0_0x3ffffff8]}
2017/08/11 08:51:14.372 COM11(0)<-(trace)-TCP(2): MSG_GET_IN_OPTS {&0012FEA4[] [DCTS|DDSR|TERI|DDCD|CTS|DSR|RI|DCD|DR|OE|PE|FE|BI|THRE|TEMT|FIFOERR|RBR_STATUS|RLC_STATUS|BREAK_STATUS|GO1_0x3ff80000]}
2017/08/11 08:51:14.372 COM11(0)<-(trace)-TCP(2): MSG_GET_IN_OPTS {&0012FEA8[] [GO2_0x3fffffff]}
2017/08/11 08:51:14.372 COM11(0)<-(trace)-TCP(2): MSG_GET_IN_OPTS {&0012FEAC[] [GO3_0x3fffffff]}
2017/08/11 08:51:14.372 COM11(0)<-(trace)-TCP(2): MSG_FAIL_IN_OPTS {[]}
2017/08/11 08:51:14.372 COM11(0)<-(trace)-TCP(2): MSG_FAIL_IN_OPTS {[]}
2017/08/11 08:51:14.372 COM11(0)<-(trace)-TCP(2): MSG_FAIL_IN_OPTS {[]}
2017/08/11 08:51:14.372 COM11(0)<-(trace)-TCP(2): MSG_FAIL_IN_OPTS {[]}
2017/08/11 08:51:14.372 COM11(0)-(trace)->: MSG_FAIL_IN_OPTS {[]}
2017/08/11 08:51:14.372 COM11(0)-(trace)->: MSG_FAIL_IN_OPTS {[]}
2017/08/11 08:51:14.372 COM11(0)-(trace)->: MSG_CONNECT {true}
2017/08/11 08:51:14.372 COM11(0)<-(trace)-CNCB0(1): MSG_FAIL_IN_OPTS {[]}
2017/08/11 08:51:14.372 COM11(0)<-(trace)-CNCB0(1): MSG_FAIL_IN_OPTS {[]}
2017/08/11 08:51:14.372 COM11(0)<-(trace)-CNCB0(1): MSG_CONNECT {true}
