2017/08/11 08:23:42.344 Command Line:
  {C:\sziebadam\sicomtrace\\hub4com.exe  --baud=38400 --octs=off --no-default-fc-route=All:All --trace-file=COM11_01.log --create-filter=trace --add-filters=0:trace \\.\COM11 --route=0:All \\.\CNCB0 --route=1:0 --use-driver=tcp 7777 --route=2:0}
2017/08/11 08:23:42.344 Config:
_BEGIN_
  --baud=38400
  --octs=off
  --no-default-fc-route=All:All
  --trace-file=COM11_01.log
  --create-filter=trace
  --add-filters=0:trace
  \\.\COM11
  --route=0:All
  \\.\CNCB0
  --route=1:0
  --use-driver=tcp
  7777
  --route=2:0
_END_
2017/08/11 08:23:42.516 COM11(0)-(trace)->: MSG_LOOP_TEST {00000000}
2017/08/11 08:23:42.516 COM11(0)<-(trace)-CNCB0(1): MSG_LOOP_TEST {00000000}
2017/08/11 08:23:42.516 COM11(0)<-(trace)-TCP(2): MSG_LOOP_TEST {00000000}
2017/08/11 08:23:42.516 COM11(0)-(trace)->: MSG_SET_OUT_OPTS {[]}
2017/08/11 08:23:42.516 COM11(0)<-(trace)-CNCB0(1): MSG_SET_OUT_OPTS {[]}
2017/08/11 08:23:42.516 COM11(0)<-(trace)-TCP(2): MSG_SET_OUT_OPTS {[]}
2017/08/11 08:23:42.516 COM11(0)-(trace)->: MSG_COUNT_REPEATS {&0012FE94[0x0] MSG_GET_IN_OPTS}
2017/08/11 08:23:42.516 COM11(0)-(trace)->: MSG_GET_IN_OPTS {&0012FEA0[] [GO0_0x3ffffff8]}
2017/08/11 08:23:42.516 COM11(0)-(trace)->: MSG_GET_IN_OPTS {&006F2F28[] [LBR_STATUS|LLC_STATUS|ESCAPE_MODE]}
2017/08/11 08:23:42.516 COM11(0)-(trace)->: MSG_GET_IN_OPTS {&0012FEA4[] [GO1_0x3ff80000]}
2017/08/11 08:23:42.516 COM11(0)-(trace)->: MSG_GET_IN_OPTS {&006F2F2C[] [DCTS|DDSR|TERI|DDCD|CTS|DSR|RI|DCD|DR|OE|PE|FE|BI|THRE|TEMT|FIFOERR|RBR_STATUS|RLC_STATUS|BREAK_STATUS]}
2017/08/11 08:23:42.516 COM11(0)-(trace)->: MSG_GET_IN_OPTS {&0012FEA8[] [GO2_0x3fffffff]}
2017/08/11 08:23:42.516 COM11(0)-(trace)->: MSG_GET_IN_OPTS {&0012FEAC[] [GO3_0x3fffffff]}
2017/08/11 08:23:42.516 COM11(0)-(trace)->: MSG_FAIL_IN_OPTS {[]}
2017/08/11 08:23:42.516 COM11(0)-(trace)->: MSG_FAIL_IN_OPTS {[]}
2017/08/11 08:23:42.516 COM11(0)-(trace)->: MSG_FAIL_IN_OPTS {[]}
2017/08/11 08:23:42.516 COM11(0)-(trace)->: MSG_FAIL_IN_OPTS {[]}
2017/08/11 08:23:42.516 COM11(0)<-(trace)-CNCB0(1): MSG_COUNT_REPEATS {&0012FE94[0x0] MSG_GET_IN_OPTS}
2017/08/11 08:23:42.516 COM11(0)<-(trace)-CNCB0(1): MSG_GET_IN_OPTS {&0012FEA0[] [GO0_0x3ffffff8]}
2017/08/11 08:23:42.516 COM11(0)<-(trace)-CNCB0(1): MSG_GET_IN_OPTS {&00561CB8[] [LBR_STATUS|LLC_STATUS|ESCAPE_MODE]}
2017/08/11 08:23:42.516 COM11(0)<-(trace)-CNCB0(1): MSG_GET_IN_OPTS {&0012FEA4[] [GO1_0x3ff80000]}
2017/08/11 08:23:42.516 COM11(0)<-(trace)-CNCB0(1): MSG_GET_IN_OPTS {&00561CBC[] [DCTS|DDSR|TERI|DDCD|CTS|DSR|RI|DCD|DR|OE|PE|FE|BI|THRE|TEMT|FIFOERR|RBR_STATUS|RLC_STATUS|BREAK_STATUS]}
2017/08/11 08:23:42.516 COM11(0)<-(trace)-CNCB0(1): MSG_GET_IN_OPTS {&0012FEA8[] [GO2_0x3fffffff]}
2017/08/11 08:23:42.516 COM11(0)<-(trace)-CNCB0(1): MSG_GET_IN_OPTS {&0012FEAC[] [GO3_0x3fffffff]}
2017/08/11 08:23:42.516 COM11(0)<-(trace)-CNCB0(1): MSG_FAIL_IN_OPTS {[]}
2017/08/11 08:23:42.516 COM11(0)<-(trace)-CNCB0(1): MSG_FAIL_IN_OPTS {[]}
2017/08/11 08:23:42.516 COM11(0)<-(trace)-CNCB0(1): MSG_FAIL_IN_OPTS {[]}
2017/08/11 08:23:42.516 COM11(0)<-(trace)-CNCB0(1): MSG_FAIL_IN_OPTS {[]}
2017/08/11 08:23:42.516 COM11(0)<-(trace)-TCP(2): MSG_COUNT_REPEATS {&0012FE94[0x0] MSG_GET_IN_OPTS}
2017/08/11 08:23:42.516 COM11(0)<-(trace)-TCP(2): MSG_GET_IN_OPTS {&0012FEA0[] [LBR_STATUS|LLC_STATUS|ESCAPE_MODE|GO0_0x3ffffff8]}
2017/08/11 08:23:42.516 COM11(0)<-(trace)-TCP(2): MSG_GET_IN_OPTS {&0012FEA4[] [DCTS|DDSR|TERI|DDCD|CTS|DSR|RI|DCD|DR|OE|PE|FE|BI|THRE|TEMT|FIFOERR|RBR_STATUS|RLC_STATUS|BREAK_STATUS|GO1_0x3ff80000]}
2017/08/11 08:23:42.516 COM11(0)<-(trace)-TCP(2): MSG_GET_IN_OPTS {&0012FEA8[] [GO2_0x3fffffff]}
2017/08/11 08:23:42.516 COM11(0)<-(trace)-TCP(2): MSG_GET_IN_OPTS {&0012FEAC[] [GO3_0x3fffffff]}
2017/08/11 08:23:42.516 COM11(0)<-(trace)-TCP(2): MSG_FAIL_IN_OPTS {[]}
2017/08/11 08:23:42.516 COM11(0)<-(trace)-TCP(2): MSG_FAIL_IN_OPTS {[]}
2017/08/11 08:23:42.516 COM11(0)<-(trace)-TCP(2): MSG_FAIL_IN_OPTS {[]}
2017/08/11 08:23:42.516 COM11(0)<-(trace)-TCP(2): MSG_FAIL_IN_OPTS {[]}
2017/08/11 08:23:42.516 COM11(0)-(trace)->: MSG_FAIL_IN_OPTS {[]}
2017/08/11 08:23:42.516 COM11(0)-(trace)->: MSG_FAIL_IN_OPTS {[]}
2017/08/11 08:23:42.516 COM11(0)-(trace)->: MSG_CONNECT {true}
2017/08/11 08:23:42.516 COM11(0)<-(trace)-CNCB0(1): MSG_FAIL_IN_OPTS {[]}
2017/08/11 08:23:42.516 COM11(0)<-(trace)-CNCB0(1): MSG_FAIL_IN_OPTS {[]}
2017/08/11 08:23:42.516 COM11(0)<-(trace)-CNCB0(1): MSG_CONNECT {true}
2017/08/11 08:23:42.516 COM11(0)<-(trace)-CNCB0(1): MSG_LINE_DATA {[8]:
  7f 02 70 01 4d 6d 0a 03                          * ..p.Mm..         *}
2017/08/11 08:23:46.353 COM11(0)<-(trace)-CNCB0(1): MSG_LINE_DATA {[8]:
  ff 02 f0 01 4d 6d 0a 03                          * ....Mm..         *}
2017/08/11 08:23:46.385 COM11(0)-(trace)->: MSG_LINE_DATA {[1]:
  02                                               * .                *}
2017/08/11 08:23:46.385 COM11(0)-(trace)->: MSG_LINE_DATA {[8]:
  f0 03 00 05 4d 8d 0a 03                          * ....M...         *}
2017/08/11 08:23:46.447 COM11(0)<-(trace)-CNCB0(1): MSG_LINE_DATA {[9]:
  ff 02 83 02 74 01 04 14 03                       * ....t....        *}
2017/08/11 08:23:46.509 COM11(0)-(trace)->: MSG_LINE_DATA {[1]:
  02                                               * .                *}
2017/08/11 08:23:46.509 COM11(0)-(trace)->: MSG_LINE_DATA {[9]:
  83 04 00 05 74 05 31 37 03                       * ....t.17.        *}
2017/08/11 08:23:46.681 COM11(0)<-(trace)-CNCB0(1): MSG_LINE_DATA {[9]:
  ff 02 83 02 00 80 bf 17 03                       * .........        *}
2017/08/11 08:23:46.744 COM11(0)-(trace)->: MSG_LINE_DATA {[1]:
  02                                               * .                *}
2017/08/11 08:23:46.744 COM11(0)-(trace)->: MSG_LINE_DATA {[64]:
  83 83 00 05 00 00 01 34 2b f7 36 32 33 06 0a 1b  * .......4+.623... *
  91 97 80 20 eb 4b 08 4e fa 28 0a 0c 1c 00 6d dd  * ... .K.N.(....m. *
  00 00 01 18 04 ff 96 80 00 00 00 00 00 00 00 00  * ................ *
  00 4d 70 ff ff ff 50 92 c1 00 1e ad 2a 00 00 00  * .Mp...P.....*... *}
2017/08/11 08:23:46.744 COM11(0)-(trace)->: MSG_LINE_DATA {[64]:
  00 ff 04 ff ff 00 24 01 86 ff 38 19 99 05 1e 7f  * ......$...8..... *
  f8 85 0c 01 01 ad 50 5e 0a ff ff ff ff ff ff ff  * ......P^........ *
  ff ff ff ff ff 30 30 30 35 7d 20 38 00 00 00 00  * .....0005} 8.... *
  00 ff ff ff ff 30 05 05 35 05 11 03 0c 00 74 01  * .....0..5.....t. *}
2017/08/11 08:23:46.744 COM11(0)-(trace)->: MSG_LINE_DATA {[8]:
  00 1c 22 00 78 7f 8d 03                          * ..".x...         *}
2017/08/11 08:34:01.479 COM11(0)<-(trace)-TCP(2): MSG_CONNECT {true}
